Error loading "hint" package from "/var/www/localhost/htdocs/uniGraph"
Trying to load shared version
Error loading shared "hint" package
Error: Cannot find module 'hint'
Require stack:
- /home/god/.vscode-insiders/extensions/ms-edgedevtools.vscode-edge-devtools-2.1.4/node_modules/vscode-webhint/dist/src/server.js
    at Module._resolveFilename (node:internal/modules/cjs/loader:1129:15)
    at Function.resolve (node:internal/modules/cjs/helpers:116:19)
    at loadPackage (/home/god/.vscode-insiders/extensions/ms-edgedevtools.vscode-edge-devtools-2.1.4/node_modules/vscode-webhint/dist/src/server.js:1:6070)
    at a (/home/god/.vscode-insiders/extensions/ms-edgedevtools.vscode-edge-devtools-2.1.4/node_modules/vscode-webhint/dist/src/server.js:1:8713)
    at t.loadWebhint (/home/god/.vscode-insiders/extensions/ms-edgedevtools.vscode-edge-devtools-2.1.4/node_modules/vscode-webhint/dist/src/server.js:1:9360)
    at t.Analyzer.initWebhint (/home/god/.vscode-insiders/extensions/ms-edgedevtools.vscode-edge-devtools-2.1.4/node_modules/vscode-webhint/dist/src/server.js:1:3292)
    at t.Analyzer.validateTextDocument (/home/god/.vscode-insiders/extensions/ms-edgedevtools.vscode-edge-devtools-2.1.4/node_modules/vscode-webhint/dist/src/server.js:1:3966)
    at /home/god/.vscode-insiders/extensions/ms-edgedevtools.vscode-edge-devtools-2.1.4/node_modules/vscode-webhint/dist/src/server.js:1:147226
    at o.invoke (/home/god/.vscode-insiders/extensions/ms-edgedevtools.vscode-edge-devtools-2.1.4/node_modules/vscode-webhint/dist/src/server.js:1:35810)
    at i.fire (/home/god/.vscode-insiders/extensions/ms-edgedevtools.vscode-edge-devtools-2.1.4/node_modules/vscode-webhint/dist/src/server.js:1:36571) {
  code: 'MODULE_NOT_FOUND',
  requireStack: [
    '/home/god/.vscode-insiders/extensions/ms-edgedevtools.vscode-edge-devtools-2.1.4/node_modules/vscode-webhint/dist/src/server.js'
  ]
}
Installing shared version of "hint"
npm verb cli /home/god/.nvm/versions/node/v20.3.0/bin/node /home/god/.nvm/versions/node/v20.3.0/bin/npm
npm info using npm@9.6.7
npm info using node@v20.3.0
npm verb title npm install @hint/configuration-development@latest hint@latest typescript@latest
npm verb argv "install" "@hint/configuration-development@latest" "hint@latest" "typescript@latest" "--save-dev" "--loglevel" "verbose"
npm verb logfile logs-max:10 dir:/home/god/.npm/_logs/2024-02-08T05_21_54_981Z-
npm verb logfile /home/god/.npm/_logs/2024-02-08T05_21_54_981Z-debug-0.log
npm http fetch GET 200 https://registry.npmjs.org/@hint%2fconfiguration-development 560ms (cache revalidated)
npm http fetch GET 200 https://registry.npmjs.org/typescript 626ms (cache updated)
npm http fetch GET 200 https://registry.npmjs.org/hint 1009ms (cache revalidated)
npm http fetch GET 200 https://registry.npmjs.org/optionator 298ms (cache miss)
npm http fetch GET 200 https://registry.npmjs.org/@hint%2fconfiguration-progressive-web-apps 361ms (cache revalidated)
npm http fetch GET 200 https://registry.npmjs.org/is-ci 316ms (cache miss)
npm http fetch GET 200 https://registry.npmjs.org/os-locale 312ms (cache miss)
npm http fetch GET 200 https://registry.npmjs.org/@hint%2futils-json 336ms (cache miss)
npm http fetch GET 200 https://registry.npmjs.org/eventemitter2 331ms (cache miss)
npm http fetch GET 200 https://registry.npmjs.org/globby 337ms (cache miss)
npm http fetch GET 200 https://registry.npmjs.org/lodash 355ms (cache miss)
npm http fetch GET 200 https://registry.npmjs.org/@hint%2fhint-detect-css-reflows 412ms (cache revalidated)
npm http fetch GET 200 https://registry.npmjs.org/@hint%2fformatter-json 412ms (cache revalidated)
npm http fetch GET 200 https://registry.npmjs.org/@hint%2fparser-babel-config 456ms (cache revalidated)
npm http fetch GET 200 https://registry.npmjs.org/setimmediate 462ms (cache miss)
npm http fetch GET 200 https://registry.npmjs.org/ora 481ms (cache miss)
npm http fetch GET 200 https://registry.npmjs.org/@hint%2fparser-css 521ms (cache revalidated)
npm http fetch GET 200 https://registry.npmjs.org/@hint%2fhint-disown-opener 600ms (cache revalidated)
npm http fetch GET 200 https://registry.npmjs.org/@hint%2fparser-jsx 644ms (cache revalidated)
npm http fetch GET 200 https://registry.npmjs.org/@hint%2futils-fs 749ms (cache miss)
Wrote to /home/god/.config/Code - Insiders/User/globalStorage/ms-edgedevtools.vscode-edge-devtools/package.json:

{
  "name": "ms-edgedevtools.vscode-edge-devtools",
  "version": "1.0.0",
  "description": "",
  "main": "index.js",
  "scripts": {
    "test": "echo \"Error: no test specified\" && exit 1"
  },
  "keywords": [],
  "author": "",
  "license": "ISC"
}


npm http fetch GET 200 https://registry.npmjs.org/@hint%2futils-types 871ms (cache miss)
npm http fetch GET 200 https://registry.npmjs.org/@hint%2futils-string 874ms (cache miss)
npm http fetch GET 200 https://registry.npmjs.org/@hint%2futils-network 885ms (cache miss)
npm http fetch GET 200 https://registry.npmjs.org/@hint%2fhint-no-protocol-relative-urls 929ms (cache revalidated)
npm http fetch GET 200 https://registry.npmjs.org/@hint%2fhint-no-bom 938ms (cache revalidated)
npm http fetch GET 200 https://registry.npmjs.org/@hint%2fhint-meta-viewport 959ms (cache revalidated)
npm http fetch GET 200 https://registry.npmjs.org/@hint%2fparser-typescript-config 975ms (cache revalidated)
npm http fetch GET 200 https://registry.npmjs.org/@hint%2fhint-no-inline-styles 1075ms (cache revalidated)
npm http fetch GET 200 https://registry.npmjs.org/browserslist 1081ms (cache revalidated)
npm http fetch GET 200 https://registry.npmjs.org/@hint%2fparser-less 1116ms (cache revalidated)
npm http fetch GET 200 https://registry.npmjs.org/@hint%2fhint-compat-api 1169ms (cache revalidated)
npm http fetch GET 200 https://registry.npmjs.org/@hint%2fhint-meta-charset-utf-8 1171ms (cache revalidated)
npm http fetch GET 200 https://registry.npmjs.org/@hint%2fhint-leading-dot-classlist 1276ms (cache revalidated)
npm http fetch GET 200 https://registry.npmjs.org/@hint%2futils 1287ms (cache miss)
npm http fetch GET 200 https://registry.npmjs.org/@hint%2futils-debug 1326ms (cache miss)
npm http fetch GET 200 https://registry.npmjs.org/@hint%2fconnector-local 1485ms (cache revalidated)
npm http fetch GET 200 https://registry.npmjs.org/@hint%2fformatter-summary 1510ms (cache revalidated)
npm http fetch GET 200 https://registry.npmjs.org/chalk 1522ms (cache updated)
npm http fetch GET 200 https://registry.npmjs.org/@hint%2fhint-webpack-config 1577ms (cache revalidated)
npm http fetch GET 200 https://registry.npmjs.org/update-notifier 1545ms (cache revalidated)
npm http fetch GET 200 https://registry.npmjs.org/@hint%2fhint-create-element-svg 1637ms (cache revalidated)
npm http fetch GET 200 https://registry.npmjs.org/@hint%2fconfiguration-web-recommended 1611ms (cache revalidated)
npm http fetch GET 200 https://registry.npmjs.org/@hint%2fhint-css-prefix-order 1702ms (cache revalidated)
npm http fetch GET 200 https://registry.npmjs.org/@hint%2fparser-sass 1692ms (cache revalidated)
npm http fetch GET 200 https://registry.npmjs.org/@hint%2fhint-typescript-config 1753ms (cache revalidated)
npm http fetch GET 200 https://registry.npmjs.org/@hint%2fhint-sri 1850ms (cache revalidated)
npm http fetch GET 200 https://registry.npmjs.org/@hint%2fhint-scoped-svg-styles 1982ms (cache revalidated)
npm http fetch GET 200 https://registry.npmjs.org/@hint%2fformatter-html 2079ms (cache revalidated)
npm http fetch GET 200 https://registry.npmjs.org/@hint%2fconfiguration-accessibility 2136ms (cache revalidated)
npm http fetch GET 200 https://registry.npmjs.org/@hint%2fparser-webpack-config 2150ms (cache revalidated)
npm http fetch GET 200 https://registry.npmjs.org/@hint%2fhint-babel-config 2181ms (cache revalidated)
npm http fetch GET 200 https://registry.npmjs.org/@hint%2fparser-html 2348ms (cache revalidated)
npm http fetch GET 200 https://registry.npmjs.org/@hint%2fhint-highest-available-document-mode 2381ms (cache revalidated)
npm http fetch GET 200 https://registry.npmjs.org/@hint%2fparser-javascript 2478ms (cache revalidated)
npm http fetch GET 200 https://registry.npmjs.org/@hint%2fparser-typescript 2623ms (cache revalidated)
npm http fetch GET 200 https://registry.npmjs.org/@hint%2fhint-button-type 2800ms (cache revalidated)
npm http fetch GET 200 https://registry.npmjs.org/text-table 263ms (cache miss)
npm http fetch GET 200 https://registry.npmjs.org/acorn-walk 236ms (cache miss)
npm http fetch GET 200 https://registry.npmjs.org/acorn-jsx 242ms (cache miss)
npm http fetch GET 200 https://registry.npmjs.org/@hint%2fconnector-puppeteer 315ms (cache revalidated)
npm http fetch GET 200 https://registry.npmjs.org/postcss-less 165ms (cache miss)
npm http fetch GET 200 https://registry.npmjs.org/ejs 297ms (cache miss)
npm http fetch GET 200 https://registry.npmjs.org/jsdom 303ms (cache miss)
npm http fetch GET 200 https://registry.npmjs.org/@hint%2fhint-manifest-file-extension 604ms (cache revalidated)
npm http fetch GET 200 https://registry.npmjs.org/@types%2festree-jsx 603ms (cache miss)
npm http fetch GET 200 https://registry.npmjs.org/@hint%2fhint-manifest-app-name 668ms (cache revalidated)
npm http fetch GET 200 https://registry.npmjs.org/fs-extra 656ms (cache revalidated)
npm http fetch GET 200 https://registry.npmjs.org/postcss-safe-parser 657ms (cache revalidated)
npm http fetch GET 200 https://registry.npmjs.org/chokidar 747ms (cache updated)
npm http fetch GET 200 https://registry.npmjs.org/parse5-htmlparser2-tree-adapter 625ms (cache revalidated)
npm http fetch GET 200 https://registry.npmjs.org/postcss-sass 619ms (cache revalidated)
npm http fetch GET 200 https://registry.npmjs.org/postcss 722ms (cache updated)
npm http fetch GET 200 https://registry.npmjs.org/@typescript-eslint%2ftypescript-estree 637ms (cache miss)
npm http fetch GET 200 https://registry.npmjs.org/strip-ansi 1003ms (cache revalidated)
npm http fetch GET 200 https://registry.npmjs.org/parse5 897ms (cache revalidated)
npm http fetch GET 200 https://registry.npmjs.org/acorn 977ms (cache revalidated)
npm http fetch GET 200 https://registry.npmjs.org/@hint%2fconnector-jsdom 1045ms (cache revalidated)
npm http fetch GET 200 https://registry.npmjs.org/@hint%2fhint-axe 1052ms (cache revalidated)
npm http fetch GET 200 https://registry.npmjs.org/@hint%2fhint-apple-touch-icons 1048ms (cache revalidated)
npm http fetch GET 200 https://registry.npmjs.org/@hint%2fhint-manifest-is-valid 1046ms (cache revalidated)
npm http fetch GET 200 https://registry.npmjs.org/postcss-scss 907ms (cache revalidated)
npm http fetch GET 200 https://registry.npmjs.org/metaviewport-parser 960ms (cache miss)
npm http fetch GET 200 https://registry.npmjs.org/acorn-jsx-walk 996ms (cache miss)
npm http fetch GET 200 https://registry.npmjs.org/@hint%2futils-compat-data 1015ms (cache miss)
npm http fetch GET 200 https://registry.npmjs.org/@hint%2futils-i18n 1368ms (cache miss)
npm http fetch GET 200 https://registry.npmjs.org/@hint%2futils-dom 1372ms (cache miss)
npm http fetch GET 200 https://registry.npmjs.org/@hint%2futils-css 1413ms (cache miss)
npm http fetch GET 200 https://registry.npmjs.org/@hint%2fparser-manifest 1467ms (cache revalidated)
npm http fetch GET 200 https://registry.npmjs.org/@hint%2fhint-manifest-exists 1558ms (cache revalidated)
npm http fetch GET 200 https://registry.npmjs.org/puppeteer-core 115ms (cache miss)
npm http fetch GET 200 https://registry.npmjs.org/axe-core 250ms (cache miss)
npm http fetch GET 200 https://registry.npmjs.org/lockfile 814ms (cache miss)
npm http fetch GET 200 https://registry.npmjs.org/@hint%2futils-connector-tools 1217ms (cache revalidated)
npm http fetch GET 200 https://registry.npmjs.org/punycode 71ms (cache revalidated)
npm http fetch GET 200 https://registry.npmjs.org/color-string 59ms (cache revalidated)
npm http fetch GET 200 https://registry.npmjs.org/canvas 84ms (cache miss)
npm http fetch GET 200 https://registry.npmjs.org/mutationobserver-shim 263ms (cache miss)
npm http fetch GET 200 https://registry.npmjs.org/bcp47 243ms (cache miss)
npm http fetch GET 200 https://registry.npmjs.org/image-size 884ms (cache revalidated)
npm http fetch GET 200 https://registry.npmjs.org/configstore 189ms (cache miss)
npm http fetch GET 200 https://registry.npmjs.org/https 179ms (cache miss)
npm http fetch GET 200 https://registry.npmjs.org/jsonc-parser 165ms (cache miss)
npm http fetch GET 200 https://registry.npmjs.org/domexception 137ms (cache miss)
npm http fetch GET 200 https://registry.npmjs.org/abab 145ms (cache miss)
npm http fetch GET 200 https://registry.npmjs.org/data-urls 141ms (cache miss)
npm http fetch GET 200 https://registry.npmjs.org/is-svg 194ms (cache miss)
npm http fetch GET 200 https://registry.npmjs.org/@types%2fparse5 187ms (cache miss)
npm http fetch GET 200 https://registry.npmjs.org/decimal.js 156ms (cache miss)
npm http fetch GET 200 https://registry.npmjs.org/acorn-globals 176ms (cache miss)
npm http fetch GET 200 https://registry.npmjs.org/npm-registry-fetch 223ms (cache miss)
npm http fetch GET 200 https://registry.npmjs.org/html-encoding-sniffer 172ms (cache miss)
npm http fetch GET 200 https://registry.npmjs.org/@mapbox%2fnode-pre-gyp 197ms (cache miss)
npm http fetch GET 200 https://registry.npmjs.org/nan 207ms (cache miss)
npm http fetch GET 200 https://registry.npmjs.org/is-wsl 247ms (cache miss)
npm http fetch GET 200 https://registry.npmjs.org/http-proxy-agent 190ms (cache miss)
npm http fetch GET 200 https://registry.npmjs.org/rrweb-cssom 190ms (cache miss)
npm http fetch GET 200 https://registry.npmjs.org/symbol-tree 188ms (cache miss)
npm http fetch GET 200 https://registry.npmjs.org/https-proxy-agent 196ms (cache miss)
npm http fetch GET 200 https://registry.npmjs.org/whatwg-encoding 197ms (cache miss)
npm http fetch GET 200 https://registry.npmjs.org/whatwg-mimetype 200ms (cache miss)
npm http fetch GET 200 https://registry.npmjs.org/w3c-xmlserializer 203ms (cache miss)
npm http fetch GET 200 https://registry.npmjs.org/file-type 278ms (cache revalidated)
npm http fetch GET 200 https://registry.npmjs.org/nwsapi 218ms (cache miss)
npm http fetch GET 200 https://registry.npmjs.org/escodegen 225ms (cache miss)
npm http fetch GET 200 https://registry.npmjs.org/node-fetch 271ms (cache revalidated)
npm http fetch GET 200 https://registry.npmjs.org/debug 275ms (cache revalidated)
npm http fetch GET 200 https://registry.npmjs.org/css-select 272ms (cache revalidated)
npm http fetch GET 200 https://registry.npmjs.org/content-type 302ms (cache revalidated)
npm http fetch GET 200 https://registry.npmjs.org/semver 295ms (cache revalidated)
npm http fetch GET 200 https://registry.npmjs.org/form-data 245ms (cache revalidated)
npm http fetch GET 200 https://registry.npmjs.org/iconv-lite 293ms (cache revalidated)
npm http fetch GET 200 https://registry.npmjs.org/xml-name-validator 230ms (cache miss)
npm http fetch GET 200 https://registry.npmjs.org/tough-cookie 239ms (cache revalidated)
npm http fetch GET 200 https://registry.npmjs.org/webidl-conversions 239ms (cache revalidated)
npm http fetch GET 200 https://registry.npmjs.org/whatwg-url 237ms (cache revalidated)
npm http fetch GET 200 https://registry.npmjs.org/ws 238ms (cache miss)
npm http fetch GET 200 https://registry.npmjs.org/cssstyle 287ms (cache miss)
npm http fetch GET 200 https://registry.npmjs.org/saxes 346ms (cache miss)
npm http fetch GET 200 https://registry.npmjs.org/simple-get 424ms (cache revalidated)
npm http fetch GET 200 https://registry.npmjs.org/data-urls 954ms (cache miss)
npm http fetch GET 200 https://registry.npmjs.org/is-potential-custom-element-name 934ms (cache miss)
npm http fetch GET 200 https://registry.npmjs.org/array-union 64ms (cache miss)
npm http fetch GET 200 https://registry.npmjs.org/ignore 64ms (cache miss)
npm http fetch GET 200 https://registry.npmjs.org/dir-glob 76ms (cache miss)
npm http fetch GET 200 https://registry.npmjs.org/slash 77ms (cache miss)
npm http fetch GET 200 https://registry.npmjs.org/glob-parent 94ms (cache revalidated)
npm http fetch GET 200 https://registry.npmjs.org/is-glob 93ms (cache revalidated)
npm http fetch GET 200 https://registry.npmjs.org/is-binary-path 97ms (cache revalidated)
npm http fetch GET 200 https://registry.npmjs.org/normalize-path 94ms (cache revalidated)
npm http fetch GET 200 https://registry.npmjs.org/fsevents 92ms (cache revalidated)
npm http fetch GET 200 https://registry.npmjs.org/readdirp 95ms (cache revalidated)
npm http fetch GET 200 https://registry.npmjs.org/braces 103ms (cache revalidated)
npm http fetch GET 200 https://registry.npmjs.org/fast-glob 93ms (cache revalidated)
npm http fetch GET 200 https://registry.npmjs.org/merge2 93ms (cache revalidated)
npm http fetch GET 200 https://registry.npmjs.org/anymatch 288ms (cache revalidated)
npm http fetch GET 200 https://registry.npmjs.org/ci-info 98ms (cache miss)
npm http fetch GET 200 https://registry.npmjs.org/signal-exit 106ms (cache revalidated)
npm http fetch GET 200 https://registry.npmjs.org/tar-fs 99ms (cache revalidated)
npm http fetch GET 200 https://registry.npmjs.org/proxy-from-env 105ms (cache miss)
npm http fetch GET 200 https://registry.npmjs.org/extract-zip 109ms (cache miss)
npm http fetch GET 200 https://registry.npmjs.org/pkg-dir 109ms (cache miss)
npm http fetch GET 200 https://registry.npmjs.org/progress 110ms (cache miss)
npm http fetch GET 200 https://registry.npmjs.org/unbzip2-stream 108ms (cache miss)
npm http fetch GET 200 https://registry.npmjs.org/cross-fetch 117ms (cache miss)
npm http fetch GET 200 https://registry.npmjs.org/rimraf 114ms (cache miss)
npm http fetch GET 200 https://registry.npmjs.org/devtools-protocol 214ms (cache miss)
npm http fetch GET 200 https://registry.npmjs.org/jake 72ms (cache miss)
npm http fetch GET 200 https://registry.npmjs.org/universalify 66ms (cache revalidated)
npm http fetch GET 200 https://registry.npmjs.org/jsonfile 67ms (cache revalidated)
npm http fetch GET 200 https://registry.npmjs.org/graceful-fs 69ms (cache revalidated)
npm http fetch GET 200 https://registry.npmjs.org/ansi-styles 54ms (cache revalidated)
npm http fetch GET 200 https://registry.npmjs.org/ansi-regex 53ms (cache revalidated)
npm http fetch GET 200 https://registry.npmjs.org/supports-color 57ms (cache revalidated)
npm http fetch GET 200 https://registry.npmjs.org/queue 772ms (cache revalidated)
npm http fetch GET 200 https://registry.npmjs.org/postcss-selector-parser 59ms (cache miss)
npm http fetch GET 200 https://registry.npmjs.org/postcss-value-parser 68ms (cache miss)
npm http fetch GET 200 https://registry.npmjs.org/mdn-data 72ms (cache miss)
npm http fetch GET 200 https://registry.npmjs.org/@mdn%2fbrowser-compat-data 727ms (cache miss)
npm http fetch GET 200 https://registry.npmjs.org/source-map-js 50ms (cache revalidated)
npm http fetch GET 200 https://registry.npmjs.org/picocolors 58ms (cache revalidated)
npm http fetch GET 200 https://registry.npmjs.org/nanoid 71ms (cache revalidated)
npm http fetch GET 200 https://registry.npmjs.org/simple-swizzle 58ms (cache revalidated)
npm http fetch GET 200 https://registry.npmjs.org/color-name 59ms (cache revalidated)
npm http fetch GET 200 https://registry.npmjs.org/ajv-formats 57ms (cache miss)
npm http fetch GET 200 https://registry.npmjs.org/ajv 61ms (cache revalidated)
npm http fetch GET 200 https://registry.npmjs.org/@types%2festree 60ms (cache revalidated)
npm http fetch GET 200 https://registry.npmjs.org/gonzales-pe 253ms (cache miss)
npm http fetch GET 200 https://registry.npmjs.org/tsutils 55ms (cache miss)
npm http fetch GET 200 https://registry.npmjs.org/@typescript-eslint%2ftypes 439ms (cache miss)
npm http fetch GET 200 https://registry.npmjs.org/@typescript-eslint%2fvisitor-keys 576ms (cache miss)
npm http fetch GET 200 https://registry.npmjs.org/unique-string 88ms (cache miss)
npm http fetch GET 200 https://registry.npmjs.org/is-docker 89ms (cache miss)
npm http fetch GET 200 https://registry.npmjs.org/make-dir 112ms (cache miss)
npm http fetch GET 200 https://registry.npmjs.org/xdg-basedir 116ms (cache miss)
npm http fetch GET 200 https://registry.npmjs.org/write-file-atomic 125ms (cache miss)
npm http fetch GET 200 https://registry.npmjs.org/dot-prop 131ms (cache miss)
npm http fetch GET 200 https://registry.npmjs.org/minizlib 107ms (cache miss)
npm http fetch GET 200 https://registry.npmjs.org/strtok3 134ms (cache revalidated)
npm http fetch GET 200 https://registry.npmjs.org/token-types 136ms (cache revalidated)
npm http fetch GET 200 https://registry.npmjs.org/readable-web-to-node-stream 140ms (cache revalidated)
npm http fetch GET 200 https://registry.npmjs.org/lru-cache 117ms (cache revalidated)
npm http fetch GET 200 https://registry.npmjs.org/minipass-json-stream 127ms (cache miss)
npm http fetch GET 200 https://registry.npmjs.org/proc-log 124ms (cache miss)
npm http fetch GET 200 https://registry.npmjs.org/minipass 130ms (cache miss)
npm http fetch GET 200 https://registry.npmjs.org/npm-package-arg 127ms (cache miss)
npm http fetch GET 200 https://registry.npmjs.org/minipass-fetch 131ms (cache miss)
npm http fetch GET 200 https://registry.npmjs.org/make-fetch-happen 133ms (cache miss)
npm http fetch GET 200 https://registry.npmjs.org/fast-xml-parser 149ms (cache miss)
npm http fetch GET 200 https://registry.npmjs.org/cssesc 47ms (cache miss)
npm http fetch GET 200 https://registry.npmjs.org/util-deprecate 53ms (cache revalidated)
npm http fetch GET 200 https://registry.npmjs.org/encoding 50ms (cache revalidated)
npm http fetch GET 200 https://registry.npmjs.org/safer-buffer 49ms (cache revalidated)
npm http fetch GET 200 https://registry.npmjs.org/ms 48ms (cache revalidated)
npm http fetch GET 200 https://registry.npmjs.org/boolbase 51ms (cache revalidated)
npm http fetch GET 200 https://registry.npmjs.org/domhandler 51ms (cache revalidated)
npm http fetch GET 200 https://registry.npmjs.org/css-what 63ms (cache revalidated)
npm http fetch GET 200 https://registry.npmjs.org/nth-check 61ms (cache revalidated)
npm http fetch GET 200 https://registry.npmjs.org/domutils 71ms (cache revalidated)
npm http fetch GET 200 https://registry.npmjs.org/fast-deep-equal 70ms (cache revalidated)
npm http fetch GET 200 https://registry.npmjs.org/uri-js 74ms (cache revalidated)
npm http fetch GET 200 https://registry.npmjs.org/require-from-string 76ms (cache miss)
npm http fetch GET 200 https://registry.npmjs.org/json-schema-traverse 78ms (cache revalidated)
npm http fetch GET 200 https://registry.npmjs.org/tslib 53ms (cache revalidated)
npm http fetch GET 200 https://registry.npmjs.org/eslint-visitor-keys 64ms (cache miss)
npm http fetch GET 200 https://registry.npmjs.org/is-extglob 62ms (cache revalidated)
npm http fetch GET 200 https://registry.npmjs.org/nopt 74ms (cache miss)
npm http fetch GET 200 https://registry.npmjs.org/simple-concat 65ms (cache revalidated)
npm http fetch GET 200 https://registry.npmjs.org/tar 83ms (cache miss)
npm http fetch GET 200 https://registry.npmjs.org/once 82ms (cache revalidated)
npm http fetch GET 200 https://registry.npmjs.org/npmlog 99ms (cache revalidated)
npm http fetch GET 200 https://registry.npmjs.org/decompress-response 85ms (cache revalidated)
npm http fetch GET 200 https://registry.npmjs.org/detect-libc 271ms (cache revalidated)
npm http fetch GET 200 https://registry.npmjs.org/agent-base 68ms (cache miss)
npm http fetch GET 200 https://registry.npmjs.org/console-control-strings 85ms (cache revalidated)
npm http fetch GET 200 https://registry.npmjs.org/set-blocking 84ms (cache revalidated)
npm http fetch GET 200 https://registry.npmjs.org/yallist 78ms (cache revalidated)
npm http fetch GET 200 https://registry.npmjs.org/mkdirp 80ms (cache revalidated)
npm http fetch GET 200 https://registry.npmjs.org/are-we-there-yet 92ms (cache revalidated)
npm http fetch GET 200 https://registry.npmjs.org/glob 87ms (cache miss)
npm http fetch GET 200 https://registry.npmjs.org/abbrev 98ms (cache miss)
npm http fetch GET 200 https://registry.npmjs.org/chownr 89ms (cache revalidated)
npm http fetch GET 200 https://registry.npmjs.org/fs-minipass 89ms (cache miss)
npm http fetch GET 200 https://registry.npmjs.org/gauge 291ms (cache revalidated)
npm http fetch GET 200 https://registry.npmjs.org/has-flag 56ms (cache revalidated)
npm http fetch GET 200 https://registry.npmjs.org/color-convert 60ms (cache revalidated)
npm http fetch GET 200 https://registry.npmjs.org/fill-range 70ms (cache revalidated)
npm http fetch GET 200 https://registry.npmjs.org/binary-extensions 66ms (cache revalidated)
npm http fetch GET 200 https://registry.npmjs.org/picomatch 62ms (cache updated)
npm http fetch GET 200 https://registry.npmjs.org/picomatch 78ms (cache updated)
npm http fetch GET 200 https://registry.npmjs.org/to-regex-range 52ms (cache revalidated)
npm http fetch GET 200 https://registry.npmjs.org/is-arrayish 57ms (cache revalidated)
npm http fetch GET 200 https://registry.npmjs.org/is-typedarray 78ms (cache revalidated)
npm http fetch GET 200 https://registry.npmjs.org/imurmurhash 97ms (cache miss)
npm http fetch GET 200 https://registry.npmjs.org/is-obj 105ms (cache miss)
npm http fetch GET 200 https://registry.npmjs.org/crypto-random-string 101ms (cache miss)
npm http fetch GET 200 https://registry.npmjs.org/typedarray-to-buffer 98ms (cache revalidated)
npm http fetch GET 200 https://registry.npmjs.org/dom-serializer 69ms (cache revalidated)
npm http fetch GET 200 https://registry.npmjs.org/domelementtype 74ms (cache revalidated)
npm http fetch GET 200 https://registry.npmjs.org/tr46 79ms (cache revalidated)
npm http fetch GET 200 https://registry.npmjs.org/entities 82ms (cache revalidated)
npm http fetch GET 200 https://registry.npmjs.org/minimatch 76ms (cache miss)
npm http fetch GET 200 https://registry.npmjs.org/filelist 86ms (cache miss)
npm http fetch GET 200 https://registry.npmjs.org/async 260ms (cache revalidated)
npm http fetch GET 200 https://registry.npmjs.org/peek-readable 59ms (cache revalidated)
npm http fetch GET 200 https://registry.npmjs.org/readable-stream 65ms (cache revalidated)
npm http fetch GET 200 https://registry.npmjs.org/ieee754 62ms (cache revalidated)
npm http fetch GET 200 https://registry.npmjs.org/@tokenizer%2ftoken 292ms (cache revalidated)
npm http fetch GET 200 https://registry.npmjs.org/is-number 64ms (cache revalidated)
npm http fetch GET 200 https://registry.npmjs.org/path-type 56ms (cache miss)
npm http fetch GET 200 https://registry.npmjs.org/micromatch 64ms (cache revalidated)
npm http fetch GET 200 https://registry.npmjs.org/@nodelib%2ffs.stat 98ms (cache revalidated)
npm http fetch GET 200 https://registry.npmjs.org/@nodelib%2ffs.walk 109ms (cache revalidated)
npm http fetch GET 200 https://registry.npmjs.org/fastq 79ms (cache updated)
npm http fetch GET 200 https://registry.npmjs.org/@nodelib%2ffs.scandir 107ms (cache revalidated)
npm http fetch GET 200 https://registry.npmjs.org/run-parallel 51ms (cache revalidated)
npm http fetch GET 200 https://registry.npmjs.org/reusify 58ms (cache revalidated)
npm http fetch GET 200 https://registry.npmjs.org/queue-microtask 48ms (cache revalidated)
npm http fetch GET 200 https://registry.npmjs.org/prelude-ls 125ms (cache miss)
npm http fetch GET 200 https://registry.npmjs.org/type-check 122ms (cache miss)
npm http fetch GET 200 https://registry.npmjs.org/deep-is 125ms (cache miss)
npm http fetch GET 200 https://registry.npmjs.org/levn 122ms (cache miss)
npm http fetch GET 200 https://registry.npmjs.org/is-interactive 117ms (cache miss)
npm http fetch GET 200 https://registry.npmjs.org/wcwidth 113ms (cache miss)
npm http fetch GET 200 https://registry.npmjs.org/lcid 107ms (cache miss)
npm http fetch GET 200 https://registry.npmjs.org/fast-levenshtein 125ms (cache miss)
npm http fetch GET 200 https://registry.npmjs.org/log-symbols 117ms (cache miss)
npm http fetch GET 200 https://registry.npmjs.org/cli-cursor 123ms (cache miss)
npm http fetch GET 200 https://registry.npmjs.org/@aashutoshrathi%2fword-wrap 130ms (cache miss)
npm http fetch GET 200 https://registry.npmjs.org/boxen 105ms (cache miss)
npm http fetch GET 200 https://registry.npmjs.org/execa 121ms (cache miss)
npm http fetch GET 200 https://registry.npmjs.org/mem 140ms (cache miss)
npm http fetch GET 200 https://registry.npmjs.org/is-installed-globally 135ms (cache miss)
npm http fetch GET 200 https://registry.npmjs.org/has-yarn 138ms (cache miss)
npm http fetch GET 200 https://registry.npmjs.org/import-lazy 138ms (cache miss)
npm http fetch GET 200 https://registry.npmjs.org/is-npm 136ms (cache miss)
npm http fetch GET 200 https://registry.npmjs.org/is-yarn-global 136ms (cache miss)
npm http fetch GET 200 https://registry.npmjs.org/semver-diff 134ms (cache miss)
npm http fetch GET 200 https://registry.npmjs.org/pupa 135ms (cache miss)
npm http fetch GET 200 https://registry.npmjs.org/@hint%2fhint-http-cache 194ms (cache revalidated)
npm http fetch GET 200 https://registry.npmjs.org/@hint%2fhint-html-checker 205ms (cache revalidated)
npm http fetch GET 200 https://registry.npmjs.org/node-releases 194ms (cache revalidated)
npm http fetch GET 200 https://registry.npmjs.org/update-browserslist-db 198ms (cache revalidated)
npm http fetch GET 200 https://registry.npmjs.org/@hint%2fhint-no-html-only-headers 242ms (cache revalidated)
npm http fetch GET 200 https://registry.npmjs.org/latest-version 199ms (cache revalidated)
npm http fetch GET 200 https://registry.npmjs.org/@hint%2fhint-ssllabs 253ms (cache revalidated)
npm http fetch GET 200 https://registry.npmjs.org/bl 246ms (cache updated)
npm http fetch GET 200 https://registry.npmjs.org/@hint%2fhint-no-vulnerable-javascript-libraries 276ms (cache revalidated)
npm http fetch GET 200 https://registry.npmjs.org/cli-spinners 295ms (cache miss)
npm http fetch GET 200 https://registry.npmjs.org/is-unicode-supported 297ms (cache miss)
npm http fetch GET 200 https://registry.npmjs.org/@hint%2fhint-no-http-redirects 379ms (cache revalidated)
npm http fetch GET 200 https://registry.npmjs.org/@hint%2fhint-content-type 440ms (cache revalidated)
npm http fetch GET 200 https://registry.npmjs.org/@hint%2fhint-x-content-type-options 461ms (cache revalidated)
npm http fetch GET 200 https://registry.npmjs.org/caniuse-lite 486ms (cache updated)
npm http fetch GET 200 https://registry.npmjs.org/electron-to-chromium 496ms (cache updated)
npm http fetch GET 200 https://registry.npmjs.org/@hint%2fformatter-stylish 593ms (cache revalidated)
npm http fetch GET 200 https://registry.npmjs.org/@hint%2fhint-no-disallowed-headers 805ms (cache revalidated)
npm http fetch GET 200 https://registry.npmjs.org/@hint%2fhint-validate-set-cookie-header 869ms (cache revalidated)
npm http fetch GET 200 https://registry.npmjs.org/@hint%2fhint-image-optimization-cloudinary 953ms (cache revalidated)
npm http fetch GET 200 https://registry.npmjs.org/@hint%2fhint-http-compression 973ms (cache revalidated)
npm http fetch GET 200 https://registry.npmjs.org/@hint%2fhint-strict-transport-security 1349ms (cache revalidated)
npm http fetch GET 200 https://registry.npmjs.org/@hint%2fhint-no-friendly-error-pages 1912ms (cache revalidated)
npm http fetch GET 200 https://registry.npmjs.org/@hint%2fhint-stylesheet-limits 2075ms (cache revalidated)
npm http fetch GET 200 https://registry.npmjs.org/got 73ms (cache revalidated)
npm http fetch GET 200 https://registry.npmjs.org/cloudinary 296ms (cache miss)
npm http fetch GET 200 https://registry.npmjs.org/js-library-detector 890ms (cache miss)
npm http fetch GET 200 https://registry.npmjs.org/q 65ms (cache miss)
npm http fetch GET 200 https://registry.npmjs.org/core-js 81ms (cache revalidated)
npm http fetch GET 200 https://registry.npmjs.org/cloudinary-core 333ms (cache miss)
npm http fetch GET 200 https://registry.npmjs.org/lowercase-keys 116ms (cache miss)
npm http fetch GET 200 https://registry.npmjs.org/@types%2fcacheable-request 126ms (cache miss)
npm http fetch GET 200 https://registry.npmjs.org/responselike 121ms (cache miss)
npm http fetch GET 200 https://registry.npmjs.org/cacheable-lookup 129ms (cache miss)
npm http fetch GET 200 https://registry.npmjs.org/p-cancelable 125ms (cache miss)
npm http fetch GET 200 https://registry.npmjs.org/cacheable-request 136ms (cache miss)
npm http fetch GET 200 https://registry.npmjs.org/@szmarczak%2fhttp-timer 145ms (cache miss)
npm http fetch GET 200 https://registry.npmjs.org/@sindresorhus%2fis 150ms (cache miss)
npm http fetch GET 200 https://registry.npmjs.org/http2-wrapper 143ms (cache miss)
npm http fetch GET 200 https://registry.npmjs.org/@types%2fresponselike 1025ms (cache miss)
npm http fetch GET 200 https://registry.npmjs.org/escalade 71ms (cache updated)
npm http fetch GET 200 https://registry.npmjs.org/mimic-response 118ms (cache revalidated)
npm http fetch GET 200 https://registry.npmjs.org/get-stream 125ms (cache revalidated)
npm http fetch GET 200 https://registry.npmjs.org/defer-to-connect 138ms (cache miss)
npm http fetch GET 200 https://registry.npmjs.org/http-cache-semantics 128ms (cache miss)
npm http fetch GET 200 https://registry.npmjs.org/keyv 127ms (cache miss)
npm http fetch GET 200 https://registry.npmjs.org/quick-lru 123ms (cache miss)
npm http fetch GET 200 https://registry.npmjs.org/normalize-url 128ms (cache miss)
npm http fetch GET 200 https://registry.npmjs.org/@types%2fnode 146ms (cache revalidated)
npm http fetch GET 200 https://registry.npmjs.org/clone-response 263ms (cache miss)
npm http fetch GET 200 https://registry.npmjs.org/resolve-alpn 263ms (cache miss)
npm http fetch GET 200 https://registry.npmjs.org/@types%2fhttp-cache-semantics 476ms (cache miss)
npm http fetch GET 200 https://registry.npmjs.org/@types%2fkeyv 1006ms (cache miss)
npm http fetch GET 200 https://registry.npmjs.org/undici-types 54ms (cache updated)
npm http fetch GET 200 https://registry.npmjs.org/json-buffer 60ms (cache miss)
npm http fetch GET 200 https://registry.npmjs.org/pump 856ms (cache revalidated)
npm http fetch GET 200 https://registry.npmjs.org/end-of-stream 52ms (cache revalidated)
npm http fetch GET 200 https://registry.npmjs.org/inherits 52ms (cache revalidated)
npm http fetch GET 200 https://registry.npmjs.org/strnum 53ms (cache miss)
npm http fetch GET 200 https://registry.npmjs.org/brace-expansion 52ms (cache miss)
npm http fetch GET 200 https://registry.npmjs.org/bufferutil 54ms (cache miss)
npm http fetch GET 200 https://registry.npmjs.org/utf-8-validate 48ms (cache miss)
npm http fetch GET 200 https://registry.npmjs.org/estraverse 104ms (cache miss)
npm http fetch GET 200 https://registry.npmjs.org/psl 83ms (cache revalidated)
npm http fetch GET 200 https://registry.npmjs.org/asynckit 104ms (cache revalidated)
npm http fetch GET 200 https://registry.npmjs.org/esutils 110ms (cache miss)
npm http fetch GET 200 https://registry.npmjs.org/esprima 112ms (cache miss)
npm http fetch GET 200 https://registry.npmjs.org/mime-types 109ms (cache revalidated)
npm http fetch GET 200 https://registry.npmjs.org/url-parse 97ms (cache miss)
npm http fetch GET 200 https://registry.npmjs.org/combined-stream 116ms (cache revalidated)
npm http fetch GET 200 https://registry.npmjs.org/source-map 121ms (cache revalidated)
npm http fetch GET 200 https://registry.npmjs.org/@tootallnate%2fonce 115ms (cache miss)
npm http fetch GET 200 https://registry.npmjs.org/xmlchars 270ms (cache miss)
npm http fetch GET 200 https://registry.npmjs.org/mime-db 58ms (cache revalidated)
npm http fetch GET 200 https://registry.npmjs.org/delayed-stream 71ms (cache revalidated)
npm http fetch GET 200 https://registry.npmjs.org/balanced-match 53ms (cache miss)
npm http fetch GET 200 https://registry.npmjs.org/concat-map 52ms (cache miss)
npm http fetch GET 200 https://registry.npmjs.org/negotiator 266ms (cache revalidated)
npm http fetch GET 200 https://registry.npmjs.org/is-lambda 291ms (cache miss)
npm http fetch GET 200 https://registry.npmjs.org/agentkeepalive 296ms (cache miss)
npm http fetch GET 200 https://registry.npmjs.org/minipass-flush 293ms (cache miss)
npm http fetch GET 200 https://registry.npmjs.org/validate-npm-package-name 269ms (cache miss)
npm http fetch GET 200 https://registry.npmjs.org/promise-retry 290ms (cache miss)
npm http fetch GET 200 https://registry.npmjs.org/minipass-sized 283ms (cache miss)
npm http fetch GET 200 https://registry.npmjs.org/jsonparse 281ms (cache miss)
npm http fetch GET 200 https://registry.npmjs.org/minipass-pipeline 300ms (cache miss)
npm http fetch GET 200 https://registry.npmjs.org/socks-proxy-agent 298ms (cache miss)
npm http fetch GET 200 https://registry.npmjs.org/hosted-git-info 283ms (cache miss)
npm http fetch GET 200 https://registry.npmjs.org/cacache 314ms (cache miss)
npm http fetch GET 200 https://registry.npmjs.org/ssri 313ms (cache miss)
npm http fetch GET 200 https://registry.npmjs.org/minipass-collect 138ms (cache miss)
npm http fetch GET 200 https://registry.npmjs.org/err-code 109ms (cache miss)
npm http fetch GET 200 https://registry.npmjs.org/unique-filename 127ms (cache miss)
npm http fetch GET 200 https://registry.npmjs.org/p-map 129ms (cache miss)
npm http fetch GET 200 https://registry.npmjs.org/@npmcli%2ffs 145ms (cache miss)
npm http fetch GET 200 https://registry.npmjs.org/socks 142ms (cache miss)
npm http fetch GET 200 https://registry.npmjs.org/humanize-ms 313ms (cache miss)
npm http fetch GET 200 https://registry.npmjs.org/retry 822ms (cache miss)
npm http fetch GET 200 https://registry.npmjs.org/aggregate-error 116ms (cache miss)
npm http fetch GET 200 https://registry.npmjs.org/path-scurry 131ms (cache miss)
npm http fetch GET 200 https://registry.npmjs.org/jackspeak 142ms (cache miss)
npm http fetch GET 200 https://registry.npmjs.org/foreground-child 295ms (cache miss)
npm http fetch GET 200 https://registry.npmjs.org/unique-slug 813ms (cache miss)
npm http fetch GET 200 https://registry.npmjs.org/@isaacs%2fcliui 103ms (cache miss)
npm http fetch GET 200 https://registry.npmjs.org/@pkgjs%2fparseargs 103ms (cache miss)
npm http fetch GET 200 https://registry.npmjs.org/cross-spawn 127ms (cache miss)
npm http fetch GET 200 https://registry.npmjs.org/shebang-command 68ms (cache miss)
npm http fetch GET 200 https://registry.npmjs.org/which 76ms (cache miss)
npm http fetch GET 200 https://registry.npmjs.org/path-key 82ms (cache miss)
npm http fetch GET 200 https://registry.npmjs.org/shebang-regex 70ms (cache miss)
npm http fetch GET 200 https://registry.npmjs.org/isexe 798ms (cache miss)
npm http fetch GET 200 https://registry.npmjs.org/string-width 73ms (cache revalidated)
npm http fetch GET 200 https://registry.npmjs.org/string-width 75ms (cache revalidated)
npm http fetch GET 200 https://registry.npmjs.org/wrap-ansi 76ms (cache revalidated)
npm http fetch GET 200 https://registry.npmjs.org/wrap-ansi 78ms (cache revalidated)
npm http fetch GET 200 https://registry.npmjs.org/emoji-regex 81ms (cache revalidated)
npm http fetch GET 200 https://registry.npmjs.org/eastasianwidth 85ms (cache miss)
npm http fetch GET 200 https://registry.npmjs.org/emoji-regex 97ms (cache revalidated)
npm http fetch GET 200 https://registry.npmjs.org/is-fullwidth-code-point 790ms (cache revalidated)
npm http fetch GET 200 https://registry.npmjs.org/builtins 75ms (cache miss)
npm http fetch GET 200 https://registry.npmjs.org/color-support 67ms (cache miss)
npm http fetch GET 200 https://registry.npmjs.org/has-unicode 84ms (cache revalidated)
npm http fetch GET 200 https://registry.npmjs.org/delegates 104ms (cache revalidated)
npm http fetch GET 200 https://registry.npmjs.org/aproba 89ms (cache revalidated)
npm http fetch GET 200 https://registry.npmjs.org/object-assign 89ms (cache revalidated)
npm http fetch GET 200 https://registry.npmjs.org/wide-align 88ms (cache revalidated)
npm http fetch GET 200 https://registry.npmjs.org/string_decoder 64ms (cache revalidated)
npm http fetch GET 200 https://registry.npmjs.org/buffer 73ms (cache revalidated)
npm http fetch GET 200 https://registry.npmjs.org/defaults 63ms (cache miss)
npm http fetch GET 200 https://registry.npmjs.org/restore-cursor 804ms (cache miss)
npm http fetch GET 200 https://registry.npmjs.org/base64-js 51ms (cache revalidated)
npm http fetch GET 200 https://registry.npmjs.org/onetime 63ms (cache miss)
npm http fetch GET 200 https://registry.npmjs.org/is-stream 110ms (cache miss)
npm http fetch GET 200 https://registry.npmjs.org/npm-run-path 109ms (cache miss)
npm http fetch GET 200 https://registry.npmjs.org/merge-stream 111ms (cache miss)
npm http fetch GET 200 https://registry.npmjs.org/mimic-fn 103ms (cache miss)
npm http fetch GET 200 https://registry.npmjs.org/strip-final-newline 111ms (cache miss)
npm http fetch GET 200 https://registry.npmjs.org/invert-kv 109ms (cache miss)
npm http fetch GET 200 https://registry.npmjs.org/human-signals 117ms (cache miss)
npm http fetch GET 200 https://registry.npmjs.org/map-age-cleaner 109ms (cache miss)
npm http fetch GET 200 https://registry.npmjs.org/p-is-promise 776ms (cache miss)
npm http fetch GET 200 https://registry.npmjs.org/p-defer 97ms (cache miss)
npm http fetch GET 200 https://registry.npmjs.org/clean-stack 61ms (cache miss)
npm http fetch GET 200 https://registry.npmjs.org/indent-string 69ms (cache miss)
npm http fetch GET 200 https://registry.npmjs.org/minimist 50ms (cache revalidated)
npm http fetch GET 200 https://registry.npmjs.org/wrappy 67ms (cache revalidated)
npm http fetch GET 200 https://registry.npmjs.org/find-up 63ms (cache revalidated)
npm http fetch GET 200 https://registry.npmjs.org/@types%2fyauzl 66ms (cache miss)
npm http fetch GET 200 https://registry.npmjs.org/tar-stream 62ms (cache revalidated)
npm http fetch GET 200 https://registry.npmjs.org/mkdirp-classic 66ms (cache revalidated)
npm http fetch GET 200 https://registry.npmjs.org/through 63ms (cache miss)
npm http fetch GET 200 https://registry.npmjs.org/yauzl 782ms (cache miss)
npm http fetch GET 200 https://registry.npmjs.org/buffer-crc32 60ms (cache miss)
npm http fetch GET 200 https://registry.npmjs.org/fd-slicer 790ms (cache miss)
npm http fetch GET 200 https://registry.npmjs.org/path-exists 53ms (cache revalidated)
npm http fetch GET 200 https://registry.npmjs.org/locate-path 55ms (cache revalidated)
npm http fetch GET 200 https://registry.npmjs.org/p-locate 67ms (cache revalidated)
npm http fetch GET 200 https://registry.npmjs.org/p-limit 100ms (cache revalidated)
npm http fetch GET 200 https://registry.npmjs.org/p-try 68ms (cache revalidated)
npm http fetch GET 200 https://registry.npmjs.org/safe-buffer 70ms (cache revalidated)
npm http fetch GET 200 https://registry.npmjs.org/fs.realpath 62ms (cache miss)
npm http fetch GET 200 https://registry.npmjs.org/inflight 61ms (cache miss)
npm http fetch GET 200 https://registry.npmjs.org/path-is-absolute 59ms (cache miss)
npm http fetch GET 200 https://registry.npmjs.org/smart-buffer 51ms (cache miss)
npm http fetch GET 200 https://registry.npmjs.org/ip 62ms (cache miss)
npm http fetch GET 200 https://registry.npmjs.org/fs-constants 49ms (cache revalidated)
npm http fetch GET 200 https://registry.npmjs.org/requires-port 56ms (cache miss)
npm http fetch GET 200 https://registry.npmjs.org/querystringify 58ms (cache miss)
npm http fetch GET 200 https://registry.npmjs.org/cli-boxes 99ms (cache miss)
npm http fetch GET 200 https://registry.npmjs.org/escape-goat 76ms (cache miss)
npm http fetch GET 200 https://registry.npmjs.org/widest-line 97ms (cache miss)
npm http fetch GET 200 https://registry.npmjs.org/ansi-align 104ms (cache miss)
npm http fetch GET 200 https://registry.npmjs.org/global-dirs 91ms (cache miss)
npm http fetch GET 200 https://registry.npmjs.org/is-path-inside 93ms (cache miss)
npm http fetch GET 200 https://registry.npmjs.org/camelcase 111ms (cache revalidated)
npm http fetch GET 200 https://registry.npmjs.org/type-fest 111ms (cache miss)
npm http fetch GET 200 https://registry.npmjs.org/package-json 277ms (cache revalidated)
npm http fetch GET 200 https://registry.npmjs.org/ini 56ms (cache revalidated)
npm http fetch GET 200 https://registry.npmjs.org/registry-auth-token 72ms (cache miss)
npm http fetch GET 200 https://registry.npmjs.org/registry-url 73ms (cache miss)
npm http fetch GET 200 https://registry.npmjs.org/rc 83ms (cache revalidated)
npm http fetch GET 200 https://registry.npmjs.org/url-parse-lax 92ms (cache miss)
npm http fetch GET 200 https://registry.npmjs.org/duplexer3 98ms (cache miss)
npm http fetch GET 200 https://registry.npmjs.org/to-readable-stream 94ms (cache miss)
npm http fetch GET 200 https://registry.npmjs.org/rc 265ms (cache revalidated)
npm http fetch GET 200 https://registry.npmjs.org/strip-json-comments 54ms (cache revalidated)
npm http fetch GET 200 https://registry.npmjs.org/deep-extend 60ms (cache revalidated)
npm http fetch GET 200 https://registry.npmjs.org/clone 54ms (cache revalidated)
npm http fetch GET 200 https://registry.npmjs.org/pend 46ms (cache miss)
npm http fetch GET 200 https://registry.npmjs.org/prepend-http 53ms (cache miss)
npm verb reify failed optional dependency /home/god/.config/Code - Insiders/User/globalStorage/ms-edgedevtools.vscode-edge-devtools/node_modules/fsevents
npm http fetch POST 200 https://registry.npmjs.org/-/npm/v1/security/advisories/bulk 1602ms
npm http fetch GET 200 https://registry.npmjs.org/is-stream/-/is-stream-2.0.1.tgz 1976ms (cache miss)
npm http fetch GET 200 https://registry.npmjs.org/merge-stream/-/merge-stream-2.0.0.tgz 1979ms (cache miss)
npm http fetch GET 200 https://registry.npmjs.org/http-cache-semantics/-/http-cache-semantics-4.1.1.tgz 1962ms (cache miss)
npm http fetch GET 200 https://registry.npmjs.org/inflight/-/inflight-1.0.6.tgz 1973ms (cache miss)
npm http fetch GET 200 https://registry.npmjs.org/path-is-absolute/-/path-is-absolute-1.0.1.tgz 1974ms (cache miss)
npm http fetch GET 200 https://registry.npmjs.org/clone-response/-/clone-response-1.0.3.tgz 1986ms (cache miss)
npm http fetch GET 200 https://registry.npmjs.org/url-parse-lax/-/url-parse-lax-3.0.0.tgz 1971ms (cache miss)
npm http fetch GET 200 https://registry.npmjs.org/fs.realpath/-/fs.realpath-1.0.0.tgz 1972ms (cache miss)
npm http fetch GET 200 https://registry.npmjs.org/to-readable-stream/-/to-readable-stream-1.0.0.tgz 1970ms (cache miss)
npm http fetch GET 200 https://registry.npmjs.org/pend/-/pend-1.2.0.tgz 1968ms (cache miss)
npm http fetch GET 200 https://registry.npmjs.org/duplexer3/-/duplexer3-0.1.5.tgz 1969ms (cache miss)
npm http fetch GET 200 https://registry.npmjs.org/typedarray-to-buffer/-/typedarray-to-buffer-3.1.5.tgz 1967ms (cache miss)
npm http fetch GET 200 https://registry.npmjs.org/fd-slicer/-/fd-slicer-1.1.0.tgz 1968ms (cache miss)
npm http fetch GET 200 https://registry.npmjs.org/prepend-http/-/prepend-http-2.0.0.tgz 1973ms (cache miss)
npm http fetch GET 200 https://registry.npmjs.org/clone/-/clone-1.0.4.tgz 1963ms (cache miss)
npm http fetch GET 200 https://registry.npmjs.org/defaults/-/defaults-1.0.4.tgz 1970ms (cache miss)
npm http fetch GET 200 https://registry.npmjs.org/registry-url/-/registry-url-5.1.0.tgz 1963ms (cache miss)
npm http fetch GET 200 https://registry.npmjs.org/builtins/-/builtins-5.0.1.tgz 1971ms (cache miss)
npm http fetch GET 200 https://registry.npmjs.org/querystringify/-/querystringify-2.2.0.tgz 1968ms (cache miss)
npm http fetch GET 200 https://registry.npmjs.org/requires-port/-/requires-port-1.0.0.tgz 1970ms (cache miss)
npm http fetch GET 200 https://registry.npmjs.org/package-json/-/package-json-6.5.0.tgz 1956ms (cache miss)
npm http fetch GET 200 https://registry.npmjs.org/ini/-/ini-2.0.0.tgz 1955ms (cache miss)
npm http fetch GET 200 https://registry.npmjs.org/escape-goat/-/escape-goat-2.1.1.tgz 1968ms (cache miss)
npm http fetch GET 200 https://registry.npmjs.org/is-path-inside/-/is-path-inside-3.0.3.tgz 1958ms (cache miss)
npm http fetch GET 200 https://registry.npmjs.org/registry-auth-token/-/registry-auth-token-4.2.2.tgz 1967ms (cache miss)
npm http fetch GET 200 https://registry.npmjs.org/global-dirs/-/global-dirs-3.0.1.tgz 1958ms (cache miss)
npm http fetch GET 200 https://registry.npmjs.org/widest-line/-/widest-line-3.1.0.tgz 1958ms (cache miss)
npm http fetch GET 200 https://registry.npmjs.org/cli-boxes/-/cli-boxes-2.2.1.tgz 1957ms (cache miss)
npm http fetch GET 200 https://registry.npmjs.org/pupa/-/pupa-2.1.1.tgz 1967ms (cache miss)
npm http fetch GET 200 https://registry.npmjs.org/semver-diff/-/semver-diff-3.1.1.tgz 1970ms (cache miss)
npm http fetch GET 200 https://registry.npmjs.org/get-stream/-/get-stream-5.2.0.tgz 2033ms (cache miss)
npm http fetch GET 200 https://registry.npmjs.org/camelcase/-/camelcase-6.3.0.tgz 1978ms (cache miss)
npm http fetch GET 200 https://registry.npmjs.org/ansi-align/-/ansi-align-3.0.1.tgz 1977ms (cache miss)
npm http fetch GET 200 https://registry.npmjs.org/is-npm/-/is-npm-5.0.0.tgz 1973ms (cache miss)
npm http fetch GET 200 https://registry.npmjs.org/latest-version/-/latest-version-5.1.0.tgz 1974ms (cache miss)
npm http fetch GET 200 https://registry.npmjs.org/is-installed-globally/-/is-installed-globally-0.4.0.tgz 1972ms (cache miss)
npm http fetch GET 200 https://registry.npmjs.org/is-yarn-global/-/is-yarn-global-0.3.0.tgz 1973ms (cache miss)
npm http fetch GET 200 https://registry.npmjs.org/import-lazy/-/import-lazy-2.1.0.tgz 1971ms (cache miss)
npm http fetch GET 200 https://registry.npmjs.org/has-yarn/-/has-yarn-2.1.0.tgz 1970ms (cache miss)
npm http fetch GET 200 https://registry.npmjs.org/escalade/-/escalade-3.1.2.tgz 1975ms (cache miss)
npm http fetch GET 200 https://registry.npmjs.org/imurmurhash/-/imurmurhash-0.1.4.tgz 1975ms (cache miss)
npm http fetch GET 200 https://registry.npmjs.org/through/-/through-2.3.8.tgz 1973ms (cache miss)
npm http fetch GET 200 https://registry.npmjs.org/crypto-random-string/-/crypto-random-string-2.0.0.tgz 1978ms (cache miss)
npm http fetch GET 200 https://registry.npmjs.org/boxen/-/boxen-5.1.2.tgz 1981ms (cache miss)
npm http fetch GET 200 https://registry.npmjs.org/tslib/-/tslib-1.14.1.tgz 1974ms (cache miss)
npm http fetch GET 200 https://registry.npmjs.org/ansi-regex/-/ansi-regex-5.0.1.tgz 1974ms (cache miss)
npm http fetch GET 200 https://registry.npmjs.org/unique-slug/-/unique-slug-4.0.0.tgz 1996ms (cache miss)
npm http fetch GET 200 https://registry.npmjs.org/is-fullwidth-code-point/-/is-fullwidth-code-point-3.0.0.tgz 1982ms (cache miss)
npm http fetch GET 200 https://registry.npmjs.org/eastasianwidth/-/eastasianwidth-0.2.0.tgz 1988ms (cache miss)
npm http fetch GET 200 https://registry.npmjs.org/chownr/-/chownr-2.0.0.tgz 2002ms (cache miss)
npm http fetch GET 200 https://registry.npmjs.org/emoji-regex/-/emoji-regex-9.2.2.tgz 1988ms (cache miss)
npm http fetch GET 200 https://registry.npmjs.org/shebang-regex/-/shebang-regex-3.0.0.tgz 1983ms (cache miss)
npm http fetch GET 200 https://registry.npmjs.org/p-locate/-/p-locate-4.1.0.tgz 1981ms (cache miss)
npm http fetch GET 200 https://registry.npmjs.org/ip/-/ip-2.0.0.tgz 1988ms (cache miss)
npm http fetch GET 200 https://registry.npmjs.org/xmlchars/-/xmlchars-2.2.0.tgz 1984ms (cache miss)
npm http fetch GET 200 https://registry.npmjs.org/locate-path/-/locate-path-5.0.0.tgz 1987ms (cache miss)
npm http fetch GET 200 https://registry.npmjs.org/path-exists/-/path-exists-4.0.0.tgz 1989ms (cache miss)
npm http fetch GET 200 https://registry.npmjs.org/progress/-/progress-2.0.3.tgz 1991ms (cache miss)
npm http fetch GET 200 https://registry.npmjs.org/proxy-from-env/-/proxy-from-env-1.1.0.tgz 1992ms (cache miss)
npm http fetch GET 200 https://registry.npmjs.org/@types/yauzl/-/yauzl-2.10.3.tgz 1996ms (cache miss)
npm http fetch GET 200 https://registry.npmjs.org/pkg-dir/-/pkg-dir-4.2.0.tgz 1991ms (cache miss)
npm http fetch GET 200 https://registry.npmjs.org/yauzl/-/yauzl-2.10.0.tgz 2013ms (cache miss)
npm http fetch GET 200 https://registry.npmjs.org/err-code/-/err-code-2.0.3.tgz 2006ms (cache miss)
npm http fetch GET 200 https://registry.npmjs.org/cssesc/-/cssesc-3.0.0.tgz 2005ms (cache miss)
npm http fetch GET 200 https://registry.npmjs.org/buffer-crc32/-/buffer-crc32-0.2.13.tgz 2102ms (cache miss)
npm http fetch GET 200 https://registry.npmjs.org/indent-string/-/indent-string-4.0.0.tgz 2004ms (cache miss)
npm http fetch GET 200 https://registry.npmjs.org/aggregate-error/-/aggregate-error-3.1.0.tgz 2004ms (cache miss)
npm http fetch GET 200 https://registry.npmjs.org/p-is-promise/-/p-is-promise-2.1.0.tgz 2002ms (cache miss)
npm http fetch GET 200 https://registry.npmjs.org/mimic-fn/-/mimic-fn-2.1.0.tgz 2001ms (cache miss)
npm http fetch GET 200 https://registry.npmjs.org/map-age-cleaner/-/map-age-cleaner-0.1.3.tgz 2000ms (cache miss)
npm http fetch GET 200 https://registry.npmjs.org/clean-stack/-/clean-stack-2.2.0.tgz 2001ms (cache miss)
npm http fetch GET 200 https://registry.npmjs.org/strip-final-newline/-/strip-final-newline-2.0.0.tgz 2000ms (cache miss)
npm http fetch GET 200 https://registry.npmjs.org/retry/-/retry-0.12.0.tgz 2017ms (cache miss)
npm http fetch GET 200 https://registry.npmjs.org/npm-run-path/-/npm-run-path-4.0.1.tgz 2005ms (cache miss)
npm http fetch GET 200 https://registry.npmjs.org/onetime/-/onetime-5.1.2.tgz 2007ms (cache miss)
npm http fetch GET 200 https://registry.npmjs.org/mem/-/mem-5.1.1.tgz 2005ms (cache miss)
npm http fetch GET 200 https://registry.npmjs.org/human-signals/-/human-signals-1.1.1.tgz 2004ms (cache miss)
npm http fetch GET 200 https://registry.npmjs.org/lcid/-/lcid-3.1.1.tgz 2004ms (cache miss)
npm http fetch GET 200 https://registry.npmjs.org/restore-cursor/-/restore-cursor-3.1.0.tgz 2002ms (cache miss)
npm http fetch GET 200 https://registry.npmjs.org/log-symbols/-/log-symbols-4.1.0.tgz 2002ms (cache miss)
npm http fetch GET 200 https://registry.npmjs.org/is-interactive/-/is-interactive-1.0.0.tgz 2000ms (cache miss)
npm http fetch GET 200 https://registry.npmjs.org/is-unicode-supported/-/is-unicode-supported-0.1.0.tgz 2001ms (cache miss)
npm http fetch GET 200 https://registry.npmjs.org/is-svg/-/is-svg-4.4.0.tgz 2004ms (cache miss)
npm http fetch GET 200 https://registry.npmjs.org/is-wsl/-/is-wsl-2.2.0.tgz 2007ms (cache miss)
npm http fetch GET 200 https://registry.npmjs.org/p-defer/-/p-defer-1.0.0.tgz 2037ms (cache miss)
npm http fetch GET 200 https://registry.npmjs.org/invert-kv/-/invert-kv-3.0.1.tgz 2033ms (cache miss)
npm http fetch GET 200 https://registry.npmjs.org/postcss-sass/-/postcss-sass-0.5.0.tgz 2001ms (cache miss)
npm http fetch GET 200 https://registry.npmjs.org/configstore/-/configstore-5.0.1.tgz 2005ms (cache miss)
npm http fetch GET 200 https://registry.npmjs.org/parse5-htmlparser2-tree-adapter/-/parse5-htmlparser2-tree-adapter-6.0.1.tgz 2004ms (cache miss)
npm http fetch GET 200 https://registry.npmjs.org/postcss-less/-/postcss-less-5.0.0.tgz 2005ms (cache miss)
npm http fetch GET 200 https://registry.npmjs.org/acorn-jsx-walk/-/acorn-jsx-walk-2.0.0.tgz 2013ms (cache miss)
npm http fetch GET 200 https://registry.npmjs.org/acorn-walk/-/acorn-walk-8.3.2.tgz 2015ms (cache miss)
npm http fetch GET 200 https://registry.npmjs.org/postcss-safe-parser/-/postcss-safe-parser-6.0.0.tgz 2011ms (cache miss)
npm http fetch GET 200 https://registry.npmjs.org/find-up/-/find-up-4.1.0.tgz 2075ms (cache miss)
npm http fetch GET 200 https://registry.npmjs.org/metaviewport-parser/-/metaviewport-parser-0.3.0.tgz 2002ms (cache miss)
npm http fetch GET 200 https://registry.npmjs.org/cli-spinners/-/cli-spinners-2.9.2.tgz 2033ms (cache miss)
npm http fetch GET 200 https://registry.npmjs.org/url-parse/-/url-parse-1.5.10.tgz 2104ms (cache miss)
npm http fetch GET 200 https://registry.npmjs.org/isexe/-/isexe-2.0.0.tgz 2162ms (cache miss)
npm http fetch GET 200 https://registry.npmjs.org/bcp47/-/bcp47-1.1.2.tgz 2007ms (cache miss)
npm http fetch GET 200 https://registry.npmjs.org/image-size/-/image-size-1.1.1.tgz 2009ms (cache miss)
npm http fetch GET 200 https://registry.npmjs.org/strip-ansi/-/strip-ansi-6.0.1.tgz 2005ms (cache miss)
npm http fetch GET 200 https://registry.npmjs.org/extract-zip/-/extract-zip-2.0.1.tgz 2083ms (cache miss)
npm http fetch GET 200 https://registry.npmjs.org/mkdirp/-/mkdirp-1.0.4.tgz 2119ms (cache miss)
npm http fetch GET 200 https://registry.npmjs.org/eventemitter2/-/eventemitter2-6.4.9.tgz 2042ms (cache miss)
npm http fetch GET 200 https://registry.npmjs.org/npm-registry-fetch/-/npm-registry-fetch-14.0.5.tgz 2049ms (cache miss)
npm http fetch GET 200 https://registry.npmjs.org/text-table/-/text-table-0.2.0.tgz 2016ms (cache miss)
npm http fetch GET 200 https://registry.npmjs.org/@types/estree-jsx/-/estree-jsx-0.0.1.tgz 2091ms (cache miss)
npm http fetch GET 200 https://registry.npmjs.org/unbzip2-stream/-/unbzip2-stream-1.4.3.tgz 2151ms (cache miss)
npm http fetch GET 200 https://registry.npmjs.org/tr46/-/tr46-3.0.0.tgz 2241ms (cache miss)
npm http fetch GET 200 https://registry.npmjs.org/postcss-scss/-/postcss-scss-4.0.9.tgz 2114ms (cache miss)
npm http fetch GET 200 https://registry.npmjs.org/acorn-jsx/-/acorn-jsx-5.3.2.tgz 2113ms (cache miss)
npm http fetch GET 200 https://registry.npmjs.org/globby/-/globby-11.1.0.tgz 2085ms (cache miss)
npm http fetch GET 200 https://registry.npmjs.org/mutationobserver-shim/-/mutationobserver-shim-0.3.7.tgz 2107ms (cache miss)
npm http fetch GET 200 https://registry.npmjs.org/wcwidth/-/wcwidth-1.0.1.tgz 2165ms (cache miss)
npm http fetch GET 200 https://registry.npmjs.org/cli-cursor/-/cli-cursor-3.1.0.tgz 2140ms (cache miss)
npm http fetch GET 200 https://registry.npmjs.org/type-check/-/type-check-0.4.0.tgz 2139ms (cache miss)
npm http fetch GET 200 https://registry.npmjs.org/chokidar/-/chokidar-3.6.0.tgz 2171ms (cache miss)
npm http fetch GET 200 https://registry.npmjs.org/cross-fetch/-/cross-fetch-3.1.5.tgz 2256ms (cache miss)
npm http fetch GET 200 https://registry.npmjs.org/ejs/-/ejs-3.1.9.tgz 2195ms (cache miss)
npm http fetch GET 200 https://registry.npmjs.org/is-ci/-/is-ci-3.0.1.tgz 2205ms (cache miss)
npm http fetch GET 200 https://registry.npmjs.org/deep-is/-/deep-is-0.1.4.tgz 2175ms (cache miss)
npm http fetch GET 200 https://registry.npmjs.org/prelude-ls/-/prelude-ls-1.2.1.tgz 2200ms (cache miss)
npm http fetch GET 200 https://registry.npmjs.org/levn/-/levn-0.4.1.tgz 2201ms (cache miss)
npm http fetch GET 200 https://registry.npmjs.org/execa/-/execa-4.1.0.tgz 2287ms (cache miss)
npm http fetch GET 200 https://registry.npmjs.org/fast-levenshtein/-/fast-levenshtein-2.0.6.tgz 2224ms (cache miss)
npm http fetch GET 200 https://registry.npmjs.org/color-support/-/color-support-1.1.3.tgz 2224ms (cache miss)
npm http fetch GET 200 https://registry.npmjs.org/aproba/-/aproba-2.0.0.tgz 2224ms (cache miss)
npm http fetch GET 200 https://registry.npmjs.org/@aashutoshrathi/word-wrap/-/word-wrap-1.2.6.tgz 2227ms (cache miss)
npm http fetch GET 200 https://registry.npmjs.org/lockfile/-/lockfile-1.0.4.tgz 2279ms (cache miss)
npm http fetch GET 200 https://registry.npmjs.org/are-we-there-yet/-/are-we-there-yet-2.0.0.tgz 2261ms (cache miss)
npm http fetch GET 200 https://registry.npmjs.org/validate-npm-package-name/-/validate-npm-package-name-5.0.0.tgz 2258ms (cache miss)
npm http fetch GET 200 https://registry.npmjs.org/jsonparse/-/jsonparse-1.3.1.tgz 2258ms (cache miss)
npm http fetch GET 200 https://registry.npmjs.org/smart-buffer/-/smart-buffer-4.2.0.tgz 2398ms (cache miss)
npm http fetch GET 200 https://registry.npmjs.org/hosted-git-info/-/hosted-git-info-6.1.1.tgz 2262ms (cache miss)
npm http fetch GET 200 https://registry.npmjs.org/wrap-ansi/-/wrap-ansi-7.0.0.tgz 2258ms (cache miss)
npm http fetch GET 200 https://registry.npmjs.org/encoding/-/encoding-0.1.13.tgz 2259ms (cache miss)
npm http fetch GET 200 https://registry.npmjs.org/string-width/-/string-width-5.1.2.tgz 2296ms (cache miss)
npm http fetch GET 200 https://registry.npmjs.org/strip-ansi/-/strip-ansi-6.0.1.tgz 2307ms (cache miss)
npm http fetch GET 200 https://registry.npmjs.org/string-width/-/string-width-4.2.3.tgz 2307ms (cache miss)
npm http fetch GET 200 https://registry.npmjs.org/minipass-sized/-/minipass-sized-1.0.3.tgz 2431ms (cache miss)
npm http fetch GET 200 https://registry.npmjs.org/which/-/which-2.0.2.tgz 2433ms (cache miss)
npm http fetch GET 200 https://registry.npmjs.org/shebang-command/-/shebang-command-2.0.0.tgz 2446ms (cache miss)
npm http fetch GET 200 https://registry.npmjs.org/@isaacs/cliui/-/cliui-8.0.2.tgz 2449ms (cache miss)
npm http fetch GET 200 https://registry.npmjs.org/cross-spawn/-/cross-spawn-7.0.3.tgz 2445ms (cache miss)
npm http fetch GET 200 https://registry.npmjs.org/path-key/-/path-key-3.1.1.tgz 2472ms (cache miss)
npm http fetch GET 200 https://registry.npmjs.org/gonzales-pe/-/gonzales-pe-4.3.0.tgz 2634ms (cache miss)
npm http fetch GET 200 https://registry.npmjs.org/gauge/-/gauge-3.0.2.tgz 2545ms (cache miss)
npm http fetch GET 200 https://registry.npmjs.org/wrap-ansi/-/wrap-ansi-8.1.0.tgz 2538ms (cache miss)
npm http fetch GET 200 https://registry.npmjs.org/unique-filename/-/unique-filename-3.0.0.tgz 2545ms (cache miss)
npm http fetch GET 200 https://registry.npmjs.org/foreground-child/-/foreground-child-3.1.1.tgz 2545ms (cache miss)
npm http fetch GET 200 https://registry.npmjs.org/p-map/-/p-map-4.0.0.tgz 2563ms (cache miss)
npm http fetch GET 200 https://registry.npmjs.org/minipass-collect/-/minipass-collect-1.0.2.tgz 2579ms (cache miss)
npm http fetch GET 200 https://registry.npmjs.org/fs-minipass/-/fs-minipass-3.0.3.tgz 2658ms (cache miss)
npm http fetch GET 200 https://registry.npmjs.org/humanize-ms/-/humanize-ms-1.2.1.tgz 2658ms (cache miss)
npm http fetch GET 200 https://registry.npmjs.org/type-fest/-/type-fest-0.20.2.tgz 2877ms (cache miss)
npm http fetch GET 200 https://registry.npmjs.org/css-select/-/css-select-4.3.0.tgz 2782ms (cache miss)
npm http fetch GET 200 https://registry.npmjs.org/promise-retry/-/promise-retry-2.0.1.tgz 2671ms (cache miss)
npm http fetch GET 200 https://registry.npmjs.org/minipass-flush/-/minipass-flush-1.0.5.tgz 2671ms (cache miss)
npm http fetch GET 200 https://registry.npmjs.org/minipass-pipeline/-/minipass-pipeline-1.2.4.tgz 2696ms (cache miss)
npm http fetch GET 200 https://registry.npmjs.org/socks-proxy-agent/-/socks-proxy-agent-7.0.0.tgz 2720ms (cache miss)
npm http fetch GET 200 https://registry.npmjs.org/is-lambda/-/is-lambda-1.0.1.tgz 2714ms (cache miss)
npm http fetch GET 200 https://registry.npmjs.org/proc-log/-/proc-log-3.0.0.tgz 2711ms (cache miss)
npm http fetch GET 200 https://registry.npmjs.org/npm-package-arg/-/npm-package-arg-10.1.0.tgz 2711ms (cache miss)
npm http fetch GET 200 https://registry.npmjs.org/@npmcli/fs/-/fs-3.1.0.tgz 2750ms (cache miss)
npm http fetch GET 200 https://registry.npmjs.org/minizlib/-/minizlib-2.1.2.tgz 2750ms (cache miss)
npm http fetch GET 200 https://registry.npmjs.org/@pkgjs/parseargs/-/parseargs-0.11.0.tgz 2800ms (cache miss)
npm http fetch GET 200 https://registry.npmjs.org/minipass-fetch/-/minipass-fetch-3.0.4.tgz 2761ms (cache miss)
npm http fetch GET 200 https://registry.npmjs.org/minipass-json-stream/-/minipass-json-stream-1.0.1.tgz 2779ms (cache miss)
npm http fetch GET 200 https://registry.npmjs.org/ssri/-/ssri-10.0.5.tgz 2795ms (cache miss)
npm http fetch GET 200 https://registry.npmjs.org/concat-map/-/concat-map-0.0.1.tgz 2788ms (cache miss)
npm http fetch GET 200 https://registry.npmjs.org/balanced-match/-/balanced-match-1.0.2.tgz 2786ms (cache miss)
npm http fetch GET 200 https://registry.npmjs.org/esutils/-/esutils-2.0.3.tgz 2800ms (cache miss)
npm http fetch GET 200 https://registry.npmjs.org/estraverse/-/estraverse-5.3.0.tgz 2812ms (cache miss)
npm http fetch GET 200 https://registry.npmjs.org/xml-name-validator/-/xml-name-validator-4.0.0.tgz 2811ms (cache miss)
npm http fetch GET 200 https://registry.npmjs.org/abbrev/-/abbrev-1.1.1.tgz 2820ms (cache miss)
npm http fetch GET 200 https://registry.npmjs.org/json-buffer/-/json-buffer-3.0.1.tgz 2818ms (cache miss)
npm http fetch GET 200 https://registry.npmjs.org/jsonc-parser/-/jsonc-parser-3.2.1.tgz 2958ms (cache miss)
npm http fetch GET 200 https://registry.npmjs.org/lru-cache/-/lru-cache-7.18.3.tgz 2834ms (cache miss)
npm http fetch GET 200 https://registry.npmjs.org/brace-expansion/-/brace-expansion-1.1.11.tgz 2855ms (cache miss)
npm http fetch GET 200 https://registry.npmjs.org/@tootallnate/once/-/once-2.0.0.tgz 2872ms (cache miss)
npm http fetch GET 200 https://registry.npmjs.org/webidl-conversions/-/webidl-conversions-7.0.0.tgz 2859ms (cache miss)
npm http fetch GET 200 https://registry.npmjs.org/whatwg-encoding/-/whatwg-encoding-2.0.0.tgz 2867ms (cache miss)
npm http fetch GET 200 https://registry.npmjs.org/w3c-xmlserializer/-/w3c-xmlserializer-4.0.0.tgz 2900ms (cache miss)
npm http fetch GET 200 https://registry.npmjs.org/symbol-tree/-/symbol-tree-3.2.4.tgz 2896ms (cache miss)
npm http fetch GET 200 https://registry.npmjs.org/rrweb-cssom/-/rrweb-cssom-0.6.0.tgz 2895ms (cache miss)
npm http fetch GET 200 https://registry.npmjs.org/agentkeepalive/-/agentkeepalive-4.5.0.tgz 2936ms (cache miss)
npm http fetch GET 200 https://registry.npmjs.org/minipass/-/minipass-5.0.0.tgz 2932ms (cache miss)
npm http fetch GET 200 https://registry.npmjs.org/socks/-/socks-2.7.1.tgz 3125ms (cache miss)
npm http fetch GET 200 https://registry.npmjs.org/is-potential-custom-element-name/-/is-potential-custom-element-name-1.0.1.tgz 2936ms (cache miss)
npm http fetch GET 200 https://registry.npmjs.org/http-proxy-agent/-/http-proxy-agent-5.0.0.tgz 2935ms (cache miss)
npm http fetch GET 200 https://registry.npmjs.org/form-data/-/form-data-4.0.0.tgz 2934ms (cache miss)
npm http fetch GET 200 https://registry.npmjs.org/html-encoding-sniffer/-/html-encoding-sniffer-3.0.0.tgz 2957ms (cache miss)
npm http fetch GET 200 https://registry.npmjs.org/domexception/-/domexception-4.0.0.tgz 2955ms (cache miss)
npm http fetch GET 200 https://registry.npmjs.org/minimatch/-/minimatch-3.1.2.tgz 2969ms (cache miss)
npm http fetch GET 200 https://registry.npmjs.org/acorn-globals/-/acorn-globals-7.0.1.tgz 2972ms (cache miss)
npm http fetch GET 200 https://registry.npmjs.org/strnum/-/strnum-1.0.5.tgz 2968ms (cache miss)
npm http fetch GET 200 https://registry.npmjs.org/is-docker/-/is-docker-2.2.1.tgz 2969ms (cache miss)
npm http fetch GET 200 https://registry.npmjs.org/ci-info/-/ci-info-3.9.0.tgz 2966ms (cache miss)
npm http fetch GET 200 https://registry.npmjs.org/resolve-alpn/-/resolve-alpn-1.2.1.tgz 2980ms (cache miss)
npm http fetch GET 200 https://registry.npmjs.org/filelist/-/filelist-1.0.4.tgz 2993ms (cache miss)
npm http fetch GET 200 https://registry.npmjs.org/cacache/-/cacache-17.1.4.tgz 3037ms (cache miss)
npm http fetch GET 200 https://registry.npmjs.org/agent-base/-/agent-base-6.0.2.tgz 3016ms (cache miss)
npm http fetch GET 200 https://registry.npmjs.org/normalize-url/-/normalize-url-6.1.0.tgz 3013ms (cache miss)
npm http fetch GET 200 https://registry.npmjs.org/quick-lru/-/quick-lru-5.1.1.tgz 3016ms (cache miss)
npm http fetch GET 200 https://registry.npmjs.org/keyv/-/keyv-4.5.4.tgz 3013ms (cache miss)
npm http fetch GET 200 https://registry.npmjs.org/responselike/-/responselike-2.0.1.tgz 3015ms (cache miss)
npm http fetch GET 200 https://registry.npmjs.org/defer-to-connect/-/defer-to-connect-2.0.1.tgz 3033ms (cache miss)
npm http fetch GET 200 https://registry.npmjs.org/queue/-/queue-6.0.2.tgz 3044ms (cache miss)
npm http fetch GET 200 https://registry.npmjs.org/lowercase-keys/-/lowercase-keys-2.0.0.tgz 3021ms (cache miss)
npm http fetch GET 200 https://registry.npmjs.org/@types/keyv/-/keyv-3.1.4.tgz 3037ms (cache miss)
npm http fetch GET 200 https://registry.npmjs.org/p-cancelable/-/p-cancelable-2.1.1.tgz 3024ms (cache miss)
npm http fetch GET 200 https://registry.npmjs.org/escodegen/-/escodegen-2.1.0.tgz 3065ms (cache miss)
npm http fetch GET 200 https://registry.npmjs.org/decompress-response/-/decompress-response-6.0.0.tgz 3026ms (cache miss)
npm http fetch GET 200 https://registry.npmjs.org/http2-wrapper/-/http2-wrapper-1.0.3.tgz 3029ms (cache miss)
npm http fetch GET 200 https://registry.npmjs.org/mimic-response/-/mimic-response-1.0.1.tgz 3051ms (cache miss)
npm http fetch GET 200 https://registry.npmjs.org/cacheable-lookup/-/cacheable-lookup-5.0.4.tgz 3033ms (cache miss)
npm http fetch GET 200 https://registry.npmjs.org/cacheable-request/-/cacheable-request-7.0.4.tgz 3032ms (cache miss)
npm http fetch GET 200 https://registry.npmjs.org/emoji-regex/-/emoji-regex-8.0.0.tgz 3044ms (cache miss)
npm http fetch GET 200 https://registry.npmjs.org/minipass/-/minipass-3.3.6.tgz 3038ms (cache miss)
npm http fetch GET 200 https://registry.npmjs.org/string-width/-/string-width-4.2.3.tgz 3040ms (cache miss)
npm http fetch GET 200 https://registry.npmjs.org/string-width/-/string-width-4.2.3.tgz 3038ms (cache miss)
npm http fetch GET 200 https://registry.npmjs.org/string-width/-/string-width-4.2.3.tgz 3044ms (cache miss)
npm http fetch GET 200 https://registry.npmjs.org/saxes/-/saxes-6.0.0.tgz 3103ms (cache miss)
npm http fetch GET 200 https://registry.npmjs.org/strip-ansi/-/strip-ansi-7.1.0.tgz 3041ms (cache miss)
npm http fetch GET 200 https://registry.npmjs.org/ansi-regex/-/ansi-regex-6.0.1.tgz 3043ms (cache miss)
npm http fetch GET 200 https://registry.npmjs.org/make-fetch-happen/-/make-fetch-happen-11.1.1.tgz 3130ms (cache miss)
npm WARN deprecated domexception@4.0.0: Use your platform's native DOMException instead
npm http fetch GET 200 https://registry.npmjs.org/ansi-styles/-/ansi-styles-6.2.1.tgz 3049ms (cache miss)
npm http fetch GET 200 https://registry.npmjs.org/@hint/utils-json/-/utils-json-1.0.27.tgz 3261ms (cache miss)
npm http fetch GET 200 https://registry.npmjs.org/brace-expansion/-/brace-expansion-2.0.1.tgz 3062ms (cache miss)
npm http fetch GET 200 https://registry.npmjs.org/tough-cookie/-/tough-cookie-4.1.3.tgz 3142ms (cache miss)
npm http fetch GET 200 https://registry.npmjs.org/emoji-regex/-/emoji-regex-8.0.0.tgz 3084ms (cache miss)
npm http fetch GET 200 https://registry.npmjs.org/emoji-regex/-/emoji-regex-8.0.0.tgz 3086ms (cache miss)
npm http fetch GET 200 https://registry.npmjs.org/emoji-regex/-/emoji-regex-8.0.0.tgz 3082ms (cache miss)
npm http fetch GET 200 https://registry.npmjs.org/minipass/-/minipass-3.3.6.tgz 3075ms (cache miss)
npm http fetch GET 200 https://registry.npmjs.org/minipass/-/minipass-3.3.6.tgz 3071ms (cache miss)
npm http fetch GET 200 https://registry.npmjs.org/minipass/-/minipass-3.3.6.tgz 3069ms (cache miss)
npm http fetch GET 200 https://registry.npmjs.org/minipass/-/minipass-3.3.6.tgz 3070ms (cache miss)
npm http fetch GET 200 https://registry.npmjs.org/strip-ansi/-/strip-ansi-7.1.0.tgz 3085ms (cache miss)
npm http fetch GET 200 https://registry.npmjs.org/strip-ansi/-/strip-ansi-7.1.0.tgz 3079ms (cache miss)
npm http fetch GET 200 https://registry.npmjs.org/ansi-regex/-/ansi-regex-6.0.1.tgz 3082ms (cache miss)
npm http fetch GET 200 https://registry.npmjs.org/ansi-regex/-/ansi-regex-6.0.1.tgz 3084ms (cache miss)
npm http fetch GET 200 https://registry.npmjs.org/universalify/-/universalify-0.2.0.tgz 3060ms (cache miss)
npm http fetch GET 200 https://registry.npmjs.org/mimic-response/-/mimic-response-3.1.0.tgz 3052ms (cache miss)
npm http fetch GET 200 https://registry.npmjs.org/minimatch/-/minimatch-5.1.6.tgz 3056ms (cache miss)
npm http fetch GET 200 https://registry.npmjs.org/ci-info/-/ci-info-2.0.0.tgz 3050ms (cache miss)
npm http fetch GET 200 https://registry.npmjs.org/signal-exit/-/signal-exit-4.1.0.tgz 3088ms (cache miss)
npm http fetch GET 200 https://registry.npmjs.org/glob/-/glob-7.2.3.tgz 3045ms (cache miss)
npm http fetch GET 200 https://registry.npmjs.org/fs-minipass/-/fs-minipass-2.1.0.tgz 3052ms (cache miss)
npm http fetch GET 200 https://registry.npmjs.org/@types/responselike/-/responselike-1.0.3.tgz 3011ms (cache miss)
npm http fetch GET 200 https://registry.npmjs.org/is-ci/-/is-ci-2.0.0.tgz 3066ms (cache miss)
npm http fetch GET 200 https://registry.npmjs.org/minipass/-/minipass-3.3.6.tgz 3065ms (cache miss)
npm http fetch GET 200 https://registry.npmjs.org/emoji-regex/-/emoji-regex-8.0.0.tgz 3059ms (cache miss)
npm http fetch GET 200 https://registry.npmjs.org/brace-expansion/-/brace-expansion-2.0.1.tgz 3088ms (cache miss)
npm http fetch GET 200 https://registry.npmjs.org/@types/cacheable-request/-/cacheable-request-6.0.3.tgz 3022ms (cache miss)
npm http fetch GET 200 https://registry.npmjs.org/@szmarczak/http-timer/-/http-timer-4.0.6.tgz 3020ms (cache miss)
npm http fetch GET 200 https://registry.npmjs.org/esprima/-/esprima-4.0.1.tgz 3211ms (cache miss)
npm http fetch GET 200 https://registry.npmjs.org/postcss/-/postcss-8.4.35.tgz 3329ms (cache miss)
npm http fetch GET 200 https://registry.npmjs.org/minipass/-/minipass-3.3.6.tgz 3117ms (cache miss)
npm http fetch GET 200 https://registry.npmjs.org/q/-/q-1.5.1.tgz 3050ms (cache miss)
npm http fetch GET 200 https://registry.npmjs.org/@sindresorhus/is/-/is-4.6.0.tgz 3062ms (cache miss)
npm http fetch GET 200 https://registry.npmjs.org/jackspeak/-/jackspeak-2.3.6.tgz 3301ms (cache miss)
npm http fetch GET 200 https://registry.npmjs.org/tr46/-/tr46-4.1.1.tgz 3103ms (cache miss)
npm http fetch GET 200 https://registry.npmjs.org/decimal.js/-/decimal.js-10.4.3.tgz 3241ms (cache miss)
npm http fetch GET 200 https://registry.npmjs.org/path-scurry/-/path-scurry-1.10.1.tgz 3318ms (cache miss)
npm http fetch GET 200 https://registry.npmjs.org/fast-xml-parser/-/fast-xml-parser-4.3.4.tgz 3243ms (cache miss)
npm http fetch GET 200 https://registry.npmjs.org/nwsapi/-/nwsapi-2.2.7.tgz 3265ms (cache miss)
npm http fetch GET 200 https://registry.npmjs.org/whatwg-url/-/whatwg-url-12.0.1.tgz 3113ms (cache miss)
npm http fetch GET 200 https://registry.npmjs.org/@hint/utils-i18n/-/utils-i18n-1.0.15.tgz 3382ms (cache miss)
npm http fetch GET 200 https://registry.npmjs.org/@hint/utils-types/-/utils-types-1.2.1.tgz 3388ms (cache miss)
npm http fetch GET 200 https://registry.npmjs.org/@hint/utils-css/-/utils-css-1.0.15.tgz 3410ms (cache miss)
npm http fetch GET 200 https://registry.npmjs.org/ws/-/ws-8.5.0.tgz 3163ms (cache miss)
npm http fetch GET 200 https://registry.npmjs.org/@hint/utils-string/-/utils-string-1.0.14.tgz 3418ms (cache miss)
npm http fetch GET 200 https://registry.npmjs.org/minipass/-/minipass-7.0.4.tgz 3223ms (cache miss)
npm http fetch GET 200 https://registry.npmjs.org/ws/-/ws-8.16.0.tgz 3315ms (cache miss)
npm http fetch GET 200 https://registry.npmjs.org/minipass/-/minipass-7.0.4.tgz 3236ms (cache miss)
npm http fetch GET 200 https://registry.npmjs.org/minipass/-/minipass-7.0.4.tgz 3217ms (cache miss)
npm http fetch GET 200 https://registry.npmjs.org/minipass/-/minipass-7.0.4.tgz 3223ms (cache miss)
npm http fetch GET 200 https://registry.npmjs.org/electron-to-chromium/-/electron-to-chromium-1.4.661.tgz 3143ms (cache miss)
npm http fetch GET 200 https://registry.npmjs.org/lru-cache/-/lru-cache-10.2.0.tgz 3293ms (cache miss)
npm http fetch GET 200 https://registry.npmjs.org/canvas/-/canvas-2.11.2.tgz 3474ms (cache miss)
npm http fetch GET 200 https://registry.npmjs.org/@hint/utils-fs/-/utils-fs-1.0.16.tgz 3499ms (cache miss)
npm http fetch GET 200 https://registry.npmjs.org/minimatch/-/minimatch-9.0.3.tgz 3339ms (cache miss)
npm http fetch GET 200 https://registry.npmjs.org/@types/http-cache-semantics/-/http-cache-semantics-4.0.4.tgz 3391ms (cache miss)
npm http fetch GET 200 https://registry.npmjs.org/got/-/got-11.8.6.tgz 3277ms (cache miss)
npm http fetch GET 200 https://registry.npmjs.org/cssstyle/-/cssstyle-3.0.0.tgz 3458ms (cache miss)
npm http fetch GET 200 https://registry.npmjs.org/glob/-/glob-10.3.10.tgz 3523ms (cache miss)
npm http fetch GET 200 https://registry.npmjs.org/@hint/utils-network/-/utils-network-1.0.26.tgz 3578ms (cache miss)
npm http fetch GET 200 https://registry.npmjs.org/js-library-detector/-/js-library-detector-6.7.0.tgz 3306ms (cache miss)
npm http fetch GET 200 https://registry.npmjs.org/devtools-protocol/-/devtools-protocol-0.0.981744.tgz 3703ms (cache miss)
npm http fetch GET 200 https://registry.npmjs.org/@hint/utils-compat-data/-/utils-compat-data-1.1.12.tgz 3663ms (cache miss)
npm http fetch GET 200 https://registry.npmjs.org/update-notifier/-/update-notifier-5.1.0.tgz 3332ms (cache miss)
npm http fetch GET 200 https://registry.npmjs.org/axe-core/-/axe-core-4.8.4.tgz 3688ms (cache miss)
npm http fetch GET 200 https://registry.npmjs.org/@hint/hint-validate-set-cookie-header/-/hint-validate-set-cookie-header-3.0.22.tgz 3379ms (cache miss)
npm http fetch GET 200 https://registry.npmjs.org/@hint/utils-dom/-/utils-dom-2.2.4.tgz 3678ms (cache miss)
npm http fetch GET 200 https://registry.npmjs.org/setimmediate/-/setimmediate-1.0.5.tgz 3371ms (cache miss)
npm http fetch GET 200 https://registry.npmjs.org/cloudinary/-/cloudinary-1.41.3.tgz 3412ms (cache miss)
npm http fetch GET 200 https://registry.npmjs.org/@typescript-eslint/typescript-estree/-/typescript-estree-5.62.0.tgz 3765ms (cache miss)
npm http fetch GET 200 https://registry.npmjs.org/@hint/hint-no-friendly-error-pages/-/hint-no-friendly-error-pages-3.3.26.tgz 3440ms (cache miss)
npm http fetch GET 200 https://registry.npmjs.org/@hint/hint-html-checker/-/hint-html-checker-3.3.26.tgz 3485ms (cache miss)
npm http fetch GET 200 https://registry.npmjs.org/@hint/hint-stylesheet-limits/-/hint-stylesheet-limits-3.3.26.tgz 3502ms (cache miss)
npm http fetch GET 200 https://registry.npmjs.org/os-locale/-/os-locale-5.0.0.tgz 3490ms (cache miss)
npm http fetch GET 200 https://registry.npmjs.org/@hint/hint-no-http-redirects/-/hint-no-http-redirects-3.0.22.tgz 3515ms (cache miss)
npm http fetch GET 200 https://registry.npmjs.org/optionator/-/optionator-0.9.3.tgz 3513ms (cache miss)
npm http fetch GET 200 https://registry.npmjs.org/ora/-/ora-5.4.1.tgz 3515ms (cache miss)
npm http fetch GET 200 https://registry.npmjs.org/cloudinary-core/-/cloudinary-core-2.13.0.tgz 3551ms (cache miss)
npm http fetch GET 200 https://registry.npmjs.org/@hint/hint-http-cache/-/hint-http-cache-4.0.22.tgz 3542ms (cache miss)
npm http fetch GET 200 https://registry.npmjs.org/path-type/-/path-type-4.0.0.tgz 3540ms (cache miss)
npm http fetch GET 200 https://registry.npmjs.org/slash/-/slash-3.0.0.tgz 3543ms (cache miss)
npm http fetch GET 200 https://registry.npmjs.org/@hint/hint-no-vulnerable-javascript-libraries/-/hint-no-vulnerable-javascript-libraries-2.12.21.tgz 3582ms (cache miss)
npm http fetch GET 200 https://registry.npmjs.org/array-union/-/array-union-2.1.0.tgz 3579ms (cache miss)
npm http fetch GET 200 https://registry.npmjs.org/fastq/-/fastq-1.17.1.tgz 3594ms (cache miss)
npm http fetch GET 200 https://registry.npmjs.org/dir-glob/-/dir-glob-3.0.1.tgz 3587ms (cache miss)
npm http fetch GET 200 https://registry.npmjs.org/is-obj/-/is-obj-2.0.0.tgz 3636ms (cache miss)
npm http fetch GET 200 https://registry.npmjs.org/dom-serializer/-/dom-serializer-1.4.1.tgz 3641ms (cache miss)
npm http fetch GET 200 https://registry.npmjs.org/whatwg-mimetype/-/whatwg-mimetype-3.0.0.tgz 3679ms (cache miss)
npm http fetch GET 200 https://registry.npmjs.org/ignore/-/ignore-5.3.1.tgz 3706ms (cache miss)
npm http fetch GET 200 https://registry.npmjs.org/whatwg-url/-/whatwg-url-11.0.0.tgz 3717ms (cache miss)
npm http fetch GET 200 https://registry.npmjs.org/abab/-/abab-2.0.6.tgz 3751ms (cache miss)
npm WARN deprecated abab@2.0.6: Use your platform's native atob() and btoa() methods instead
npm http fetch GET 200 https://registry.npmjs.org/@hint/hint-ssllabs/-/hint-ssllabs-2.4.26.tgz 3835ms (cache miss)
npm http fetch GET 200 https://registry.npmjs.org/domutils/-/domutils-2.8.0.tgz 3792ms (cache miss)
npm http fetch GET 200 https://registry.npmjs.org/domhandler/-/domhandler-4.3.1.tgz 3802ms (cache miss)
npm http fetch GET 200 https://registry.npmjs.org/@hint/configuration-web-recommended/-/configuration-web-recommended-8.2.23.tgz 3848ms (cache miss)
npm http fetch GET 200 https://registry.npmjs.org/xdg-basedir/-/xdg-basedir-4.0.0.tgz 3834ms (cache miss)
npm http fetch GET 200 https://registry.npmjs.org/write-file-atomic/-/write-file-atomic-3.0.3.tgz 3835ms (cache miss)
npm http fetch GET 200 https://registry.npmjs.org/unique-string/-/unique-string-2.0.0.tgz 3834ms (cache miss)
npm http fetch GET 200 https://registry.npmjs.org/dot-prop/-/dot-prop-5.3.0.tgz 3812ms (cache miss)
npm http fetch GET 200 https://registry.npmjs.org/make-dir/-/make-dir-3.1.0.tgz 3822ms (cache miss)
npm http fetch GET 200 https://registry.npmjs.org/https-proxy-agent/-/https-proxy-agent-5.0.1.tgz 3822ms (cache miss)
npm http fetch GET 200 https://registry.npmjs.org/nopt/-/nopt-5.0.0.tgz 3828ms (cache miss)
npm http fetch GET 200 https://registry.npmjs.org/detect-libc/-/detect-libc-2.0.2.tgz 3834ms (cache miss)
npm http fetch GET 200 https://registry.npmjs.org/npmlog/-/npmlog-5.0.1.tgz 3845ms (cache miss)
npm http fetch GET 200 https://registry.npmjs.org/rimraf/-/rimraf-3.0.2.tgz 3847ms (cache miss)
npm http fetch GET 200 https://registry.npmjs.org/require-from-string/-/require-from-string-2.0.2.tgz 3844ms (cache miss)
npm http fetch GET 200 https://registry.npmjs.org/entities/-/entities-2.2.0.tgz 3924ms (cache miss)
npm http fetch GET 200 https://registry.npmjs.org/json-schema-traverse/-/json-schema-traverse-1.0.0.tgz 3879ms (cache miss)
npm http fetch GET 200 https://registry.npmjs.org/eslint-visitor-keys/-/eslint-visitor-keys-3.4.3.tgz 3881ms (cache miss)
npm http fetch GET 200 https://registry.npmjs.org/@hint/hint-http-compression/-/hint-http-compression-5.2.26.tgz 3979ms (cache miss)
npm http fetch GET 200 https://registry.npmjs.org/@types/parse5/-/parse5-6.0.3.tgz 3885ms (cache miss)
npm http fetch GET 200 https://registry.npmjs.org/https/-/https-1.0.0.tgz 3888ms (cache miss)
npm http fetch GET 200 https://registry.npmjs.org/@typescript-eslint/visitor-keys/-/visitor-keys-5.62.0.tgz 3897ms (cache miss)
npm http fetch GET 200 https://registry.npmjs.org/@hint/hint-no-html-only-headers/-/hint-no-html-only-headers-3.0.22.tgz 4001ms (cache miss)
npm http fetch GET 200 https://registry.npmjs.org/@hint/hint-x-content-type-options/-/hint-x-content-type-options-4.0.22.tgz 4020ms (cache miss)
npm http fetch GET 200 https://registry.npmjs.org/jake/-/jake-10.8.7.tgz 3987ms (cache miss)
npm http fetch GET 200 https://registry.npmjs.org/data-urls/-/data-urls-3.0.2.tgz 3921ms (cache miss)
npm http fetch GET 200 https://registry.npmjs.org/postcss-value-parser/-/postcss-value-parser-4.2.0.tgz 3920ms (cache miss)
npm http fetch GET 200 https://registry.npmjs.org/@hint/hint-strict-transport-security/-/hint-strict-transport-security-3.0.22.tgz 4053ms (cache miss)
npm http fetch GET 200 https://registry.npmjs.org/tar/-/tar-6.2.0.tgz 3983ms (cache miss)
npm http fetch GET 200 https://registry.npmjs.org/@hint/hint-no-disallowed-headers/-/hint-no-disallowed-headers-3.1.21.tgz 4069ms (cache miss)
npm http fetch GET 200 https://registry.npmjs.org/ajv-formats/-/ajv-formats-2.1.1.tgz 3988ms (cache miss)
npm http fetch GET 200 https://registry.npmjs.org/@hint/hint-image-optimization-cloudinary/-/hint-image-optimization-cloudinary-3.2.26.tgz 4104ms (cache miss)
npm http fetch GET 200 https://registry.npmjs.org/@typescript-eslint/types/-/types-5.62.0.tgz 4023ms (cache miss)
npm http fetch GET 200 https://registry.npmjs.org/@mapbox/node-pre-gyp/-/node-pre-gyp-1.0.11.tgz 4043ms (cache miss)
npm http fetch GET 200 https://registry.npmjs.org/postcss-selector-parser/-/postcss-selector-parser-6.0.15.tgz 4050ms (cache miss)
npm http fetch GET 200 https://registry.npmjs.org/iconv-lite/-/iconv-lite-0.6.3.tgz 4077ms (cache miss)
npm http fetch GET 200 https://registry.npmjs.org/nan/-/nan-2.18.0.tgz 4111ms (cache miss)
npm http fetch GET 200 https://registry.npmjs.org/mdn-data/-/mdn-data-2.4.0.tgz 4082ms (cache miss)
npm http fetch GET 200 https://registry.npmjs.org/@hint/formatter-stylish/-/formatter-stylish-3.1.35.tgz 4198ms (cache miss)
npm http fetch GET 200 https://registry.npmjs.org/tsutils/-/tsutils-3.21.0.tgz 4130ms (cache miss)
npm http fetch GET 200 https://registry.npmjs.org/@hint/hint-manifest-file-extension/-/hint-manifest-file-extension-3.0.23.tgz 4302ms (cache miss)
npm http fetch GET 200 https://registry.npmjs.org/@hint/hint-manifest-is-valid/-/hint-manifest-is-valid-3.4.19.tgz 4304ms (cache miss)
npm http fetch GET 200 https://registry.npmjs.org/@hint/utils-connector-tools/-/utils-connector-tools-4.0.41.tgz 4334ms (cache miss)
npm http fetch GET 200 https://registry.npmjs.org/@hint/utils-debug/-/utils-debug-1.0.11.tgz 4340ms (cache miss)
npm http fetch GET 200 https://registry.npmjs.org/@hint/hint-content-type/-/hint-content-type-4.2.26.tgz 4553ms (cache miss)
npm http fetch GET 200 https://registry.npmjs.org/@hint/parser-manifest/-/parser-manifest-2.3.19.tgz 4403ms (cache miss)
npm http fetch GET 200 https://registry.npmjs.org/puppeteer-core/-/puppeteer-core-13.7.0.tgz 5090ms (cache miss)
npm http fetch GET 200 https://registry.npmjs.org/jsdom/-/jsdom-21.1.2.tgz 5101ms (cache miss)
npm http fetch GET 200 https://registry.npmjs.org/@hint/utils/-/utils-7.0.23.tgz 4574ms (cache miss)
npm http fetch GET 200 https://registry.npmjs.org/@hint/hint-manifest-app-name/-/hint-manifest-app-name-2.4.28.tgz 4582ms (cache miss)
npm http fetch GET 200 https://registry.npmjs.org/@hint/parser-sass/-/parser-sass-1.0.31.tgz 4581ms (cache miss)
npm http fetch GET 200 https://registry.npmjs.org/@hint/parser-typescript/-/parser-typescript-1.0.25.tgz 4689ms (cache miss)
npm http fetch GET 200 https://registry.npmjs.org/@hint/parser-html/-/parser-html-3.1.4.tgz 4738ms (cache miss)
npm http fetch GET 200 https://registry.npmjs.org/@hint/parser-webpack-config/-/parser-webpack-config-2.1.41.tgz 4760ms (cache miss)
npm http fetch GET 200 https://registry.npmjs.org/@hint/hint-manifest-exists/-/hint-manifest-exists-2.4.28.tgz 4792ms (cache miss)
npm http fetch GET 200 https://registry.npmjs.org/caniuse-lite/-/caniuse-lite-1.0.30001585.tgz 5077ms (cache miss)
npm http fetch GET 200 https://registry.npmjs.org/ajv/-/ajv-8.12.0.tgz 4965ms (cache miss)
npm http fetch GET 200 https://registry.npmjs.org/@hint/connector-jsdom/-/connector-jsdom-4.1.27.tgz 4838ms (cache miss)
npm http fetch GET 200 https://registry.npmjs.org/@hint/hint-apple-touch-icons/-/hint-apple-touch-icons-4.0.22.tgz 4840ms (cache miss)
npm http fetch GET 200 https://registry.npmjs.org/lodash/-/lodash-4.17.21.tgz 5412ms (cache miss)
npm http fetch GET 200 https://registry.npmjs.org/@hint/connector-puppeteer/-/connector-puppeteer-2.5.24.tgz 4878ms (cache miss)
npm http fetch GET 200 https://registry.npmjs.org/@mdn/browser-compat-data/-/browser-compat-data-4.2.1.tgz 4999ms (cache miss)
npm http fetch GET 200 https://registry.npmjs.org/@hint/parser-jsx/-/parser-jsx-1.1.5.tgz 4898ms (cache miss)
npm http fetch GET 200 https://registry.npmjs.org/@hint/hint-webpack-config/-/hint-webpack-config-2.4.28.tgz 5005ms (cache miss)
npm http fetch GET 200 https://registry.npmjs.org/@hint/hint-axe/-/hint-axe-4.4.20.tgz 5049ms (cache miss)
npm http fetch GET 200 https://registry.npmjs.org/@hint/hint-meta-charset-utf-8/-/hint-meta-charset-utf-8-4.0.22.tgz 5047ms (cache miss)
npm http fetch GET 200 https://registry.npmjs.org/@hint/hint-highest-available-document-mode/-/hint-highest-available-document-mode-5.0.22.tgz 5096ms (cache miss)
npm http fetch GET 200 https://registry.npmjs.org/@hint/hint-typescript-config/-/hint-typescript-config-2.5.14.tgz 5230ms (cache miss)
npm http fetch GET 200 https://registry.npmjs.org/@hint/hint-css-prefix-order/-/hint-css-prefix-order-1.5.7.tgz 5233ms (cache miss)
npm http fetch GET 200 https://registry.npmjs.org/@hint/parser-less/-/parser-less-1.0.31.tgz 5308ms (cache miss)
npm http fetch GET 200 https://registry.npmjs.org/@hint/hint-no-bom/-/hint-no-bom-4.2.26.tgz 5286ms (cache miss)
npm http fetch GET 200 https://registry.npmjs.org/@hint/hint-no-protocol-relative-urls/-/hint-no-protocol-relative-urls-3.1.6.tgz 5288ms (cache miss)
npm http fetch GET 200 https://registry.npmjs.org/@hint/hint-scoped-svg-styles/-/hint-scoped-svg-styles-1.3.27.tgz 5302ms (cache miss)
npm http fetch GET 200 https://registry.npmjs.org/@hint/parser-javascript/-/parser-javascript-3.1.24.tgz 5254ms (cache miss)
npm http fetch GET 200 https://registry.npmjs.org/@hint/hint-babel-config/-/hint-babel-config-2.4.27.tgz 5463ms (cache miss)
npm http fetch GET 200 https://registry.npmjs.org/@hint/parser-typescript-config/-/parser-typescript-config-2.4.29.tgz 5540ms (cache miss)
npm http fetch GET 200 https://registry.npmjs.org/@hint/hint-sri/-/hint-sri-4.0.22.tgz 5558ms (cache miss)
npm http fetch GET 200 https://registry.npmjs.org/@hint/hint-meta-viewport/-/hint-meta-viewport-5.0.22.tgz 5559ms (cache miss)
npm http fetch GET 200 https://registry.npmjs.org/@hint/hint-button-type/-/hint-button-type-3.0.22.tgz 5499ms (cache miss)
npm http fetch GET 200 https://registry.npmjs.org/@hint/hint-leading-dot-classlist/-/hint-leading-dot-classlist-1.0.19.tgz 5623ms (cache miss)
npm http fetch GET 200 https://registry.npmjs.org/@hint/hint-no-inline-styles/-/hint-no-inline-styles-1.0.18.tgz 5750ms (cache miss)
npm http fetch GET 200 https://registry.npmjs.org/@hint/hint-compat-api/-/hint-compat-api-4.5.7.tgz 5685ms (cache miss)
npm http fetch GET 200 https://registry.npmjs.org/@hint/parser-babel-config/-/parser-babel-config-2.1.42.tgz 5721ms (cache miss)
npm http fetch GET 200 https://registry.npmjs.org/json-buffer/-/json-buffer-3.0.0.tgz 5745ms (cache miss)
npm http fetch GET 200 https://registry.npmjs.org/responselike/-/responselike-1.0.2.tgz 5761ms (cache miss)
npm http fetch GET 200 https://registry.npmjs.org/@hint/hint-create-element-svg/-/hint-create-element-svg-1.3.26.tgz 5867ms (cache miss)
npm http fetch GET 200 https://registry.npmjs.org/lowercase-keys/-/lowercase-keys-1.0.1.tgz 5845ms (cache miss)
npm http fetch GET 200 https://registry.npmjs.org/@hint/formatter-json/-/formatter-json-3.1.35.tgz 5861ms (cache miss)
npm http fetch GET 200 https://registry.npmjs.org/normalize-url/-/normalize-url-4.5.1.tgz 5846ms (cache miss)
npm http fetch GET 200 https://registry.npmjs.org/@hint/hint-detect-css-reflows/-/hint-detect-css-reflows-1.0.6.tgz 5891ms (cache miss)
npm http fetch GET 200 https://registry.npmjs.org/@hint/parser-css/-/parser-css-3.0.39.tgz 5892ms (cache miss)
npm http fetch GET 200 https://registry.npmjs.org/keyv/-/keyv-3.1.0.tgz 5886ms (cache miss)
npm http fetch GET 200 https://registry.npmjs.org/defer-to-connect/-/defer-to-connect-1.1.3.tgz 5886ms (cache miss)
npm http fetch GET 200 https://registry.npmjs.org/p-cancelable/-/p-cancelable-1.1.0.tgz 5887ms (cache miss)
npm http fetch GET 200 https://registry.npmjs.org/decompress-response/-/decompress-response-3.3.0.tgz 5888ms (cache miss)
npm http fetch GET 200 https://registry.npmjs.org/cacheable-request/-/cacheable-request-6.1.0.tgz 5912ms (cache miss)
npm http fetch GET 200 https://registry.npmjs.org/lowercase-keys/-/lowercase-keys-1.0.1.tgz 5936ms (cache miss)
npm http fetch GET 200 https://registry.npmjs.org/@szmarczak/http-timer/-/http-timer-1.1.2.tgz 5940ms (cache miss)
npm http fetch GET 200 https://registry.npmjs.org/get-stream/-/get-stream-4.1.0.tgz 5940ms (cache miss)
npm http fetch GET 200 https://registry.npmjs.org/got/-/got-9.6.0.tgz 5954ms (cache miss)
npm http fetch GET 200 https://registry.npmjs.org/@sindresorhus/is/-/is-0.14.0.tgz 5979ms (cache miss)
npm http fetch GET 200 https://registry.npmjs.org/string-width/-/string-width-4.2.3.tgz 5983ms (cache miss)
npm http fetch GET 200 https://registry.npmjs.org/emoji-regex/-/emoji-regex-8.0.0.tgz 5985ms (cache miss)
npm http fetch GET 200 https://registry.npmjs.org/emoji-regex/-/emoji-regex-8.0.0.tgz 5997ms (cache miss)
npm http fetch GET 200 https://registry.npmjs.org/string-width/-/string-width-4.2.3.tgz 5997ms (cache miss)
npm http fetch GET 200 https://registry.npmjs.org/wrap-ansi/-/wrap-ansi-7.0.0.tgz 6001ms (cache miss)
npm http fetch GET 200 https://registry.npmjs.org/string-width/-/string-width-4.2.3.tgz 6025ms (cache miss)
npm http fetch GET 200 https://registry.npmjs.org/@hint/hint-disown-opener/-/hint-disown-opener-4.0.22.tgz 6088ms (cache miss)
npm http fetch GET 200 https://registry.npmjs.org/data-urls/-/data-urls-4.0.0.tgz 6036ms (cache miss)
npm http fetch GET 200 https://registry.npmjs.org/node-fetch/-/node-fetch-2.6.7.tgz 6038ms (cache miss)
npm http fetch GET 200 https://registry.npmjs.org/core-js/-/core-js-3.35.1.tgz 6531ms (cache miss)
npm http fetch GET 200 https://registry.npmjs.org/@hint/formatter-summary/-/formatter-summary-3.0.38.tgz 6314ms (cache miss)
npm http fetch GET 200 https://registry.npmjs.org/@hint/configuration-progressive-web-apps/-/configuration-progressive-web-apps-7.0.28.tgz 6513ms (cache miss)
npm http fetch GET 200 https://registry.npmjs.org/@hint/configuration-accessibility/-/configuration-accessibility-2.0.27.tgz 6514ms (cache miss)
npm http fetch GET 200 https://registry.npmjs.org/typescript/-/typescript-5.3.3.tgz 6544ms (cache miss)
npm http fetch GET 200 https://registry.npmjs.org/@hint/connector-local/-/connector-local-3.2.27.tgz 6550ms (cache miss)
npm http fetch GET 200 https://registry.npmjs.org/hint/-/hint-7.1.10.tgz 6603ms (cache miss)
npm http fetch GET 200 https://registry.npmjs.org/@hint/configuration-development/-/configuration-development-8.3.18.tgz 6734ms (cache miss)
npm http fetch GET 200 https://registry.npmjs.org/@hint/formatter-html/-/formatter-html-4.3.16.tgz 7051ms (cache miss)
npm info run canvas@2.11.2 install node_modules/canvas node-pre-gyp install --fallback-to-build --update-binary
npm info run canvas@2.11.2 install { code: 0, signal: null }
npm info run core-js@3.35.1 postinstall node_modules/core-js node -e "try{require('./postinstall')}catch(e){}"
npm info run core-js@3.35.1 postinstall { code: 0, signal: null }

added 561 packages, and audited 562 packages in 50s

90 packages are looking for funding
  run `npm fund` for details

67 moderate severity vulnerabilities

To address issues that do not require attention, run:
  npm audit fix

Some issues need review, and may require choosing
a different dependency.

Run `npm audit` for details.
npm verb exit 0
npm info ok 
Found hint at /home/god/.config/Code - Insiders/User/globalStorage/ms-edgedevtools.vscode-edge-devtools/node_modules/hint/dist/src/lib/index.js
