2024-02-07 16:39:32.087 [info] Reading sessions from secret storage...
2024-02-07 16:39:32.087 [info] Got 0 stored sessions
2024-02-07 16:39:32.087 [info] Getting sessions for all scopes...
2024-02-07 16:39:32.087 [info] Got 0 sessions for all scopes...
2024-02-07 16:39:32.087 [info] Getting sessions for the following scopes: email offline_access openid profile
2024-02-07 16:39:32.087 [info] Got 0 sessions for scopes: email offline_access openid profile
2024-02-07 16:39:32.087 [info] Getting sessions for the following scopes: email offline_access openid profile
2024-02-07 16:39:32.087 [info] Got 0 sessions for scopes: email offline_access openid profile
2024-02-07 19:40:23.493 [info] Reading sessions from secret storage...
2024-02-07 19:40:24.538 [info] Got 0 stored sessions
2024-02-07 19:40:24.817 [info] Getting sessions for all scopes...
2024-02-07 19:40:24.817 [info] Got 0 sessions for all scopes...
2024-02-07 19:40:24.818 [info] Getting sessions for the following scopes: email offline_access openid profile
2024-02-07 19:40:24.818 [info] Got 0 sessions for scopes: email offline_access openid profile
2024-02-07 19:40:24.818 [info] Getting sessions for the following scopes: email offline_access openid profile
2024-02-07 19:40:24.818 [info] Got 0 sessions for scopes: email offline_access openid profile
2024-02-07 19:42:34.981 [info] Reading sessions from secret storage...
2024-02-07 19:42:34.981 [info] Got 0 stored sessions
2024-02-07 19:42:35.453 [info] Getting sessions for all scopes...
2024-02-07 19:42:35.453 [info] Got 0 sessions for all scopes...
2024-02-07 19:42:35.453 [info] Getting sessions for the following scopes: email offline_access openid profile
2024-02-07 19:42:35.453 [info] Got 0 sessions for scopes: email offline_access openid profile
2024-02-07 19:42:35.454 [info] Getting sessions for the following scopes: email offline_access openid profile
2024-02-07 19:42:35.454 [info] Got 0 sessions for scopes: email offline_access openid profile
