2024-02-07 16:39:32.141 [info] Reading sessions from keychain...
2024-02-07 16:39:32.141 [info] Getting sessions for all scopes...
2024-02-07 16:39:32.141 [info] Got stored sessions!
2024-02-07 16:39:32.141 [info] Got 2 verified sessions.
2024-02-07 16:39:32.141 [info] Got 2 sessions for ...
2024-02-07 16:39:32.141 [info] Getting sessions for all scopes...
2024-02-07 16:39:32.141 [info] Got 2 sessions for ...
2024-02-07 16:39:32.141 [info] Getting sessions for user:email...
2024-02-07 16:39:32.141 [info] Got 1 sessions for user:email...
2024-02-07 16:39:32.141 [info] Getting sessions for all scopes...
2024-02-07 16:39:32.141 [info] Got 2 sessions for ...
2024-02-07 16:39:32.141 [info] Getting sessions for user:email...
2024-02-07 16:39:32.141 [info] Got 1 sessions for user:email...
2024-02-07 16:39:33.183 [info] Getting sessions for read:user,repo,user:email,workflow...
2024-02-07 16:39:33.183 [info] Got 1 sessions for read:user,repo,user:email,workflow...
2024-02-07 16:39:33.679 [info] Getting sessions for read:user,repo,user:email,workflow...
2024-02-07 16:39:33.679 [info] Got 1 sessions for read:user,repo,user:email,workflow...
2024-02-07 16:39:33.932 [info] Getting sessions for read:user,repo,user:email,workflow...
2024-02-07 16:39:33.932 [info] Got 1 sessions for read:user,repo,user:email,workflow...
2024-02-07 16:39:34.481 [info] Getting sessions for read:user,repo,user:email,workflow...
2024-02-07 16:39:34.481 [info] Got 1 sessions for read:user,repo,user:email,workflow...
2024-02-07 16:39:34.826 [info] Getting sessions for read:user,repo,user:email,workflow...
2024-02-07 16:39:34.826 [info] Got 1 sessions for read:user,repo,user:email,workflow...
2024-02-07 16:39:35.627 [info] Getting sessions for read:user,repo,user:email,workflow...
2024-02-07 16:39:35.627 [info] Got 1 sessions for read:user,repo,user:email,workflow...
2024-02-07 16:39:39.957 [info] Getting sessions for all scopes...
2024-02-07 16:39:39.957 [info] Got 2 sessions for ...
2024-02-07 16:39:39.975 [info] Getting sessions for all scopes...
2024-02-07 16:39:39.975 [info] Got 2 sessions for ...
2024-02-07 16:39:40.692 [info] Getting sessions for gist,repo...
2024-02-07 16:39:40.692 [info] Got 0 sessions for gist,repo...
2024-02-07 16:39:41.445 [info] Getting sessions for read:user,repo,user:email,workflow...
2024-02-07 16:39:41.445 [info] Got 1 sessions for read:user,repo,user:email,workflow...
2024-02-07 16:39:41.977 [info] Getting sessions for all scopes...
2024-02-07 16:39:41.977 [info] Got 2 sessions for ...
2024-02-07 16:39:43.385 [info] Getting sessions for read:user,repo,user:email,workflow...
2024-02-07 16:39:43.385 [info] Got 1 sessions for read:user,repo,user:email,workflow...
2024-02-07 16:39:43.952 [info] Getting sessions for read:user,repo,user:email,workflow...
2024-02-07 16:39:43.952 [info] Got 1 sessions for read:user,repo,user:email,workflow...
2024-02-07 16:39:47.407 [info] Getting sessions for read:user,repo,user:email,workflow...
2024-02-07 16:39:47.407 [info] Got 1 sessions for read:user,repo,user:email,workflow...
2024-02-07 16:39:48.028 [info] Getting sessions for read:user,repo,user:email,workflow...
2024-02-07 16:39:48.028 [info] Got 1 sessions for read:user,repo,user:email,workflow...
2024-02-07 16:42:37.261 [info] Getting sessions for read:user,repo,user:email...
2024-02-07 16:42:37.261 [info] Got 0 sessions for read:user,repo,user:email...
2024-02-07 19:40:24.447 [info] Reading sessions from keychain...
2024-02-07 19:40:24.447 [info] Getting sessions for all scopes...
2024-02-07 19:40:24.447 [info] Getting sessions for user:email...
2024-02-07 19:40:24.530 [info] Got stored sessions!
2024-02-07 19:40:24.530 [info] Got 2 verified sessions.
2024-02-07 19:40:24.531 [info] Got 2 sessions for ...
2024-02-07 19:40:24.531 [info] Got 1 sessions for user:email...
2024-02-07 19:40:25.503 [info] Getting sessions for user:email...
2024-02-07 19:40:25.503 [info] Got 1 sessions for user:email...
2024-02-07 19:40:25.576 [info] Getting sessions for read:user,repo,user:email,workflow...
2024-02-07 19:40:25.576 [info] Got 1 sessions for read:user,repo,user:email,workflow...
2024-02-07 19:40:25.864 [info] Getting sessions for all scopes...
2024-02-07 19:40:25.864 [info] Got 2 sessions for ...
2024-02-07 19:40:27.054 [info] Getting sessions for read:user,repo,user:email,workflow...
2024-02-07 19:40:27.054 [info] Got 1 sessions for read:user,repo,user:email,workflow...
2024-02-07 19:40:27.371 [info] Getting sessions for read:user,repo,user:email,workflow...
2024-02-07 19:40:27.371 [info] Got 1 sessions for read:user,repo,user:email,workflow...
2024-02-07 19:40:27.858 [info] Getting sessions for read:user,repo,user:email,workflow...
2024-02-07 19:40:27.858 [info] Got 1 sessions for read:user,repo,user:email,workflow...
2024-02-07 19:40:29.188 [info] Getting sessions for read:user,repo,user:email,workflow...
2024-02-07 19:40:29.188 [info] Got 1 sessions for read:user,repo,user:email,workflow...
2024-02-07 19:40:32.718 [info] Getting sessions for all scopes...
2024-02-07 19:40:32.718 [info] Got 2 sessions for ...
2024-02-07 19:40:32.770 [info] Getting sessions for all scopes...
2024-02-07 19:40:32.770 [info] Got 2 sessions for ...
2024-02-07 19:40:34.976 [info] Getting sessions for gist,repo...
2024-02-07 19:40:34.976 [info] Got 0 sessions for gist,repo...
2024-02-07 19:40:35.105 [info] Getting sessions for read:user,repo,user:email,workflow...
2024-02-07 19:40:35.105 [info] Got 1 sessions for read:user,repo,user:email,workflow...
2024-02-07 19:40:35.818 [info] Getting sessions for all scopes...
2024-02-07 19:40:35.818 [info] Got 2 sessions for ...
2024-02-07 19:40:37.168 [info] Getting sessions for read:user,repo,user:email,workflow...
2024-02-07 19:40:37.168 [info] Got 1 sessions for read:user,repo,user:email,workflow...
2024-02-07 19:40:38.270 [info] Getting sessions for read:user,repo,user:email,workflow...
2024-02-07 19:40:38.270 [info] Got 1 sessions for read:user,repo,user:email,workflow...
2024-02-07 19:40:43.366 [info] Getting sessions for read:user,repo,user:email,workflow...
2024-02-07 19:40:43.366 [info] Got 1 sessions for read:user,repo,user:email,workflow...
2024-02-07 19:40:45.776 [info] Getting sessions for read:user,repo,user:email,workflow...
2024-02-07 19:40:45.776 [info] Got 1 sessions for read:user,repo,user:email,workflow...
2024-02-07 19:42:34.981 [info] Reading sessions from keychain...
2024-02-07 19:42:34.981 [info] Getting sessions for all scopes...
2024-02-07 19:42:34.981 [info] Getting sessions for user:email...
2024-02-07 19:42:34.981 [info] Got stored sessions!
2024-02-07 19:42:34.981 [info] Got 2 verified sessions.
2024-02-07 19:42:34.981 [info] Got 2 sessions for ...
2024-02-07 19:42:34.981 [info] Got 1 sessions for user:email...
2024-02-07 19:42:34.981 [info] Getting sessions for all scopes...
2024-02-07 19:42:34.981 [info] Got 2 sessions for ...
2024-02-07 19:42:35.601 [info] Getting sessions for user:email...
2024-02-07 19:42:35.601 [info] Got 1 sessions for user:email...
2024-02-07 19:42:36.543 [info] Getting sessions for all scopes...
2024-02-07 19:42:36.543 [info] Got 2 sessions for ...
2024-02-07 19:42:36.678 [info] Getting sessions for read:user,repo,user:email,workflow...
2024-02-07 19:42:36.679 [info] Got 1 sessions for read:user,repo,user:email,workflow...
2024-02-07 19:42:38.307 [info] Getting sessions for read:user,repo,user:email,workflow...
2024-02-07 19:42:38.307 [info] Got 1 sessions for read:user,repo,user:email,workflow...
2024-02-07 19:42:38.393 [info] Getting sessions for read:user,repo,user:email,workflow...
2024-02-07 19:42:38.393 [info] Got 1 sessions for read:user,repo,user:email,workflow...
2024-02-07 19:42:39.255 [info] Getting sessions for read:user,repo,user:email,workflow...
2024-02-07 19:42:39.255 [info] Got 1 sessions for read:user,repo,user:email,workflow...
2024-02-07 19:42:44.361 [info] Getting sessions for read:user,repo,user:email,workflow...
2024-02-07 19:42:44.361 [info] Got 1 sessions for read:user,repo,user:email,workflow...
2024-02-07 19:42:44.408 [info] Getting sessions for all scopes...
2024-02-07 19:42:44.408 [info] Got 2 sessions for ...
2024-02-07 19:42:44.427 [info] Getting sessions for all scopes...
2024-02-07 19:42:44.427 [info] Got 2 sessions for ...
2024-02-07 19:42:45.321 [info] Getting sessions for gist,repo...
2024-02-07 19:42:45.321 [info] Got 0 sessions for gist,repo...
2024-02-07 19:42:45.970 [info] Getting sessions for read:user,repo,user:email,workflow...
2024-02-07 19:42:45.970 [info] Got 1 sessions for read:user,repo,user:email,workflow...
2024-02-07 19:42:46.091 [info] Getting sessions for all scopes...
2024-02-07 19:42:46.091 [info] Got 2 sessions for ...
2024-02-07 19:42:50.348 [info] Getting sessions for read:user,repo,user:email,workflow...
2024-02-07 19:42:50.348 [info] Got 1 sessions for read:user,repo,user:email,workflow...
2024-02-07 19:42:51.126 [info] Getting sessions for read:user,repo,user:email,workflow...
2024-02-07 19:42:51.126 [info] Got 1 sessions for read:user,repo,user:email,workflow...
2024-02-07 19:42:54.153 [info] Getting sessions for read:user,repo,user:email,workflow...
2024-02-07 19:42:54.153 [info] Got 1 sessions for read:user,repo,user:email,workflow...
2024-02-07 19:42:56.833 [info] Getting sessions for read:user,repo,user:email,workflow...
2024-02-07 19:42:56.833 [info] Got 1 sessions for read:user,repo,user:email,workflow...
2024-02-07 19:42:56.939 [info] Getting sessions for read:user,repo,user:email...
2024-02-07 19:42:56.939 [info] Got 0 sessions for read:user,repo,user:email...
