2024-02-08 16:21:46.491 [info] Added views:workbench.panel.markers.view in workbench.panel.markers
2024-02-08 16:21:46.491 [info] Added views:workbench.panel.output in workbench.panel.output
2024-02-08 16:21:46.491 [info] Added views:terminal in terminal
2024-02-08 16:21:46.491 [info] Added views:workbench.scm in workbench.view.scm
2024-02-08 16:21:46.491 [info] Added views:workbench.view.search in workbench.view.search
2024-02-08 16:21:46.491 [info] Added views:outline in workbench.view.search
2024-02-08 16:21:46.491 [info] Added views:timeline in workbench.view.search
2024-02-08 16:21:46.491 [info] Added views:workbench.explorer.fileView in workbench.view.explorer
2024-02-08 16:21:46.926 [info] Added views:workbench.debug.variablesView,workbench.debug.watchExpressionsView,workbench.debug.callStackView,workbench.debug.breakPointsView in workbench.view.debug
2024-02-08 16:21:48.518 [info] Added views:bookmarksExplorer,bookmarksHelpAndFeedback in workbench.view.extension.bookmarks
2024-02-08 16:21:48.519 [info] Added views:projectsExplorerFavorites,projectManagerHelpAndFeedback in workbench.view.extension.project-manager
2024-02-08 16:21:48.519 [info] Added views:local-supergraph-designs,studio-graphs,studio-operations in workbench.view.extension.apollo-workbench
2024-02-08 16:21:48.521 [info] Added views:codesandbox-sign-in in workbench.view.extension.codesandbox
2024-02-08 16:21:48.521 [info] Added views:activitybar.codestream in workbench.view.extension.codestream-activitybar
2024-02-08 16:21:48.522 [info] Added views:github.cweijan.mysql in workbench.view.extension.github-cweijan-mysql
2024-02-08 16:21:48.522 [info] Added views:github.cweijan.nosql in workbench.view.extension.github-cweijan-nosql
2024-02-08 16:21:48.523 [info] Added views:workspaceEnvironments,pythonEnvironments in workbench.view.extension.package-explorer
2024-02-08 16:21:48.524 [info] Added views:gitlens.views.home,gitlens.views.drafts,gitlens.views.workspaces,gitlens.views.account in workbench.view.extension.vscode-edge-devtools-view
2024-02-08 16:21:48.526 [info] Added views:gitlens.views.commitDetails,gitlens.views.lineHistory,gitlens.views.fileHistory,gitlens.views.searchAndCompare in workbench.view.extension.gitlensInspect
2024-02-08 16:21:48.528 [info] Added views:gitlens.views.repositories,gitlens.views.commits,gitlens.views.branches,gitlens.views.remotes,gitlens.views.stashes,gitlens.views.tags,gitlens.views.contributors in workbench.view.scm
2024-02-08 16:21:48.529 [info] Added views:snippetExplorer,snippetScopeExplorer in workbench.view.extension.snippet-explorer
2024-02-08 16:21:48.529 [info] Added views:KalimahApps.tailwindcss-config-viewer in workbench.view.extension.tailwind-config-viewer
2024-02-08 16:21:48.531 [info] Added views:checkpointsTreeViewExplorer in workbench.view.search
2024-02-08 16:21:48.531 [info] Added views:vscode-edge-devtools-view.targets,vscode-edge-devtools-view.help-links in workbench.view.extension.vscode-edge-devtools-view
2024-02-08 16:21:48.533 [info] Added views:remoteTargets in workbench.view.remote
2024-02-08 16:21:48.534 [info] Added views:liveshare.session in workbench.view.extension.liveshare
2024-02-08 16:21:48.535 [info] Added views:thunder-client-sidebar in workbench.view.extension.thunder-client
2024-02-08 16:21:48.535 [info] Added views:terminal-manager in workbench.view.extension.terminal-manager
2024-02-08 16:21:48.536 [info] Added views:vscode-spotify-playlists,vscode-spotify-tracks in workbench.view.extension.vscode-spotify
2024-02-08 16:21:48.537 [info] Added views:gistpad.gists,gistpad.repos in workbench.view.extension.gistpad
2024-02-08 16:21:48.537 [info] Added views:jsonOutline in workbench.view.extension.json-views
2024-02-08 16:21:48.982 [info] Added views:workbench.panel.repl.view in workbench.panel.repl
2024-02-08 16:21:51.624 [info] Added views:~remote.forwardedPorts in ~remote.forwardedPortsContainer
2024-02-08 16:21:53.201 [info] Added views:treeLocalHistoryExplorer in workbench.view.search
2024-02-08 16:22:08.113 [info] Added views:workbench.scm.repositories in workbench.view.scm
2024-02-08 16:22:10.053 [info] Added views:projectsExplorerGit in workbench.view.extension.project-manager
2024-02-08 16:22:11.247 [info] Added views:workbench.panel.comments in workbench.panel.comments
2024-02-08 16:22:12.239 [info] Added views:gitlens.views.graph,gitlens.views.graphDetails in workbench.view.extension.gitlensPanel
2024-02-08 16:22:12.244 [info] Added views:gitlens.views.timeline in workbench.view.extension.gitlensInspect
2024-02-08 16:22:12.245 [info] Added views:gitlens.views.worktrees in workbench.view.scm
2024-02-08 16:22:15.669 [info] Added views:tabnine.loading in workbench.view.extension.tabnine
2024-02-08 16:22:23.201 [info] Removed views:tabnine.loading from workbench.view.extension.tabnine
2024-02-08 16:22:23.205 [info] Added views:tabnine.chat in workbench.view.extension.tabnine
2024-02-08 16:23:38.738 [info] Added views:workbench.views.extensions.installed,workbench.views.extensions.popular,extensions.recommendedList in workbench.view.extensions
2024-02-08 16:23:38.745 [info] Removed views:workbench.views.extensions.popular from workbench.view.extensions
2024-02-08 16:23:42.684 [info] Removed views:workbench.scm.repositories from workbench.view.scm
2024-02-08 16:23:43.783 [info] Added views:workbench.panel.markers.view in workbench.panel.markers
2024-02-08 16:23:43.783 [info] Added views:workbench.panel.output in workbench.panel.output
2024-02-08 16:23:43.783 [info] Added views:terminal in terminal
2024-02-08 16:23:43.783 [info] Added views:workbench.scm in workbench.view.scm
2024-02-08 16:23:43.783 [info] Added views:workbench.view.search in workbench.view.search
2024-02-08 16:23:43.783 [info] Added views:outline in workbench.view.search
2024-02-08 16:23:43.783 [info] Added views:timeline in workbench.view.search
2024-02-08 16:23:43.783 [info] Added views:workbench.explorer.fileView in workbench.view.explorer
2024-02-08 16:23:44.042 [info] Added views:workbench.debug.variablesView,workbench.debug.watchExpressionsView,workbench.debug.callStackView,workbench.debug.breakPointsView in workbench.view.debug
2024-02-08 16:23:45.318 [info] Added views:bookmarksExplorer,bookmarksHelpAndFeedback in workbench.view.extension.bookmarks
2024-02-08 16:23:45.319 [info] Added views:projectsExplorerFavorites,projectManagerHelpAndFeedback in workbench.view.extension.project-manager
2024-02-08 16:23:45.320 [info] Added views:local-supergraph-designs,studio-graphs,studio-operations in workbench.view.extension.apollo-workbench
2024-02-08 16:23:45.321 [info] Added views:codesandbox-sign-in in workbench.view.extension.codesandbox
2024-02-08 16:23:45.322 [info] Added views:activitybar.codestream in workbench.view.extension.codestream-activitybar
2024-02-08 16:23:45.322 [info] Added views:github.cweijan.mysql in workbench.view.extension.github-cweijan-mysql
2024-02-08 16:23:45.322 [info] Added views:github.cweijan.nosql in workbench.view.extension.github-cweijan-nosql
2024-02-08 16:23:45.323 [info] Added views:workspaceEnvironments,pythonEnvironments in workbench.view.extension.package-explorer
2024-02-08 16:23:45.324 [info] Added views:gitlens.views.home,gitlens.views.drafts,gitlens.views.workspaces,gitlens.views.account in workbench.view.extension.vscode-edge-devtools-view
2024-02-08 16:23:45.326 [info] Added views:gitlens.views.commitDetails,gitlens.views.lineHistory,gitlens.views.fileHistory,gitlens.views.searchAndCompare in workbench.view.extension.gitlensInspect
2024-02-08 16:23:45.328 [info] Added views:gitlens.views.repositories,gitlens.views.commits,gitlens.views.branches,gitlens.views.remotes,gitlens.views.stashes,gitlens.views.tags,gitlens.views.contributors in workbench.view.scm
2024-02-08 16:23:45.328 [info] Added views:snippetExplorer,snippetScopeExplorer in workbench.view.extension.snippet-explorer
2024-02-08 16:23:45.329 [info] Added views:KalimahApps.tailwindcss-config-viewer in workbench.view.extension.tailwind-config-viewer
2024-02-08 16:23:45.330 [info] Added views:checkpointsTreeViewExplorer in workbench.view.search
2024-02-08 16:23:45.331 [info] Added views:vscode-edge-devtools-view.targets,vscode-edge-devtools-view.help-links in workbench.view.extension.vscode-edge-devtools-view
2024-02-08 16:23:45.333 [info] Added views:remoteTargets in workbench.view.remote
2024-02-08 16:23:45.334 [info] Added views:liveshare.session in workbench.view.extension.liveshare
2024-02-08 16:23:45.335 [info] Added views:thunder-client-sidebar in workbench.view.extension.thunder-client
2024-02-08 16:23:45.336 [info] Added views:terminal-manager in workbench.view.extension.terminal-manager
2024-02-08 16:23:45.336 [info] Added views:vscode-spotify-playlists,vscode-spotify-tracks in workbench.view.extension.vscode-spotify
2024-02-08 16:23:45.337 [info] Added views:gistpad.gists,gistpad.repos in workbench.view.extension.gistpad
2024-02-08 16:23:45.337 [info] Added views:jsonOutline in workbench.view.extension.json-views
2024-02-08 16:23:46.123 [info] Added views:workbench.panel.repl.view in workbench.panel.repl
2024-02-08 16:23:48.456 [info] Added views:~remote.forwardedPorts in ~remote.forwardedPortsContainer
2024-02-08 16:23:48.642 [info] Added views:workbench.views.extensions.installed,extensions.recommendedList in workbench.view.extensions
2024-02-08 16:23:54.968 [info] Added views:treeLocalHistoryExplorer in workbench.view.search
2024-02-08 16:23:56.273 [info] Added views:workbench.scm.repositories in workbench.view.scm
2024-02-08 16:24:00.568 [info] Added views:projectsExplorerGit in workbench.view.extension.project-manager
2024-02-08 16:24:01.915 [info] Added views:workbench.panel.comments in workbench.panel.comments
2024-02-08 16:24:03.181 [info] Added views:gitlens.views.graph,gitlens.views.graphDetails in workbench.view.extension.gitlensPanel
2024-02-08 16:24:03.184 [info] Added views:gitlens.views.timeline in workbench.view.extension.gitlensInspect
2024-02-08 16:24:03.188 [info] Added views:gitlens.views.worktrees in workbench.view.scm
2024-02-08 16:24:04.724 [info] Added views:tabnine.loading in workbench.view.extension.tabnine
2024-02-08 16:24:06.992 [info] Removed views:tabnine.loading from workbench.view.extension.tabnine
2024-02-08 16:24:06.993 [info] Added views:tabnine.chat in workbench.view.extension.tabnine
2024-02-08 16:24:42.512 [info] Removed views:workbench.scm.repositories from workbench.view.scm
