2024-02-07 21:04:03.989 [info] Reading sessions from keychain...
2024-02-07 21:04:03.989 [info] Getting sessions for all scopes...
2024-02-07 21:04:03.989 [info] Getting sessions for user:email...
2024-02-07 21:04:03.989 [info] Got stored sessions!
2024-02-07 21:04:03.989 [info] Got 2 verified sessions.
2024-02-07 21:04:03.989 [info] Got 2 sessions for ...
2024-02-07 21:04:03.989 [info] Got 1 sessions for user:email...
2024-02-07 21:04:03.989 [info] Getting sessions for all scopes...
2024-02-07 21:04:03.989 [info] Got 2 sessions for ...
2024-02-07 21:04:03.989 [info] Getting sessions for gist,repo...
2024-02-07 21:04:03.989 [info] Got 0 sessions for gist,repo...
2024-02-07 21:04:03.989 [info] Getting sessions for all scopes...
2024-02-07 21:04:03.989 [info] Got 2 sessions for ...
2024-02-07 21:04:03.989 [info] Getting sessions for user:email...
2024-02-07 21:04:03.989 [info] Got 1 sessions for user:email...
2024-02-07 21:04:05.647 [info] Getting sessions for all scopes...
2024-02-07 21:04:05.647 [info] Got 2 sessions for ...
2024-02-07 21:04:07.987 [info] Getting sessions for read:user,repo,user:email,workflow...
2024-02-07 21:04:07.987 [info] Got 1 sessions for read:user,repo,user:email,workflow...
2024-02-07 21:04:12.223 [info] Getting sessions for read:user,repo,user:email,workflow...
2024-02-07 21:04:12.223 [info] Got 1 sessions for read:user,repo,user:email,workflow...
2024-02-07 21:04:12.765 [info] Getting sessions for read:user,repo,user:email,workflow...
2024-02-07 21:04:12.765 [info] Got 1 sessions for read:user,repo,user:email,workflow...
2024-02-07 21:04:14.641 [info] Getting sessions for read:user,repo,user:email,workflow...
2024-02-07 21:04:14.641 [info] Got 1 sessions for read:user,repo,user:email,workflow...
2024-02-07 21:04:18.167 [info] Getting sessions for read:user,repo,user:email,workflow...
2024-02-07 21:04:18.167 [info] Got 1 sessions for read:user,repo,user:email,workflow...
2024-02-07 21:04:19.437 [info] Getting sessions for read:user,repo,user:email,workflow...
2024-02-07 21:04:19.437 [info] Got 1 sessions for read:user,repo,user:email,workflow...
2024-02-07 21:04:20.117 [info] Getting sessions for read:user,repo,user:email,workflow...
2024-02-07 21:04:20.117 [info] Got 1 sessions for read:user,repo,user:email,workflow...
2024-02-07 21:04:21.774 [info] Getting sessions for read:user,repo,user:email,workflow...
2024-02-07 21:04:21.774 [info] Got 1 sessions for read:user,repo,user:email,workflow...
2024-02-07 21:04:22.516 [info] Getting sessions for read:user,repo,user:email,workflow...
2024-02-07 21:04:22.516 [info] Got 1 sessions for read:user,repo,user:email,workflow...
2024-02-07 21:04:34.818 [info] Getting sessions for read:user,repo,user:email...
2024-02-07 21:04:34.818 [info] Got 0 sessions for read:user,repo,user:email...
2024-02-07 22:15:38.583 [info] Getting sessions for read:user,repo,user:email,workflow...
2024-02-07 22:15:38.583 [info] Got 1 sessions for read:user,repo,user:email,workflow...
2024-02-07 22:15:39.251 [info] Getting sessions for read:user,repo,user:email,workflow...
2024-02-07 22:15:39.251 [info] Got 1 sessions for read:user,repo,user:email,workflow...
2024-02-08 03:34:11.280 [info] Getting sessions for gist,repo...
2024-02-08 03:34:11.280 [info] Got 0 sessions for gist,repo...
2024-02-08 03:34:16.186 [info] Logging in for the following scopes: gist repo
2024-02-08 03:34:16.202 [info] Trying without local server... (gist repo)
2024-02-08 03:34:25.251 [error] User Cancelled
2024-02-08 03:34:26.367 [info] Trying with local server... (gist repo)
2024-02-08 03:34:27.771 [info] Exchanging code for token...
2024-02-08 03:34:31.324 [info] Token exchange success!
2024-02-08 03:34:31.326 [info] Getting user info...
2024-02-08 03:34:33.410 [info] Got account info!
2024-02-08 03:34:33.410 [info] Storing 3 sessions...
2024-02-08 03:34:33.413 [info] Reading sessions from keychain...
2024-02-08 03:34:33.413 [info] Stored 3 sessions!
2024-02-08 03:34:33.413 [info] Login success!
2024-02-08 03:34:33.416 [info] Getting sessions for user:email...
2024-02-08 03:34:33.434 [info] Got stored sessions!
2024-02-08 03:34:33.434 [info] Got 3 verified sessions.
2024-02-08 03:34:33.434 [info] Got 1 sessions for user:email...
2024-02-08 03:34:33.448 [info] Getting sessions for read:user,repo,user:email...
2024-02-08 03:34:33.448 [info] Got 0 sessions for read:user,repo,user:email...
2024-02-08 03:34:33.448 [info] Getting sessions for read:user,repo,user:email,workflow...
2024-02-08 03:34:33.448 [info] Got 1 sessions for read:user,repo,user:email,workflow...
2024-02-08 03:34:33.449 [info] Getting sessions for read:user,repo,user:email,workflow...
2024-02-08 03:34:33.449 [info] Got 1 sessions for read:user,repo,user:email,workflow...
2024-02-08 03:34:33.849 [info] Getting sessions for read:user,repo,user:email,workflow...
2024-02-08 03:34:33.849 [info] Got 1 sessions for read:user,repo,user:email,workflow...
2024-02-08 03:34:33.873 [info] Getting sessions for read:user,repo,user:email,workflow...
2024-02-08 03:34:33.873 [info] Got 1 sessions for read:user,repo,user:email,workflow...
2024-02-08 03:34:33.890 [info] Getting sessions for read:user,repo,user:email,workflow...
2024-02-08 03:34:33.890 [info] Got 1 sessions for read:user,repo,user:email,workflow...
2024-02-08 03:34:33.902 [info] Getting sessions for read:user,repo,user:email,workflow...
2024-02-08 03:34:33.902 [info] Got 1 sessions for read:user,repo,user:email,workflow...
2024-02-08 05:54:36.644 [info] Getting sessions for read:user,repo,user:email,workflow...
2024-02-08 05:54:36.645 [info] Got 1 sessions for read:user,repo,user:email,workflow...
2024-02-08 05:54:37.150 [info] Getting sessions for read:user,repo,user:email,workflow...
2024-02-08 05:54:37.150 [info] Got 1 sessions for read:user,repo,user:email,workflow...
