2024-02-05 17:19:54.188 [info] Reading sessions from keychain...
2024-02-05 17:19:54.188 [info] Getting sessions for all scopes...
2024-02-05 17:19:54.188 [info] Got stored sessions!
2024-02-05 17:19:54.188 [info] Got 2 verified sessions.
2024-02-05 17:19:54.188 [info] Got 2 sessions for ...
2024-02-05 17:19:54.188 [info] Getting sessions for all scopes...
2024-02-05 17:19:54.188 [info] Got 2 sessions for ...
2024-02-05 17:19:54.188 [info] Getting sessions for user:email...
2024-02-05 17:19:54.188 [info] Got 1 sessions for user:email...
2024-02-05 17:19:54.188 [info] Getting sessions for all scopes...
2024-02-05 17:19:54.188 [info] Got 2 sessions for ...
2024-02-05 17:19:54.188 [info] Getting sessions for user:email...
2024-02-05 17:19:54.188 [info] Got 1 sessions for user:email...
2024-02-05 17:19:55.454 [info] Getting sessions for read:user,repo,user:email,workflow...
2024-02-05 17:19:55.454 [info] Got 1 sessions for read:user,repo,user:email,workflow...
2024-02-05 17:19:56.121 [info] Getting sessions for read:user,repo,user:email,workflow...
2024-02-05 17:19:56.122 [info] Got 1 sessions for read:user,repo,user:email,workflow...
2024-02-05 17:19:57.259 [info] Getting sessions for read:user,repo,user:email,workflow...
2024-02-05 17:19:57.259 [info] Got 1 sessions for read:user,repo,user:email,workflow...
2024-02-05 17:19:59.418 [info] Getting sessions for read:user,repo,user:email,workflow...
2024-02-05 17:19:59.418 [info] Got 1 sessions for read:user,repo,user:email,workflow...
2024-02-05 17:20:01.906 [info] Getting sessions for all scopes...
2024-02-05 17:20:01.906 [info] Got 2 sessions for ...
2024-02-05 17:20:01.940 [info] Getting sessions for all scopes...
2024-02-05 17:20:01.940 [info] Got 2 sessions for ...
2024-02-05 17:20:02.384 [info] Getting sessions for gist,repo...
2024-02-05 17:20:02.385 [info] Got 0 sessions for gist,repo...
2024-02-05 17:20:03.003 [info] Getting sessions for read:user,repo,user:email,workflow...
2024-02-05 17:20:03.003 [info] Got 1 sessions for read:user,repo,user:email,workflow...
2024-02-05 17:20:03.999 [info] Getting sessions for all scopes...
2024-02-05 17:20:04.000 [info] Got 2 sessions for ...
2024-02-05 17:20:04.145 [info] Getting sessions for read:user,repo,user:email,workflow...
2024-02-05 17:20:04.145 [info] Got 1 sessions for read:user,repo,user:email,workflow...
2024-02-05 17:20:06.002 [info] Getting sessions for read:user,repo,user:email...
2024-02-05 17:20:06.002 [info] Got 0 sessions for read:user,repo,user:email...
2024-02-05 17:20:06.749 [info] Getting sessions for read:user,repo,user:email,workflow...
2024-02-05 17:20:06.749 [info] Got 1 sessions for read:user,repo,user:email,workflow...
2024-02-05 17:20:09.277 [info] Getting sessions for read:user,repo,user:email,workflow...
2024-02-05 17:20:09.277 [info] Got 1 sessions for read:user,repo,user:email,workflow...
2024-02-05 17:20:09.924 [info] Getting sessions for read:user,repo,user:email,workflow...
2024-02-05 17:20:09.924 [info] Got 1 sessions for read:user,repo,user:email,workflow...
2024-02-05 17:20:29.153 [info] Getting sessions for read:user,repo,user:email,workflow...
2024-02-05 17:20:29.153 [info] Got 1 sessions for read:user,repo,user:email,workflow...
2024-02-05 17:20:31.041 [info] Getting sessions for read:user,repo,user:email,workflow...
2024-02-05 17:20:31.041 [info] Got 1 sessions for read:user,repo,user:email,workflow...
