["INFO" - 2:59:00 PM] Configuration currently used:
  {"maxTerminalIcons":15,"showTerminalIndex":true,"showTerminalName":false,"preferLatestTerminals":false,"startupTerminals":[],"refreshTerminalNameInterval":5,"filterMode":"blacklist","filterItems":[]}
["INFO" - 2:59:04 PM] Configuration changes detected. Update configuration.
["INFO" - 2:59:04 PM] Configuration currently used:
  {"maxTerminalIcons":15,"showTerminalIndex":true,"showTerminalName":false,"preferLatestTerminals":false,"startupTerminals":[],"refreshTerminalNameInterval":5,"filterMode":"blacklist","filterItems":[]}
["INFO" - 5:52:17 PM] Configuration changes detected. Update configuration.
["INFO" - 5:52:17 PM] Configuration currently used:
  {"maxTerminalIcons":15,"showTerminalIndex":true,"showTerminalName":false,"preferLatestTerminals":false,"startupTerminals":[],"refreshTerminalNameInterval":5,"filterMode":"blacklist","filterItems":[]}
["INFO" - 5:52:17 PM] Configuration changes detected. Update configuration.
["INFO" - 5:52:17 PM] Configuration currently used:
  {"maxTerminalIcons":15,"showTerminalIndex":true,"showTerminalName":false,"preferLatestTerminals":false,"startupTerminals":[],"refreshTerminalNameInterval":5,"filterMode":"blacklist","filterItems":[]}
["INFO" - 2:14:55 AM] Configuration changes detected. Update configuration.
["INFO" - 2:14:55 AM] Configuration currently used:
  {"maxTerminalIcons":15,"showTerminalIndex":true,"showTerminalName":false,"preferLatestTerminals":false,"startupTerminals":[],"refreshTerminalNameInterval":5,"filterMode":"blacklist","filterItems":[]}
["INFO" - 2:15:01 AM] Configuration changes detected. Update configuration.
["INFO" - 2:15:01 AM] Configuration currently used:
  {"maxTerminalIcons":15,"showTerminalIndex":true,"showTerminalName":false,"preferLatestTerminals":false,"startupTerminals":[],"refreshTerminalNameInterval":5,"filterMode":"blacklist","filterItems":[]}
["INFO" - 2:52:17 AM] Configuration changes detected. Update configuration.
["INFO" - 2:52:17 AM] Configuration currently used:
  {"maxTerminalIcons":15,"showTerminalIndex":true,"showTerminalName":false,"preferLatestTerminals":false,"startupTerminals":[],"refreshTerminalNameInterval":5,"filterMode":"blacklist","filterItems":[]}
["INFO" - 2:52:57 AM] Configuration changes detected. Update configuration.
["INFO" - 2:52:57 AM] Configuration currently used:
  {"maxTerminalIcons":15,"showTerminalIndex":true,"showTerminalName":false,"preferLatestTerminals":false,"startupTerminals":[],"refreshTerminalNameInterval":5,"filterMode":"blacklist","filterItems":[]}
["INFO" - 2:52:58 AM] Configuration changes detected. Update configuration.
["INFO" - 2:52:58 AM] Configuration currently used:
  {"maxTerminalIcons":15,"showTerminalIndex":true,"showTerminalName":false,"preferLatestTerminals":false,"startupTerminals":[],"refreshTerminalNameInterval":5,"filterMode":"blacklist","filterItems":[]}
["INFO" - 3:07:28 AM] Configuration changes detected. Update configuration.
["INFO" - 3:07:28 AM] Configuration currently used:
  {"maxTerminalIcons":15,"showTerminalIndex":true,"showTerminalName":false,"preferLatestTerminals":false,"startupTerminals":[],"refreshTerminalNameInterval":5,"filterMode":"blacklist","filterItems":[]}
