Initializing document watcher...
undefined: {}
undefined: {}
CloudNine/.gitignore: Using EditorConfig core...
undefined: {}
undefined: {}
CloudNine/endPointModules/app.jsx: {}
CloudNine/endPointModules/app.jsx: {}
CloudNine/endPointModules/app.jsx: {}
CloudNine/endPointModules/app.jsx: Using EditorConfig core...
CloudNine/endPointModules/app.jsx: {}
CloudNine/endPointModules/app.jsx: Using EditorConfig core...
CloudNine/endPointModules/app.jsx: {}
CloudNine/endPointModules/app.jsx: Using EditorConfig core...
CloudNine/endPointModules/app.jsx: Using EditorConfig core...
CloudNine/endPointModules/app.jsx: {}
CloudNine/endPointModules/app.jsx: {}
CloudNine/endPointModules/app.jsx: Using EditorConfig core...
CloudNine/endPointModules/app.jsx: {}
CloudNine/endPointModules/app.jsx: Using EditorConfig core...
CloudNine/endPointModules/app.jsx: {}
CloudNine/endPointModules/app.jsx: Using EditorConfig core...
CloudNine/endPointModules/app.jsx: {}
CloudNine/endPointModules/app.jsx: Using EditorConfig core...
CloudNine/endPointModules/app.jsx: {}
CloudNine/endPointModules/app.jsx: Using EditorConfig core...
CloudNine/endPointModules/app.jsx: Using EditorConfig core...
CloudNine/endPointModules/app.jsx: {}
CloudNine/endPointModules/app.jsx: {}
CloudNine/endPointModules/app.jsx: Using EditorConfig core...
CloudNine/endPointModules/app.jsx: Using EditorConfig core...
CloudNine/endPointModules/app.jsx: Using EditorConfig core...
CloudNine/endPointModules/app.jsx: {}
CloudNine/endPointModules/app.jsx: Using EditorConfig core...
CloudNine/endPointModules/app.jsx: {}
CloudNine/endPointModules/app.jsx: Using EditorConfig core...
CloudNine/endPointModules/app.jsx: Using EditorConfig core...
CloudNine/endPointModules/app.jsx: Using EditorConfig core...
CloudNine/endPointModules/app.jsx: {}
CloudNine/endPointModules/app.jsx: Using EditorConfig core...
CloudNine/endPointModules/app.jsx: Using EditorConfig core...
CloudNine/endPointModules/app.jsx: Using EditorConfig core...
CloudNine/endPointModules/app.jsx: Using EditorConfig core...
CloudNine/endPointModules/app.jsx: Using EditorConfig core...
CloudNine/endPointModules/app.jsx: Using EditorConfig core...
CloudNine/endPointModules/app.jsx: Using EditorConfig core...
CloudNine/endPointModules/app.jsx: Using EditorConfig core...
CloudNine/endPointModules/app.jsx: Using EditorConfig core...
CloudNine/endPointModules/app.jsx: Using EditorConfig core...
CloudNine/endPointModules/app.jsx: Using EditorConfig core...
CloudNine/endPointModules/app.jsx: Using EditorConfig core...
CloudNine/endPointModules/app.jsx: Using EditorConfig core...
CloudNine/endPointModules/app.jsx: Using EditorConfig core...
CloudNine/endPointModules/app.jsx: {}
CloudNine/endPointModules/app.jsx: Using EditorConfig core...
CloudNine/endPointModules/app.jsx: Using EditorConfig core...
CloudNine/endPointModules/app.jsx: Using EditorConfig core...
CloudNine/endPointModules/app.jsx: Using EditorConfig core...
CloudNine/endPointModules/app.jsx: Using EditorConfig core...
CloudNine/endPointModules/app.jsx: Using EditorConfig core...
CloudNine/endPointModules/app.jsx: Using EditorConfig core...
CloudNine/endPointModules/app.jsx: Using EditorConfig core...
CloudNine/endPointModules/app.jsx: Using EditorConfig core...
CloudNine/endPointModules/app.jsx: Using EditorConfig core...
CloudNine/endPointModules/app.jsx: Using EditorConfig core...
CloudNine/endPointModules/app.jsx: Using EditorConfig core...
CloudNine/endPointModules/app.jsx: Using EditorConfig core...
CloudNine/endPointModules/app.jsx: Using EditorConfig core...
CloudNine/endPointModules/app.jsx: Using EditorConfig core...
CloudNine/endPointModules/app.jsx: Using EditorConfig core...
CloudNine/endPointModules/app.jsx: Using EditorConfig core...
CloudNine/endPointModules/app.jsx: Using EditorConfig core...
CloudNine/endPointModules/app.jsx: Using EditorConfig core...
CloudNine/endPointModules/app.jsx: Using EditorConfig core...
CloudNine/endPointModules/app.jsx: Using EditorConfig core...
CloudNine/endPointModules/app.jsx: Using EditorConfig core...
CloudNine/endPointModules/app.jsx: Using EditorConfig core...
CloudNine/endPointModules/app.jsx: Using EditorConfig core...
CloudNine/endPointModules/app.jsx: Using EditorConfig core...
CloudNine/endPointModules/app.jsx: Using EditorConfig core...
CloudNine/endPointModules/app.jsx: Using EditorConfig core...
CloudNine/endPointModules/app.jsx: Using EditorConfig core...
CloudNine/endPointModules/app.jsx: Using EditorConfig core...
CloudNine/endPointModules/app.jsx: Using EditorConfig core...
CloudNine/endPointModules/app.jsx: {}
CloudNine/endPointModules/app.jsx: Using EditorConfig core...
CloudNine/endPointModules/app.jsx: Using EditorConfig core...
CloudNine/endPointModules/app.jsx: Using EditorConfig core...
CloudNine/endPointModules/app.jsx: Using EditorConfig core...
CloudNine/endPointModules/app.jsx: Using EditorConfig core...
CloudNine/endPointModules/app.jsx: Using EditorConfig core...
CloudNine/endPointModules/app.jsx: Using EditorConfig core...
CloudNine/endPointModules/app.jsx: {}
CloudNine/endPointModules/app.jsx: Using EditorConfig core...
CloudNine/endPointModules/app.jsx: Using EditorConfig core...
CloudNine/endPointModules/app.jsx: Using EditorConfig core...
CloudNine/endPointModules/app.jsx: Using EditorConfig core...
CloudNine/endPointModules/app.jsx: Using EditorConfig core...
CloudNine/endPointModules/app.jsx: Using EditorConfig core...
CloudNine/endPointModules/app.jsx: Using EditorConfig core...
CloudNine/endPointModules/app.jsx: Using EditorConfig core...
CloudNine/endPointModules/app.jsx: Using EditorConfig core...
CloudNine/endPointModules/app.jsx: {}
CloudNine/endPointModules/app.jsx: Using EditorConfig core...
CloudNine/endPointModules/app.jsx: Using EditorConfig core...
CloudNine/endPointModules/app.jsx: {}
CloudNine/endPointModules/app.jsx: Using EditorConfig core...
CloudNine/endPointModules/app.jsx: Using EditorConfig core...
CloudNine/endPointModules/app.jsx: Using EditorConfig core...
CloudNine/endPointModules/app.jsx: {}
CloudNine/endPointModules/app.jsx: Using EditorConfig core...
CloudNine/endPointModules/app.jsx: Using EditorConfig core...
CloudNine/endPointModules/app.jsx: {}
CloudNine/endPointModules/app.jsx: Using EditorConfig core...
CloudNine/endPointModules/app.jsx: {}
CloudNine/endPointModules/app.jsx: Using EditorConfig core...
CloudNine/endPointModules/app.jsx: Using EditorConfig core...
CloudNine/endPointModules/app.jsx: {}
CloudNine/endPointModules/app.jsx: Using EditorConfig core...
CloudNine/endPointModules/app.jsx: Using EditorConfig core...
CloudNine/endPointModules/app.jsx: Using EditorConfig core...
CloudNine/endPointModules/app.jsx: Using EditorConfig core...
CloudNine/endPointModules/app.jsx: Using EditorConfig core...
CloudNine/endPointModules/app.jsx: Using EditorConfig core...
CloudNine/endPointModules/app.jsx: Using EditorConfig core...
CloudNine/endPointModules/app.jsx: {}
CloudNine/endPointModules/app.jsx: {}
CloudNine/endPointModules/app.jsx: Using EditorConfig core...
CloudNine/endPointModules/app.jsx: Using EditorConfig core...
CloudNine/endPointModules/app.jsx: Using EditorConfig core...
CloudNine/endPointModules/app.jsx: Using EditorConfig core...
CloudNine/endPointModules/app.jsx: Using EditorConfig core...
CloudNine/endPointModules/app.jsx: Using EditorConfig core...
CloudNine/endPointModules/app.jsx: Using EditorConfig core...
CloudNine/endPointModules/app.jsx: Using EditorConfig core...
CloudNine/endPointModules/app.jsx: Using EditorConfig core...
CloudNine/endPointModules/app.jsx: Using EditorConfig core...
CloudNine/endPointModules/app.jsx: Using EditorConfig core...
CloudNine/endPointModules/app.jsx: Using EditorConfig core...
CloudNine/endPointModules/app.jsx: {}
CloudNine/endPointModules/app.jsx: {}
CloudNine/endPointModules/app.jsx: Using EditorConfig core...
CloudNine/endPointModules/app.jsx: Using EditorConfig core...
CloudNine/endPointModules/app.jsx: {}
CloudNine/endPointModules/app.jsx: Using EditorConfig core...
CloudNine/endPointModules/app.jsx: {}
CloudNine/endPointModules/app.jsx: {}
CloudNine/endPointModules/app.jsx: Using EditorConfig core...
CloudNine/endPointModules/app.jsx: Using EditorConfig core...
CloudNine/endPointModules/app.jsx: {}
CloudNine/endPointModules/app.jsx: Using EditorConfig core...
CloudNine/endPointModules/app.jsx: Using EditorConfig core...
CloudNine/endPointModules/app.jsx: {}
CloudNine/endPointModules/app.jsx: Using EditorConfig core...
CloudNine/endPointModules/app.jsx: {}
CloudNine/endPointModules/app.jsx: {}
CloudNine/endPointModules/app.jsx: Using EditorConfig core...
CloudNine/endPointModules/app.jsx: {}
CloudNine/endPointModules/app.jsx: Using EditorConfig core...
CloudNine/endPointModules/app.jsx: Using EditorConfig core...
CloudNine/endPointModules/app.jsx: {}
CloudNine/endPointModules/app.jsx: Using EditorConfig core...
CloudNine/endPointModules/app.jsx: Using EditorConfig core...
CloudNine/endPointModules/app.jsx: Using EditorConfig core...
CloudNine/endPointModules/app.jsx: {}
CloudNine/endPointModules/app.jsx: Using EditorConfig core...
CloudNine/endPointModules/app.jsx: Using EditorConfig core...
CloudNine/endPointModules/app.jsx: Using EditorConfig core...
CloudNine/endPointModules/app.jsx: Using EditorConfig core...
CloudNine/endPointModules/app.jsx: Using EditorConfig core...
CloudNine/endPointModules/app.jsx: Using EditorConfig core...
CloudNine/endPointModules/app.jsx: {}
CloudNine/endPointModules/app.jsx: Using EditorConfig core...
CloudNine/endPointModules/app.jsx: {}
CloudNine/endPointModules/app.jsx: Using EditorConfig core...
CloudNine/endPointModules/app.jsx: Using EditorConfig core...
CloudNine/endPointModules/app.jsx: {}
CloudNine/endPointModules/app.jsx: Using EditorConfig core...
CloudNine/endPointModules/app.jsx: Using EditorConfig core...
CloudNine/endPointModules/app.jsx: Using EditorConfig core...
CloudNine/endPointModules/app.jsx: Using EditorConfig core...
CloudNine/endPointModules/app.jsx: {}
CloudNine/endPointModules/app.jsx: Using EditorConfig core...
CloudNine/endPointModules/app.jsx: {}
CloudNine/endPointModules/app.jsx: {}
CloudNine/endPointModules/app.jsx: Using EditorConfig core...
CloudNine/endPointModules/app.jsx: Using EditorConfig core...
CloudNine/endPointModules/app.jsx: Using EditorConfig core...
CloudNine/endPointModules/app.jsx: Using EditorConfig core...
CloudNine/endPointModules/app.jsx: Using EditorConfig core...
CloudNine/endPointModules/app.jsx: Using EditorConfig core...
CloudNine/endPointModules/app.jsx: Using EditorConfig core...
CloudNine/endPointModules/app.jsx: Using EditorConfig core...
CloudNine/endPointModules/app.jsx: Using EditorConfig core...
CloudNine/endPointModules/app.jsx: Using EditorConfig core...
CloudNine/endPointModules/app.jsx: Using EditorConfig core...
CloudNine/endPointModules/app.jsx: Using EditorConfig core...
CloudNine/endPointModules/app.jsx: Using EditorConfig core...
CloudNine/endPointModules/app.jsx: Using EditorConfig core...
CloudNine/endPointModules/app.jsx: Using EditorConfig core...
CloudNine/endPointModules/app.jsx: Using EditorConfig core...
CloudNine/endPointModules/app.jsx: Using EditorConfig core...
CloudNine/endPointModules/app.jsx: {}
CloudNine/endPointModules/app.jsx: Using EditorConfig core...
CloudNine/endPointModules/app.jsx: Using EditorConfig core...
CloudNine/endPointModules/app.jsx: Using EditorConfig core...
CloudNine/endPointModules/app.jsx: Using EditorConfig core...
CloudNine/endPointModules/app.jsx: {}
CloudNine/endPointModules/app.jsx: {}
CloudNine/endPointModules/app.jsx: {}
CloudNine/endPointModules/app.jsx: {}
CloudNine/endPointModules/app.jsx: {}
CloudNine/endPointModules/app.jsx: {}
CloudNine/endPointModules/app.jsx: {}
CloudNine/endPointModules/app.jsx: {}
CloudNine/endPointModules/app.jsx: {}
CloudNine/endPointModules/app.jsx: Using EditorConfig core...
CloudNine/endPointModules/app.jsx: Using EditorConfig core...
CloudNine/endPointModules/app.jsx: {}
CloudNine/endPointModules/app.jsx: Using EditorConfig core...
CloudNine/endPointModules/app.jsx: Using EditorConfig core...
CloudNine/endPointModules/app.jsx: Using EditorConfig core...
CloudNine/endPointModules/app.jsx: Using EditorConfig core...
CloudNine/endPointModules/app.jsx: Using EditorConfig core...
CloudNine/endPointModules/app.jsx: Using EditorConfig core...
CloudNine/endPointModules/app.jsx: Using EditorConfig core...
CloudNine/endPointModules/app.jsx: Using EditorConfig core...
CloudNine/endPointModules/app.jsx: Using EditorConfig core...
CloudNine/endPointModules/app.jsx: Using EditorConfig core...
CloudNine/endPointModules/app.jsx: Using EditorConfig core...
CloudNine/endPointModules/app.jsx: Using EditorConfig core...
CloudNine/endPointModules/app.jsx: Using EditorConfig core...
CloudNine/endPointModules/app.jsx: Using EditorConfig core...
CloudNine/endPointModules/app.jsx: Using EditorConfig core...
CloudNine/endPointModules/app.jsx: Using EditorConfig core...
CloudNine/endPointModules/app.jsx: Using EditorConfig core...
CloudNine/endPointModules/app.jsx: Using EditorConfig core...
CloudNine/endPointModules/app.jsx: Using EditorConfig core...
CloudNine/endPointModules/app.jsx: Using EditorConfig core...
CloudNine/endPointModules/app.jsx: Using EditorConfig core...
CloudNine/endPointModules/app.jsx: Using EditorConfig core...
CloudNine/endPointModules/app.jsx: Using EditorConfig core...
CloudNine/endPointModules/app.jsx: Using EditorConfig core...
CloudNine/endPointModules/app.jsx: Using EditorConfig core...
CloudNine/endPointModules/app.jsx: Using EditorConfig core...
CloudNine/endPointModules/app.jsx: Using EditorConfig core...
CloudNine/endPointModules/app.jsx: Using EditorConfig core...
CloudNine/endPointModules/app.jsx: Using EditorConfig core...
CloudNine/endPointModules/app.jsx: Using EditorConfig core...
CloudNine/endPointModules/app.jsx: Using EditorConfig core...
CloudNine/endPointModules/app.jsx: Using EditorConfig core...
CloudNine/endPointModules/app.jsx: Using EditorConfig core...
CloudNine/endPointModules/app.jsx: Using EditorConfig core...
CloudNine/endPointModules/app.jsx: Using EditorConfig core...
CloudNine/endPointModules/app.jsx: Using EditorConfig core...
CloudNine/endPointModules/app.jsx: Using EditorConfig core...
CloudNine/endPointModules/app.jsx: Using EditorConfig core...
CloudNine/endPointModules/app.jsx: {}
CloudNine/endPointModules/app.jsx: Using EditorConfig core...
CloudNine/endPointModules/app.jsx: Using EditorConfig core...
CloudNine/endPointModules/app.jsx: {}
CloudNine/endPointModules/app.jsx: Using EditorConfig core...
CloudNine/endPointModules/app.jsx: Using EditorConfig core...
CloudNine/endPointModules/app.jsx: Using EditorConfig core...
CloudNine/endPointModules/app.jsx: Using EditorConfig core...
CloudNine/endPointModules/app.jsx: Using EditorConfig core...
CloudNine/endPointModules/app.jsx: Using EditorConfig core...
CloudNine/endPointModules/app.jsx: Using EditorConfig core...
CloudNine/endPointModules/app.jsx: Using EditorConfig core...
CloudNine/endPointModules/app.jsx: Using EditorConfig core...
CloudNine/endPointModules/app.jsx: Using EditorConfig core...
CloudNine/endPointModules/app.jsx: {}
CloudNine/endPointModules/app.jsx: Using EditorConfig core...
CloudNine/endPointModules/app.jsx: Using EditorConfig core...
CloudNine/endPointModules/app.jsx: {}
CloudNine/endPointModules/app.jsx: Using EditorConfig core...
CloudNine/endPointModules/app.jsx: {}
CloudNine/endPointModules/app.jsx: {}
CloudNine/endPointModules/app.jsx: {}
CloudNine/endPointModules/app.jsx: {}
CloudNine/endPointModules/app.jsx: {}
CloudNine/endPointModules/app.jsx: {}
CloudNine/endPointModules/app.jsx: {}
CloudNine/endPointModules/app.jsx: {}
CloudNine/endPointModules/app.jsx: {}
CloudNine/endPointModules/app.jsx: Using EditorConfig core...
CloudNine/endPointModules/app.jsx: Using EditorConfig core...
CloudNine/endPointModules/app.jsx: {}
CloudNine/endPointModules/app.jsx: {}
CloudNine/endPointModules/app.jsx: {}
CloudNine/endPointModules/app.jsx: Using EditorConfig core...
CloudNine/endPointModules/app.jsx: Using EditorConfig core...
CloudNine/endPointModules/app.jsx: {}
CloudNine/endPointModules/app.jsx: {}
CloudNine/endPointModules/app.jsx: Using EditorConfig core...
CloudNine/endPointModules/app.jsx: Using EditorConfig core...
CloudNine/endPointModules/app.jsx: Using EditorConfig core...
CloudNine/endPointModules/app.jsx: Using EditorConfig core...
CloudNine/endPointModules/app.jsx: Using EditorConfig core...
CloudNine/endPointModules/app.jsx: Using EditorConfig core...
CloudNine/endPointModules/app.jsx: {}
CloudNine/endPointModules/app.jsx: Using EditorConfig core...
CloudNine/endPointModules/app.jsx: Using EditorConfig core...
CloudNine/endPointModules/app.jsx: Using EditorConfig core...
CloudNine/endPointModules/app.jsx: Using EditorConfig core...
CloudNine/endPointModules/app.jsx: {}
CloudNine/endPointModules/app.jsx: Using EditorConfig core...
CloudNine/endPointModules/app.jsx: Using EditorConfig core...
CloudNine/endPointModules/app.jsx: Using EditorConfig core...
CloudNine/node_modules/@babel/parser/lib/index.js: {}
CloudNine/endPointModules/app.jsx: Using EditorConfig core...
CloudNine/endPointModules/app.jsx: Using EditorConfig core...
CloudNine/endPointModules/app.jsx: Using EditorConfig core...
CloudNine/endPointModules/app.jsx: Using EditorConfig core...
CloudNine/endPointModules/app.jsx: Using EditorConfig core...
CloudNine/endPointModules/app.jsx: Using EditorConfig core...
CloudNine/endPointModules/app.jsx: Using EditorConfig core...
CloudNine/endPointModules/app.jsx: Using EditorConfig core...
CloudNine/endPointModules/app.jsx: Using EditorConfig core...
CloudNine/endPointModules/app.jsx: Using EditorConfig core...
CloudNine/endPointModules/app.jsx: {}
CloudNine/endPointModules/app.jsx: {}
CloudNine/endPointModules/app.jsx: Using EditorConfig core...
CloudNine/endPointModules/app.jsx: Using EditorConfig core...
CloudNine/endPointModules/app.jsx: Using EditorConfig core...
CloudNine/endPointModules/app.jsx: Using EditorConfig core...
CloudNine/endPointModules/app.jsx: Using EditorConfig core...
CloudNine/endPointModules/app.jsx: Using EditorConfig core...
CloudNine/endPointModules/app.jsx: Using EditorConfig core...
CloudNine/endPointModules/app.jsx: Using EditorConfig core...
CloudNine/endPointModules/app.jsx: Using EditorConfig core...
CloudNine/endPointModules/app.jsx: {}
CloudNine/endPointModules/app.jsx: {}
CloudNine/endPointModules/app.jsx: {}
CloudNine/endPointModules/app.jsx: Using EditorConfig core...
CloudNine/endPointModules/app.jsx: {}
CloudNine/endPointModules/app.jsx: Using EditorConfig core...
CloudNine/endPointModules/app.jsx: Using EditorConfig core...
CloudNine/endPointModules/app.jsx: Using EditorConfig core...
CloudNine/endPointModules/app.jsx: Using EditorConfig core...
CloudNine/endPointModules/app.jsx: {}
CloudNine/endPointModules/app.jsx: {}
CloudNine/endPointModules/app.jsx: {}
CloudNine/endPointModules/app.jsx: Using EditorConfig core...
CloudNine/endPointModules/app.jsx: Using EditorConfig core...
CloudNine/endPointModules/app.jsx: Using EditorConfig core...
CloudNine/endPointModules/app.jsx: Using EditorConfig core...
CloudNine/endPointModules/app.jsx: Using EditorConfig core...
CloudNine/endPointModules/app.jsx: Using EditorConfig core...
CloudNine/endPointModules/app.jsx: Using EditorConfig core...
CloudNine/endPointModules/app.jsx: Using EditorConfig core...
CloudNine/endPointModules/app.jsx: Using EditorConfig core...
CloudNine/endPointModules/app.jsx: Using EditorConfig core...
CloudNine/endPointModules/app.jsx: Using EditorConfig core...
CloudNine/endPointModules/app.jsx: {}
CloudNine/endPointModules/app.jsx: Using EditorConfig core...
CloudNine/endPointModules/app.jsx: Using EditorConfig core...
CloudNine/endPointModules/app.jsx: Using EditorConfig core...
CloudNine/endPointModules/app.jsx: Using EditorConfig core...
CloudNine/endPointModules/app.jsx: {}
CloudNine/endPointModules/app.jsx: Using EditorConfig core...
CloudNine/endPointModules/app.jsx: Using EditorConfig core...
CloudNine/endPointModules/app.jsx: {}
CloudNine/endPointModules/app.jsx: Using EditorConfig core...
CloudNine/endPointModules/app.jsx: Using EditorConfig core...
CloudNine/endPointModules/app.jsx: Using EditorConfig core...
CloudNine/endPointModules/app.jsx: Using EditorConfig core...
CloudNine/endPointModules/app.jsx: Using EditorConfig core...
CloudNine/endPointModules/app.jsx: {}
CloudNine/endPointModules/app.jsx: Using EditorConfig core...
CloudNine/endPointModules/app.jsx: Using EditorConfig core...
CloudNine/endPointModules/app.jsx: Using EditorConfig core...
CloudNine/endPointModules/app.jsx: Using EditorConfig core...
CloudNine/endPointModules/app.jsx: Using EditorConfig core...
CloudNine/endPointModules/app.jsx: {}
CloudNine/endPointModules/app.jsx: Using EditorConfig core...
CloudNine/endPointModules/app.jsx: Using EditorConfig core...
CloudNine/endPointModules/app.jsx: Using EditorConfig core...
CloudNine/endPointModules/app.jsx: Using EditorConfig core...
CloudNine/endPointModules/app.jsx: Using EditorConfig core...
CloudNine/endPointModules/app.jsx: Using EditorConfig core...
CloudNine/endPointModules/app.jsx: Using EditorConfig core...
CloudNine/endPointModules/app.jsx: {}
CloudNine/endPointModules/app.jsx: Using EditorConfig core...
CloudNine/endPointModules/app.jsx: {}
CloudNine/endPointModules/app.jsx: Using EditorConfig core...
CloudNine/endPointModules/app.jsx: Using EditorConfig core...
CloudNine/endPointModules/app.jsx: Using EditorConfig core...
CloudNine/endPointModules/app.jsx: Using EditorConfig core...
CloudNine/endPointModules/app.jsx: Using EditorConfig core...
CloudNine/endPointModules/app.jsx: Using EditorConfig core...
CloudNine/endPointModules/app.jsx: Using EditorConfig core...
CloudNine/endPointModules/app.jsx: Using EditorConfig core...
CloudNine/endPointModules/app.jsx: Using EditorConfig core...
CloudNine/endPointModules/app.jsx: Using EditorConfig core...
CloudNine/endPointModules/app.jsx: Using EditorConfig core...
CloudNine/endPointModules/app.jsx: Using EditorConfig core...
CloudNine/endPointModules/app.jsx: Using EditorConfig core...
CloudNine/endPointModules/app.jsx: Using EditorConfig core...
CloudNine/endPointModules/app.jsx: Using EditorConfig core...
CloudNine/endPointModules/app.jsx: {}
CloudNine/endPointModules/app.jsx: {}
CloudNine/endPointModules/app.jsx: Using EditorConfig core...
CloudNine/endPointModules/app.jsx: Using EditorConfig core...
CloudNine/endPointModules/app.jsx: {}
CloudNine/endPointModules/app.jsx: Using EditorConfig core...
CloudNine/endPointModules/app.jsx: Using EditorConfig core...
CloudNine/endPointModules/app.jsx: Using EditorConfig core...
CloudNine/endPointModules/app.jsx: {}
CloudNine/endPointModules/app.jsx: Using EditorConfig core...
CloudNine/endPointModules/app.jsx: Using EditorConfig core...
CloudNine/endPointModules/app.jsx: Using EditorConfig core...
CloudNine/endPointModules/app.jsx: Using EditorConfig core...
CloudNine/endPointModules/app.jsx: Using EditorConfig core...
CloudNine/endPointModules/app.jsx: Using EditorConfig core...
CloudNine/endPointModules/app.jsx: Using EditorConfig core...
CloudNine/endPointModules/app.jsx: Using EditorConfig core...
CloudNine/endPointModules/app.jsx: Using EditorConfig core...
CloudNine/endPointModules/app.jsx: {}
CloudNine/endPointModules/app.jsx: {}
CloudNine/endPointModules/app.jsx: {}
CloudNine/endPointModules/app.jsx: Using EditorConfig core...
CloudNine/endPointModules/app.jsx: {}
CloudNine/endPointModules/app.jsx: Using EditorConfig core...
CloudNine/endPointModules/app.jsx: Using EditorConfig core...
CloudNine/endPointModules/app.jsx: Using EditorConfig core...
CloudNine/endPointModules/app.jsx: Using EditorConfig core...
CloudNine/endPointModules/app.jsx: Using EditorConfig core...
CloudNine/endPointModules/app.jsx: Using EditorConfig core...
CloudNine/endPointModules/app.jsx: Using EditorConfig core...
CloudNine/endPointModules/app.jsx: {}
CloudNine/endPointModules/app.jsx: Using EditorConfig core...
CloudNine/endPointModules/app.jsx: {}
CloudNine/endPointModules/app.jsx: Using EditorConfig core...
CloudNine/endPointModules/app.jsx: Using EditorConfig core...
CloudNine/endPointModules/app.jsx: Using EditorConfig core...
CloudNine/endPointModules/app.jsx: Using EditorConfig core...
CloudNine/endPointModules/app.jsx: Using EditorConfig core...
CloudNine/endPointModules/app.jsx: Using EditorConfig core...
CloudNine/endPointModules/app.jsx: Using EditorConfig core...
CloudNine/endPointModules/app.jsx: Using EditorConfig core...
CloudNine/endPointModules/app.jsx: {}
CloudNine/endPointModules/app.jsx: Using EditorConfig core...
CloudNine/endPointModules/app.jsx: Using EditorConfig core...
CloudNine/endPointModules/app.jsx: {}
CloudNine/endPointModules/app.jsx: Using EditorConfig core...
CloudNine/endPointModules/app.jsx: {}
CloudNine/endPointModules/app.jsx: {}
CloudNine/endPointModules/app.jsx: Using EditorConfig core...
CloudNine/endPointModules/app.jsx: Using EditorConfig core...
CloudNine/endPointModules/app.jsx: {}
CloudNine/endPointModules/app.jsx: Using EditorConfig core...
CloudNine/endPointModules/app.jsx: Using EditorConfig core...
CloudNine/endPointModules/app.jsx: Using EditorConfig core...
CloudNine/endPointModules/app.jsx: Using EditorConfig core...
CloudNine/endPointModules/app.jsx: Using EditorConfig core...
CloudNine/endPointModules/app.jsx: Using EditorConfig core...
CloudNine/endPointModules/app.jsx: Using EditorConfig core...
CloudNine/endPointModules/app.jsx: Using EditorConfig core...
CloudNine/endPointModules/app.jsx: Using EditorConfig core...
CloudNine/endPointModules/app.jsx: {}
CloudNine/endPointModules/app.jsx: Using EditorConfig core...
CloudNine/endPointModules/app.jsx: {}
CloudNine/endPointModules/app.jsx: Using EditorConfig core...
CloudNine/endPointModules/app.jsx: Using EditorConfig core...
CloudNine/endPointModules/app.jsx: Using EditorConfig core...
CloudNine/endPointModules/app.jsx: Using EditorConfig core...
CloudNine/endPointModules/app.jsx: Using EditorConfig core...
CloudNine/endPointModules/app.jsx: Using EditorConfig core...
CloudNine/endPointModules/app.jsx: {}
CloudNine/endPointModules/test.jsx: {}
CloudNine/endPointModules/test.jsx: Using EditorConfig core...
CloudNine/endPointModules/test.jsx: {}
CloudNine/endPointModules/test.jsx: Using EditorConfig core...
CloudNine/endPointModules/test.jsx: {}
CloudNine/endPointModules/test.jsx: Using EditorConfig core...
CloudNine/endPointModules/test.jsx: Using EditorConfig core...
CloudNine/endPointModules/test.jsx: {}
CloudNine/endPointModules/test.jsx: Using EditorConfig core...
CloudNine/endPointModules/test.jsx: Using EditorConfig core...
CloudNine/endPointModules/app.jsx: {}
CloudNine/endPointModules/app.jsx: Using EditorConfig core...
CloudNine/endPointModules/test.jsx: {}
CloudNine/endPointModules/app.jsx: {}
CloudNine/endPointModules/app.jsx: Using EditorConfig core...
CloudNine/endPointModules/test.jsx: {}
CloudNine/endPointModules/test.jsx: Using EditorConfig core...
CloudNine/endPointModules/test.jsx: Using EditorConfig core...
CloudNine/endPointModules/test.jsx: Using EditorConfig core...
CloudNine/endPointModules/test.jsx: Using EditorConfig core...
CloudNine/endPointModules/test.jsx: Using EditorConfig core...
CloudNine/endPointModules/test.jsx: Using EditorConfig core...
CloudNine/endPointModules/test.jsx: Using EditorConfig core...
CloudNine/endPointModules/test.jsx: Using EditorConfig core...
CloudNine/endPointModules/test.jsx: Using EditorConfig core...
CloudNine/endPointModules/test.jsx: {}
CloudNine/endPointModules/test.jsx: Using EditorConfig core...
CloudNine/endPointModules/test.jsx: Using EditorConfig core...
CloudNine/endPointModules/test.jsx: Using EditorConfig core...
CloudNine/endPointModules/test.jsx: Using EditorConfig core...
CloudNine/endPointModules/test.jsx: {}
CloudNine/endPointModules/test.jsx: Using EditorConfig core...
CloudNine/endPointModules/test.jsx: {}
CloudNine/endPointModules/test.jsx: Using EditorConfig core...
CloudNine/endPointModules/test.jsx: Using EditorConfig core...
CloudNine/endPointModules/test.jsx: Using EditorConfig core...
CloudNine/endPointModules/test.jsx: Using EditorConfig core...
CloudNine/endPointModules/test.jsx: Using EditorConfig core...
CloudNine/endPointModules/test.jsx: Using EditorConfig core...
CloudNine/endPointModules/test.jsx: Using EditorConfig core...
CloudNine/endPointModules/test.jsx: Using EditorConfig core...
CloudNine/endPointModules/test.jsx: Using EditorConfig core...
CloudNine/endPointModules/test.jsx: Using EditorConfig core...
CloudNine/endPointModules/test.jsx: Using EditorConfig core...
CloudNine/endPointModules/test.jsx: Using EditorConfig core...
CloudNine/endPointModules/test.jsx: {}
CloudNine/endPointModules/test.jsx: Using EditorConfig core...
CloudNine/endPointModules/test.jsx: Using EditorConfig core...
CloudNine/endPointModules/test.jsx: {}
CloudNine/endPointModules/test.jsx: {}
CloudNine/endPointModules/test.jsx: Using EditorConfig core...
CloudNine/endPointModules/test.jsx: Using EditorConfig core...
CloudNine/endPointModules/test.jsx: Using EditorConfig core...
CloudNine/endPointModules/test.jsx: Using EditorConfig core...
CloudNine/endPointModules/test.jsx: Using EditorConfig core...
CloudNine/endPointModules/test.jsx: Using EditorConfig core...
CloudNine/endPointModules/test.jsx: Using EditorConfig core...
CloudNine/endPointModules/test.jsx: Using EditorConfig core...
CloudNine/endPointModules/test.jsx: Using EditorConfig core...
/home/god/Desktop/MultiVerse.code-workspace: Using EditorConfig core...
/home/god/Desktop/MultiVerse.code-workspace: Using EditorConfig core...
CloudNine/endPointModules/test.jsx: Using EditorConfig core...
CloudNine/endPointModules/test.jsx: {}
CloudNine/endPointModules/test.jsx: {}
CloudNine/endPointModules/test.jsx: Using EditorConfig core...
CloudNine/endPointModules/test.jsx: {}
CloudNine/endPointModules/test.jsx: Using EditorConfig core...
CloudNine/endPointModules/test.jsx: {}
CloudNine/endPointModules/test.jsx: {}
CloudNine/endPointModules/test.jsx: {}
CloudNine/endPointModules/app.jsx: {}
CloudNine/endPointModules/test.jsx: {}
CloudNine/endPointModules/app.jsx: {}
CloudNine/endPointModules/App.css: {}
CloudNine/endPointModules/app.jsx: {}
CloudNine/endPointModules/SSRServer.jsx: {}
CloudNine/endPointModules/app.jsx: {}
CloudNine/endPointModules/test.jsx: {}
CloudNine/endPointModules/app.jsx: {}
CloudNine/endPointModules/test.jsx: {}
CloudNine/endPointModules/app.jsx: {}
CloudNine/endPointModules/SSRServer.jsx: {}
CloudNine/endPointModules/App.css: {}
CloudNine/endPointModules/test.jsx: {}
CloudNine/endPointModules/App.css: {}
CloudNine/endPointModules/test.jsx: {}
CloudNine/endPointModules/app.jsx: {}
CloudNine/endPointModules/app.jsx: Using EditorConfig core...
CloudNine/endPointModules/app.jsx: {}
CloudNine/endPointModules/app.jsx: {}
CloudNine/endPointModules/app.jsx: {}
CloudNine/endPointModules/app.jsx: {}
CloudNine/endPointModules/app.jsx: {}
CloudNine/index.html: {}
CloudNine/endPointModules/SSRServer.jsx: {}
CloudNine/endPointModules/SSRRecipient.jsx: {}
CloudNine/endPointModules/app.jsx: {}
CloudNine/endPointModules/app.jsx: Using EditorConfig core...
CloudNine/endPointModules/app.jsx: {}
CloudNine/endPointModules/test.jsx: {}
CloudNine/endPointModules/test.jsx: {}
CloudNine/endPointModules/test.jsx: Using EditorConfig core...
CloudNine/endPointModules/test.jsx: {}
CloudNine/endPointModules/app.jsx: {}
CloudNine/endPointModules/app.jsx: Using EditorConfig core...
CloudNine/index.html: {}
CloudNine/endPointModules/SSRServer.jsx: {}
CloudNine/index.html: {}
CloudNine/endPointModules/SSRServer.jsx: {}
CloudNine/endPointModules/SSRRecipient.jsx: {}
CloudNine/endPointModules/app.jsx: {}
CloudNine/endPointModules/test.jsx: {}
CloudNine/endPointModules/test.jsx: Using EditorConfig core...
CloudNine/endPointModules/test.jsx: Using EditorConfig core...
CloudNine/endPointModules/test.jsx: Using EditorConfig core...
CloudNine/endPointModules/test.jsx: Using EditorConfig core...
CloudNine/endPointModules/test.jsx: Using EditorConfig core...
CloudNine/endPointModules/test.jsx: {}
CloudNine/endPointModules/test.jsx: {}
CloudNine/endPointModules/app.jsx: {}
CloudNine/endPointModules/app.jsx: {}
CloudNine/endPointModules/app.jsx: Using EditorConfig core...
CloudNine/endPointModules/app.jsx: Using EditorConfig core...
CloudNine/endPointModules/app.jsx: Using EditorConfig core...
CloudNine/endPointModules/app.jsx: Using EditorConfig core...
CloudNine/endPointModules/app.jsx: Using EditorConfig core...
CloudNine/endPointModules/app.jsx: Using EditorConfig core...
CloudNine/endPointModules/app.jsx: Using EditorConfig core...
CloudNine/endPointModules/app.jsx: Using EditorConfig core...
CloudNine/endPointModules/app.jsx: Using EditorConfig core...
CloudNine/endPointModules/app.jsx: Using EditorConfig core...
CloudNine/endPointModules/app.jsx: Using EditorConfig core...
CloudNine/endPointModules/app.jsx: Using EditorConfig core...
CloudNine/endPointModules/app.jsx: Using EditorConfig core...
CloudNine/endPointModules/app.jsx: Using EditorConfig core...
CloudNine/endPointModules/app.jsx: Using EditorConfig core...
CloudNine/endPointModules/app.jsx: Using EditorConfig core...
CloudNine/endPointModules/app.jsx: Using EditorConfig core...
CloudNine/endPointModules/app.jsx: Using EditorConfig core...
CloudNine/endPointModules/app.jsx: Using EditorConfig core...
CloudNine/endPointModules/app.jsx: Using EditorConfig core...
CloudNine/endPointModules/app.jsx: Using EditorConfig core...
CloudNine/endPointModules/app.jsx: Using EditorConfig core...
CloudNine/endPointModules/app.jsx: Using EditorConfig core...
CloudNine/endPointModules/app.jsx: Using EditorConfig core...
CloudNine/endPointModules/app.jsx: Using EditorConfig core...
CloudNine/endPointModules/app.jsx: {}
CloudNine/endPointModules/app.jsx: {}
CloudNine/endPointModules/app.jsx: Using EditorConfig core...
CloudNine/endPointModules/app.jsx: Using EditorConfig core...
CloudNine/endPointModules/app.jsx: {}
CloudNine/endPointModules/app.jsx: {}
CloudNine/endPointModules/app.jsx: Using EditorConfig core...
CloudNine/endPointModules/app.jsx: Using EditorConfig core...
CloudNine/endPointModules/app.jsx: {}
CloudNine/endPointModules/app.jsx: Using EditorConfig core...
CloudNine/endPointModules/app.jsx: {}
CloudNine/endPointModules/app.jsx: Using EditorConfig core...
CloudNine/endPointModules/app.jsx: Using EditorConfig core...
CloudNine/endPointModules/app.jsx: Using EditorConfig core...
CloudNine/endPointModules/app.jsx: Using EditorConfig core...
CloudNine/endPointModules/app.jsx: {}
CloudNine/endPointModules/app.jsx: Using EditorConfig core...
CloudNine/endPointModules/app.jsx: Using EditorConfig core...
CloudNine/endPointModules/app.jsx: Using EditorConfig core...
CloudNine/endPointModules/app.jsx: Using EditorConfig core...
CloudNine/endPointModules/app.jsx: {}
CloudNine/endPointModules/app.jsx: {}
CloudNine/endPointModules/app.jsx: {}
CloudNine/endPointModules/app.jsx: {}
CloudNine/endPointModules/app.jsx: Using EditorConfig core...
CloudNine/endPointModules/app.jsx: Using EditorConfig core...
CloudNine/endPointModules/app.jsx: {}
CloudNine/endPointModules/app.jsx: Using EditorConfig core...
CloudNine/endPointModules/app.jsx: {}
CloudNine/endPointModules/app.jsx: Using EditorConfig core...
CloudNine/endPointModules/app.jsx: Using EditorConfig core...
CloudNine/endPointModules/app.jsx: Using EditorConfig core...
CloudNine/endPointModules/app.jsx: Using EditorConfig core...
CloudNine/endPointModules/app.jsx: Using EditorConfig core...
CloudNine/endPointModules/app.jsx: {}
CloudNine/endPointModules/app.jsx: Using EditorConfig core...
CloudNine/endPointModules/app.jsx: Using EditorConfig core...
CloudNine/endPointModules/app.jsx: Using EditorConfig core...
CloudNine/endPointModules/app.jsx: Using EditorConfig core...
CloudNine/endPointModules/app.jsx: Using EditorConfig core...
CloudNine/endPointModules/app.jsx: Using EditorConfig core...
CloudNine/endPointModules/app.jsx: Using EditorConfig core...
CloudNine/endPointModules/app.jsx: Using EditorConfig core...
CloudNine/endPointModules/app.jsx: Using EditorConfig core...
CloudNine/endPointModules/app.jsx: Using EditorConfig core...
CloudNine/endPointModules/app.jsx: Using EditorConfig core...
CloudNine/endPointModules/app.jsx: Using EditorConfig core...
CloudNine/endPointModules/app.jsx: Using EditorConfig core...
CloudNine/endPointModules/app.jsx: Using EditorConfig core...
CloudNine/endPointModules/app.jsx: Using EditorConfig core...
CloudNine/endPointModules/app.jsx: Using EditorConfig core...
CloudNine/endPointModules/app.jsx: {}
CloudNine/endPointModules/app.jsx: Using EditorConfig core...
CloudNine/endPointModules/app.jsx: Using EditorConfig core...
CloudNine/endPointModules/app.jsx: Using EditorConfig core...
CloudNine/endPointModules/app.jsx: {}
CloudNine/endPointModules/app.jsx: Using EditorConfig core...
CloudNine/endPointModules/app.jsx: Using EditorConfig core...
CloudNine/endPointModules/app.jsx: Using EditorConfig core...
CloudNine/endPointModules/app.jsx: Using EditorConfig core...
CloudNine/endPointModules/app.jsx: Using EditorConfig core...
CloudNine/endPointModules/app.jsx: Using EditorConfig core...
CloudNine/endPointModules/app.jsx: Using EditorConfig core...
CloudNine/endPointModules/app.jsx: Using EditorConfig core...
CloudNine/endPointModules/app.jsx: Using EditorConfig core...
CloudNine/endPointModules/app.jsx: Using EditorConfig core...
CloudNine/endPointModules/app.jsx: Using EditorConfig core...
CloudNine/endPointModules/app.jsx: Using EditorConfig core...
CloudNine/endPointModules/app.jsx: Using EditorConfig core...
CloudNine/endPointModules/app.jsx: Using EditorConfig core...
CloudNine/endPointModules/app.jsx: {}
CloudNine/endPointModules/app.jsx: {}
CloudNine/endPointModules/app.jsx: {}
CloudNine/endPointModules/app.jsx: {}
CloudNine/endPointModules/app.jsx: {}
CloudNine/endPointModules/app.jsx: {}
CloudNine/endPointModules/app.jsx: Using EditorConfig core...
CloudNine/endPointModules/app.jsx: Using EditorConfig core...
CloudNine/endPointModules/app.jsx: {}
CloudNine/endPointModules/app.jsx: {}
CloudNine/endPoints/devServer.js: {}
CloudNine/vite.config.js: {}
CloudNine/tsconfig.json: {}
CloudNine/vite.config.js: {}
CloudNine/vite.config.js: Using EditorConfig core...
CloudNine/tsconfig.json: {}
CloudNine/package.json: {}
CloudNine/logo.svg: {}
CloudNine/index.html: {}
CloudNine/index.html: {}
CloudNine/app.jsx: {}
CloudNine/.gitmessage: {}
CloudNine/.gitignore: {}
CloudNine/endPoints/devServer.js: {}
CloudNine/endPointModules/test.jsx: {}
CloudNine/endPointModules/SSRServer.jsx: {}
CloudNine/endPointModules/SSRRecipient.jsx: {}
CloudNine/endPointModules/app.jsx: {}
CloudNine/endPointModules/App.css: {}
CloudNine/endPointModules/app.jsx: {}
CloudNine/endPointModules/App.css: {}
CloudNine/endPointModules/app.jsx: {}
CloudNine/endPointModules/app.jsx: {}
CloudNine/endPointModules/test.jsx: {}
CloudNine/endPointModules/app.jsx: {}
CloudNine/endPointModules/app.jsx: {}
CloudNine/endPointModules/SSRServer.jsx: {}
CloudNine/endPointModules/App.css: {}
CloudNine/endPointModules/app.jsx: {}
CloudNine/endPointModules/SSRRecipient.jsx: {}
CloudNine/endPointModules/App.css: {}
CloudNine/endPointModules/app.jsx: {}
CloudNine/endPointModules/app.jsx: Using EditorConfig core...
CloudNine/endPointModules/app.jsx: {}
CloudNine/endPointModules/app.jsx: Using EditorConfig core...
CloudNine/endPointModules/app.jsx: {}
CloudNine/endPointModules/app.jsx: {}
CloudNine/endPointModules/app.jsx: Using EditorConfig core...
CloudNine/endPointModules/app.jsx: Using EditorConfig core...
CloudNine/endPointModules/app.jsx: {}
CloudNine/endPointModules/app.jsx: Using EditorConfig core...
CloudNine/endPointModules/app.jsx: Using EditorConfig core...
CloudNine/endPointModules/app.jsx: Using EditorConfig core...
CloudNine/endPointModules/app.jsx: {}
CloudNine/endPointModules/app.jsx: Using EditorConfig core...
CloudNine/endPointModules/app.jsx: Using EditorConfig core...
CloudNine/endPointModules/app.jsx: {}
CloudNine/endPointModules/app.jsx: {}
CloudNine/endPointModules/app.jsx: {}
CloudNine/endPointModules/app.jsx: Using EditorConfig core...
CloudNine/endPointModules/app.jsx: Using EditorConfig core...
CloudNine/endPointModules/app.jsx: {}
CloudNine/endPointModules/app.jsx: Using EditorConfig core...
CloudNine/endPointModules/app.jsx: {}
CloudNine/endPointModules/app.jsx: Using EditorConfig core...
CloudNine/endPointModules/app.jsx: Using EditorConfig core...
CloudNine/endPointModules/app.jsx: {}
CloudNine/endPointModules/app.jsx: Using EditorConfig core...
CloudNine/endPointModules/app.jsx: Using EditorConfig core...
CloudNine/endPointModules/app.jsx: {}
CloudNine/endPointModules/app.jsx: {}
CloudNine/endPointModules/app.jsx: Using EditorConfig core...
CloudNine/endPointModules/app.jsx: {}
CloudNine/endPointModules/app.jsx: Using EditorConfig core...
CloudNine/endPointModules/app.jsx: Using EditorConfig core...
CloudNine/endPointModules/app.jsx: {}
CloudNine/endPointModules/app.jsx: Using EditorConfig core...
CloudNine/endPointModules/app.jsx: Using EditorConfig core...
CloudNine/endPointModules/app.jsx: Using EditorConfig core...
CloudNine/endPointModules/app.jsx: Using EditorConfig core...
CloudNine/endPointModules/app.jsx: Using EditorConfig core...
CloudNine/endPointModules/SSRRecipient.jsx: {}
CloudNine/endPointModules/SSRServer.jsx: {}
CloudNine/endPointModules/SSRServer.jsx: Using EditorConfig core...
CloudNine/endPointModules/SSRServer.jsx: {}
CloudNine/endPointModules/SSRServer.jsx: Using EditorConfig core...
CloudNine/index.html: {}
CloudNine/index.html: Using EditorConfig core...
CloudNine/index.html: {}
CloudNine/index.html: Using EditorConfig core...
CloudNine/index.html: Using EditorConfig core...
CloudNine/index.html: Using EditorConfig core...
CloudNine/index.html: Using EditorConfig core...
CloudNine/index.html: Using EditorConfig core...
CloudNine/index.html: Using EditorConfig core...
CloudNine/index.html: Using EditorConfig core...
CloudNine/index.html: {}
CloudNine/index.html: Using EditorConfig core...
CloudNine/endPointModules/SSRServer.jsx: {}
CloudNine/endPointModules/App.css: {}
CloudNine/endPointModules/SSRServer.jsx: {}
CloudNine/endPointModules/SSRRecipient.jsx: {}
CloudNine/endPointModules/app.jsx: {}
CloudNine/endPointModules/app.jsx: Using EditorConfig core...
CloudNine/endPointModules/app.jsx: {}
CloudNine/endPointModules/app.jsx: Using EditorConfig core...
CloudNine/endPointModules/app.jsx: Using EditorConfig core...
CloudNine/endPointModules/app.jsx: {}
CloudNine/endPointModules/app.jsx: Using EditorConfig core...
CloudNine/endPointModules/app.jsx: {}
CloudNine/endPointModules/app.jsx: Using EditorConfig core...
CloudNine/endPointModules/app.jsx: {}
CloudNine/endPointModules/app.jsx: Using EditorConfig core...
CloudNine/endPointModules/app.jsx: {}
CloudNine/endPointModules/app.jsx: {}
CloudNine/endPointModules/app.jsx: Using EditorConfig core...
CloudNine/endPointModules/app.jsx: Using EditorConfig core...
CloudNine/endPointModules/app.jsx: {}
CloudNine/endPointModules/app.jsx: Using EditorConfig core...
CloudNine/endPointModules/app.jsx: Using EditorConfig core...
CloudNine/endPointModules/app.jsx: {}
CloudNine/endPointModules/app.jsx: Using EditorConfig core...
CloudNine/endPointModules/app.jsx: Using EditorConfig core...
CloudNine/endPointModules/app.jsx: Using EditorConfig core...
CloudNine/endPointModules/app.jsx: {}
CloudNine/endPointModules/app.jsx: {}
CloudNine/endPointModules/app.jsx: {}
CloudNine/endPointModules/app.jsx: {}
CloudNine/endPointModules/app.jsx: {}
CloudNine/endPointModules/app.jsx: {}
CloudNine/endPointModules/app.jsx: {}
CloudNine/endPointModules/app.jsx: {}
CloudNine/endPointModules/app.jsx: {}
CloudNine/endPointModules/app.jsx: Using EditorConfig core...
CloudNine/endPointModules/app.jsx: Using EditorConfig core...
CloudNine/endPointModules/app.jsx: {}
CloudNine/endPointModules/app.jsx: Using EditorConfig core...
CloudNine/endPointModules/app.jsx: {}
CloudNine/endPointModules/app.jsx: {}
CloudNine/endPointModules/app.jsx: Using EditorConfig core...
CloudNine/endPointModules/app.jsx: Using EditorConfig core...
CloudNine/endPointModules/app.jsx: Using EditorConfig core...
CloudNine/endPointModules/app.jsx: Using EditorConfig core...
CloudNine/endPointModules/app.jsx: {}
CloudNine/endPointModules/app.jsx: Using EditorConfig core...
CloudNine/endPointModules/app.jsx: Using EditorConfig core...
CloudNine/endPointModules/app.jsx: Using EditorConfig core...
CloudNine/endPointModules/app.jsx: Using EditorConfig core...
CloudNine/endPointModules/app.jsx: Using EditorConfig core...
CloudNine/endPointModules/app.jsx: Using EditorConfig core...
CloudNine/endPointModules/app.jsx: Using EditorConfig core...
CloudNine/endPointModules/app.jsx: Using EditorConfig core...
CloudNine/endPointModules/app.jsx: Using EditorConfig core...
CloudNine/endPointModules/app.jsx: Using EditorConfig core...
CloudNine/endPointModules/app.jsx: Using EditorConfig core...
CloudNine/endPointModules/app.jsx: Using EditorConfig core...
CloudNine/endPointModules/app.jsx: {}
CloudNine/endPointModules/app.jsx: Using EditorConfig core...
CloudNine/endPointModules/app.jsx: Using EditorConfig core...
CloudNine/endPointModules/app.jsx: Using EditorConfig core...
CloudNine/endPointModules/app.jsx: {}
CloudNine/endPointModules/app.jsx: Using EditorConfig core...
CloudNine/endPointModules/app.jsx: Using EditorConfig core...
CloudNine/endPointModules/app.jsx: Using EditorConfig core...
CloudNine/endPointModules/app.jsx: Using EditorConfig core...
CloudNine/endPointModules/app.jsx: Using EditorConfig core...
CloudNine/endPointModules/app.jsx: {}
CloudNine/endPointModules/test.jsx: {}
CloudNine/endPointModules/test.jsx: Using EditorConfig core...
CloudNine/endPointModules/test.jsx: Using EditorConfig core...
CloudNine/endPointModules/test.jsx: Using EditorConfig core...
CloudNine/endPointModules/test.jsx: Using EditorConfig core...
CloudNine/endPointModules/test.jsx: Using EditorConfig core...
CloudNine/node_modules/@babel/parser/lib/index.js: {}
CloudNine/endPointModules/test.jsx: Using EditorConfig core...
CloudNine/endPointModules/test.jsx: Using EditorConfig core...
CloudNine/endPointModules/test.jsx: Using EditorConfig core...
CloudNine/endPointModules/test.jsx: Using EditorConfig core...
CloudNine/endPointModules/test.jsx: Using EditorConfig core...
CloudNine/endPointModules/test.jsx: Using EditorConfig core...
CloudNine/endPointModules/test.jsx: Using EditorConfig core...
CloudNine/endPointModules/test.jsx: Using EditorConfig core...
CloudNine/endPointModules/test.jsx: Using EditorConfig core...
CloudNine/endPointModules/test.jsx: Using EditorConfig core...
CloudNine/endPointModules/test.jsx: Using EditorConfig core...
CloudNine/endPointModules/test.jsx: Using EditorConfig core...
CloudNine/endPointModules/test.jsx: Using EditorConfig core...
CloudNine/endPointModules/test.jsx: {}
CloudNine/endPointModules/test.jsx: {}
CloudNine/endPointModules/test.jsx: {}
CloudNine/endPointModules/test.jsx: {}
CloudNine/endPointModules/test.jsx: {}
CloudNine/endPointModules/App.css: {}
CloudNine/endPointModules/App.css: {}
CloudNine/endPointModules/App.css: {}
CloudNine/endPointModules/App.css: {}
CloudNine/endPointModules/App.css: {}
CloudNine/endPointModules/App.css: {}
CloudNine/endPointModules/test.jsx: {}
CloudNine/endPointModules/test.jsx: {}
CloudNine/endPointModules/app.jsx: {}
CloudNine/endPointModules/app.jsx: {}
CloudNine/endPointModules/app.jsx: {}
CloudNine/endPointModules/app.jsx: {}
CloudNine/endPointModules/app.jsx: {}
CloudNine/endPointModules/app.jsx: {}
CloudNine/endPointModules/app.jsx: {}
CloudNine/endPointModules/app.jsx: {}
CloudNine/endPointModules/app.jsx: {}
CloudNine/endPointModules/app.jsx: {}
CloudNine/endPointModules/app.jsx: {}
CloudNine/endPointModules/app.jsx: {}
CloudNine/endPointModules/app.jsx: {}
CloudNine/package.json: {}
CloudNine/endPointModules/app.jsx: {}
CloudNine/endPointModules/app.jsx: {}
CloudNine/endPointModules/app.jsx: {}
CloudNine/endPointModules/app.jsx: {}
CloudNine/endPointModules/app.jsx: {}
CloudNine/endPointModules/app.jsx: {}
CloudNine/endPointModules/app.jsx: {}
CloudNine/endPointModules/app.jsx: {}
CloudNine/endPointModules/app.jsx: {}
CloudNine/endPointModules/app.jsx: {}
CloudNine/endPointModules/app.jsx: {}
CloudNine/endPointModules/app.jsx: {}
CloudNine/endPointModules/app.jsx: {}
CloudNine/endPointModules/app.jsx: {}
CloudNine/endPointModules/app.jsx: {}
CloudNine/endPointModules/app.jsx: {}
CloudNine/node_modules/@babel/parser/lib/index.js: {}
CloudNine/package.json: {}
CloudNine/package.json: {}
CloudNine/package.json: {}
CloudNine/package.json: {}
CloudNine/package.json: {}
CloudNine/package.json: {}
CloudNine/package.json: {}
CloudNine/package.json: {}
CloudNine/package.json: {}
CloudNine/package.json: {}
CloudNine/package.json: {}
CloudNine/endPointModules/app.jsx: {}
CloudNine/endPointModules/app.jsx: {}
CloudNine/endPointModules/app.jsx: {}
CloudNine/endPointModules/app.jsx: {}
CloudNine/endPointModules/app.jsx: {}
CloudNine/endPointModules/app.jsx: {}
CloudNine/endPointModules/app.jsx: {}
CloudNine/endPointModules/app.jsx: {}
CloudNine/package.json: {}
CloudNine/package.json: {}
CloudNine/package.json: {}
CloudNine/package.json: {}
CloudNine/package.json: {}
CloudNine/package.json: {}
CloudNine/package.json: {}
CloudNine/endPointModules/app.jsx: {}
CloudNine/endPointModules/app.jsx: {}
CloudNine/endPointModules/app.jsx: {}
CloudNine/endPointModules/app.jsx: {}
CloudNine/endPointModules/VitePrint.jsx: {}
CloudNine/endPointModules/VitePrint.jsx: {}
CloudNine/endPointModules/VitePrint.jsx: {}
CloudNine/endPointModules/VitePrint.jsx: {}
CloudNine/endPointModules/VitePrint.jsx: {}
CloudNine/endPointModules/VitePrint.jsx: {}
CloudNine/endPointModules/VitePrint.jsx: {}
CloudNine/endPointModules/VitePrint.jsx: {}
CloudNine/endPointModules/VitePrint.jsx: {}
CloudNine/endPointModules/VitePrint.jsx: {}
CloudNine/endPointModules/VitePrint.jsx: {}
CloudNine/endPointModules/SSRServer.jsx: {}
CloudNine/endPointModules/SSRRecipient.jsx: {}
CloudNine/endPointModules/app.jsx: {}
CloudNine/endPointModules/App.css: {}
CloudNine/endPointModules/app.jsx: {}
CloudNine/endPointModules/SSRRecipient.jsx: {}
CloudNine/endPointModules/app.jsx: {}
CloudNine/endPointModules/SSRRecipient.jsx: {}
CloudNine/endPointModules/SSRServer.jsx: {}
CloudNine/endPointModules/VitePrint.jsx: {}
CloudNine/endPoints/devServer.js: {}
CloudNine/index.html: {}
CloudNine/index.html: {}
CloudNine/index.html: {}
CloudNine/endPointModules/SSRRecipient.jsx: {}
CloudNine/endPointModules/SSRRecipient.jsx: {}
CloudNine/endPointModules/app.jsx: {}
CloudNine/package.json: {}
CloudNine/endPointModules/VitePrint.jsx: {}
CloudNine/endPointModules/App.css: {}
CloudNine/endPointModules/SSRRecipient.jsx: {}
CloudNine/endPointModules/SSRRecipient.jsx: {}
CloudNine/endPointModules/SSRRecipient.jsx: {}
CloudNine/endPointModules/SSRRecipient.jsx: {}
CloudNine/endPointModules/SSRRecipient.jsx: {}
CloudNine/endPointModules/SSRRecipient.jsx: {}
CloudNine/endPointModules/SSRRecipient.jsx: {}
CloudNine/endPointModules/SSRRecipient.jsx: {}
CloudNine/endPointModules/SSRRecipient.jsx: {}
CloudNine/endPointModules/SSRRecipient.jsx: {}
CloudNine/endPointModules/app.jsx: {}
CloudNine/endPointModules/app.jsx: {}
CloudNine/endPointModules/SSRRecipient.jsx: {}
CloudNine/endPointModules/SSRRecipient.jsx: {}
CloudNine/endPointModules/SSRRecipient.jsx: {}
CloudNine/endPointModules/SSRRecipient.jsx: {}
CloudNine/endPointModules/SSRRecipient.jsx: {}
CloudNine/endPointModules/SSRServer.jsx: {}
CloudNine/index.html: {}
CloudNine/index.html: {}
CloudNine/Production/clientSide/index.html: {}
CloudNine/endPointModules/app.jsx: {}
CloudNine/endPointModules/App.css: {}
CloudNine/endPointModules/app.jsx: {}
CloudNine/endPointModules/app.jsx: {}
CloudNine/endPointModules/app.jsx: {}
CloudNine/endPointModules/app.jsx: {}
CloudNine/endPointModules/app.jsx: {}
CloudNine/endPointModules/app.jsx: {}
CloudNine/endPoints/devServer.js: {}
CloudNine/package.json: {}
CloudNine/endPointModules/VitePrint.jsx: {}
CloudNine/endPointModules/SSRRecipient.jsx: {}
CloudNine/endPoints/devServer.js: {}
CloudNine/package.json: {}
CloudNine/endPointModules/app.jsx: {}
CloudNine/endPointModules/VitePrint.jsx: {}
CloudNine/endPoints/devServer.js: {}
CloudNine/index.html: {}
CloudNine/Production/clientSide/index.html: {}
CloudNine/endPointModules/SSRServer.jsx: {}
CloudNine/Production/clientSide/index.html: {}
CloudNine/Production/clientSide/index.html: {}
CloudNine/endPointModules/SSRRecipient.jsx: {}
CloudNine/endPointModules/SSRServer.jsx: {}
CloudNine/endPointModules/App.css: {}
CloudNine/endPointModules/SSRServer.jsx: {}
CloudNine/node_modules/@babel/parser/lib/index.js: {}
CloudNine/endPointModules/SSRRecipient.jsx: {}
CloudNine/endPointModules/SSRRecipient.jsx: {}
CloudNine/app.jsx: {}
CloudNine/app.jsx: {}
CloudNine/app.jsx: {}
CloudNine/app.jsx: {}
CloudNine/app.jsx: {}
CloudNine/app.jsx: {}
CloudNine/app.jsx: {}
CloudNine/app.jsx: {}
CloudNine/app.jsx: {}
CloudNine/app.jsx: {}
CloudNine/app.jsx: {}
CloudNine/app.jsx: {}
CloudNine/app.jsx: {}
CloudNine/app.jsx: {}
CloudNine/app.jsx: {}
CloudNine/vite.config.js: {}
CloudNine/tsconfig.json: {}
CloudNine/package.json: {}
CloudNine/package-lock.json: {}
CloudNine/app.jsx: {}
CloudNine/.gitmessage: {}
CloudNine/Production/mainFrame/SSRServer.js: {}
CloudNine/.gitmessage: {}
CloudNine/package.json: {}
CloudNine/endPointModules/App.css: {}
CloudNine/endPointModules/app.jsx: {}
CloudNine/endPointModules/app.jsx: {}
CloudNine/endPointModules/app.jsx: {}
CloudNine/endPoints/devServer.js: {}
CloudNine/endPoints/devServer.js: {}
CloudNine/tsconfig.json: {}
CloudNine/vite.config.js: {}
CloudNine/vite.config.js: {}
CloudNine/vite.config.js: {}
CloudNine/vite.config.js: {}
CloudNine/endPointModules/app.jsx: {}
CloudNine/endPointModules/VitePrint.jsx: {}
CloudNine/endPointModules/VitePrint.jsx: {}
CloudNine/endPointModules/VitePrint.jsx: {}
CloudNine/endPointModules/VitePrint.jsx: {}
CloudNine/vite.config.js: {}
CloudNine/vite.config.js: {}
CloudNine/endPointModules/app.jsx: {}
CloudNine/endPointModules/app.jsx: {}
CloudNine/vite.config.js: {}
CloudNine/vite.config.js: {}
CloudNine/vite.config.js: {}
CloudNine/endPointModules/app.jsx: {}
CloudNine/endPointModules/app.jsx: {}
CloudNine/endPointModules/app.jsx: {}
CloudNine/endPointModules/app.jsx: {}
CloudNine/endPointModules/app.jsx: {}
CloudNine/vite.config.js: {}
CloudNine/endPointModules/app.jsx: {}
CloudNine/endPointModules/app.jsx: {}
CloudNine/endPointModules/VitePrint.jsx: {}
CloudNine/endPointModules/app.jsx: {}
CloudNine/vite.config.js: {}
CloudNine/vite.config.js: {}
CloudNine/endPointModules/app.jsx: {}
CloudNine/endPointModules/VitePrint.jsx: {}
CloudNine/endPointModules/VitePrint.jsx: {}
CloudNine/endPointModules/VitePrint.jsx: {}
CloudNine/endPointModules/VitePrint.jsx: {}
CloudNine/tsconfig.json: {}
CloudNine/tsconfig.json: {}
CloudNine/endPointModules/VitePrint.jsx: {}
CloudNine/vite.config.js: {}
CloudNine/endPointModules/app.jsx: {}
CloudNine/endPointModules/VitePrint.jsx: {}
CloudNine/endPoints/devServer.js: {}
CloudNine/vite.config.js: {}
CloudNine/vite.config.js: {}
CloudNine/endPointModules/VitePrint.jsx: {}
CloudNine/endPointModules/VitePrint.jsx: {}
CloudNine/endPointModules/VitePrint.jsx: {}
CloudNine/endPointModules/VitePrint.jsx: {}
CloudNine/endPointModules/VitePrint.jsx: {}
CloudNine/vite.config.js: {}
CloudNine/endPointModules/app.jsx: {}
CloudNine/endPointModules/app.jsx: {}
CloudNine/endPointModules/VitePrint.jsx: {}
CloudNine/endPointModules/VitePrint.jsx: {}
CloudNine/endPointModules/SSRServer.jsx: {}
CloudNine/endPointModules/SSRRecipient.jsx: {}
CloudNine/endPoints/devServer.js: {}
CloudNine/index.html: {}
CloudNine/package.json: {}
CloudNine/endPointModules/VitePrint.jsx: {}
CloudNine/endPointModules/VitePrint.jsx: {}
CloudNine/endPointModules/app.jsx: {}
CloudNine/endPointModules/app.jsx: {}
CloudNine/endPointModules/App.css: {}
CloudNine/endPointModules/App.css: {}
CloudNine/Components/App.css: {}
CloudNine/Components/App.css: {}
CloudNine/Components/VitePrint/App.css: {}
CloudNine/Components/VitePrint/App.css: {}
CloudNine/Components/VitePrint/VitePrint.jsx: {}
CloudNine/Components/VitePrint/VitePrint.jsx: {}
CloudNine/node_modules/vite/dist/node/chunks/dep-9A4-l-43.js: {}
CloudNine/Components/VitePrint/VitePrint.jsx: {}
CloudNine/Components/VitePrint/VitePrint.jsx: {}
CloudNine/Components/VitePrint/VitePrint.jsx: {}
CloudNine/Components/VitePrint/App.css: {}
CloudNine/Components/VitePrint/VitePrint.css: {}
CloudNine/Components/VitePrint/VitePrint.jsx: {}
CloudNine/Components/VitePrint/assets/VitePrint.jsx: {}
CloudNine/Components/VitePrint/assets/VitePrint.jsx: {}
CloudNine/endPointModules/app.jsx: {}
CloudNine/endPointModules/app.jsx: {}
CloudNine/endPointModules/app.jsx: {}
CloudNine/Components/VitePrint/VitePrint.jsx: {}
CloudNine/Components/VitePrint/VitePrint.jsx: {}
CloudNine/Components/VitePrint/VitePrint.css: {}
CloudNine/Components/VitePrint/VitePrint.css: {}
CloudNine/Components/VitePrint/VitePrint.jsx: {}
CloudNine/vite.config.js: {}
CloudNine/tsconfig.json: {}
CloudNine/package.json: {}
CloudNine/.gitmessage: {}
CloudNine/app.jsx: {}
CloudNine/endPointModules/app.jsx: {}
CloudNine/endPointModules/app.jsx: {}
CloudNine/endPointModules/app.jsx: {}
CloudNine/endPointModules/app.jsx: {}
CloudNine/endPointModules/SSRServer.jsx: {}
CloudNine/endPointModules/SSRRecipient.jsx: {}
CloudNine/endPointModules/SSRRecipient.jsx: {}
CloudNine/endPointModules/SSRRecipient.jsx: {}
CloudNine/endPointModules/app.jsx: {}
CloudNine/endPointModules/SSRRecipient.jsx: {}
CloudNine/endPointModules/SSRServer.jsx: {}
CloudNine/endPointModules/SSRRecipient.jsx: {}
CloudNine/endPointModules/app.jsx: {}
CloudNine/endPointModules/app.jsx: {}
CloudNine/endPointModules/SSRRecipient.jsx: {}
CloudNine/endPointModules/SSRServer.jsx: {}
CloudNine/endPointModules/app.jsx: {}
CloudNine/endPointModules/SSRServer.jsx: {}
CloudNine/endPointModules/SSRRecipient.jsx: {}
CloudNine/endPointModules/app.jsx: {}
CloudNine/endPointModules/SSRRecipient.jsx: {}
CloudNine/endPointModules/app.jsx: {}
CloudNine/endPointModules/App.jsx: {}
CloudNine/endPointModules/App.jsx: {}
CloudNine/endPointModules/SSRRecipient.jsx: {}
CloudNine/endPointModules/SSRServer.jsx: {}
CloudNine/endPointModules/SSRRecipient.jsx: {}
CloudNine/endPointModules/App.jsx: {}
CloudNine/endPointModules/App.jsx: {}
CloudNine/endPointModules/App.jsx: {}
CloudNine/endPointModules/App.jsx: {}
CloudNine/Components/BaseComponent/App.jsx: {}
CloudNine/Components/BaseComponent/App.jsx: {}
CloudNine/endPointModules/SSRRecipient.jsx: {}
CloudNine/endPointModules/SSRServer.jsx: {}
CloudNine/endPoints/devServer.js: {}
CloudNine/endPoints/devServer.js: {}
CloudNine/endPoints/devServer.js: {}
CloudNine/endPoints/devServer.js: {}
CloudNine/Components/BaseComponent/App.jsx: {}
CloudNine/endPointModules/SSRRecipient.jsx: {}
CloudNine/endPointModules/SSRServer.jsx: {}
CloudNine/endPointModules/SSRRecipient.jsx: {}
CloudNine/endPointModules/SSRRecipient.jsx: {}
CloudNine/endPointModules/SSRRecipient.jsx: {}
CloudNine/endPointModules/SSRRecipient.jsx: {}
CloudNine/endPointModules/SSRServer.jsx: {}
CloudNine/endPointModules/SSRRecipient.jsx: {}
CloudNine/endPoints/devServer.js: {}
CloudNine/endPointModules/SSRRecipient.jsx: {}
CloudNine/app.jsx: {}
CloudNine/endPointModules/SSRRecipient.jsx: {}
CloudNine/app.jsx: {}
CloudNine/endPointModules/SSRServer.jsx: {}
CloudNine/endPointModules/SSRRecipient.jsx: {}
CloudNine/app.jsx: {}
CloudNine/app.jsx: {}
CloudNine/endPointModules/SSRRecipient.jsx: {}
MultiVerse/Apollo.yaml: {}
CloudNine/endPointModules/SSRRecipient.jsx: {}
CloudNine/endPointModules/SSRRecipient.jsx: {}
CloudNine/endPointModules/SSRServer.jsx: {}
CloudNine/vite.config.js: {}
CloudNine/tsconfig.json: {}
CloudNine/vite.config.js: {}
CloudNine/endPointModules/SSRServer.jsx: {}
CloudNine/Components/VitePrint/VitePrint.css: {}
CloudNine/Components/BaseComponent/App.jsx: {}
CloudNine/Components/BaseComponent/App.jsx: {}
CloudNine/tsconfig.json: {}
CloudNine/vite.config.js: {}
CloudNine/package-lock.json: {}
CloudNine/index.html: {}
CloudNine/.gitmessage: {}
CloudNine/package.json: {}
CloudNine/index.html: {}
CloudNine/.gitmessage: {}
CloudNine/.gitignore: {}
CloudNine/index.html: {}
CloudNine/endPoints/devServer.js: {}
CloudNine/Production/clientSide/index.html: {}
CloudNine/endPointModules/SSRServer.jsx: {}
CloudNine/endPointModules/SSRRecipient.jsx: {}
CloudNine/endPoints/devServer.js: {}
CloudNine/endPointModules/SSRServer.jsx: {}
CloudNine/endPointModules/SSRRecipient.jsx: {}
CloudNine/Components/BaseComponent/App.jsx: {}
CloudNine/endPointModules/SSRRecipient.jsx: {}
CloudNine/endPoints/devServer.js: {}
CloudNine/Production/mainFrame/SSRServer.js: {}
CloudNine/endPointModules/SSRRecipient.jsx: {}
CloudNine/endPointModules/SSRServer.jsx: {}
CloudNine/Components/BaseComponent/App.jsx: {}
CloudNine/Components/VitePrint/VitePrint.jsx: {}
CloudNine/Components/VitePrint/VitePrint.css: {}
CloudNine/Components/BaseComponent/App.jsx: {}
CloudNine/Production/clientSide/index.html: {}
CloudNine/index.html: {}
CloudNine/endPointModules/SSRRecipient.jsx: {}
CloudNine/endPointModules/SSRServer.jsx: {}
CloudNine/index.html: {}
CloudNine/index.html: {}
CloudNine/index.html: {}
CloudNine/Components/VitePrint/VitePrint.jsx: {}
CloudNine/Components/BaseComponent/App.jsx: {}
CloudNine/Components/BaseComponent/App.jsx: {}
CloudNine/Components/BaseComponent/App.jsx: {}
CloudNine/Components/BaseComponent/App.jsx: {}
CloudNine/Components/BaseComponent/App.jsx: {}
CloudNine/endPointModules/SSRServer.jsx: {}
CloudNine/endPointModules/SSRRecipient.jsx: {}
CloudNine/endPointModules/SSRServer.jsx: {}
CloudNine/endPointModules/SSRRecipient.jsx: {}
CloudNine/endPointModules/SSRServer.jsx: {}
CloudNine/endPointModules/SSRRecipient.jsx: {}
CloudNine/index.html: {}
CloudNine/Production/clientSide/index.html: {}
CloudNine/index.html: {}
CloudNine/endPointModules/SSRServer.jsx: {}
CloudNine/endPointModules/SSRRecipient.jsx: {}
CloudNine/endPoints/devServer.js: {}
CloudNine/endPointModules/SSRServer.jsx: {}
CloudNine/endPointModules/SSRRecipient.jsx: {}
CloudNine/endPointModules/SSRServer.jsx: {}
CloudNine/endPointModules/SSRRecipient.jsx: {}
CloudNine/Components/VitePrint/VitePrint.jsx: {}
CloudNine/endPointModules/SSRServer.jsx: {}
CloudNine/endPointModules/SSRRecipient.jsx: {}
CloudNine/endPointModules/SSRServer.jsx: {}
CloudNine/endPointModules/SSRRecipient.jsx: {}
CloudNine/Components/VitePrint/VitePrint.jsx: {}
CloudNine/Components/VitePrint/VitePrint.css: {}
CloudNine/Components/VitePrint/VitePrint.jsx: {}
CloudNine/Components/VitePrint/VitePrint.css: {}
CloudNine/Components/VitePrint/VitePrint.jsx: {}
CloudNine/index.html: {}
CloudNine/endPoints/devServer.js: {}
CloudNine/endPointModules/SSRServer.jsx: {}
CloudNine/endPointModules/SSRServer.jsx: {}
CloudNine/endPointModules/SSRRecipient.jsx: {}
CloudNine/endPointModules/CSRServer.jsx: {}
CloudNine/endPoints/devServer.js: {}
CloudNine/index.html: {}
CloudNine/index.html: {}
CloudNine/endPointModules/SSRServer.jsx: {}
CloudNine/endPointModules/CSRServer.jsx: {}
CloudNine/CSRServer copy.jsx: {}
CloudNine/CSRServer copy.jsx: {}
CloudNine/endPointModules/CSRServer.jsx: {}
CloudNine/package-lock.json: {}
CloudNine/endPoints/devServer.js: {}
CloudNine/index.html: {}
CloudNine/CSRServer.jsx: {}
CloudNine/SSRServer.jsx: {}
CloudNine/endPointModules/CSRServer.jsx: {}
CloudNine/vite.config.js: {}
CloudNine/package-lock.json: {}
CloudNine/index.html: {}
CloudNine/CSRServer.jsx: {}
CloudNine/CSRServer.jsx: {}
CloudNine/SSRServer.jsx: {}
CloudNine/index.html: {}
CloudNine/SSRServer.jsx: {}
CloudNine/endPoints/SSRServer.jsx: {}
CloudNine/endPoints/CSRServer.jsx: {}
CloudNine/endPoints/SSRServer.jsx: {}
CloudNine/endPoints/CSRServer.jsx: {}
CloudNine/index.html: {}
CloudNine/index.html: {}
CloudNine/index.html: {}
CloudNine/endPoints/devServer.js: {}
CloudNine/endPoints/devServer.js: {}
CloudNine/endPoints/CSRServer.jsx: {}
CloudNine/endPoints/SSRServer.jsx: {}
CloudNine/endPoints/CSRServer.jsx: {}
CloudNine/index.html: {}
CloudNine/index.html: {}
CloudNine/index.html: {}
CloudNine/index.html: {}
CloudNine/endPoints/devServer.js: {}
CloudNine/endPoints/CSRServer.jsx: {}
CloudNine/endPoints/CSRServer.jsx: {}
CloudNine/DevServer/CSRServer.jsx: {}
CloudNine/index.html: {}
CloudNine/SSRServer/SSRServer.jsx: {}
CloudNine/endPoints/devServer.js: {}
CloudNine/SSRServer/SSRServer.jsx: {}
CloudNine/endPoints/devServer.js: {}
CloudNine/index.html: {}
CloudNine/index.html: {}
CloudNine/endPoints/devServer.js: {}
CloudNine/tsconfig.json: {}
CloudNine/index.html: {}
CloudNine/.gitignore: {}
CloudNine/SSRServer/SSRServer.jsx: {}
CloudNine/SSRServer/SSRServer.jsx: {}
CloudNine/CSRServer/CSRServer.jsx: {}
CloudNine/Components/BaseComponent/App.jsx: {}
CloudNine/Components/VitePrint/VitePrint.css: {}
CloudNine/Components/VitePrint/VitePrint.jsx: {}
CloudNine/endPoints/devServer.js: {}
CloudNine/.gitignore: {}
CloudNine/.gitmessage: {}
CloudNine/index.html: {}
CloudNine/package.json: {}
CloudNine/package.json: {}
CloudNine/package.json: {}
CloudNine/SSRServer/SSRServer.jsx: {}
CloudNine/Production/mainFrame/SSRServer.js: {}
CloudNine/Production/mainFrame/SSRServer.js: {}
CloudNine/SSRServer/SSRServer.jsx: {}
CloudNine/package-lock.json: {}
CloudNine/Components/BaseComponent/App.jsx: {}
CloudNine/Components/BaseComponent/App.jsx: {}
CloudNine/package.json: {}
CloudNine/package.json: {}
CloudNine/endPoints/devServer.js: {}
CloudNine/endPoints/devServer.js: {}
CloudNine/SSRServer/SSRServer.jsx: {}
CloudNine/SSRServer/SSRServer.jsx: {}
CloudNine/package.json: {}
CloudNine/package.json: {}
CloudNine/package.json: {}
CloudNine/Components/BaseComponent/App.jsx: {}
CloudNine/SSRServer/SSRServer.jsx: {}
CloudNine/SSRServer/SSRServer.jsx: {}
CloudNine/package.json: {}
CloudNine/tsconfig.json: {}
CloudNine/index.html: {}
CloudNine/endPoints/devServer.js: {}
CloudNine/endPoints/devServer.js: {}
CloudNine/endPoints/devServer.js: {}
CloudNine/package.json: {}
CloudNine/endPoints/devServer.js: {}
CloudNine/endPoints/devServer.js: {}
CloudNine/devServer.js: {}
CloudNine/devServer.js: {}
CloudNine/package.json: {}
CloudNine/Components/BaseComponent/App.jsx: {}
CloudNine/index.html: {}
CloudNine/SSRServer/SSRServer.jsx: {}
CloudNine/CSRServer/CSRServer.jsx: {}
CloudNine/Components/BaseComponent/App.jsx: {}
CloudNine/BasePlatForm/CSRServer/index.html: {}
CloudNine/BasePlatForm/SSRServer/SSRServer.js: {}
CloudNine/index.html: {}
CloudNine/tsconfig.json: {}
CloudNine/vite.config.js: {}
CloudNine/index.html: {}
CloudNine/devServer.js: {}
CloudNine/SSRServer/SSRServer.jsx: {}
CloudNine/BasePlatForm/CSRServer/index.html: {}
CloudNine/BasePlatForm/SSRServer/SSRServer.js: {}
CloudNine/Components/BaseComponent/App.jsx: {}
CloudNine/vite.config.js: {}
CloudNine/tsconfig.json: {}
CloudNine/Components/BaseComponent/App.jsx: {}
CloudNine/devServer.js: {}
CloudNine/devServer.js: {}
CloudNine/devServer.js: {}
CloudNine/devServer.js: {}
CloudNine/devServer.js: {}
CloudNine/devServer.js: {}
CloudNine/devServer.js: {}
CloudNine/devServer.js: {}
CloudNine/devServer.js: {}
CloudNine/devServer.js: {}
CloudNine/Components/BaseComponent/App.jsx: {}
CloudNine/Components/VitePrint/VitePrint.css: {}
CloudNine/Components/VitePrint/VitePrint.jsx: {}
CloudNine/SSRServer/SSRServer.jsx: {}
CloudNine/CSRServer/CSRServer.jsx: {}
CloudNine/SSRServer/SSRServer.jsx: {}
CloudNine/CSRServer/CSRServer.jsx: {}
CloudNine/SSRServer/SSRServer.jsx: {}
CloudNine/Components/BaseComponent/App.jsx: {}
CloudNine/CSRServer/CSRServer.jsx: {}
CloudNine/Components/BaseComponent/App.jsx: {}
CloudNine/Components/VitePrint/VitePrint.jsx: {}
CloudNine/package-lock.json: {}
CloudNine/package.json: {}
CloudNine/package.json: {}
CloudNine/package-lock.json: {}
CloudNine/package.json: {}
CloudNine/package-lock.json: {}
CloudNine/package-lock.json: {}
CloudNine/package-lock.json: {}
CloudNine/package.json: {}
CloudNine/SSRServer/SSRServer.jsx: {}
CloudNine/CSRServer/CSRServer.jsx: {}
CloudNine/devServer.js: {}
CloudNine/CSRServer/CSRServer.jsx: {}
CloudNine/SSRServer/SSRServer.jsx: {}
CloudNine/package.json: {}
CloudNine/Components/VitePrint/VitePrint.jsx: {}
CloudNine/Components/VitePrint/VitePrint.css: {}
CloudNine/Components/BaseComponent/App.jsx: {}
CloudNine/.gitignore: {}
CloudNine/.gitmessage: {}
CloudNine/devServer.js: {}
CloudNine/devServer.js: {}
CloudNine/devServer.js: {}
CloudNine/devServer.js: {}
CloudNine/SSRServer/SSRServer.jsx: {}
CloudNine/BasePlatForm/SSRServer/SSRServer.js: {}
CloudNine/SSRServer/SSRServer.jsx: {}
CloudNine/devServer.js: {}
CloudNine/SSRServer/SSRServer.jsx: {}
CloudNine/package.json: {}
CloudNine/SSRServer/SSRServer.jsx: {}
CloudNine/Components/BaseComponent/App.jsx: {}
CloudNine/.gitignore: {}
CloudNine/Components/BaseComponent/App.jsx: {}
CloudNine/.gitmessage: {}
CloudNine/Components/BaseComponent/App.jsx: {}
CloudNine/Components/VitePrint/VitePrint.jsx: {}
CloudNine/Components/BaseComponent/App.jsx: {}
CloudNine/Components/BaseComponent/App.jsx: {}
CloudNine/Components/BaseComponent/App.jsx: {}
CloudNine/Components/BaseComponent/App.jsx: {}
CloudNine/Components/BaseComponent/App.jsx: {}
CloudNine/Components/BaseComponent/App.jsx: {}
CloudNine/Components/BaseComponent/App.jsx: {}
CloudNine/Components/BaseComponent/App.jsx: {}
CloudNine/devServer.js: {}
CloudNine/devServer.js: {}
CloudNine/devServer.js: {}
CloudNine/devServer.js: {}
CloudNine/CSRServer/CSRServer.jsx: {}
CloudNine/SSRServer/SSRServer.jsx: {}
CloudNine/Components/BaseComponent/App.jsx: {}
CloudNine/BasePlatForm/CSRServer/index.html: {}
CloudNine/index.html: {}
CloudNine/index.html: {}
CloudNine/index.html: {}
CloudNine/index.html: {}
CloudNine/index.html: {}
CloudNine/index.html: {}
CloudNine/index.html: {}
CloudNine/vite.config.js: {}
CloudNine/Components/BaseComponent/App.jsx: {}
CloudNine/Components/BaseComponent/App.jsx: {}
CloudNine/index.html: {}
CloudNine/index.html: {}
CloudNine/index.html: {}
CloudNine/vite.config.js: {}
CloudNine/Components/BaseComponent/App.jsx: {}
CloudNine/Components/BaseComponent/App.jsx: {}
CloudNine/BasePlatForm/CSRServer/index.html: {}
CloudNine/Components/BaseComponent/App.jsx: {}
CloudNine/index.html: {}
CloudNine/Components/VitePrint/assets/logo.svg: {}
CloudNine/Components/VitePrint/assets/logo.svg: {}
CloudNine/index.html: {}
CloudNine/index.html: {}
CloudNine/index.html: {}
CloudNine/index.html: {}
CloudNine/index.html: {}
CloudNine/index.html: {}
CloudNine/BasePlatForm/CSRServer/index.html: {}
CloudNine/index.html: {}
CloudNine/index.html: {}
CloudNine/vite.config.js: {}
CloudNine/vite.config.js: {}
CloudNine/BasePlatForm/CSRServer/index.html: {}
CloudNine/vite.config.js: {}
CloudNine/Components/BaseComponent/App.jsx: {}
CloudNine/Components/BaseComponent/App.jsx: {}
CloudNine/Components/BaseComponent/App.jsx: {}
No more open editors.
CloudNine/Components/BaseComponent/App.jsx: {}
CloudNine/Components/BaseComponent/App.jsx: {}
CloudNine/Components/BaseComponent/App.jsx: {}
CloudNine/Components/BaseComponent/App.jsx: {}
CloudNine/Components/BaseComponent/App.jsx: {}
CloudNine/devServer.js: {}
CloudNine/devServer.js: {}
CloudNine/devServer.js: {}
CloudNine/devServer.js: {}
CloudNine/devServer.js: {}
CloudNine/devServer.js: {}
CloudNine/devServer.js: {}
CloudNine/vite.config.js: {}
CloudNine/vite.config.js: {}
CloudNine/vite.config.js: {}
CloudNine/vite.config.js: {}
CloudNine/Components/BaseComponent/App.jsx: {}
CloudNine/Components/BaseComponent/App.jsx: {}
CloudNine/Components/VitePrint/VitePrint.jsx: {}
CloudNine/Components/VitePrint/VitePrint.jsx: {}
CloudNine/vite.config.js: {}
CloudNine/vite.config.js: {}
CloudNine/devServer.js: {}
CloudNine/package.json: {}
CloudNine/package.json: {}
CloudNine/package.json: {}
CloudNine/Components/VitePrint/VitePrint.jsx: {}
CloudNine/Components/VitePrint/VitePrint.jsx: {}
CloudNine/Components/VitePrint/VitePrint.jsx: {}
CloudNine/Components/BaseComponent/App.jsx: {}
CloudNine/Components/BaseComponent/App.jsx: {}
CloudNine/package.json: {}
CloudNine/vite.config.js: {}
CloudNine/vite.config.js: {}
CloudNine/vite.config.js: {}
CloudNine/vite.config.js: {}
CloudNine/Components/BaseComponent/App.jsx: {}
CloudNine/Components/BaseComponent/App.jsx: {}
CloudNine/Components/VitePrint/VitePrint.jsx: {}
CloudNine/Components/VitePrint/VitePrint.jsx: {}
CloudNine/vite.config.js: {}
MultiVerse/vite.config.js: {}
CloudNine/Components/VitePrint/VitePrint.jsx: {}
CloudNine/devServer.js: {}
CloudNine/package.json: {}
CloudNine/vite.config.js: {}
CloudNine/Components/VitePrint/VitePrint.jsx: {}
CloudNine/Components/VitePrint/VitePrint.jsx: {}
CloudNine/devServer.js: {}
CloudNine/vite.config.js: {}
CloudNine/Components/VitePrint/VitePrint.jsx: {}
CloudNine/Components/VitePrint/VitePrint.jsx: {}
CloudNine/Components/VitePrint/VitePrint.jsx: {}
CloudNine/Components/VitePrint/VitePrint.jsx: {}
CloudNine/Components/VitePrint/VitePrint.jsx: {}
CloudNine/vite.config.js: {}
CloudNine/Components/VitePrint/VitePrint.jsx: {}
CloudNine/Components/VitePrint/VitePrint.jsx: {}
CloudNine/Components/VitePrint/VitePrint.jsx: {}
CloudNine/tsconfig.json: {}
CloudNine/vite.config.js: {}
CloudNine/package.json: {}
CloudNine/vite.config.js: {}
CloudNine/devServer.js: {}
CloudNine/package.json: {}
CloudNine/package.json: {}
CloudNine/Components/VitePrint/VitePrint.jsx: {}
CloudNine/Components/VitePrint/VitePrint.jsx: {}
CloudNine/package.json: {}
CloudNine/package.json: {}
CloudNine/package.json: {}
CloudNine/Components/VitePrint/VitePrint.jsx: {}
CloudNine/Components/VitePrint/VitePrint.jsx: {}
CloudNine/Components/VitePrint/VitePrint.jsx: {}
CloudNine/package.json: {}
CloudNine/Components/VitePrint/VitePrint.jsx: {}
CloudNine/Components/VitePrint/VitePrint.jsx: {}
CloudNine/Components/VitePrint/VitePrint.jsx: {}
CloudNine/package.json: {}
CloudNine/vite.config.js: {}
CloudNine/Components/BaseComponent/App.jsx: {}
CloudNine/Components/BaseComponent/App.jsx: {}
CloudNine/Components/VitePrint/VitePrint.jsx: {}
CloudNine/Components/VitePrint/VitePrint.jsx: {}
CloudNine/devServer.js: {}
CloudNine/Components/BaseComponent/App.jsx: {}
CloudNine/Components/VitePrint/VitePrint.jsx: {}
CloudNine/package.json: {}
CloudNine/vite.config.js: {}
CloudNine/Components/BaseComponent/App.jsx: {}
CloudNine/Components/VitePrint/VitePrint.jsx: {}
CloudNine/Components/VitePrint/VitePrint.jsx: {}
CloudNine/package.json: {}
CloudNine/vite.config.js: {}
CloudNine/package.json: {}
CloudNine/Components/BaseComponent/App.jsx: {}
CloudNine/Components/BaseComponent/App.jsx: {}
CloudNine/Components/VitePrint/VitePrint.jsx: {}
CloudNine/devServer.js: {}
CloudNine/vite.config.js: {}
CloudNine/package.json: {}
CloudNine/vite.config.js: {}
CloudNine/Components/VitePrint/VitePrint.jsx: {}
CloudNine/Components/VitePrint/VitePrint.jsx: {}
CloudNine/vite.config.js: {}
CloudNine/vite.config.js: {}
CloudNine/Components/VitePrint/VitePrint.jsx: {}
CloudNine/Components/VitePrint/VitePrint.jsx: {}
CloudNine/Components/VitePrint/VitePrint.jsx: {}
CloudNine/Components/VitePrint/VitePrint.jsx: {}
CloudNine/vite.config.js: {}
CloudNine/Components/VitePrint/VitePrint.jsx: {}
CloudNine/Components/VitePrint/VitePrint.jsx: {}
CloudNine/vite.config.js: {}
CloudNine/Components/VitePrint/VitePrint.jsx: {}
CloudNine/Components/VitePrint/VitePrint.jsx: {}
CloudNine/vite.config.js: {}
CloudNine/vite.config.js: {}
CloudNine/vite.config.js: {}
CloudNine/Components/VitePrint/VitePrint.jsx: {}
CloudNine/Components/VitePrint/VitePrint.jsx: {}
CloudNine/Components/VitePrint/VitePrint.jsx: {}
CloudNine/vite.config.js: {}
CloudNine/Components/VitePrint/VitePrint.jsx: {}
CloudNine/Components/VitePrint/VitePrint.jsx: {}
CloudNine/Components/VitePrint/VitePrint.jsx: {}
CloudNine/vite.config.js: {}
CloudNine/vite.config.js: {}
CloudNine/Components/BaseComponent/App.jsx: {}
CloudNine/Components/BaseComponent/App.jsx: {}
CloudNine/Components/VitePrint/VitePrint.jsx: {}
CloudNine/Components/VitePrint/VitePrint.jsx: {}
CloudNine/vite.config.js: {}
CloudNine/Components/VitePrint/VitePrint.jsx: {}
CloudNine/Components/VitePrint/VitePrint.jsx: {}
CloudNine/vite.config.js: {}
CloudNine/vite.config.js: {}
CloudNine/Components/BaseComponent/App.jsx: {}
CloudNine/Components/VitePrint/VitePrint.jsx: {}
CloudNine/vite.config.js: {}
CloudNine/vite.config.js: {}
CloudNine/vite.config.js: {}
CloudNine/vite.config.js: {}
CloudNine/Components/VitePrint/VitePrint.jsx: {}
CloudNine/Components/VitePrint/VitePrint.jsx: {}
CloudNine/Components/VitePrint/VitePrint.jsx: {}
CloudNine/vite.config.js: {}
CloudNine/vite.config.js: {}
CloudNine/Components/BaseComponent/App.jsx: {}
CloudNine/Components/BaseComponent/App.jsx: {}
CloudNine/Components/VitePrint/VitePrint.jsx: {}
CloudNine/vite.config.js: {}
CloudNine/vite.config.js: {}
CloudNine/vite.config.js: {}
CloudNine/Components/VitePrint/VitePrint.jsx: {}
CloudNine/Components/VitePrint/VitePrint.jsx: {}
CloudNine/vite.config.js: {}
CloudNine/vite.config.js: {}
CloudNine/vite.config.js: {}
CloudNine/vite.config.js: {}
CloudNine/vite.config.js: {}
CloudNine/vite.config.js: {}
CloudNine/vite.config.js: {}
CloudNine/vite.config.js: {}
CloudNine/vite.config.js: {}
CloudNine/vite.config.js: {}
CloudNine/vite.config.js: {}
CloudNine/Components/VitePrint/VitePrint.jsx: {}
CloudNine/Components/VitePrint/VitePrint.jsx: {}
CloudNine/Components/VitePrint/VitePrint.jsx: {}
CloudNine/vite.config.js: {}
CloudNine/Components/BaseComponent/App.jsx: {}
CloudNine/Components/BaseComponent/App.jsx: {}
CloudNine/index.html: {}
CloudNine/index.html: {}
CloudNine/Components/BaseComponent/App.jsx: {}
CloudNine/Components/BaseComponent/App.jsx: {}
CloudNine/Components/VitePrint/VitePrint.jsx: {}
CloudNine/CloudNine.svg: {}
CloudNine/Components/VitePrint/assets/CloudNine.svg: {}
CloudNine/CloudNine.svg: {}
CloudNine/Components/VitePrint/VitePrint.jsx: {}
CloudNine/Components/VitePrint/VitePrint.jsx: {}
CloudNine/Components/VitePrint/VitePrint.jsx: {}
CloudNine/Components/VitePrint/VitePrint.jsx: {}
CloudNine/Components/BaseComponent/App.jsx: {}
CloudNine/Components/BaseComponent/App.jsx: {}
CloudNine/index.html: {}
CloudNine/index.html: {}
CloudNine/index.html: {}
CloudNine/index.html: {}
CloudNine/index.html: {}
CloudNine/index.html: {}
CloudNine/index.html: {}
CloudNine/vite.config.js: {}
CloudNine/vite.config.js: {}
CloudNine/Components/BaseComponent/App.jsx: {}
CloudNine/index.html: {}
CloudNine/Components/VitePrint/VitePrint.jsx: {}
CloudNine/vite.config.js: {}
CloudNine/vite.config.js: {}
CloudNine/vite.config.js: {}
CloudNine/vite.config.js: {}
CloudNine/Components/BaseComponent/App.jsx: {}
CloudNine/index.html: {}
CloudNine/Components/VitePrint/VitePrint.jsx: {}
CloudNine/tsconfig.json: {}
CloudNine/devServer.js: {}
CloudNine/package.json: {}
CloudNine/vite.config.js: {}
CloudNine/package.json: {}
CloudNine/devServer.js: {}
CloudNine/tsconfig.json: {}
CloudNine/Components/VitePrint/VitePrint.jsx: {}
CloudNine/Components/VitePrint/VitePrint.jsx: {}
CloudNine/Components/VitePrint/VitePrint.jsx: {}
CloudNine/Launcher.js: {}
CloudNine/Launcher.js: {}
CloudNine/Launcher.js: {}
CloudNine/Launcher.js: {}
CloudNine/Launcher.js: {}
CloudNine/vite.config.js: {}
CloudNine/Launcher.js: {}
CloudNine/Components/VitePrint/VitePrint.jsx: {}
CloudNine/Components/VitePrint/VitePrint.jsx: {}
CloudNine/Launcher.js: {}
CloudNine/Launcher.js: {}
CloudNine/Components/VitePrint/VitePrint.jsx: {}
CloudNine/Components/VitePrint/VitePrint.jsx: {}
CloudNine/Components/VitePrint/VitePrint.jsx: {}
CloudNine/Launcher.js: {}
CloudNine/Launcher.js: {}
CloudNine/Components/VitePrint/VitePrint.jsx: {}
CloudNine/Components/VitePrint/VitePrint.jsx: {}
CloudNine/Launcher.js: {}
CloudNine/Launcher.js: {}
CloudNine/Components/VitePrint/VitePrint.jsx: {}
CloudNine/Components/VitePrint/VitePrint.jsx: {}
CloudNine/Components/VitePrint/VitePrint.jsx: {}
CloudNine/Components/VitePrint/VitePrint.jsx: {}
CloudNine/Components/VitePrint/VitePrint.jsx: {}
CloudNine/package.json: {}
CloudNine/Components/VitePrint/VitePrint.jsx: {}
CloudNine/Components/VitePrint/VitePrint.jsx: {}
CloudNine/Components/VitePrint/VitePrint.jsx: {}
CloudNine/Components/VitePrint/VitePrint.jsx: {}
CloudNine/Components/VitePrint/VitePrint.jsx: {}
CloudNine/Components/VitePrint/VitePrint.jsx: {}
CloudNine/Components/VitePrint/VitePrint.jsx: {}
CloudNine/Components/VitePrint/VitePrint.jsx: {}
CloudNine/Components/BaseComponent/App.jsx: {}
CloudNine/Components/BaseComponent/App.jsx: {}
CloudNine/devServer.js: {}
CloudNine/index.html: {}
CloudNine/devServer.js: {}
CloudNine/package.json: {}
CloudNine/devServer.js: {}
CloudNine/package.json: {}
CloudNine/package.json: {}
CloudNine/devServer.js: {}
CloudNine/vite.config.js: {}
CloudNine/Components/BaseComponent/App.jsx: {}
CloudNine/vite.config.js: {}
CloudNine/Components/VitePrint/VitePrint.jsx: {}
CloudNine/Components/VitePrint/VitePrint.jsx: {}
CloudNine/Components/VitePrint/VitePrint.jsx: {}
CloudNine/Components/VitePrint/VitePrint.jsx: {}
CloudNine/Components/VitePrint/VitePrint.jsx: {}
CloudNine/vite.config.js: {}
CloudNine/devServer.js: {}
CloudNine/devServer.js: {}
CloudNine/Components/VitePrint/VitePrint.jsx: {}
CloudNine/Components/VitePrint/SSRhmr.js: {}
CloudNine/Components/VitePrint/VitePrint.jsx: {}
CloudNine/vite.config.js: {}
CloudNine/devServer.js: {}
CloudNine/Components/VitePrint/SSRhmr.js: {}
CloudNine/Components/VitePrint/SSRhmr.js: {}
CloudNine/Components/VitePrint/SSRhmr.js: {}
CloudNine/Components/VitePrint/SSRhmr.js: {}
CloudNine/vite.config.js: {}
CloudNine/vite.config.js: {}
CloudNine/vite.config.js: {}
CloudNine/vite.config.js: {}
CloudNine/vite.config.js: {}
CloudNine/vite.config.js: {}
CloudNine/devServer.js: {}
CloudNine/devServer.js: {}
CloudNine/devServer.js: {}
CloudNine/devServer.js: {}
CloudNine/devServer.js: {}
CloudNine/devServer.js: {}
CloudNine/Components/VitePrint/SSRhmr.js: {}
CloudNine/Components/VitePrint/SSRhmr.js: {}
CloudNine/Components/VitePrint/SSRhmr.js: {}
CloudNine/vite.config.js: {}
CloudNine/vite.config.js: {}
CloudNine/vite.config.js: {}
CloudNine/Components/VitePrint/SSRhmr.js: {}
CloudNine/vite.config.js: {}
CloudNine/vite.config.js: {}
CloudNine/vite.config.js: {}
CloudNine/vite.config.js: {}
CloudNine/tsconfig.json: {}
CloudNine/tsconfig.js: {}
CloudNine/tsconfig.json: {}
CloudNine/vite.config.js: {}
CloudNine/vite.config.cjs: {}
CloudNine/vite.config.cjs: {}
CloudNine/vite.config.cjs: {}
CloudNine/vite.config.cjs: {}
CloudNine/vite.config.js: {}
CloudNine/vite.config.js: {}
CloudNine/vite.config.js: {}
CloudNine/vite.config.js: {}
CloudNine/vite.config.js: {}
CloudNine/vite.config.js: {}
CloudNine/vite.config.js: {}
CloudNine/vite.config.js: {}
CloudNine/vite.config.js: {}
CloudNine/vite.config.js: {}
CloudNine/vite.config.js: {}
CloudNine/Components/VitePrint/SSRhmr.js: {}
CloudNine/Components/VitePrint/SSRhmr.js: {}
CloudNine/vite.config.js: {}
CloudNine/vite.config.ts: {}
CloudNine/vite.config.js: {}
CloudNine/devServer.js: {}
CloudNine/package.json: {}
CloudNine/package.json: {}
CloudNine/package.json: {}
CloudNine/package.json: {}
CloudNine/package.json: {}
CloudNine/devServer.js: {}
CloudNine/devServer.js: {}
CloudNine/vite.config.js: {}
CloudNine/vite.config.js: {}
CloudNine/devServer.js: {}
CloudNine/devServer.js: {}
CloudNine/devServer.js: {}
CloudNine/Components/VitePrint/SSRhmr.js: {}
CloudNine/Components/VitePrint/SSRhmr.js: {}
CloudNine/vite.config.js: {}
CloudNine/vite.config.js: {}
CloudNine/vite.config.js: {}
CloudNine/vite.config.js: {}
CloudNine/vite.config.js: {}
CloudNine/vite.config.js: {}
CloudNine/devServer.js: {}
CloudNine/vite.config.js: {}
CloudNine/devServer.js: {}
CloudNine/package.json: {}
CloudNine/package-lock.json: {}
CloudNine/package.json: {}
CloudNine/package-lock.json: {}
CloudNine/package.json: {}
CloudNine/vite.config.js: {}
CloudNine/vite.config.js: {}
CloudNine/vite.config.js: {}
CloudNine/vite.config.js: {}
CloudNine/vite.config.js: {}
CloudNine/node_modules/rollup/dist/es/shared/node-entry.js: {}
CloudNine/vite.config.js: {}
CloudNine/package.json: {}
CloudNine/Components/VitePrint/SSRhmr.js: {}
CloudNine/tsconfig.json: {}
CloudNine/node_modules/rollup/dist/es/shared/node-entry.js: {}
CloudNine/vite.config.js: {}
CloudNine/vite.config.js: {}
CloudNine/devServer.js: {}
CloudNine/package.json: {}
CloudNine/vite.config.js: {}
CloudNine/vite.config.js: {}
CloudNine/Components/BaseComponent/App.jsx: {}
CloudNine/CSRServer/CSRServer.jsx: {}
CloudNine/SSRServer/SSRServer.jsx: {}
CloudNine/index.html: {}
CloudNine/tsconfig.json: {}
CloudNine/vite.config.js: {}
CloudNine/tsconfig.json: {}
CloudNine/vite.config.js: {}
CloudNine/Components/VitePrint/VitePrint.jsx: {}
CloudNine/vite.config.js: {}
CloudNine/Components/VitePrint/SSRhmr.js: {}
CloudNine/vite.config.js: {}
CloudNine/node_modules/rollup/dist/es/shared/node-entry.js: {}
CloudNine/CSRServer/CSRServer.jsx: {}
CloudNine/CSRServer/CSRServer.jsx: {}
CloudNine/CSRServer/CSRServer.jsx: {}
CloudNine/CSRServer/CSRServer.jsx: {}
CloudNine/CSRServer/CSRServer.jsx: {}
CloudNine/CSRServer/CSRServer.jsx: {}
CloudNine/vite.config.js: {}
CloudNine/vite.config.js: {}
CloudNine/vite.config.js: {}
CloudNine/vite.config.js: {}
CloudNine/vite.config.js: {}
CloudNine/Components/VitePrint/SSRhmr.js: {}
CloudNine/vite.config.js: {}
CloudNine/vite.config.js: {}
CloudNine/devServer.js: {}
CloudNine/Components/VitePrint/VitePrint.jsx: {}
CloudNine/Components/VitePrint/VitePrint.jsx: {}
CloudNine/Components/VitePrint/SSRhmr.js: {}
CloudNine/Components/VitePrint/VitePrint.jsx: {}
CloudNine/Components/VitePrint/SSRhmr.js: {}
CloudNine/Components/VitePrint/SSRhmr.js: {}
CloudNine/Components/VitePrint/VitePrint.jsx: {}
CloudNine/Components/VitePrint/VitePrint.jsx: {}
CloudNine/Components/VitePrint/VitePrint.jsx: {}
CloudNine/Components/VitePrint/SSRhmr.js: {}
CloudNine/Components/VitePrint/SSRhmr.js: {}
CloudNine/Components/VitePrint/SSRhmr.js: {}
CloudNine/devServer.js: {}
CloudNine/Components/VitePrint/VitePrint.jsx: {}
CloudNine/Components/VitePrint/VitePrint.jsx: {}
CloudNine/Components/VitePrint/VitePrint.jsx: {}
CloudNine/Components/VitePrint/VitePrint.jsx: {}
CloudNine/vite.config.js: {}
CloudNine/Components/VitePrint/VitePrint.jsx: {}
CloudNine/Components/VitePrint/SSRhmr.js: {}
CloudNine/Components/VitePrint/VitePrint.jsx: {}
CloudNine/vite.config.js: {}
CloudNine/Components/VitePrint/VitePrint.jsx: {}
CloudNine/Components/VitePrint/VitePrint.jsx: {}
CloudNine/devServer.js: {}
CloudNine/Components/VitePrint/VitePrint.jsx: {}
CloudNine/vite.config.js: {}
CloudNine/Components/VitePrint/SSRhmr.js: {}
CloudNine/Components/VitePrint/VitePrint.jsx: {}
CloudNine/vite.config.js: {}
CloudNine/vite.config.js: {}
CloudNine/Components/VitePrint/SSRhmr.js: {}
CloudNine/Components/VitePrint/SSRhmr.js: {}
CloudNine/devServer.js: {}
CloudNine/vite.config.js: {}
CloudNine/Components/VitePrint/SSRhmr.js: {}
CloudNine/devServer.js: {}
CloudNine/Components/VitePrint/VitePrint.jsx: {}
CloudNine/vite.config.js: {}
CloudNine/vite.config.js: {}
CloudNine/Components/VitePrint/VitePrint.jsx: {}
CloudNine/Components/VitePrint/SSRhmr.js: {}
CloudNine/Components/VitePrint/SSRhmr.js: {}
CloudNine/vite.config.js: {}
CloudNine/vite.config.js: {}
CloudNine/node_modules/express/lib/router/index.js: {}
CloudNine/node_modules/express/lib/router/index.js: {}
CloudNine/vite.config.js: {}
CloudNine/Components/VitePrint/VitePrint.jsx: {}
CloudNine/Components/VitePrint/VitePrint.jsx: {}
CloudNine/devServer.js: {}
CloudNine/node_modules/express/lib/router/index.js: {}
CloudNine/vite.config.js: {}
CloudNine/vite.config.js: {}
CloudNine/devServer.js: {}
CloudNine/package.json: {}
CloudNine/Components/VitePrint/VitePrint.jsx: {}
CloudNine/vite.config.js: {}
CloudNine/node_modules/express/lib/router/index.js: {}
CloudNine/vite.config.js: {}
CloudNine/Components/VitePrint/SSRhmr.js: {}
CloudNine/vite.config.js: {}
CloudNine/Components/VitePrint/VitePrint.jsx: {}
CloudNine/Components/VitePrint/SSRhmr.js: {}
CloudNine/Components/VitePrint/SSRhmr.js: {}
CloudNine/Components/VitePrint/SSRhmr.js: {}
CloudNine/vite.config.js: {}
CloudNine/Components/VitePrint/VitePrint.jsx: {}
CloudNine/Components/VitePrint/VitePrint.jsx: {}
CloudNine/Components/VitePrint/SSRhmr.js: {}
CloudNine/Components/VitePrint/SSRhmr.js: {}
CloudNine/vite.config.js: {}
CloudNine/Components/VitePrint/VitePrint.jsx: {}
CloudNine/package.json: {}
CloudNine/devServer.js: {}
CloudNine/Components/VitePrint/SSRhmr.js: {}
CloudNine/vite.config.js: {}
CloudNine/vite.config.js: {}
CloudNine/vite.config.js: {}
CloudNine/vite.config.js: {}
CloudNine/vite.config.js: {}
CloudNine/vite.config.js: {}
CloudNine/Components/VitePrint/SSRhmr.js: {}
CloudNine/Components/VitePrint/SSRhmr.js: {}
CloudNine/vite.config.js: {}
CloudNine/Components/VitePrint/VitePrint.jsx: {}
CloudNine/Components/VitePrint/VitePrint.jsx: {}
CloudNine/package.json: {}
CloudNine/Components/VitePrint/VitePrint.jsx: {}
CloudNine/devServer.js: {}
CloudNine/Components/VitePrint/SSRhmr.js: {}
CloudNine/Components/VitePrint/SSRhmr.js: {}
CloudNine/Components/VitePrint/SSRhmr.js: {}
CloudNine/devServer.js: {}
CloudNine/Components/VitePrint/SSRhmr.js: {}
CloudNine/Components/VitePrint/SSRhmr.js: {}
CloudNine/devServer.js: {}
CloudNine/vite.config.js: {}
CloudNine/vite.config.js: {}
CloudNine/vite.config.js: {}
CloudNine/vite.config.js: {}
CloudNine/Components/VitePrint/HotBuild.js: {}
CloudNine/Components/VitePrint/VitePrint.jsx: {}
CloudNine/Components/VitePrint/VitePrint.jsx: {}
CloudNine/Components/VitePrint/HotBuild.js: {}
CloudNine/Components/VitePrint/HotBuild.js: {}
CloudNine/vite.config.js: {}
CloudNine/Components/VitePrint/HotBuild.js: {}
CloudNine/Components/VitePrint/HotBuild.js: {}
CloudNine/Components/VitePrint/HotBuild.js: {}
CloudNine/Components/VitePrint/HotBuild.js: {}
CloudNine/Components/VitePrint/VitePrint.jsx: {}
CloudNine/Components/VitePrint/VitePrint.jsx: {}
CloudNine/vite.config.js: {}
CloudNine/Components/VitePrint/HotBuild.js: {}
CloudNine/vite.config.js: {}
CloudNine/Components/VitePrint/VitePrint.jsx: {}
CloudNine/Components/VitePrint/VitePrint.jsx: {}
CloudNine/Components/VitePrint/VitePrint.jsx: {}
CloudNine/Components/VitePrint/VitePrint.jsx: {}
CloudNine/Components/VitePrint/HotBuild.js: {}
CloudNine/Components/VitePrint/HotBuild.js: {}
CloudNine/Components/VitePrint/HotBuild.js: {}
CloudNine/Components/VitePrint/VitePrint.jsx: {}
CloudNine/Components/VitePrint/VitePrint.jsx: {}
CloudNine/Components/VitePrint/VitePrint.jsx: {}
CloudNine/Components/VitePrint/VitePrint.jsx: {}
CloudNine/devServer.js: {}
CloudNine/devServer.js: {}
CloudNine/Components/VitePrint/VitePrint.jsx: {}
CloudNine/devServer.js: {}
CloudNine/Components/VitePrint/VitePrint.jsx: {}
CloudNine/Components/VitePrint/HotBuild.js: {}
CloudNine/Components/VitePrint/VitePrint.jsx: {}
CloudNine/Components/VitePrint/VitePrint.jsx: {}
CloudNine/vite.config.js: {}
CloudNine/Components/VitePrint/VitePrint.jsx: {}
CloudNine/Components/VitePrint/VitePrint.jsx: {}
CloudNine/Components/VitePrint/VitePrint.jsx: {}
CloudNine/Components/VitePrint/VitePrint.jsx: {}
CloudNine/vite.config.js: {}
CloudNine/Components/VitePrint/HotBuild.js: {}
CloudNine/Components/VitePrint/VitePrint.jsx: {}
CloudNine/Components/VitePrint/VitePrint.jsx: {}
CloudNine/Components/VitePrint/HotBuild.js: {}
CloudNine/Components/VitePrint/HotBuild.js: {}
CloudNine/Components/VitePrint/HotBuild.js: {}
CloudNine/vite.config.js: {}
CloudNine/Components/VitePrint/VitePrint.jsx: {}
CloudNine/Components/VitePrint/VitePrint.jsx: {}
CloudNine/Components/VitePrint/HotBuild.js: {}
CloudNine/Components/VitePrint/VitePrint.jsx: {}
CloudNine/Components/VitePrint/VitePrint.jsx: {}
CloudNine/Components/VitePrint/HotBuild.js: {}
CloudNine/Components/VitePrint/VitePrint.jsx: {}
CloudNine/Components/VitePrint/VitePrint.jsx: {}
CloudNine/Components/VitePrint/HotBuild.js: {}
CloudNine/Components/VitePrint/VitePrint.jsx: {}
CloudNine/Components/VitePrint/HotBuild.js: {}
CloudNine/Components/VitePrint/VitePrint.jsx: {}
CloudNine/Components/VitePrint/VitePrint.jsx: {}
CloudNine/Components/VitePrint/HotBuild.js: {}
CloudNine/Components/VitePrint/VitePrint.jsx: {}
CloudNine/Components/VitePrint/VitePrint.jsx: {}
CloudNine/Components/VitePrint/VitePrint.jsx: {}
CloudNine/Components/VitePrint/HotBuild.js: {}
CloudNine/Components/VitePrint/VitePrint.jsx: {}
CloudNine/Components/VitePrint/VitePrint.jsx: {}
CloudNine/Components/VitePrint/VitePrint.jsx: {}
CloudNine/Components/VitePrint/HotBuild.js: {}
CloudNine/Components/VitePrint/VitePrint.jsx: {}
CloudNine/Components/VitePrint/VitePrint.jsx: {}
CloudNine/Components/VitePrint/VitePrint.jsx: {}
CloudNine/Components/VitePrint/VitePrint.jsx: {}
CloudNine/Components/VitePrint/VitePrint.jsx: {}
CloudNine/Components/VitePrint/VitePrint.jsx: {}
CloudNine/Components/VitePrint/VitePrint.jsx: {}
CloudNine/Components/VitePrint/HotBuild.js: {}
CloudNine/Components/VitePrint/HotBuild.js: {}
CloudNine/vite.config.js: {}
CloudNine/Components/VitePrint/HotBuild.js: {}
CloudNine/devServer.js: {}
CloudNine/Components/VitePrint/VitePrint.jsx: {}
CloudNine/Components/VitePrint/HotBuild.js: {}
CloudNine/Components/VitePrint/HotBuild.js: {}
CloudNine/Components/VitePrint/VitePrint.jsx: {}
CloudNine/Components/VitePrint/VitePrint.jsx: {}
CloudNine/Components/VitePrint/HotBuild.js: {}
CloudNine/devServer.js: {}
CloudNine/Components/VitePrint/VitePrint.jsx: {}
CloudNine/Components/VitePrint/VitePrint.jsx: {}
CloudNine/Components/VitePrint/HotBuild.js: {}
CloudNine/Components/VitePrint/HotBuild.js: {}
CloudNine/Components/VitePrint/HotBuild.js: {}
CloudNine/Components/VitePrint/VitePrint.jsx: {}
CloudNine/Components/VitePrint/VitePrint.jsx: {}
CloudNine/vite.config.js: {}
CloudNine/Components/VitePrint/VitePrint.jsx: {}
CloudNine/Components/VitePrint/VitePrint.jsx: {}
CloudNine/Components/VitePrint/VitePrint.jsx: {}
CloudNine/Components/VitePrint/VitePrint.jsx: {}
CloudNine/Components/VitePrint/VitePrint.jsx: {}
CloudNine/vite.config.js: {}
CloudNine/Components/VitePrint/HotBuild.js: {}
CloudNine/Components/VitePrint/VitePrint.jsx: {}
CloudNine/Components/VitePrint/VitePrint.jsx: {}
CloudNine/Components/VitePrint/HotBuild.js: {}
CloudNine/Components/VitePrint/VitePrint.jsx: {}
CloudNine/Components/VitePrint/HotBuild.js: {}
CloudNine/Components/VitePrint/HotBuild.js: {}
CloudNine/Components/VitePrint/VitePrint.jsx: {}
CloudNine/Components/VitePrint/VitePrint.jsx: {}
CloudNine/Components/VitePrint/HotBuild.js: {}
CloudNine/Components/VitePrint/HotBuild.js: {}
CloudNine/vite.config.js: {}
CloudNine/Components/VitePrint/HotBuild.js: {}
CloudNine/Components/VitePrint/VitePrint.jsx: {}
CloudNine/Components/VitePrint/HotBuild.js: {}
CloudNine/Components/VitePrint/HotBuild.js: {}
CloudNine/vite.config.js: {}
CloudNine/Components/VitePrint/HotBuild.js: {}
CloudNine/Components/VitePrint/VitePrint.jsx: {}
CloudNine/Components/VitePrint/VitePrint.jsx: {}
CloudNine/Components/VitePrint/HotBuild.js: {}
CloudNine/Components/VitePrint/VitePrint.jsx: {}
CloudNine/Components/VitePrint/HotBuild.js: {}
CloudNine/Components/VitePrint/VitePrint.jsx: {}
CloudNine/Components/VitePrint/HotBuild.js: {}
CloudNine/Components/VitePrint/HotBuild.js: {}
CloudNine/Components/VitePrint/VitePrint.jsx: {}
CloudNine/Components/VitePrint/HotBuild.js: {}
CloudNine/Components/VitePrint/VitePrint.jsx: {}
CloudNine/Components/VitePrint/HotBuild.js: {}
CloudNine/Components/VitePrint/HotBuild.js: {}
CloudNine/Components/VitePrint/HotBuild.js: {}
CloudNine/Components/VitePrint/HotBuild.js: {}
CloudNine/Components/VitePrint/HotBuild.js: {}
CloudNine/Components/VitePrint/VitePrint.jsx: {}
CloudNine/Components/VitePrint/HotBuild.js: {}
CloudNine/Components/VitePrint/HotBuild.js: {}
CloudNine/vite.config.js: {}
CloudNine/Components/VitePrint/HotBuild.js: {}
CloudNine/Components/VitePrint/VitePrint.jsx: {}
CloudNine/Components/VitePrint/VitePrint.jsx: {}
CloudNine/Components/VitePrint/VitePrint.jsx: {}
CloudNine/Components/VitePrint/VitePrint.jsx: {}
CloudNine/Components/VitePrint/VitePrint.jsx: {}
CloudNine/Components/VitePrint/VitePrint.jsx: {}
CloudNine/vite.config.js: {}
CloudNine/vite.config.js: {}
CloudNine/Components/VitePrint/VitePrint.jsx: {}
CloudNine/Components/VitePrint/VitePrint.jsx: {}
CloudNine/Components/BaseComponent/App.jsx: {}
CloudNine/Components/BaseComponent/App.jsx: {}
CloudNine/Components/BaseComponent/App.jsx: {}
CloudNine/Components/BaseComponent/App.jsx: {}
CloudNine/Components/VitePrint/VitePrintSSR copy.jsx: {}
CloudNine/Components/VitePrint/VitePrintCSR.jsx: {}
CloudNine/Components/VitePrint/VitePrintSSR.jsx: {}
CloudNine/Components/VitePrint/VitePrintSSR.jsx: {}
CloudNine/Components/VitePrint/VitePrintSSR.jsx: {}
CloudNine/Components/BaseComponent/App.jsx: {}
CloudNine/Components/BaseComponent/App.jsx: {}
CloudNine/Components/BaseComponent/App.jsx: {}
CloudNine/Components/BaseComponent/App.jsx: {}
CloudNine/devServer.js: {}
CloudNine/Components/VitePrint/VitePrintSSR.jsx: {}
CloudNine/Components/VitePrint/VitePrintCSR.jsx: {}
CloudNine/Components/VitePrint/VitePrintCSR.jsx: {}
CloudNine/Components/VitePrint/VitePrintSSR.jsx: {}
CloudNine/Components/VitePrint/VitePrintSSR.jsx: {}
CloudNine/Components/VitePrint/VitePrintSSR.jsx: {}
CloudNine/Components/VitePrint/VitePrintSSR.jsx: {}
CloudNine/Components/VitePrint/HotBuild.js: {}
CloudNine/Components/VitePrint/HotBuild.js: {}
CloudNine/Components/VitePrint/HotBuild.js: {}
CloudNine/vite.config.js: {}
CloudNine/Components/VitePrint/VitePrintCSR.jsx: {}
CloudNine/Components/VitePrint/VitePrintSSR.jsx: {}
CloudNine/Components/VitePrint/VitePrintSSR.jsx: {}
CloudNine/Components/VitePrint/HotBuild.js: {}
CloudNine/Components/VitePrint/HotBuild.js: {}
CloudNine/Components/VitePrint/HotBuild.js: {}
CloudNine/Components/VitePrint/VitePrintCSR.jsx: {}
CloudNine/Components/VitePrint/VitePrintSSR.jsx: {}
CloudNine/Components/VitePrint/VitePrintSSR.jsx: {}
CloudNine/Components/BaseComponent/App.jsx: {}
CloudNine/Components/VitePrint/HotBuild.js: {}
CloudNine/Components/VitePrint/VitePrintSSR.jsx: {}
CloudNine/Components/VitePrint/VitePrintSSR.jsx: {}
CloudNine/Components/VitePrint/HotBuild.js: {}
CloudNine/Components/VitePrint/HotBuild.js: {}
CloudNine/Components/VitePrint/VitePrintSSR.jsx: {}
CloudNine/Components/VitePrint/VitePrintSSR.jsx: {}
CloudNine/Components/VitePrint/HotBuild.js: {}
CloudNine/Components/VitePrint/VitePrintSSR.jsx: {}
CloudNine/Components/VitePrint/VitePrintSSR.jsx: {}
CloudNine/Components/VitePrint/VitePrintSSR.jsx: {}
CloudNine/Components/VitePrint/VitePrintCSR.jsx: {}
CloudNine/Components/VitePrint/VitePrintCSR.jsx: {}
CloudNine/Components/VitePrint/HotBuild.js: {}
No more open editors.
CloudNine/Components/VitePrint/HotBuild.js: {}
CloudNine/Components/VitePrint/HotBuild.js: {}
CloudNine/Components/BaseComponent/App.jsx: {}
