2024-02-07 21:01:33.868 [info] Added views:workbench.panel.markers.view in workbench.panel.markers
2024-02-07 21:01:33.868 [info] Added views:workbench.panel.output in workbench.panel.output
2024-02-07 21:01:33.868 [info] Added views:terminal in terminal
2024-02-07 21:01:33.868 [info] Added views:workbench.scm in workbench.view.scm
2024-02-07 21:01:33.868 [info] Added views:workbench.view.search in workbench.view.search
2024-02-07 21:01:33.868 [info] Added views:outline in workbench.view.search
2024-02-07 21:01:33.868 [info] Added views:timeline in workbench.view.search
2024-02-07 21:01:33.868 [info] Added views:workbench.explorer.fileView in workbench.view.explorer
2024-02-07 21:01:34.483 [info] Added views:workbench.debug.variablesView,workbench.debug.watchExpressionsView,workbench.debug.callStackView,workbench.debug.breakPointsView in workbench.view.debug
2024-02-07 21:01:35.124 [info] Added views:bookmarksExplorer,bookmarksHelpAndFeedback in workbench.view.extension.bookmarks
2024-02-07 21:01:35.125 [info] Added views:projectsExplorerFavorites,projectManagerHelpAndFeedback in workbench.view.extension.project-manager
2024-02-07 21:01:35.126 [info] Added views:local-supergraph-designs,studio-graphs,studio-operations in workbench.view.extension.apollo-workbench
2024-02-07 21:01:35.127 [info] Added views:codesandbox-sign-in in workbench.view.extension.codesandbox
2024-02-07 21:01:35.127 [info] Added views:activitybar.codestream in workbench.view.extension.codestream-activitybar
2024-02-07 21:01:35.128 [info] Added views:github.cweijan.mysql in workbench.view.extension.github-cweijan-mysql
2024-02-07 21:01:35.128 [info] Added views:github.cweijan.nosql in workbench.view.extension.github-cweijan-nosql
2024-02-07 21:01:35.129 [info] Added views:workspaceEnvironments,pythonEnvironments in workbench.view.extension.package-explorer
2024-02-07 21:01:35.130 [info] Added views:gitlens.views.home,gitlens.views.drafts,gitlens.views.workspaces,gitlens.views.account in workbench.view.extension.vscode-edge-devtools-view
2024-02-07 21:01:35.132 [info] Added views:gitlens.views.commitDetails,gitlens.views.lineHistory,gitlens.views.fileHistory,gitlens.views.searchAndCompare in workbench.view.extension.gitlensInspect
2024-02-07 21:01:35.133 [info] Added views:gitlens.views.repositories,gitlens.views.commits,gitlens.views.branches,gitlens.views.remotes,gitlens.views.stashes,gitlens.views.tags,gitlens.views.contributors in workbench.view.scm
2024-02-07 21:01:35.134 [info] Added views:snippetExplorer,snippetScopeExplorer in workbench.view.extension.snippet-explorer
2024-02-07 21:01:35.134 [info] Added views:KalimahApps.tailwindcss-config-viewer in workbench.view.extension.tailwind-config-viewer
2024-02-07 21:01:35.136 [info] Added views:checkpointsTreeViewExplorer in workbench.view.search
2024-02-07 21:01:35.136 [info] Added views:vscode-edge-devtools-view.targets,vscode-edge-devtools-view.help-links in workbench.view.extension.vscode-edge-devtools-view
2024-02-07 21:01:35.138 [info] Added views:remoteTargets in workbench.view.remote
2024-02-07 21:01:35.138 [info] Added views:liveshare.session in workbench.view.extension.liveshare
2024-02-07 21:01:35.139 [info] Added views:thunder-client-sidebar in workbench.view.extension.thunder-client
2024-02-07 21:01:35.139 [info] Added views:terminal-manager in workbench.view.extension.terminal-manager
2024-02-07 21:01:35.140 [info] Added views:vscode-spotify-playlists,vscode-spotify-tracks in workbench.view.extension.vscode-spotify
2024-02-07 21:01:35.141 [info] Added views:gistpad.gists,gistpad.repos in workbench.view.extension.gistpad
2024-02-07 21:01:35.142 [info] Added views:jsonOutline in workbench.view.extension.json-views
2024-02-07 21:01:36.497 [info] Added views:workbench.panel.repl.view in workbench.panel.repl
2024-02-07 21:01:40.747 [info] Added views:~remote.forwardedPorts in ~remote.forwardedPortsContainer
2024-02-07 21:03:11.364 [info] Added views:treeLocalHistoryExplorer in workbench.view.search
2024-02-07 21:03:46.318 [info] Added views:projectsExplorerGit in workbench.view.extension.project-manager
2024-02-07 21:03:47.588 [info] Added views:workbench.panel.comments in workbench.panel.comments
2024-02-07 21:03:58.837 [info] Added views:gitlens.views.graph,gitlens.views.graphDetails in workbench.view.extension.gitlensPanel
2024-02-07 21:03:58.838 [info] Added views:gitlens.views.timeline in workbench.view.extension.gitlensInspect
2024-02-07 21:03:58.847 [info] Added views:gitlens.views.worktrees in workbench.view.scm
2024-02-07 21:04:03.801 [info] Added views:workbench.scm.repositories in workbench.view.scm
2024-02-07 21:04:04.936 [info] Added views:tabnine.loading in workbench.view.extension.tabnine
2024-02-07 21:04:12.692 [info] Removed views:tabnine.loading from workbench.view.extension.tabnine
2024-02-07 21:04:12.696 [info] Added views:tabnine.chat in workbench.view.extension.tabnine
2024-02-08 12:50:55.444 [info] Removed views:tabnine.chat from workbench.view.extension.tabnine
2024-02-08 12:50:55.445 [info] Added views:tabnine.chat.welcome in workbench.view.extension.tabnine
2024-02-08 12:50:58.351 [info] Removed views:tabnine.chat.welcome from workbench.view.extension.tabnine
2024-02-08 12:50:58.353 [info] Added views:tabnine.chat in workbench.view.extension.tabnine
2024-02-08 16:15:56.764 [info] Added views:workbench.views.extensions.installed,workbench.views.extensions.popular,extensions.recommendedList in workbench.view.extensions
2024-02-08 16:15:56.770 [info] Removed views:workbench.views.extensions.popular from workbench.view.extensions
2024-02-08 16:16:03.586 [info] Removed views:extensions.recommendedList,workbench.views.extensions.installed from workbench.view.extensions
2024-02-08 16:16:03.610 [info] Added views:workbench.views.extensions.marketplace in workbench.view.extensions
2024-02-08 16:16:56.549 [info] Removed views:workbench.scm.repositories from workbench.view.scm
