2024-02-08 16:22:08.189 [info] Log level: Info
2024-02-08 16:22:08.189 [info] Validating found git in: "git"
2024-02-08 16:22:08.189 [info] Using git "2.39.3" from "git"
2024-02-08 16:22:08.189 [info] > git rev-parse --show-toplevel [254ms]
2024-02-08 16:22:08.189 [info] > git rev-parse --git-dir --git-common-dir [9345ms]
2024-02-08 16:22:08.189 [info] Open repository: /var/www/localhost/htdocs/uniGraph
2024-02-08 16:22:09.976 [info] > git config --get commit.template [1756ms]
2024-02-08 16:22:12.328 [info] > git check-ignore -v -z --stdin [207ms]
2024-02-08 16:22:12.724 [info] > git rev-parse --show-toplevel [2824ms]
2024-02-08 16:22:13.377 [info] > git for-each-ref --format=%(refname)%00%(upstream:short)%00%(objectname)%00%(upstream:track)%00%(upstream:remotename)%00%(upstream:remoteref) refs/heads/master refs/remotes/master [499ms]
2024-02-08 16:22:14.544 [info] > git status -z -uall [1127ms]
2024-02-08 16:22:14.727 [info] > git rev-parse --git-dir --git-common-dir [191ms]
2024-02-08 16:22:14.734 [info] Open repository: /var/www/localhost/htdocs/KonSoulOperator
2024-02-08 16:22:15.632 [info] > git config --get commit.template [943ms]
2024-02-08 16:22:16.015 [info] > git config --get commit.template [427ms]
2024-02-08 16:22:16.255 [info] > git rev-parse --show-toplevel [148ms]
2024-02-08 16:22:16.255 [info] > git for-each-ref --format=%(refname)%00%(upstream:short)%00%(objectname)%00%(upstream:track)%00%(upstream:remotename)%00%(upstream:remoteref) refs/heads/master refs/remotes/master [181ms]
2024-02-08 16:22:16.384 [info] > git status -z -uall [97ms]
2024-02-08 16:22:16.384 [info] > git check-ignore -v -z --stdin [43ms]
2024-02-08 16:22:16.386 [info] > git check-ignore -v -z --stdin [12ms]
2024-02-08 16:22:16.467 [info] > git for-each-ref --format=%(refname)%00%(upstream:short)%00%(objectname)%00%(upstream:track)%00%(upstream:remotename)%00%(upstream:remoteref) refs/heads/master refs/remotes/master [245ms]
2024-02-08 16:22:17.073 [info] > git status -z -uall [554ms]
2024-02-08 16:22:17.521 [info] > git config --get commit.template [252ms]
2024-02-08 16:22:17.521 [info] > git rev-parse --git-dir --git-common-dir [286ms]
2024-02-08 16:22:17.527 [info] Open repository: /var/www/localhost/htdocs/kikpaste
2024-02-08 16:22:17.933 [info] > git config --get commit.template [124ms]
2024-02-08 16:22:17.997 [info] > git for-each-ref --format=%(refname)%00%(upstream:short)%00%(objectname)%00%(upstream:track)%00%(upstream:remotename)%00%(upstream:remoteref) refs/heads/master refs/remotes/master [79ms]
2024-02-08 16:22:18.381 [info] > git status -z -uall [285ms]
2024-02-08 16:22:18.382 [info] > git rev-parse --show-toplevel [152ms]
2024-02-08 16:22:18.383 [info] > git for-each-ref --format=%(refname)%00%(upstream:short)%00%(objectname)%00%(upstream:track)%00%(upstream:remotename)%00%(upstream:remoteref) refs/heads/stable refs/remotes/stable [204ms]
2024-02-08 16:22:18.778 [info] > git status -z -uall [348ms]
2024-02-08 16:22:20.756 [info] > git config --get commit.template [699ms]
2024-02-08 16:22:21.170 [info] > git rev-parse --git-dir --git-common-dir [235ms]
2024-02-08 16:22:21.177 [info] Open repository: /var/www/localhost/htdocs/MultiVerse
2024-02-08 16:22:23.182 [info] > git for-each-ref --format=%(refname)%00%(upstream:short)%00%(objectname)%00%(upstream:track)%00%(upstream:remotename)%00%(upstream:remoteref) refs/heads/stable refs/remotes/stable [2040ms]
2024-02-08 16:22:23.461 [info] > git status -z -uall [237ms]
2024-02-08 16:22:23.467 [info] > git config --get commit.template [375ms]
2024-02-08 16:22:23.852 [info] > git for-each-ref --format=%(refname)%00%(upstream:short)%00%(objectname)%00%(upstream:track)%00%(upstream:remotename)%00%(upstream:remoteref) refs/heads/master refs/remotes/master [95ms]
2024-02-08 16:22:23.945 [info] > git rev-parse --show-toplevel [102ms]
2024-02-08 16:22:23.963 [info] > git status -z -uall [72ms]
2024-02-08 16:22:24.551 [info] > git config --get commit.template [486ms]
2024-02-08 16:22:24.646 [info] > git for-each-ref --format=%(refname)%00%(upstream:short)%00%(objectname)%00%(upstream:track)%00%(upstream:remotename)%00%(upstream:remoteref) refs/heads/master refs/remotes/master [13ms]
2024-02-08 16:22:24.681 [info] > git rev-parse --git-dir --git-common-dir [84ms]
2024-02-08 16:22:24.689 [info] Open repository: /var/www/localhost/htdocs/PerfectLint
2024-02-08 16:22:24.749 [info] > git status -z -uall [68ms]
2024-02-08 16:22:24.750 [info] > git config --get commit.template [17ms]
2024-02-08 16:22:24.839 [info] > git for-each-ref --format=%(refname)%00%(upstream:short)%00%(objectname)%00%(upstream:track)%00%(upstream:remotename)%00%(upstream:remoteref) refs/heads/master refs/remotes/master [11ms]
2024-02-08 16:22:25.461 [info] > git status -z -uall [581ms]
2024-02-08 16:22:25.520 [info] > git rev-parse --show-toplevel [116ms]
2024-02-08 16:22:25.574 [info] > git config --get commit.template [67ms]
2024-02-08 16:22:25.668 [info] > git for-each-ref --format=%(refname)%00%(upstream:short)%00%(objectname)%00%(upstream:track)%00%(upstream:remotename)%00%(upstream:remoteref) refs/heads/master refs/remotes/master [29ms]
2024-02-08 16:22:25.742 [info] > git status -z -uall [31ms]
2024-02-08 16:22:25.804 [info] > git rev-parse --git-dir --git-common-dir [17ms]
2024-02-08 16:22:25.810 [info] Open repository: /var/www/localhost/htdocs/NextMc2squared
2024-02-08 16:22:25.908 [info] > git config --get commit.template [36ms]
2024-02-08 16:22:26.052 [info] > git for-each-ref --format=%(refname)%00%(upstream:short)%00%(objectname)%00%(upstream:track)%00%(upstream:remotename)%00%(upstream:remoteref) refs/heads/master refs/remotes/master [36ms]
2024-02-08 16:22:26.453 [info] > git rev-parse --show-toplevel [279ms]
2024-02-08 16:22:27.051 [info] > git status -z -uall [943ms] (cancelled)
2024-02-08 16:22:27.072 [info] > git check-ignore -v -z --stdin [153ms]
2024-02-08 16:22:27.186 [info] > git rev-parse --git-dir --git-common-dir [16ms]
2024-02-08 16:22:27.193 [info] Open repository: /var/www/localhost/htdocs/CloudNine
2024-02-08 16:22:27.257 [info] > git config --get commit.template [15ms]
2024-02-08 16:22:27.356 [info] > git for-each-ref --format=%(refname)%00%(upstream:short)%00%(objectname)%00%(upstream:track)%00%(upstream:remotename)%00%(upstream:remoteref) refs/heads/master refs/remotes/master [43ms]
2024-02-08 16:22:27.501 [info] > git status -z -uall [105ms]
2024-02-08 16:22:27.596 [info] > git config --get commit.template [21ms]
2024-02-08 16:22:27.596 [info] > git rev-parse --show-toplevel [55ms]
2024-02-08 16:22:27.649 [info] > git for-each-ref --format=%(refname)%00%(upstream:short)%00%(objectname)%00%(upstream:track)%00%(upstream:remotename)%00%(upstream:remoteref) refs/heads/master refs/remotes/master [8ms]
2024-02-08 16:22:27.745 [info] > git status -z -uall [59ms]
2024-02-08 16:22:27.745 [info] > git rev-parse --show-toplevel [3ms]
2024-02-08 16:22:27.802 [info] > git rev-parse --show-toplevel [3ms]
2024-02-08 16:22:27.876 [info] > git rev-parse --show-toplevel [5ms]
2024-02-08 16:22:27.979 [info] > git check-ignore -v -z --stdin [46ms]
2024-02-08 16:22:27.985 [info] > git rev-parse --show-toplevel [10ms]
2024-02-08 16:22:28.043 [info] > git rev-parse --show-toplevel [6ms]
2024-02-08 16:22:28.096 [info] > git rev-parse --show-toplevel [4ms]
2024-02-08 16:22:28.137 [info] > git rev-parse --show-toplevel [3ms]
2024-02-08 16:22:28.176 [info] > git rev-parse --show-toplevel [3ms]
2024-02-08 16:22:28.245 [info] > git rev-parse --show-toplevel [22ms]
2024-02-08 16:22:28.294 [info] > git rev-parse --show-toplevel [2ms]
2024-02-08 16:22:28.332 [info] > git rev-parse --show-toplevel [2ms]
2024-02-08 16:22:28.374 [info] > git rev-parse --show-toplevel [5ms]
2024-02-08 16:22:28.446 [info] > git rev-parse --show-toplevel [14ms]
2024-02-08 16:22:28.492 [info] > git rev-parse --show-toplevel [3ms]
2024-02-08 16:22:28.544 [info] > git rev-parse --show-toplevel [2ms]
2024-02-08 16:22:28.595 [info] > git rev-parse --show-toplevel [3ms]
2024-02-08 16:22:28.677 [info] > git rev-parse --show-toplevel [10ms]
2024-02-08 16:22:28.738 [info] > git rev-parse --show-toplevel [5ms]
2024-02-08 16:22:28.804 [info] > git rev-parse --show-toplevel [11ms]
2024-02-08 16:22:28.862 [info] > git rev-parse --show-toplevel [4ms]
2024-02-08 16:22:28.942 [info] > git rev-parse --show-toplevel [8ms]
2024-02-08 16:22:28.994 [info] > git rev-parse --show-toplevel [3ms]
2024-02-08 16:22:29.062 [info] > git rev-parse --show-toplevel [21ms]
2024-02-08 16:22:29.120 [info] > git rev-parse --show-toplevel [7ms]
2024-02-08 16:22:29.165 [info] > git rev-parse --show-toplevel [4ms]
2024-02-08 16:22:29.221 [info] > git rev-parse --show-toplevel [3ms]
2024-02-08 16:22:29.281 [info] > git rev-parse --show-toplevel [2ms]
2024-02-08 16:22:29.331 [info] > git rev-parse --show-toplevel [2ms]
2024-02-08 16:22:29.382 [info] > git rev-parse --show-toplevel [6ms]
2024-02-08 16:22:29.455 [info] > git rev-parse --show-toplevel [20ms]
2024-02-08 16:22:29.514 [info] > git rev-parse --show-toplevel [4ms]
2024-02-08 16:22:29.572 [info] > git rev-parse --show-toplevel [12ms]
2024-02-08 16:22:29.613 [info] > git rev-parse --show-toplevel [2ms]
2024-02-08 16:22:29.652 [info] > git rev-parse --show-toplevel [2ms]
2024-02-08 16:22:29.694 [info] > git rev-parse --show-toplevel [3ms]
2024-02-08 16:22:29.739 [info] > git rev-parse --show-toplevel [3ms]
2024-02-08 16:22:29.792 [info] > git rev-parse --show-toplevel [14ms]
2024-02-08 16:22:29.835 [info] > git rev-parse --show-toplevel [2ms]
2024-02-08 16:22:29.877 [info] > git rev-parse --show-toplevel [2ms]
2024-02-08 16:22:29.923 [info] > git rev-parse --show-toplevel [3ms]
2024-02-08 16:22:29.963 [info] > git rev-parse --show-toplevel [2ms]
2024-02-08 16:22:30.011 [info] > git rev-parse --show-toplevel [2ms]
2024-02-08 16:22:30.056 [info] > git rev-parse --show-toplevel [5ms]
2024-02-08 16:22:30.101 [info] > git rev-parse --show-toplevel [2ms]
2024-02-08 16:22:30.161 [info] > git rev-parse --show-toplevel [20ms]
2024-02-08 16:22:30.200 [info] > git rev-parse --show-toplevel [2ms]
2024-02-08 16:22:30.242 [info] > git rev-parse --show-toplevel [2ms]
2024-02-08 16:22:30.411 [info] > git show --textconv :devServer.js [127ms]
2024-02-08 16:22:30.412 [info] > git show --textconv :Components/VitePrint/VitePrint.jsx [43ms]
2024-02-08 16:22:30.413 [info] > git ls-files --stage -- /var/www/localhost/htdocs/CloudNine/devServer.js [91ms]
2024-02-08 16:22:30.457 [info] > git cat-file -s 6759c4d4ac98ae9b6a2ed933310680678ab529f0 [4ms]
2024-02-08 16:22:30.458 [info] > git ls-files --stage -- /var/www/localhost/htdocs/CloudNine/Components/VitePrint/VitePrint.jsx [49ms]
2024-02-08 16:22:30.519 [info] > git cat-file -s beb2300a5c4cffd0d41ef4cfb403964690e1d09d [9ms]
2024-02-08 16:22:30.606 [info] > git rev-parse --show-toplevel [38ms]
2024-02-08 16:22:34.118 [info] > git config --get commit.template [8ms]
2024-02-08 16:22:34.168 [info] > git for-each-ref --format=%(refname)%00%(upstream:short)%00%(objectname)%00%(upstream:track)%00%(upstream:remotename)%00%(upstream:remoteref) refs/heads/master refs/remotes/master [9ms]
2024-02-08 16:22:36.660 [info] > git status -z -uall [2435ms] (cancelled)
2024-02-08 16:22:49.379 [info] > git config --get commit.template [3ms]
2024-02-08 16:22:49.426 [info] > git for-each-ref --format=%(refname)%00%(upstream:short)%00%(objectname)%00%(upstream:track)%00%(upstream:remotename)%00%(upstream:remoteref) refs/heads/master refs/remotes/master [2ms]
2024-02-08 16:22:49.490 [info] > git status -z -uall [16ms]
2024-02-08 16:23:36.390 [info] > git check-ignore -v -z --stdin [196ms]
2024-02-08 16:23:36.392 [info] > git check-ignore -v -z --stdin [172ms]
2024-02-08 16:23:36.393 [info] > git check-ignore -v -z --stdin [137ms]
2024-02-08 16:23:36.393 [info] > git check-ignore -v -z --stdin [39ms]
2024-02-08 16:23:36.395 [info] > git check-ignore -v -z --stdin [109ms]
2024-02-08 16:23:36.396 [info] > git check-ignore -v -z --stdin [76ms]
2024-02-08 16:23:36.397 [info] > git check-ignore -v -z --stdin [8ms]
2024-02-08 16:23:37.794 [info] > git check-ignore -v -z --stdin [10ms]
2024-02-08 16:23:56.102 [info] Log level: Info
2024-02-08 16:23:56.102 [info] Validating found git in: "git"
2024-02-08 16:23:56.102 [info] Using git "2.39.3" from "git"
2024-02-08 16:23:56.207 [info] > git rev-parse --show-toplevel [121ms]
2024-02-08 16:23:56.254 [info] > git rev-parse --git-dir --git-common-dir [7ms]
2024-02-08 16:23:56.276 [info] Open repository: /var/www/localhost/htdocs/uniGraph
2024-02-08 16:23:56.462 [info] > git config --get commit.template [79ms]
2024-02-08 16:23:56.534 [info] > git rev-parse --show-toplevel [77ms]
2024-02-08 16:23:56.592 [info] > git for-each-ref --format=%(refname)%00%(upstream:short)%00%(objectname)%00%(upstream:track)%00%(upstream:remotename)%00%(upstream:remoteref) refs/heads/master refs/remotes/master [12ms]
2024-02-08 16:23:56.663 [info] > git status -z -uall [42ms]
2024-02-08 16:23:56.664 [info] > git rev-parse --git-dir --git-common-dir [11ms]
2024-02-08 16:23:56.674 [info] Open repository: /var/www/localhost/htdocs/KonSoulOperator
2024-02-08 16:23:57.336 [info] > git config --get commit.template [517ms]
2024-02-08 16:23:57.337 [info] > git config --get commit.template [542ms]
2024-02-08 16:23:57.430 [info] > git rev-parse --show-toplevel [48ms]
2024-02-08 16:23:57.433 [info] > git for-each-ref --format=%(refname)%00%(upstream:short)%00%(objectname)%00%(upstream:track)%00%(upstream:remotename)%00%(upstream:remoteref) refs/heads/master refs/remotes/master [6ms]
2024-02-08 16:23:57.458 [info] > git for-each-ref --format=%(refname)%00%(upstream:short)%00%(objectname)%00%(upstream:track)%00%(upstream:remotename)%00%(upstream:remoteref) refs/heads/master refs/remotes/master [52ms]
2024-02-08 16:23:57.562 [info] > git status -z -uall [105ms]
2024-02-08 16:23:57.563 [info] > git status -z -uall [83ms]
2024-02-08 16:23:57.868 [info] > git config --get commit.template [189ms]
2024-02-08 16:23:57.869 [info] > git rev-parse --git-dir --git-common-dir [209ms]
2024-02-08 16:23:57.875 [info] Open repository: /var/www/localhost/htdocs/kikpaste
2024-02-08 16:23:58.273 [info] > git config --get commit.template [53ms]
2024-02-08 16:23:58.479 [info] > git for-each-ref --format=%(refname)%00%(upstream:short)%00%(objectname)%00%(upstream:track)%00%(upstream:remotename)%00%(upstream:remoteref) refs/heads/master refs/remotes/master [207ms]
2024-02-08 16:23:58.555 [info] > git status -z -uall [57ms]
2024-02-08 16:23:58.555 [info] > git rev-parse --show-toplevel [13ms]
2024-02-08 16:23:58.555 [info] > git for-each-ref --format=%(refname)%00%(upstream:short)%00%(objectname)%00%(upstream:track)%00%(upstream:remotename)%00%(upstream:remoteref) refs/heads/stable refs/remotes/stable [33ms]
2024-02-08 16:23:58.607 [info] > git status -z -uall [30ms]
2024-02-08 16:23:58.649 [info] > git config --get commit.template [12ms]
2024-02-08 16:23:59.046 [info] > git for-each-ref --format=%(refname)%00%(upstream:short)%00%(objectname)%00%(upstream:track)%00%(upstream:remotename)%00%(upstream:remoteref) refs/heads/stable refs/remotes/stable [350ms]
2024-02-08 16:23:59.077 [info] > git rev-parse --git-dir --git-common-dir [403ms]
2024-02-08 16:23:59.091 [info] Open repository: /var/www/localhost/htdocs/MultiVerse
2024-02-08 16:23:59.177 [info] > git status -z -uall [101ms]
2024-02-08 16:23:59.196 [info] > git config --get commit.template [40ms]
2024-02-08 16:24:03.336 [info] > git for-each-ref --format=%(refname)%00%(upstream:short)%00%(objectname)%00%(upstream:track)%00%(upstream:remotename)%00%(upstream:remoteref) refs/heads/master refs/remotes/master [775ms]
2024-02-08 16:24:03.423 [info] > git rev-parse --show-toplevel [219ms]
2024-02-08 16:24:04.007 [info] > git status -z -uall [633ms]
2024-02-08 16:24:04.483 [info] > git config --get commit.template [349ms]
2024-02-08 16:24:04.883 [info] > git for-each-ref --format=%(refname)%00%(upstream:short)%00%(objectname)%00%(upstream:track)%00%(upstream:remotename)%00%(upstream:remoteref) refs/heads/master refs/remotes/master [35ms]
2024-02-08 16:24:04.917 [info] > git rev-parse --git-dir --git-common-dir [97ms]
2024-02-08 16:24:04.924 [info] Open repository: /var/www/localhost/htdocs/PerfectLint
2024-02-08 16:24:04.989 [info] > git status -z -uall [73ms]
2024-02-08 16:24:04.990 [info] > git config --get commit.template [11ms]
2024-02-08 16:24:05.563 [info] > git for-each-ref --format=%(refname)%00%(upstream:short)%00%(objectname)%00%(upstream:track)%00%(upstream:remotename)%00%(upstream:remoteref) refs/heads/master refs/remotes/master [42ms]
2024-02-08 16:24:05.621 [info] > git status -z -uall [31ms]
2024-02-08 16:24:05.658 [info] > git rev-parse --show-toplevel [39ms]
2024-02-08 16:24:05.661 [info] > git config --get commit.template [6ms]
2024-02-08 16:24:05.867 [info] > git for-each-ref --format=%(refname)%00%(upstream:short)%00%(objectname)%00%(upstream:track)%00%(upstream:remotename)%00%(upstream:remoteref) refs/heads/master refs/remotes/master [42ms]
2024-02-08 16:24:06.144 [info] > git status -z -uall [247ms]
2024-02-08 16:24:06.387 [info] > git rev-parse --git-dir --git-common-dir [113ms]
2024-02-08 16:24:06.400 [info] Open repository: /var/www/localhost/htdocs/NextMc2squared
2024-02-08 16:24:06.608 [info] > git config --get commit.template [153ms]
2024-02-08 16:24:06.705 [info] > git for-each-ref --format=%(refname)%00%(upstream:short)%00%(objectname)%00%(upstream:track)%00%(upstream:remotename)%00%(upstream:remoteref) refs/heads/master refs/remotes/master [50ms]
2024-02-08 16:24:06.969 [info] > git rev-parse --show-toplevel [170ms]
2024-02-08 16:24:07.062 [info] > git rev-parse --git-dir --git-common-dir [4ms]
2024-02-08 16:24:07.067 [info] Open repository: /var/www/localhost/htdocs/CloudNine
2024-02-08 16:24:07.148 [info] > git status -z -uall [405ms] (cancelled)
2024-02-08 16:24:07.150 [info] > git config --get commit.template [47ms]
2024-02-08 16:24:07.152 [info] > git check-ignore -v -z --stdin [5ms]
2024-02-08 16:24:07.193 [info] > git for-each-ref --format=%(refname)%00%(upstream:short)%00%(objectname)%00%(upstream:track)%00%(upstream:remotename)%00%(upstream:remoteref) refs/heads/master refs/remotes/master [3ms]
2024-02-08 16:24:07.265 [info] > git status -z -uall [39ms]
2024-02-08 16:24:07.312 [info] > git rev-parse --show-toplevel [50ms]
2024-02-08 16:24:07.321 [info] > git config --get commit.template [10ms]
2024-02-08 16:24:07.370 [info] > git for-each-ref --format=%(refname)%00%(upstream:short)%00%(objectname)%00%(upstream:track)%00%(upstream:remotename)%00%(upstream:remoteref) refs/heads/master refs/remotes/master [10ms]
2024-02-08 16:24:07.598 [info] > git status -z -uall [195ms]
2024-02-08 16:24:07.603 [info] > git rev-parse --show-toplevel [96ms]
2024-02-08 16:24:07.646 [info] > git rev-parse --show-toplevel [2ms]
2024-02-08 16:24:07.719 [info] > git check-ignore -v -z --stdin [3ms]
2024-02-08 16:24:07.721 [info] > git rev-parse --show-toplevel [38ms]
2024-02-08 16:24:07.762 [info] > git rev-parse --show-toplevel [2ms]
2024-02-08 16:24:07.800 [info] > git rev-parse --show-toplevel [2ms]
2024-02-08 16:24:07.836 [info] > git rev-parse --show-toplevel [2ms]
2024-02-08 16:24:07.874 [info] > git rev-parse --show-toplevel [3ms]
2024-02-08 16:24:07.924 [info] > git rev-parse --show-toplevel [21ms]
2024-02-08 16:24:07.962 [info] > git rev-parse --show-toplevel [2ms]
2024-02-08 16:24:08.017 [info] > git rev-parse --show-toplevel [24ms]
2024-02-08 16:24:08.065 [info] > git rev-parse --show-toplevel [2ms]
2024-02-08 16:24:08.128 [info] > git rev-parse --show-toplevel [18ms]
2024-02-08 16:24:08.171 [info] > git rev-parse --show-toplevel [10ms]
2024-02-08 16:24:08.390 [info] > git rev-parse --show-toplevel [34ms]
2024-02-08 16:24:08.456 [info] > git rev-parse --show-toplevel [30ms]
2024-02-08 16:24:08.551 [info] > git rev-parse --show-toplevel [5ms]
2024-02-08 16:24:08.589 [info] > git rev-parse --show-toplevel [2ms]
2024-02-08 16:24:08.629 [info] > git rev-parse --show-toplevel [1ms]
2024-02-08 16:24:08.666 [info] > git rev-parse --show-toplevel [1ms]
2024-02-08 16:24:08.702 [info] > git rev-parse --show-toplevel [2ms]
2024-02-08 16:24:08.762 [info] > git rev-parse --show-toplevel [19ms]
2024-02-08 16:24:08.808 [info] > git rev-parse --show-toplevel [2ms]
2024-02-08 16:24:08.866 [info] > git rev-parse --show-toplevel [6ms]
2024-02-08 16:24:08.946 [info] > git rev-parse --show-toplevel [13ms]
2024-02-08 16:24:09.038 [info] > git rev-parse --show-toplevel [46ms]
2024-02-08 16:24:09.165 [info] > git rev-parse --show-toplevel [26ms]
2024-02-08 16:24:09.215 [info] > git rev-parse --show-toplevel [2ms]
2024-02-08 16:24:09.269 [info] > git rev-parse --show-toplevel [2ms]
2024-02-08 16:24:09.322 [info] > git rev-parse --show-toplevel [3ms]
2024-02-08 16:24:09.368 [info] > git rev-parse --show-toplevel [2ms]
2024-02-08 16:24:09.424 [info] > git rev-parse --show-toplevel [5ms]
2024-02-08 16:24:09.472 [info] > git rev-parse --show-toplevel [3ms]
2024-02-08 16:24:09.524 [info] > git rev-parse --show-toplevel [3ms]
2024-02-08 16:24:09.582 [info] > git rev-parse --show-toplevel [15ms]
2024-02-08 16:24:09.623 [info] > git rev-parse --show-toplevel [2ms]
2024-02-08 16:24:09.660 [info] > git rev-parse --show-toplevel [2ms]
2024-02-08 16:24:09.698 [info] > git rev-parse --show-toplevel [2ms]
2024-02-08 16:24:09.734 [info] > git rev-parse --show-toplevel [2ms]
2024-02-08 16:24:09.771 [info] > git rev-parse --show-toplevel [3ms]
2024-02-08 16:24:09.809 [info] > git rev-parse --show-toplevel [2ms]
2024-02-08 16:24:09.846 [info] > git rev-parse --show-toplevel [2ms]
2024-02-08 16:24:09.893 [info] > git rev-parse --show-toplevel [6ms]
2024-02-08 16:24:09.935 [info] > git rev-parse --show-toplevel [2ms]
2024-02-08 16:24:09.972 [info] > git rev-parse --show-toplevel [2ms]
2024-02-08 16:24:10.016 [info] > git rev-parse --show-toplevel [3ms]
2024-02-08 16:24:10.067 [info] > git rev-parse --show-toplevel [9ms]
2024-02-08 16:24:10.146 [info] > git show --textconv :devServer.js [40ms]
2024-02-08 16:24:10.148 [info] > git ls-files --stage -- /var/www/localhost/htdocs/CloudNine/devServer.js [7ms]
2024-02-08 16:24:10.181 [info] > git cat-file -s 6759c4d4ac98ae9b6a2ed933310680678ab529f0 [3ms]
2024-02-08 16:24:16.775 [info] > git config --get commit.template [57ms]
2024-02-08 16:24:16.826 [info] > git for-each-ref --format=%(refname)%00%(upstream:short)%00%(objectname)%00%(upstream:track)%00%(upstream:remotename)%00%(upstream:remoteref) refs/heads/master refs/remotes/master [3ms]
2024-02-08 16:24:18.714 [info] > git status -z -uall [1847ms] (cancelled)
2024-02-08 16:24:23.175 [info] > git check-ignore -v -z --stdin [274ms]
2024-02-08 16:24:23.179 [info] > git check-ignore -v -z --stdin [235ms]
2024-02-08 16:24:23.180 [info] > git check-ignore -v -z --stdin [204ms]
2024-02-08 16:24:23.187 [info] > git check-ignore -v -z --stdin [178ms]
2024-02-08 16:24:23.188 [info] > git check-ignore -v -z --stdin [145ms]
2024-02-08 16:24:23.188 [info] > git check-ignore -v -z --stdin [86ms]
2024-02-08 16:24:23.192 [info] > git check-ignore -v -z --stdin [33ms]
2024-02-08 16:24:25.512 [info] > git check-ignore -v -z --stdin [3ms]
2024-02-08 16:24:28.454 [info] > git check-ignore -v -z --stdin [4ms]
2024-02-08 16:24:29.069 [info] > git check-ignore -v -z --stdin [53ms]
2024-02-08 16:24:36.309 [info] > git config --get commit.template [32ms]
2024-02-08 16:24:36.310 [info] > git for-each-ref --format=%(refname)%00%(upstream:short)%00%(objectname)%00%(upstream:track)%00%(upstream:remotename)%00%(upstream:remoteref) refs/heads/master refs/remotes/master [2ms]
2024-02-08 16:24:36.353 [info] > git status -z -uall [13ms]
