Initializing document watcher...
CloudNine/Components/VitePrint/HotBuild.js: {}
CloudNine/Components/VitePrint/HotBuild.js: {}
CloudNine/Components/VitePrint/HotBuild.js: {}
CloudNine/Components/VitePrint/HotBuild.js: Using EditorConfig core...
CloudNine/Components/VitePrint/HotBuild.js: Using EditorConfig core...
CloudNine/Components/VitePrint/HotBuild.js: Using EditorConfig core...
CloudNine/Components/VitePrint/HotBuild.js: Using EditorConfig core...
CloudNine/Components/VitePrint/HotBuild.js: Using EditorConfig core...
CloudNine/vite.config.js: {}
CloudNine/package.json: {}
CloudNine/Components/VitePrint/HotBuild.js: {}
CloudNine/Components/VitePrint/HotBuild.js: Using EditorConfig core...
CloudNine/Components/VitePrint/HotBuild.js: Using EditorConfig core...
CloudNine/Components/VitePrint/HotBuild.js: Using EditorConfig core...
CloudNine/Components/VitePrint/HotBuild.js: Using EditorConfig core...
CloudNine/Components/VitePrint/HotBuild.js: Using EditorConfig core...
CloudNine/Components/VitePrint/HotBuild.js: Using EditorConfig core...
CloudNine/Components/VitePrint/HotBuild.js: Using EditorConfig core...
CloudNine/Components/VitePrint/HotBuild.js: Using EditorConfig core...
CloudNine/Components/VitePrint/HotBuild.js: Using EditorConfig core...
CloudNine/Components/VitePrint/HotBuild.js: Using EditorConfig core...
CloudNine/Components/VitePrint/HotBuild.js: Using EditorConfig core...
CloudNine/Components/VitePrint/HotBuild.js: Using EditorConfig core...
CloudNine/Components/VitePrint/HotBuild.js: Using EditorConfig core...
CloudNine/Components/VitePrint/HotBuild.js: {}
CloudNine/Components/VitePrint/HotBuild.js: {}
CloudNine/Components/VitePrint/HotBuild.js: Using EditorConfig core...
CloudNine/Components/VitePrint/HotBuild.js: Using EditorConfig core...
CloudNine/Components/VitePrint/HotBuild.js: Using EditorConfig core...
CloudNine/Components/VitePrint/HotBuild.js: Using EditorConfig core...
CloudNine/Components/VitePrint/HotBuild.js: Using EditorConfig core...
CloudNine/Components/VitePrint/HotBuild.js: Using EditorConfig core...
CloudNine/Components/VitePrint/HotBuild.js: Using EditorConfig core...
CloudNine/package.json: {}
CloudNine/Components/VitePrint/VitePrint.jsx: {}
CloudNine/Components/VitePrint/HotBuild.js: {}
CloudNine/vite.config.js: {}
CloudNine/Components/VitePrint/HotBuild.js: {}
CloudNine/Components/VitePrint/HotBuild.js: {}
CloudNine/Components/VitePrint/HotBuild.js: Using EditorConfig core...
CloudNine/Components/VitePrint/HotBuild.js: Using EditorConfig core...
CloudNine/Components/VitePrint/HotBuild.js: {}
CloudNine/devServer.js: {}
CloudNine/devServer.js: Using EditorConfig core...
CloudNine/devServer.js: {}
CloudNine/Components/VitePrint/VitePrint.jsx: {}
CloudNine/Components/VitePrint/VitePrint.jsx: Using EditorConfig core...
CloudNine/Components/VitePrint/HotBuild.js: {}
CloudNine/Components/VitePrint/HotBuild.js: Using EditorConfig core...
CloudNine/Components/VitePrint/HotBuild.js: Using EditorConfig core...
CloudNine/Components/VitePrint/HotBuild.js: Using EditorConfig core...
CloudNine/Components/VitePrint/HotBuild.js: Using EditorConfig core...
CloudNine/Components/VitePrint/VitePrint.jsx: {}
CloudNine/Components/VitePrint/VitePrint.jsx: {}
CloudNine/Components/VitePrint/VitePrint.jsx: Using EditorConfig core...
CloudNine/Components/VitePrint/VitePrint.jsx: {}
CloudNine/package.json: {}
CloudNine/Components/VitePrint/VitePrint.jsx: {}
CloudNine/Components/VitePrint/HotBuild.js: {}
CloudNine/Components/VitePrint/HotBuild.js: Using EditorConfig core...
CloudNine/Components/VitePrint/HotBuild.js: Using EditorConfig core...
CloudNine/Components/VitePrint/VitePrint.jsx: {}
CloudNine/Components/VitePrint/VitePrint.jsx: {}
CloudNine/Components/VitePrint/VitePrint.jsx: Using EditorConfig core...
CloudNine/Components/VitePrint/VitePrint.jsx: Using EditorConfig core...
CloudNine/Components/VitePrint/HotBuild.js: {}
CloudNine/Components/VitePrint/HotBuild.js: {}
CloudNine/Components/VitePrint/HotBuild.js: Using EditorConfig core...
CloudNine/Components/VitePrint/HotBuild.js: Using EditorConfig core...
CloudNine/Components/VitePrint/HotBuild.js: Using EditorConfig core...
CloudNine/Components/VitePrint/HotBuild.js: Using EditorConfig core...
CloudNine/Components/VitePrint/HotBuild.js: Using EditorConfig core...
CloudNine/Components/VitePrint/HotBuild.js: Using EditorConfig core...
CloudNine/Components/VitePrint/VitePrint.jsx: {}
CloudNine/Components/VitePrint/VitePrint.jsx: {}
CloudNine/Components/VitePrint/VitePrint.jsx: Using EditorConfig core...
CloudNine/Components/VitePrint/HotBuild.js: {}
CloudNine/Components/VitePrint/VitePrint.jsx: {}
CloudNine/Components/VitePrint/VitePrint.jsx: {}
CloudNine/Components/VitePrint/VitePrint.jsx: Using EditorConfig core...
CloudNine/Components/VitePrint/HotBuild.js: {}
CloudNine/Components/VitePrint/HotBuild.js: {}
CloudNine/Components/VitePrint/HotBuild.js: {}
CloudNine/Components/VitePrint/HotBuild.js: {}
CloudNine/Components/VitePrint/VitePrint.jsx: {}
CloudNine/Components/VitePrint/VitePrint.jsx: Using EditorConfig core...
CloudNine/Components/VitePrint/HotBuild.js: {}
CloudNine/Components/VitePrint/HotBuild.js: {}
CloudNine/Components/VitePrint/HotBuild.js: {}
CloudNine/Components/VitePrint/HotBuild.js: Using EditorConfig core...
CloudNine/Components/VitePrint/VitePrint.jsx: {}
CloudNine/Components/VitePrint/VitePrint.jsx: Using EditorConfig core...
CloudNine/Components/VitePrint/VitePrint.jsx: {}
CloudNine/Components/VitePrint/VitePrint.jsx: Using EditorConfig core...
CloudNine/Components/VitePrint/VitePrint.jsx: {}
CloudNine/Components/VitePrint/VitePrint.jsx: {}
CloudNine/Components/VitePrint/HotBuild.js: {}
CloudNine/Components/VitePrint/HotBuild.js: Using EditorConfig core...
CloudNine/Components/VitePrint/VitePrint.jsx: {}
CloudNine/Components/VitePrint/VitePrint.jsx: Using EditorConfig core...
CloudNine/Components/VitePrint/HotBuild.js: {}
CloudNine/Components/VitePrint/HotBuild.js: {}
CloudNine/Components/VitePrint/HotBuild.js: {}
CloudNine/Components/VitePrint/HotBuild.js: {}
CloudNine/Components/VitePrint/VitePrint.jsx: {}
CloudNine/package.json: {}
CloudNine/Components/VitePrint/HotBuild.js: {}
CloudNine/package.json: {}
CloudNine/Components/VitePrint/HotBuild.js: {}
CloudNine/Components/VitePrint/HotBuild.js: {}
CloudNine/Components/VitePrint/VitePrint.jsx: {}
CloudNine/Components/VitePrint/VitePrint.jsx: {}
CloudNine/Components/VitePrint/VitePrint.jsx: Using EditorConfig core...
CloudNine/Components/VitePrint/HotBuild.js: {}
CloudNine/Components/VitePrint/HotBuild.js: {}
CloudNine/Components/VitePrint/HotBuild.js: Using EditorConfig core...
CloudNine/Components/VitePrint/VitePrint.jsx: {}
CloudNine/Components/VitePrint/VitePrint.jsx: Using EditorConfig core...
CloudNine/Components/VitePrint/HotBuild.js: {}
CloudNine/Components/VitePrint/HotBuild.js: {}
CloudNine/Components/VitePrint/HotBuild.js: Using EditorConfig core...
CloudNine/Components/VitePrint/HotBuild.js: {}
CloudNine/Components/VitePrint/HotBuild.js: Using EditorConfig core...
CloudNine/Components/VitePrint/VitePrint.jsx: {}
CloudNine/Components/VitePrint/VitePrint.jsx: Using EditorConfig core...
CloudNine/Components/VitePrint/HotBuild.js: {}
CloudNine/Components/VitePrint/HotBuild.js: Using EditorConfig core...
CloudNine/Components/VitePrint/VitePrint.jsx: {}
CloudNine/Components/VitePrint/VitePrint.jsx: {}
CloudNine/Components/VitePrint/VitePrint.jsx: Using EditorConfig core...
CloudNine/Components/VitePrint/HotBuild.js: {}
CloudNine/Components/VitePrint/HotBuild.js: {}
CloudNine/Components/VitePrint/HotBuild.js: Using EditorConfig core...
CloudNine/Components/VitePrint/HotBuild.js: {}
CloudNine/Components/VitePrint/HotBuild.js: {}
CloudNine/Components/VitePrint/VitePrint.jsx: {}
CloudNine/Components/VitePrint/VitePrint.jsx: {}
CloudNine/Components/VitePrint/VitePrint.jsx: Using EditorConfig core...
CloudNine/Components/VitePrint/VitePrint.jsx: {}
CloudNine/devServer.js: {}
CloudNine/Components/VitePrint/VitePrint.jsx: {}
CloudNine/Components/VitePrint/VitePrint.jsx: {}
CloudNine/Components/VitePrint/VitePrint.jsx: Using EditorConfig core...
CloudNine/Components/VitePrint/VitePrint.jsx: {}
CloudNine/Components/VitePrint/HotBuild.js: {}
CloudNine/Components/VitePrint/HotBuild.js: {}
CloudNine/Components/VitePrint/HotBuild.js: {}
CloudNine/Components/VitePrint/HotBuild.js: {}
/home/god/Desktop/MultiVerse.code-workspace: Using EditorConfig core...
simple-react-ssr-vite-express/server-prod.js: {}
simple-react-ssr-vite-express/server-prod.js: {}
simple-react-ssr-vite-express/server-prod.js: {}
simple-react-ssr-vite-express/src/app.jsx: {}
simple-react-ssr-vite-express/src/entry-client.jsx: {}
simple-react-ssr-vite-express/src/entry-server.jsx: {}
simple-react-ssr-vite-express/src/app.jsx: {}
simple-react-ssr-vite-express/index.html: {}
simple-react-ssr-vite-express/src/entry-client.jsx: {}
simple-react-ssr-vite-express/src/entry-server.jsx: {}
simple-react-ssr-vite-express/src/app.jsx: {}
simple-react-ssr-vite-express/dist/client/index.html: {}
simple-react-ssr-vite-express/dist/server/entry-server.js: {}
simple-react-ssr-vite-express/src/entry-server.jsx: {}
simple-react-ssr-vite-express/src/app.jsx: {}
simple-react-ssr-vite-express/src/entry-client.jsx: {}
simple-react-ssr-vite-express/dist/server/entry-server.js: {}
simple-react-ssr-vite-express/index.html: {}
simple-react-ssr-vite-express/src/entry-server.jsx: {}
simple-react-ssr-vite-express/src/app.jsx: {}
simple-react-ssr-vite-express/src/app.jsx: {}
simple-react-ssr-vite-express/src/entry-client.jsx: {}
simple-react-ssr-vite-express/src/entry-client.jsx: {}
CloudNine/devServer.js: {}
CloudNine/devServer.js: {}
CloudNine/devServer.js: {}
CloudNine/devServer.js: Using EditorConfig core...
CloudNine/devServer.js: {}
CloudNine/devServer.js: Using EditorConfig core...
CloudNine/devServer.js: {}
CloudNine/devServer.js: {}
/home/god/Desktop/MultiVerse.code-workspace: Using EditorConfig core...
CloudNine/CSRServer/CSRServer.jsx: {}
CloudNine/CSRServer/CSRServer.jsx: {}
CloudNine/CSRServer/CSRServer.jsx: {}
/var/www/localhost/htdocs/simple-react-ssr-vite-express/src/app.jsx: {}
/var/www/localhost/htdocs/simple-react-ssr-vite-express/src/app.jsx: {}
CloudNine/CSRServer/CSRServer.jsx: {}
CloudNine/devServer.js: {}
CloudNine/Components/VitePrint/HotBuild.js: {}
CloudNine/CSRServer/CSRServer.jsx: {}
CloudNine/SSRServer/SSRServer.jsx: {}
CloudNine/Components/VitePrint/HotBuild.js: {}
CloudNine/Components/VitePrint/VitePrint.jsx: {}
CloudNine/Components/VitePrint/VitePrint.jsx: Using EditorConfig core...
CloudNine/Components/VitePrint/VitePrint.jsx: Using EditorConfig core...
CloudNine/Components/VitePrint/VitePrint.jsx: {}
CloudNine/Components/VitePrint/VitePrint.jsx: Using EditorConfig core...
CloudNine/Components/VitePrint/VitePrint.jsx: Using EditorConfig core...
CloudNine/Components/VitePrint/VitePrint.jsx: {}
CloudNine/Components/VitePrint/VitePrint.jsx: Using EditorConfig core...
CloudNine/Components/VitePrint/VitePrint.jsx: {}
CloudNine/Components/VitePrint/VitePrint.jsx: Using EditorConfig core...
CloudNine/Components/VitePrint/VitePrint.jsx: {}
CloudNine/Components/VitePrint/VitePrint.jsx: Using EditorConfig core...
CloudNine/Components/VitePrint/VitePrint.jsx: {}
CloudNine/Components/VitePrint/VitePrint.jsx: {}
CloudNine/Components/VitePrint/VitePrint.jsx: {}
CloudNine/Components/VitePrint/VitePrint.jsx: {}
undefined: {}
undefined: {}
undefined: {}
undefined: {}
/var/www/localhost/htdocs/simple-react-ssr-vite-express/dist/server/entry-server.js: {}
CloudNine/devServer.js: {}
CloudNine/CSRServer/CSRServer.jsx: {}
CloudNine/SSRServer/SSRServer.jsx: {}
undefined: {}
CloudNine/devServer.js: {}
CloudNine/devServer.js: {}
CloudNine/devServer.js: {}
CloudNine/devServer.js: {}
CloudNine/devServer.js: {}
CloudNine/devServer.js: {}
CloudNine/CSRServer/CSRServer.jsx: {}
CloudNine/Components/VitePrint/VitePrint.jsx: {}
CloudNine/Components/VitePrint/VitePrint.jsx: Using EditorConfig core...
CloudNine/Components/VitePrint/VitePrint.jsx: {}
kikpaste/postcss.config.js: {"insertSpaces":true,"tabSize":2}
kikpaste/README.md: {"insertSpaces":true,"tabSize":2}
kikpaste/postcss.config.js: {"insertSpaces":true,"tabSize":2}
undefined: {}
undefined: {}
CloudNine/README.md: Using EditorConfig core...
kikpaste/postcss.config.js: {"insertSpaces":true,"tabSize":2}
kikpaste/postcss.config.js: {"insertSpaces":true,"tabSize":2}
kikpaste/postcss.config.js: {"insertSpaces":true,"tabSize":2}
CloudNine/Components/VitePrint/VitePrint.jsx: {}
CloudNine/CSRServer/CSRServer.jsx: {}
CloudNine/devServer.js: {}
CloudNine/devServer.js: {}
CloudNine/devServer.js: {}
CloudNine/devServer.js: {}
CloudNine/devServer.js: {}
CloudNine/devServer.js: {}
CloudNine/README.md: {}
CloudNine/README.md: Using EditorConfig core...
CloudNine/README.md: Using EditorConfig core...
CloudNine/README.md: Using EditorConfig core...
CloudNine/README.md: Using EditorConfig core...
CloudNine/README.md: Using EditorConfig core...
CloudNine/README.md: {}
CloudNine/README.md: {}
CloudNine/README.md: {}
CloudNine/README.md: Using EditorConfig core...
CloudNine/README.md: {}
CloudNine/README.md: {}
CloudNine/README.md: {}
CloudNine/README.md: {}
CloudNine/README.md: {}
CloudNine/devServer.js: {}
CloudNine/Components/VitePrint/VitePrint.jsx: {}
CloudNine/Components/VitePrint/VitePrint.jsx: Using EditorConfig core...
CloudNine/Components/VitePrint/VitePrint.jsx: {}
CloudNine/Components/VitePrint/VitePrint.jsx: Using EditorConfig core...
CloudNine/Components/VitePrint/VitePrint.jsx: {}
CloudNine/Components/VitePrint/VitePrint.jsx: {}
CloudNine/Components/VitePrint/VitePrint.jsx: {}
CloudNine/Components/VitePrint/VitePrint.jsx: {}
CloudNine/Components/VitePrint/VitePrint.jsx: {}
CloudNine/Components/VitePrint/VitePrint.jsx: {}
CloudNine/vite.config.js: {}
CloudNine/vite.config.js: Using EditorConfig core...
CloudNine/vite.config.js: Using EditorConfig core...
CloudNine/vite.config.js: Using EditorConfig core...
CloudNine/vite.config.js: Using EditorConfig core...
CloudNine/vite.config.js: {}
CloudNine/vite.config.js: {}
CloudNine/vite.config.js: Using EditorConfig core...
CloudNine/vite.config.js: {}
CloudNine/vite.config.js: Using EditorConfig core...
CloudNine/vite.config.js: Using EditorConfig core...
CloudNine/vite.config.js: Using EditorConfig core...
CloudNine/vite.config.js: Using EditorConfig core...
CloudNine/vite.config.js: {}
CloudNine/vite.config.js: {}
CloudNine/vite.config.js: Using EditorConfig core...
CloudNine/vite.config.js: Using EditorConfig core...
CloudNine/vite.config.js: Using EditorConfig core...
CloudNine/vite.config.js: Using EditorConfig core...
CloudNine/vite.config.js: Using EditorConfig core...
CloudNine/vite.config.js: Using EditorConfig core...
CloudNine/devServer.js: {}
CloudNine/devServer.js: {}
CloudNine/devServer.js: {}
CloudNine/devServer.js: {}
CloudNine/devServer.js: {}
CloudNine/devServer.js: {}
CloudNine/devServer.js: {}
CloudNine/devServer.js: {}
CloudNine/devServer.js: {}
CloudNine/devServer.js: {}
CloudNine/devServer.js: {}
CloudNine/devServer.js: {}
CloudNine/vite.config.js: {}
CloudNine/vite.config.js: Using EditorConfig core...
CloudNine/vite.config.js: {}
CloudNine/devServer.js: {}
CloudNine/devServer.js: {}
CloudNine/devServer.js: {}
/home/god/Desktop/MultiVerse.code-workspace: Using EditorConfig core...
simple-react-ssr-vite-express/src/entry-client.jsx: {}
simple-react-ssr-vite-express/src/entry-server.jsx: {}
simple-react-ssr-vite-express/server-dev.js: {}
simple-react-ssr-vite-express/server-prod.js: {}
simple-react-ssr-vite-express/server-dev.js: {}
simple-react-ssr-vite-express/server-prod.js: {}
simple-react-ssr-vite-express/server-prod.js: {}
simple-react-ssr-vite-express/server-dev.js: {}
simple-react-ssr-vite-express/server-dev.js: {}
simple-react-ssr-vite-express/server-dev.js: {}
simple-react-ssr-vite-express/src/entry-server.jsx: {}
simple-react-ssr-vite-express/src/app.jsx: {}
simple-react-ssr-vite-express/server-prod.js: {}
simple-react-ssr-vite-express/server-prod.js: {}
simple-react-ssr-vite-express/server-prod.js: {}
simple-react-ssr-vite-express/server-prod.js: {}
simple-react-ssr-vite-express/server-prod.js: {}
simple-react-ssr-vite-express/server-prod.js: {}
simple-react-ssr-vite-express/server-prod.js: {}
simple-react-ssr-vite-express/server-prod.js: {}
simple-react-ssr-vite-express/server-prod.js: {}
simple-react-ssr-vite-express/src/app.jsx: {}
simple-react-ssr-vite-express/server-dev.js: {}
simple-react-ssr-vite-express/src/app.jsx: {}
simple-react-ssr-vite-express/src/entry-server.jsx: {}
CloudNine/devServer.js: {}
CloudNine/devServer.js: {}
CloudNine/devServer.js: {}
CloudNine/SSRServer/SSRServer.jsx: {}
CloudNine/Components/VitePrint/VitePrint.jsx: {}
CloudNine/Components/VitePrint/VitePrint copy.jsx: {}
CloudNine/Components/VitePrint/VitePrintCSR.jsx: {}
CloudNine/Components/VitePrint/VitePrint.css: {}
CloudNine/Components/VitePrint/VitePrintCSR.jsx: {}
CloudNine/Components/VitePrint/VitePrint.jsx: {}
CloudNine/Components/VitePrint/VitePrintSSR.jsx: {}
CloudNine/Components/VitePrint/VitePrintSSR.jsx: {}
CloudNine/Components/BaseComponent/App.jsx: Using EditorConfig core...
CloudNine/Components/VitePrint/VitePrintSSR.jsx: Using EditorConfig core...
CloudNine/Components/VitePrint/VitePrintCSR.jsx: {}
CloudNine/Components/VitePrint/VitePrintCSR.jsx: Using EditorConfig core...
CloudNine/Components/VitePrint/VitePrintCSR.jsx: Using EditorConfig core...
CloudNine/Components/VitePrint/VitePrintCSR.jsx: Using EditorConfig core...
CloudNine/Components/VitePrint/VitePrintSSR.jsx: {}
CloudNine/Components/VitePrint/VitePrintSSR.jsx: Using EditorConfig core...
CloudNine/Components/VitePrint/VitePrint.css: {}
CloudNine/Components/BaseComponent/App.jsx: {}
CloudNine/Components/BaseComponent/App.jsx: Using EditorConfig core...
CloudNine/Components/BaseComponent/App.jsx: Using EditorConfig core...
CloudNine/Components/BaseComponent/App.jsx: Using EditorConfig core...
CloudNine/Components/BaseComponent/App.jsx: Using EditorConfig core...
CloudNine/Components/BaseComponent/App.jsx: Using EditorConfig core...
CloudNine/Components/BaseComponent/App.jsx: Using EditorConfig core...
CloudNine/Components/BaseComponent/App.jsx: {}
CloudNine/Components/VitePrint/VitePrintCSR.jsx: {}
CloudNine/Components/VitePrint/VitePrintCSR.jsx: Using EditorConfig core...
CloudNine/Components/VitePrint/VitePrintCSR.jsx: {}
CloudNine/Components/VitePrint/VitePrintCSR.jsx: {}
CloudNine/Components/VitePrint/VitePrintCSR.jsx: {}
CloudNine/Components/VitePrint/VitePrintCSR.jsx: {}
CloudNine/Components/BaseComponent/App.jsx: {}
CloudNine/Components/VitePrint/VitePrintSSR.jsx: {}
CloudNine/Components/VitePrint/VitePrintSSR.jsx: Using EditorConfig core...
CloudNine/Components/VitePrint/VitePrint.jsx: {}
CloudNine/Components/VitePrint/VitePrint.jsx: {}
CloudNine/Components/VitePrint/VitePrint.jsx: Using EditorConfig core...
CloudNine/Components/VitePrint/VitePrint.jsx: {}
CloudNine/Components/BaseComponent/App.jsx: Using EditorConfig core...
CloudNine/Components/VitePrint/VitePrintCSR.jsx: {}
CloudNine/Components/VitePrint/VitePrintCSR.jsx: {}
CloudNine/Components/VitePrint/VitePrint.jsx: {}
CloudNine/Components/VitePrint/VitePrintSSR.jsx: {}
CloudNine/Components/VitePrint/VitePrintSSR.jsx: {}
CloudNine/Components/VitePrint/VitePrint.jsx: {}
CloudNine/Components/BaseComponent/App.jsx: {}
CloudNine/Components/BaseComponent/App.jsx: Using EditorConfig core...
CloudNine/Components/BaseComponent/App.jsx: Using EditorConfig core...
CloudNine/Components/VitePrint/VitePrint.jsx: {}
CloudNine/Components/VitePrint/VitePrint.jsx: {}
CloudNine/Components/VitePrint/HotBuild.js: {}
CloudNine/Components/VitePrint/HotBuild.js: Using EditorConfig core...
CloudNine/Components/HotBuild/HotBuild.js: {}
CloudNine/Components/HotBuild/HotBuild.js: {}
CloudNine/vite.config.js: Using EditorConfig core...
CloudNine/Components/VitePrint/VitePrint.css: {}
CloudNine/Components/HotBuild/HotBuild.js: {}
CloudNine/Components/BaseComponent/App.jsx: {}
CloudNine/Components/VitePrint/VitePrint.jsx: {}
CloudNine/Components/VitePrint/VitePrint.jsx: {}
CloudNine/Components/VitePrint/VitePrint.jsx: Using EditorConfig core...
CloudNine/Components/VitePrint/VitePrint.jsx: {}
CloudNine/Components/VitePrint/VitePrint.jsx: Using EditorConfig core...
CloudNine/Components/BaseComponent/App.jsx: {}
CloudNine/Components/BaseComponent/App.jsx: Using EditorConfig core...
CloudNine/Components/BaseComponent/App.jsx: {}
CloudNine/Components/HotBuild/HotBuild.js: {}
CloudNine/vite.config.js: {}
CloudNine/vite.config.js: Using EditorConfig core...
CloudNine/vite.config.js: Using EditorConfig core...
CloudNine/vite.config.js: Using EditorConfig core...
CloudNine/vite.config.js: Using EditorConfig core...
CloudNine/vite.config.js: {}
CloudNine/tsconfig.json: {}
CloudNine/README.md: {}
CloudNine/package.json: {}
No more open editors.
No more open editors.
No more open editors.
CloudNine/devServer.js: {}
CloudNine/vite.config.js: {}
CloudNine/README.md: {}
CloudNine/README.md: {}
CloudNine/README.md: Using EditorConfig core...
CloudNine/README.md: {}
CloudNine/README.md: Using EditorConfig core...
CloudNine/README.md: {}
CloudNine/README.md: Using EditorConfig core...
CloudNine/README.md: {}
CloudNine/README.md: Using EditorConfig core...
/home/god/Desktop/MultiVerse.code-workspace: Using EditorConfig core...
CloudNine/README.md: {}
CloudNine/README.md: {}
CloudNine/README.md: {}
CloudNine/README.md: {}
CloudNine/vite.config.js: {}
CloudNine/Components/BaseComponent/App.jsx: {}
CloudNine/Components/BaseComponent/App.jsx: {}
CloudNine/Components/VitePrint/VitePrint.jsx: {}
CloudNine/Components/BaseComponent/App.jsx: {}
CloudNine/vite.config.js.timestamp-1707296982385-4cfe0e2cef759.mjs: {}
CloudNine/vite.config.js.timestamp-1707296982385-4cfe0e2cef759.mjs: {}
CloudNine/Components/BaseComponent/App.jsx: {}
CloudNine/Components/VitePrint/VitePrint.jsx: {}
CloudNine/Components/VitePrint/VitePrint.jsx: Using EditorConfig core...
CloudNine/Components/VitePrint/VitePrint.jsx: Using EditorConfig core...
CloudNine/Components/VitePrint/VitePrint.jsx: Using EditorConfig core...
CloudNine/Components/VitePrint/VitePrint.jsx: Using EditorConfig core...
CloudNine/Components/VitePrint/VitePrint.jsx: Using EditorConfig core...
CloudNine/Components/VitePrint/VitePrint.jsx: Using EditorConfig core...
CloudNine/Components/VitePrint/VitePrint.jsx: Using EditorConfig core...
CloudNine/Components/VitePrint/VitePrint.jsx: {}
CloudNine/index.html: {}
CloudNine/index.html: {}
CloudNine/Assets/CloudNine.svg: {}
CloudNine/index.html: {}
CloudNine/index.html: Using EditorConfig core...
CloudNine/index.html: {}
CloudNine/index.html: {}
CloudNine/Components/VitePrint/VitePrint.jsx: {}
CloudNine/Components/VitePrint/VitePrint.jsx: Using EditorConfig core...
CloudNine/Components/VitePrint/VitePrint.jsx: Using EditorConfig core...
CloudNine/Components/VitePrint/VitePrint.jsx: {}
CloudNine/Components/VitePrint/VitePrint.jsx: Using EditorConfig core...
CloudNine/Components/VitePrint/VitePrint.jsx: {}
CloudNine/Components/VitePrint/VitePrint.jsx: {}
CloudNine/Components/VitePrint/VitePrint.jsx: {}
CloudNine/Components/VitePrint/VitePrint.jsx: {}
CloudNine/SSRServer/SSRServer.jsx: {}
CloudNine/devServer.js: {}
CloudNine/devServer.js: {}
CloudNine/devServer.js: {}
/home/god/.config/Code - Insiders/User/settings.json: {}
/home/god/.config/Code - Insiders/User/settings.json: Using EditorConfig core...
/home/god/.config/Code - Insiders/User/settings.json: Using EditorConfig core...
