[2024-02-07 21:03:11.153] Starting Git Graph ...
[2024-02-07 21:03:37.938] Using git (version: 2.39.3)
[2024-02-07 21:03:37.985] > git rev-parse --show-toplevel
[2024-02-07 21:03:38.040] > git rev-parse --show-toplevel
[2024-02-07 21:03:38.082] > git rev-parse --show-toplevel
[2024-02-07 21:03:38.082] Showing "Git Graph" Status Bar Item
[2024-02-07 21:03:38.084] Started Git Graph - Ready to use!
[2024-02-07 21:03:59.367] > git rev-parse --show-toplevel
[2024-02-07 21:03:59.419] > git rev-parse --show-toplevel
[2024-02-07 21:03:59.472] > git rev-parse --show-toplevel
[2024-02-07 21:03:59.475] Successfully set Visual Studio Code Context "git-graph:codiconsSupported" to "true"
[2024-02-07 21:04:01.320] > git rev-parse --show-toplevel
[2024-02-07 21:04:05.090] Searching workspace for new repos ...
[2024-02-07 21:04:05.090] Completed searching workspace for new repos
[2024-02-07 22:15:37.977] > git rev-parse --show-toplevel
[2024-02-07 22:15:38.058] Added new repo: /var/www/localhost/htdocs/simple-react-ssr-vite-express
[2024-02-07 22:43:56.141] Removed repo: /var/www/localhost/htdocs/simple-react-ssr-vite-express
[2024-02-08 05:54:36.030] > git rev-parse --show-toplevel
[2024-02-08 05:54:36.096] Added new repo: /var/www/localhost/htdocs/simple-react-ssr-vite-express
[2024-02-08 15:54:43.641] Removed repo: /var/www/localhost/htdocs/simple-react-ssr-vite-express
