[2024-02-07 10:04:02:232] CodeStream (Insiders) v15.1.1-4430 in VS Code (v1.82.0-insider) starting...
[2024-02-07 10:04:02:233] Proxy support is in override with url=http://10.1.1.154:2020, strictSSL=true
[2024-02-07 10:04:07:559] no NewRelic telemetry - The user aborted a request.
[2024-02-07 10:04:07:561] autoSignIn enabled
[2024-02-07 10:04:07:561] autoSignIn did not find teamId
[2024-02-07 10:04:07:565] no NewRelic telemetry
[2024-02-07 10:04:23:107] CodeStream (Insiders) v15.1.1-4430 started • 36793 ms
[2024-02-07 10:04:23:151] WebviewSidebar: FAILED posting codestream/refreshMaintenancePoll to the sidebar
[2024-02-07 10:04:23:154] [1] CodeStreamAgentConnection.onApiVersionCompatibilityChanged
[2024-02-07 10:04:23:154] [2] SidebarController.onApiVersionChanged
[2024-02-07 10:04:23:154] [2] SidebarController.onApiVersionChanged completed • 0 ms
[2024-02-07 10:04:23:154] [1] CodeStreamAgentConnection.onApiVersionCompatibilityChanged completed • 0 ms
[2024-02-07 10:04:28:227] WebviewSidebar: FAILED posting webview/editors/didChangeVisible to the sidebar; The Sidebar is invisible and can't receive messages
[2024-02-07 10:04:28:241] WebviewSidebar: FAILED posting webview/editors/didChangeVisible to the sidebar; The Sidebar is invisible and can't receive messages
[2024-02-07 10:04:28:884] WebviewSidebar: FAILED posting webview/editor/didChangeActive to the sidebar; The Sidebar is invisible and can't receive messages
[2024-02-07 10:04:32:655] WebviewSidebar: FAILED posting webview/editors/didChangeVisible to the sidebar; The Sidebar is invisible and can't receive messages
[2024-02-07 10:04:32:731] WebviewSidebar: FAILED posting webview/editors/didChangeVisible to the sidebar; The Sidebar is invisible and can't receive messages
[2024-02-07 10:04:33:673] WebviewSidebar: FAILED posting webview/editor/didChangeActive to the sidebar; The Sidebar is invisible and can't receive messages
[2024-02-07 10:04:36:544] WebviewSidebar: FAILED posting webview/editors/didChangeVisible to the sidebar; The Sidebar is invisible and can't receive messages
[2024-02-07 10:04:36:601] WebviewSidebar: FAILED posting webview/editors/didChangeVisible to the sidebar; The Sidebar is invisible and can't receive messages
[2024-02-07 10:04:37:105] WebviewSidebar: FAILED posting webview/editor/didChangeActive to the sidebar; The Sidebar is invisible and can't receive messages
[2024-02-07 10:08:01:832] WebviewSidebar: FAILED posting webview/editors/didChangeVisible to the sidebar; The Sidebar is invisible and can't receive messages
[2024-02-07 10:08:01:872] WebviewSidebar: FAILED posting webview/editors/didChangeVisible to the sidebar; The Sidebar is invisible and can't receive messages
[2024-02-07 10:08:02:373] WebviewSidebar: FAILED posting webview/editor/didChangeActive to the sidebar; The Sidebar is invisible and can't receive messages
[2024-02-07 10:08:05:326] WebviewSidebar: FAILED posting webview/editors/didChangeVisible to the sidebar; The Sidebar is invisible and can't receive messages
[2024-02-07 10:08:05:384] WebviewSidebar: FAILED posting webview/editors/didChangeVisible to the sidebar; The Sidebar is invisible and can't receive messages
[2024-02-07 10:08:06:020] WebviewSidebar: FAILED posting webview/editor/didChangeActive to the sidebar; The Sidebar is invisible and can't receive messages
[2024-02-07 10:08:07:889] WebviewSidebar: FAILED posting webview/editors/didChangeVisible to the sidebar; The Sidebar is invisible and can't receive messages
[2024-02-07 10:08:07:908] WebviewSidebar: FAILED posting webview/editors/didChangeVisible to the sidebar; The Sidebar is invisible and can't receive messages
[2024-02-07 10:08:08:409] WebviewSidebar: FAILED posting webview/editor/didChangeActive to the sidebar; The Sidebar is invisible and can't receive messages
[2024-02-07 10:08:10:543] WebviewSidebar: FAILED posting webview/editors/didChangeVisible to the sidebar; The Sidebar is invisible and can't receive messages
[2024-02-07 10:08:10:565] WebviewSidebar: FAILED posting webview/editors/didChangeVisible to the sidebar; The Sidebar is invisible and can't receive messages
[2024-02-07 10:08:11:066] WebviewSidebar: FAILED posting webview/editor/didChangeActive to the sidebar; The Sidebar is invisible and can't receive messages
[2024-02-07 10:08:12:412] WebviewSidebar: FAILED posting webview/editors/didChangeVisible to the sidebar; The Sidebar is invisible and can't receive messages
[2024-02-07 10:08:12:432] WebviewSidebar: FAILED posting webview/editors/didChangeVisible to the sidebar; The Sidebar is invisible and can't receive messages
[2024-02-07 10:08:12:933] WebviewSidebar: FAILED posting webview/editor/didChangeActive to the sidebar; The Sidebar is invisible and can't receive messages
[2024-02-07 10:10:17:929] WebviewSidebar: FAILED posting webview/editors/didChangeVisible to the sidebar; The Sidebar is invisible and can't receive messages
[2024-02-07 10:10:17:939] WebviewSidebar: FAILED posting webview/editors/didChangeVisible to the sidebar; The Sidebar is invisible and can't receive messages
[2024-02-07 10:10:18:490] WebviewSidebar: FAILED posting webview/editor/didChangeActive to the sidebar; The Sidebar is invisible and can't receive messages
[2024-02-07 10:10:47:532] WebviewSidebar: FAILED posting webview/editors/didChangeVisible to the sidebar; The Sidebar is invisible and can't receive messages
[2024-02-07 10:10:47:557] WebviewSidebar: FAILED posting webview/editors/didChangeVisible to the sidebar; The Sidebar is invisible and can't receive messages
[2024-02-07 10:10:48:058] WebviewSidebar: FAILED posting webview/editor/didChangeActive to the sidebar; The Sidebar is invisible and can't receive messages
[2024-02-07 10:11:02:171] WebviewSidebar: FAILED posting webview/editors/didChangeVisible to the sidebar; The Sidebar is invisible and can't receive messages
[2024-02-07 10:11:02:197] WebviewSidebar: FAILED posting webview/editors/didChangeVisible to the sidebar; The Sidebar is invisible and can't receive messages
[2024-02-07 10:11:02:698] WebviewSidebar: FAILED posting webview/editor/didChangeActive to the sidebar; The Sidebar is invisible and can't receive messages
[2024-02-07 10:11:36:180] WebviewSidebar: FAILED posting webview/editors/didChangeVisible to the sidebar; The Sidebar is invisible and can't receive messages
[2024-02-07 10:11:36:216] WebviewSidebar: FAILED posting webview/editors/didChangeVisible to the sidebar; The Sidebar is invisible and can't receive messages
[2024-02-07 10:11:36:717] WebviewSidebar: FAILED posting webview/editor/didChangeActive to the sidebar; The Sidebar is invisible and can't receive messages
[2024-02-07 10:11:54:147] WebviewSidebar: FAILED posting webview/editors/didChangeVisible to the sidebar; The Sidebar is invisible and can't receive messages
[2024-02-07 10:11:54:173] WebviewSidebar: FAILED posting webview/editors/didChangeVisible to the sidebar; The Sidebar is invisible and can't receive messages
[2024-02-07 10:11:54:674] WebviewSidebar: FAILED posting webview/editor/didChangeActive to the sidebar; The Sidebar is invisible and can't receive messages
[2024-02-07 10:11:59:606] WebviewSidebar: FAILED posting webview/editors/didChangeVisible to the sidebar; The Sidebar is invisible and can't receive messages
[2024-02-07 10:11:59:627] WebviewSidebar: FAILED posting webview/editors/didChangeVisible to the sidebar; The Sidebar is invisible and can't receive messages
[2024-02-07 10:12:00:179] WebviewSidebar: FAILED posting webview/editor/didChangeActive to the sidebar; The Sidebar is invisible and can't receive messages
[2024-02-07 10:12:00:773] WebviewSidebar: FAILED posting webview/editors/didChangeVisible to the sidebar; The Sidebar is invisible and can't receive messages
[2024-02-07 10:12:00:799] WebviewSidebar: FAILED posting webview/editors/didChangeVisible to the sidebar; The Sidebar is invisible and can't receive messages
[2024-02-07 10:12:01:300] WebviewSidebar: FAILED posting webview/editor/didChangeActive to the sidebar; The Sidebar is invisible and can't receive messages
[2024-02-07 10:12:31:740] WebviewSidebar: FAILED posting webview/editors/didChangeVisible to the sidebar; The Sidebar is invisible and can't receive messages
[2024-02-07 10:12:31:769] WebviewSidebar: FAILED posting webview/editors/didChangeVisible to the sidebar; The Sidebar is invisible and can't receive messages
[2024-02-07 10:12:32:287] WebviewSidebar: FAILED posting webview/editor/didChangeActive to the sidebar; The Sidebar is invisible and can't receive messages
[2024-02-07 10:13:07:458] WebviewSidebar: FAILED posting webview/editors/didChangeVisible to the sidebar; The Sidebar is invisible and can't receive messages
[2024-02-07 10:13:07:501] WebviewSidebar: FAILED posting webview/editors/didChangeVisible to the sidebar; The Sidebar is invisible and can't receive messages
[2024-02-07 10:13:08:022] WebviewSidebar: FAILED posting webview/editor/didChangeActive to the sidebar; The Sidebar is invisible and can't receive messages
[2024-02-07 10:13:51:921] WebviewSidebar: FAILED posting webview/editors/didChangeVisible to the sidebar; The Sidebar is invisible and can't receive messages
[2024-02-07 10:13:51:956] WebviewSidebar: FAILED posting webview/editors/didChangeVisible to the sidebar; The Sidebar is invisible and can't receive messages
[2024-02-07 10:13:52:482] WebviewSidebar: FAILED posting webview/editor/didChangeActive to the sidebar; The Sidebar is invisible and can't receive messages
[2024-02-07 10:14:12:837] WebviewSidebar: FAILED posting webview/editors/didChangeVisible to the sidebar; The Sidebar is invisible and can't receive messages
[2024-02-07 10:14:12:863] WebviewSidebar: FAILED posting webview/editors/didChangeVisible to the sidebar; The Sidebar is invisible and can't receive messages
[2024-02-07 10:14:13:369] WebviewSidebar: FAILED posting webview/editor/didChangeActive to the sidebar; The Sidebar is invisible and can't receive messages
[2024-02-07 10:14:35:929] WebviewSidebar: FAILED posting webview/editors/didChangeVisible to the sidebar; The Sidebar is invisible and can't receive messages
[2024-02-07 10:14:35:974] WebviewSidebar: FAILED posting webview/editors/didChangeVisible to the sidebar; The Sidebar is invisible and can't receive messages
[2024-02-07 10:14:36:524] WebviewSidebar: FAILED posting webview/editor/didChangeActive to the sidebar; The Sidebar is invisible and can't receive messages
[2024-02-07 10:14:58:608] WebviewSidebar: FAILED posting webview/editors/didChangeVisible to the sidebar; The Sidebar is invisible and can't receive messages
[2024-02-07 10:14:58:675] WebviewSidebar: FAILED posting webview/editors/didChangeVisible to the sidebar; The Sidebar is invisible and can't receive messages
[2024-02-07 10:14:59:525] WebviewSidebar: FAILED posting webview/editor/didChangeActive to the sidebar; The Sidebar is invisible and can't receive messages
[2024-02-07 10:29:34:852] WebviewSidebar: FAILED posting webview/editors/didChangeVisible to the sidebar; The Sidebar is invisible and can't receive messages
[2024-02-07 10:29:34:878] WebviewSidebar: FAILED posting webview/editors/didChangeVisible to the sidebar; The Sidebar is invisible and can't receive messages
[2024-02-07 10:29:35:384] WebviewSidebar: FAILED posting webview/editor/didChangeActive to the sidebar; The Sidebar is invisible and can't receive messages
[2024-02-07 10:29:55:209] WebviewSidebar: FAILED posting webview/editors/didChangeVisible to the sidebar; The Sidebar is invisible and can't receive messages
[2024-02-07 10:29:55:246] WebviewSidebar: FAILED posting webview/editors/didChangeVisible to the sidebar; The Sidebar is invisible and can't receive messages
[2024-02-07 10:29:56:094] WebviewSidebar: FAILED posting webview/editor/didChangeActive to the sidebar; The Sidebar is invisible and can't receive messages
[2024-02-07 10:30:19:930] WebviewSidebar: FAILED posting webview/editors/didChangeVisible to the sidebar; The Sidebar is invisible and can't receive messages
[2024-02-07 10:30:19:959] WebviewSidebar: FAILED posting webview/editors/didChangeVisible to the sidebar; The Sidebar is invisible and can't receive messages
[2024-02-07 10:30:20:459] WebviewSidebar: FAILED posting webview/editor/didChangeActive to the sidebar; The Sidebar is invisible and can't receive messages
[2024-02-07 10:32:15:853] WebviewSidebar: FAILED posting webview/editors/didChangeVisible to the sidebar; The Sidebar is invisible and can't receive messages
[2024-02-07 10:32:15:901] WebviewSidebar: FAILED posting webview/editors/didChangeVisible to the sidebar; The Sidebar is invisible and can't receive messages
[2024-02-07 10:32:16:522] WebviewSidebar: FAILED posting webview/editor/didChangeActive to the sidebar; The Sidebar is invisible and can't receive messages
[2024-02-07 10:32:27:428] WebviewSidebar: FAILED posting webview/editors/didChangeVisible to the sidebar; The Sidebar is invisible and can't receive messages
[2024-02-07 10:32:27:456] WebviewSidebar: FAILED posting webview/editors/didChangeVisible to the sidebar; The Sidebar is invisible and can't receive messages
[2024-02-07 10:32:28:025] WebviewSidebar: FAILED posting webview/editor/didChangeActive to the sidebar; The Sidebar is invisible and can't receive messages
[2024-02-07 10:32:32:973] WebviewSidebar: FAILED posting webview/editors/didChangeVisible to the sidebar; The Sidebar is invisible and can't receive messages
[2024-02-07 10:32:33:004] WebviewSidebar: FAILED posting webview/editors/didChangeVisible to the sidebar; The Sidebar is invisible and can't receive messages
[2024-02-07 10:32:33:607] WebviewSidebar: FAILED posting webview/editor/didChangeActive to the sidebar; The Sidebar is invisible and can't receive messages
[2024-02-07 10:46:10:820] WebviewSidebar: FAILED posting webview/editors/didChangeVisible to the sidebar; The Sidebar is invisible and can't receive messages
[2024-02-07 10:46:10:845] WebviewSidebar: FAILED posting webview/editors/didChangeVisible to the sidebar; The Sidebar is invisible and can't receive messages
[2024-02-07 10:46:11:389] WebviewSidebar: FAILED posting webview/editor/didChangeActive to the sidebar; The Sidebar is invisible and can't receive messages
[2024-02-07 10:46:12:922] WebviewSidebar: FAILED posting webview/editors/didChangeVisible to the sidebar; The Sidebar is invisible and can't receive messages
[2024-02-07 10:46:12:942] WebviewSidebar: FAILED posting webview/editors/didChangeVisible to the sidebar; The Sidebar is invisible and can't receive messages
[2024-02-07 10:46:13:448] WebviewSidebar: FAILED posting webview/editor/didChangeActive to the sidebar; The Sidebar is invisible and can't receive messages
[2024-02-07 10:46:27:854] WebviewSidebar: FAILED posting webview/editors/didChangeVisible to the sidebar; The Sidebar is invisible and can't receive messages
[2024-02-07 10:46:27:987] WebviewSidebar: FAILED posting webview/editors/didChangeVisible to the sidebar; The Sidebar is invisible and can't receive messages
[2024-02-07 10:46:27:993] WebviewSidebar: FAILED posting webview/editors/didChangeVisible to the sidebar; The Sidebar is invisible and can't receive messages
[2024-02-07 10:46:28:527] WebviewSidebar: FAILED posting webview/editor/didChangeActive to the sidebar; The Sidebar is invisible and can't receive messages
[2024-02-07 10:46:30:872] WebviewSidebar: FAILED posting webview/editors/didChangeVisible to the sidebar; The Sidebar is invisible and can't receive messages
[2024-02-07 10:46:30:873] WebviewSidebar: FAILED posting webview/editors/didChangeVisible to the sidebar; The Sidebar is invisible and can't receive messages
[2024-02-07 10:46:30:905] WebviewSidebar: FAILED posting webview/editors/didChangeVisible to the sidebar; The Sidebar is invisible and can't receive messages
[2024-02-07 10:46:31:482] WebviewSidebar: FAILED posting webview/editor/didChangeActive to the sidebar; The Sidebar is invisible and can't receive messages
[2024-02-07 10:46:41:591] WebviewSidebar: FAILED posting webview/editors/didChangeVisible to the sidebar; The Sidebar is invisible and can't receive messages
[2024-02-07 10:46:41:638] WebviewSidebar: FAILED posting webview/editors/didChangeVisible to the sidebar; The Sidebar is invisible and can't receive messages
[2024-02-07 10:46:42:139] WebviewSidebar: FAILED posting webview/editor/didChangeActive to the sidebar; The Sidebar is invisible and can't receive messages
[2024-02-07 10:55:58:240] WebviewSidebar: FAILED posting webview/editors/didChangeVisible to the sidebar; The Sidebar is invisible and can't receive messages
[2024-02-07 10:55:58:285] WebviewSidebar: FAILED posting webview/editors/didChangeVisible to the sidebar; The Sidebar is invisible and can't receive messages
[2024-02-07 10:55:58:789] WebviewSidebar: FAILED posting webview/editor/didChangeActive to the sidebar; The Sidebar is invisible and can't receive messages
[2024-02-07 10:56:18:260] WebviewSidebar: FAILED posting webview/editors/didChangeVisible to the sidebar; The Sidebar is invisible and can't receive messages
[2024-02-07 10:56:18:310] WebviewSidebar: FAILED posting webview/editors/didChangeVisible to the sidebar; The Sidebar is invisible and can't receive messages
[2024-02-07 10:56:18:989] WebviewSidebar: FAILED posting webview/editor/didChangeActive to the sidebar; The Sidebar is invisible and can't receive messages
[2024-02-07 10:56:26:595] WebviewSidebar: FAILED posting webview/editors/didChangeVisible to the sidebar; The Sidebar is invisible and can't receive messages
[2024-02-07 10:56:26:627] WebviewSidebar: FAILED posting webview/editors/didChangeVisible to the sidebar; The Sidebar is invisible and can't receive messages
[2024-02-07 10:56:27:128] WebviewSidebar: FAILED posting webview/editor/didChangeActive to the sidebar; The Sidebar is invisible and can't receive messages
[2024-02-07 10:56:44:279] WebviewSidebar: FAILED posting webview/editors/didChangeVisible to the sidebar; The Sidebar is invisible and can't receive messages
[2024-02-07 10:56:44:441] WebviewSidebar: FAILED posting webview/editors/didChangeVisible to the sidebar; The Sidebar is invisible and can't receive messages
[2024-02-07 10:56:44:960] WebviewSidebar: FAILED posting webview/editor/didChangeActive to the sidebar; The Sidebar is invisible and can't receive messages
[2024-02-07 10:58:50:609] WebviewSidebar: FAILED posting webview/editors/didChangeVisible to the sidebar; The Sidebar is invisible and can't receive messages
[2024-02-07 10:58:50:651] WebviewSidebar: FAILED posting webview/editors/didChangeVisible to the sidebar; The Sidebar is invisible and can't receive messages
[2024-02-07 10:58:51:152] WebviewSidebar: FAILED posting webview/editor/didChangeActive to the sidebar; The Sidebar is invisible and can't receive messages
[2024-02-07 10:59:02:855] WebviewSidebar: FAILED posting webview/editors/didChangeVisible to the sidebar; The Sidebar is invisible and can't receive messages
[2024-02-07 10:59:02:893] WebviewSidebar: FAILED posting webview/editors/didChangeVisible to the sidebar; The Sidebar is invisible and can't receive messages
[2024-02-07 10:59:03:394] WebviewSidebar: FAILED posting webview/editor/didChangeActive to the sidebar; The Sidebar is invisible and can't receive messages
[2024-02-07 10:59:25:641] WebviewSidebar: FAILED posting webview/editors/didChangeVisible to the sidebar; The Sidebar is invisible and can't receive messages
[2024-02-07 10:59:25:689] WebviewSidebar: FAILED posting webview/editors/didChangeVisible to the sidebar; The Sidebar is invisible and can't receive messages
[2024-02-07 10:59:26:245] WebviewSidebar: FAILED posting webview/editor/didChangeActive to the sidebar; The Sidebar is invisible and can't receive messages
[2024-02-07 10:59:54:264] WebviewSidebar: FAILED posting webview/editors/didChangeVisible to the sidebar; The Sidebar is invisible and can't receive messages
[2024-02-07 10:59:54:313] WebviewSidebar: FAILED posting webview/editors/didChangeVisible to the sidebar; The Sidebar is invisible and can't receive messages
[2024-02-07 10:59:54:903] WebviewSidebar: FAILED posting webview/editor/didChangeActive to the sidebar; The Sidebar is invisible and can't receive messages
[2024-02-07 11:02:41:193] WebviewSidebar: FAILED posting webview/editors/didChangeVisible to the sidebar; The Sidebar is invisible and can't receive messages
[2024-02-07 11:02:41:233] WebviewSidebar: FAILED posting webview/editors/didChangeVisible to the sidebar; The Sidebar is invisible and can't receive messages
[2024-02-07 11:02:41:757] WebviewSidebar: FAILED posting webview/editor/didChangeActive to the sidebar; The Sidebar is invisible and can't receive messages
[2024-02-07 11:03:21:638] WebviewSidebar: FAILED posting webview/editors/didChangeVisible to the sidebar; The Sidebar is invisible and can't receive messages
[2024-02-07 11:03:21:690] WebviewSidebar: FAILED posting webview/editors/didChangeVisible to the sidebar; The Sidebar is invisible and can't receive messages
[2024-02-07 11:03:22:192] WebviewSidebar: FAILED posting webview/editor/didChangeActive to the sidebar; The Sidebar is invisible and can't receive messages
[2024-02-07 11:13:31:689] WebviewSidebar: FAILED posting webview/editors/didChangeVisible to the sidebar; The Sidebar is invisible and can't receive messages
[2024-02-07 11:13:31:745] WebviewSidebar: FAILED posting webview/editors/didChangeVisible to the sidebar; The Sidebar is invisible and can't receive messages
[2024-02-07 11:13:32:302] WebviewSidebar: FAILED posting webview/editor/didChangeActive to the sidebar; The Sidebar is invisible and can't receive messages
[2024-02-07 11:13:57:640] WebviewSidebar: FAILED posting webview/editors/didChangeVisible to the sidebar; The Sidebar is invisible and can't receive messages
[2024-02-07 11:13:57:766] WebviewSidebar: FAILED posting webview/editors/didChangeVisible to the sidebar; The Sidebar is invisible and can't receive messages
[2024-02-07 11:13:58:411] WebviewSidebar: FAILED posting webview/editor/didChangeActive to the sidebar; The Sidebar is invisible and can't receive messages
[2024-02-07 11:15:37:980] WebviewSidebar: FAILED posting ${IpcRoutes.Webview}/didChangeWorkspaceFolders to the sidebar; The Sidebar is invisible and can't receive messages
[2024-02-07 11:15:41:730] WebviewSidebar: FAILED posting webview/editors/didChangeVisible to the sidebar; The Sidebar is invisible and can't receive messages
[2024-02-07 11:15:41:792] WebviewSidebar: FAILED posting webview/editors/didChangeVisible to the sidebar; The Sidebar is invisible and can't receive messages
[2024-02-07 11:15:42:335] WebviewSidebar: FAILED posting webview/editor/didChangeActive to the sidebar; The Sidebar is invisible and can't receive messages
[2024-02-07 11:16:32:598] WebviewSidebar: FAILED posting webview/editors/didChangeVisible to the sidebar; The Sidebar is invisible and can't receive messages
[2024-02-07 11:16:32:708] WebviewSidebar: FAILED posting webview/editors/didChangeVisible to the sidebar; The Sidebar is invisible and can't receive messages
[2024-02-07 11:16:33:209] WebviewSidebar: FAILED posting webview/editor/didChangeActive to the sidebar; The Sidebar is invisible and can't receive messages
[2024-02-07 11:16:33:688] WebviewSidebar: FAILED posting webview/editors/didChangeVisible to the sidebar; The Sidebar is invisible and can't receive messages
[2024-02-07 11:16:33:698] WebviewSidebar: FAILED posting webview/editors/didChangeVisible to the sidebar; The Sidebar is invisible and can't receive messages
[2024-02-07 11:16:34:219] WebviewSidebar: FAILED posting webview/editor/didChangeActive to the sidebar; The Sidebar is invisible and can't receive messages
[2024-02-07 11:16:34:586] WebviewSidebar: FAILED posting webview/editors/didChangeVisible to the sidebar; The Sidebar is invisible and can't receive messages
[2024-02-07 11:16:34:653] WebviewSidebar: FAILED posting webview/editors/didChangeVisible to the sidebar; The Sidebar is invisible and can't receive messages
[2024-02-07 11:16:35:206] WebviewSidebar: FAILED posting webview/editor/didChangeActive to the sidebar; The Sidebar is invisible and can't receive messages
[2024-02-07 11:16:35:350] WebviewSidebar: FAILED posting webview/editors/didChangeVisible to the sidebar; The Sidebar is invisible and can't receive messages
[2024-02-07 11:16:35:356] WebviewSidebar: FAILED posting webview/editors/didChangeVisible to the sidebar; The Sidebar is invisible and can't receive messages
[2024-02-07 11:16:35:884] WebviewSidebar: FAILED posting webview/editor/didChangeActive to the sidebar; The Sidebar is invisible and can't receive messages
[2024-02-07 11:16:41:912] WebviewSidebar: FAILED posting webview/editors/didChangeVisible to the sidebar; The Sidebar is invisible and can't receive messages
[2024-02-07 11:16:42:000] WebviewSidebar: FAILED posting webview/editors/didChangeVisible to the sidebar; The Sidebar is invisible and can't receive messages
[2024-02-07 11:16:42:619] WebviewSidebar: FAILED posting webview/editor/didChangeActive to the sidebar; The Sidebar is invisible and can't receive messages
[2024-02-07 11:16:44:606] WebviewSidebar: FAILED posting webview/editors/didChangeVisible to the sidebar; The Sidebar is invisible and can't receive messages
[2024-02-07 11:16:44:630] WebviewSidebar: FAILED posting webview/editors/didChangeVisible to the sidebar; The Sidebar is invisible and can't receive messages
[2024-02-07 11:16:45:131] WebviewSidebar: FAILED posting webview/editor/didChangeActive to the sidebar; The Sidebar is invisible and can't receive messages
[2024-02-07 11:16:45:999] WebviewSidebar: FAILED posting webview/editors/didChangeVisible to the sidebar; The Sidebar is invisible and can't receive messages
[2024-02-07 11:16:46:025] WebviewSidebar: FAILED posting webview/editors/didChangeVisible to the sidebar; The Sidebar is invisible and can't receive messages
[2024-02-07 11:16:46:525] WebviewSidebar: FAILED posting webview/editor/didChangeActive to the sidebar; The Sidebar is invisible and can't receive messages
[2024-02-07 11:16:48:190] WebviewSidebar: FAILED posting webview/editors/didChangeVisible to the sidebar; The Sidebar is invisible and can't receive messages
[2024-02-07 11:16:48:214] WebviewSidebar: FAILED posting webview/editors/didChangeVisible to the sidebar; The Sidebar is invisible and can't receive messages
[2024-02-07 11:16:48:715] WebviewSidebar: FAILED posting webview/editor/didChangeActive to the sidebar; The Sidebar is invisible and can't receive messages
[2024-02-07 11:17:15:968] WebviewSidebar: FAILED posting webview/editors/didChangeVisible to the sidebar; The Sidebar is invisible and can't receive messages
[2024-02-07 11:17:16:030] WebviewSidebar: FAILED posting webview/editors/didChangeVisible to the sidebar; The Sidebar is invisible and can't receive messages
[2024-02-07 11:17:16:543] WebviewSidebar: FAILED posting webview/editor/didChangeActive to the sidebar; The Sidebar is invisible and can't receive messages
[2024-02-07 11:17:20:264] WebviewSidebar: FAILED posting webview/editors/didChangeVisible to the sidebar; The Sidebar is invisible and can't receive messages
[2024-02-07 11:17:20:350] WebviewSidebar: FAILED posting webview/editors/didChangeVisible to the sidebar; The Sidebar is invisible and can't receive messages
[2024-02-07 11:17:20:934] WebviewSidebar: FAILED posting webview/editor/didChangeActive to the sidebar; The Sidebar is invisible and can't receive messages
[2024-02-07 11:17:26:832] WebviewSidebar: FAILED posting webview/editors/didChangeVisible to the sidebar; The Sidebar is invisible and can't receive messages
[2024-02-07 11:17:26:877] WebviewSidebar: FAILED posting webview/editors/didChangeVisible to the sidebar; The Sidebar is invisible and can't receive messages
[2024-02-07 11:17:27:377] WebviewSidebar: FAILED posting webview/editor/didChangeActive to the sidebar; The Sidebar is invisible and can't receive messages
[2024-02-07 11:17:28:647] WebviewSidebar: FAILED posting webview/editors/didChangeVisible to the sidebar; The Sidebar is invisible and can't receive messages
[2024-02-07 11:17:28:670] WebviewSidebar: FAILED posting webview/editors/didChangeVisible to the sidebar; The Sidebar is invisible and can't receive messages
[2024-02-07 11:17:29:184] WebviewSidebar: FAILED posting webview/editor/didChangeActive to the sidebar; The Sidebar is invisible and can't receive messages
[2024-02-07 11:17:29:840] WebviewSidebar: FAILED posting webview/editors/didChangeVisible to the sidebar; The Sidebar is invisible and can't receive messages
[2024-02-07 11:17:29:879] WebviewSidebar: FAILED posting webview/editors/didChangeVisible to the sidebar; The Sidebar is invisible and can't receive messages
[2024-02-07 11:17:30:380] WebviewSidebar: FAILED posting webview/editor/didChangeActive to the sidebar; The Sidebar is invisible and can't receive messages
[2024-02-07 11:17:31:096] WebviewSidebar: FAILED posting webview/editors/didChangeVisible to the sidebar; The Sidebar is invisible and can't receive messages
[2024-02-07 11:17:31:119] WebviewSidebar: FAILED posting webview/editors/didChangeVisible to the sidebar; The Sidebar is invisible and can't receive messages
[2024-02-07 11:17:31:619] WebviewSidebar: FAILED posting webview/editor/didChangeActive to the sidebar; The Sidebar is invisible and can't receive messages
[2024-02-07 11:17:33:798] WebviewSidebar: FAILED posting webview/editors/didChangeVisible to the sidebar; The Sidebar is invisible and can't receive messages
[2024-02-07 11:17:33:820] WebviewSidebar: FAILED posting webview/editors/didChangeVisible to the sidebar; The Sidebar is invisible and can't receive messages
[2024-02-07 11:17:34:342] WebviewSidebar: FAILED posting webview/editor/didChangeActive to the sidebar; The Sidebar is invisible and can't receive messages
[2024-02-07 11:17:38:735] WebviewSidebar: FAILED posting webview/editors/didChangeVisible to the sidebar; The Sidebar is invisible and can't receive messages
[2024-02-07 11:17:38:757] WebviewSidebar: FAILED posting webview/editors/didChangeVisible to the sidebar; The Sidebar is invisible and can't receive messages
[2024-02-07 11:17:39:258] WebviewSidebar: FAILED posting webview/editor/didChangeActive to the sidebar; The Sidebar is invisible and can't receive messages
[2024-02-07 11:17:39:802] WebviewSidebar: FAILED posting webview/editors/didChangeVisible to the sidebar; The Sidebar is invisible and can't receive messages
[2024-02-07 11:17:39:825] WebviewSidebar: FAILED posting webview/editors/didChangeVisible to the sidebar; The Sidebar is invisible and can't receive messages
[2024-02-07 11:17:40:325] WebviewSidebar: FAILED posting webview/editor/didChangeActive to the sidebar; The Sidebar is invisible and can't receive messages
[2024-02-07 11:18:12:633] WebviewSidebar: FAILED posting webview/editors/didChangeVisible to the sidebar; The Sidebar is invisible and can't receive messages
[2024-02-07 11:18:12:666] WebviewSidebar: FAILED posting webview/editors/didChangeVisible to the sidebar; The Sidebar is invisible and can't receive messages
[2024-02-07 11:18:13:167] WebviewSidebar: FAILED posting webview/editor/didChangeActive to the sidebar; The Sidebar is invisible and can't receive messages
[2024-02-07 11:19:15:735] WebviewSidebar: FAILED posting webview/editors/didChangeVisible to the sidebar; The Sidebar is invisible and can't receive messages
[2024-02-07 11:19:15:760] WebviewSidebar: FAILED posting webview/editors/didChangeVisible to the sidebar; The Sidebar is invisible and can't receive messages
[2024-02-07 11:19:16:262] WebviewSidebar: FAILED posting webview/editor/didChangeActive to the sidebar; The Sidebar is invisible and can't receive messages
[2024-02-07 11:43:56:147] WebviewSidebar: FAILED posting ${IpcRoutes.Webview}/didChangeWorkspaceFolders to the sidebar; The Sidebar is invisible and can't receive messages
[2024-02-07 11:44:07:143] WebviewSidebar: FAILED posting webview/editors/didChangeVisible to the sidebar; The Sidebar is invisible and can't receive messages
[2024-02-07 11:44:07:226] WebviewSidebar: FAILED posting webview/editors/didChangeVisible to the sidebar; The Sidebar is invisible and can't receive messages
[2024-02-07 11:44:07:815] WebviewSidebar: FAILED posting webview/editor/didChangeActive to the sidebar; The Sidebar is invisible and can't receive messages
[2024-02-07 11:44:58:115] WebviewSidebar: FAILED posting webview/editors/didChangeVisible to the sidebar; The Sidebar is invisible and can't receive messages
[2024-02-07 11:44:58:162] WebviewSidebar: FAILED posting webview/editors/didChangeVisible to the sidebar; The Sidebar is invisible and can't receive messages
[2024-02-07 11:44:58:721] WebviewSidebar: FAILED posting webview/editor/didChangeActive to the sidebar; The Sidebar is invisible and can't receive messages
[2024-02-07 11:45:10:899] WebviewSidebar: FAILED posting webview/editors/didChangeVisible to the sidebar; The Sidebar is invisible and can't receive messages
[2024-02-07 11:45:10:931] WebviewSidebar: FAILED posting webview/editors/didChangeVisible to the sidebar; The Sidebar is invisible and can't receive messages
[2024-02-07 11:45:11:384] WebviewSidebar: FAILED posting webview/editors/didChangeVisible to the sidebar; The Sidebar is invisible and can't receive messages
[2024-02-07 11:45:11:396] WebviewSidebar: FAILED posting webview/editors/didChangeVisible to the sidebar; The Sidebar is invisible and can't receive messages
[2024-02-07 11:45:11:896] WebviewSidebar: FAILED posting webview/editor/didChangeActive to the sidebar; The Sidebar is invisible and can't receive messages
[2024-02-07 11:45:18:811] WebviewSidebar: FAILED posting webview/editors/didChangeVisible to the sidebar; The Sidebar is invisible and can't receive messages
[2024-02-07 11:45:18:858] WebviewSidebar: FAILED posting webview/editors/didChangeVisible to the sidebar; The Sidebar is invisible and can't receive messages
[2024-02-07 11:45:19:358] WebviewSidebar: FAILED posting webview/editor/didChangeActive to the sidebar; The Sidebar is invisible and can't receive messages
[2024-02-07 11:45:21:079] WebviewSidebar: FAILED posting webview/editors/didChangeVisible to the sidebar; The Sidebar is invisible and can't receive messages
[2024-02-07 11:45:21:096] WebviewSidebar: FAILED posting webview/editors/didChangeVisible to the sidebar; The Sidebar is invisible and can't receive messages
[2024-02-07 11:45:21:625] WebviewSidebar: FAILED posting webview/editor/didChangeActive to the sidebar; The Sidebar is invisible and can't receive messages
[2024-02-07 11:45:23:184] WebviewSidebar: FAILED posting webview/editors/didChangeVisible to the sidebar; The Sidebar is invisible and can't receive messages
[2024-02-07 11:45:23:239] WebviewSidebar: FAILED posting webview/editors/didChangeVisible to the sidebar; The Sidebar is invisible and can't receive messages
[2024-02-07 11:45:23:747] WebviewSidebar: FAILED posting webview/editor/didChangeActive to the sidebar; The Sidebar is invisible and can't receive messages
[2024-02-07 11:45:26:265] WebviewSidebar: FAILED posting webview/editors/didChangeVisible to the sidebar; The Sidebar is invisible and can't receive messages
[2024-02-07 11:45:26:299] WebviewSidebar: FAILED posting webview/editors/didChangeVisible to the sidebar; The Sidebar is invisible and can't receive messages
[2024-02-07 11:45:26:800] WebviewSidebar: FAILED posting webview/editor/didChangeActive to the sidebar; The Sidebar is invisible and can't receive messages
[2024-02-07 11:45:30:295] WebviewSidebar: FAILED posting webview/editors/didChangeVisible to the sidebar; The Sidebar is invisible and can't receive messages
[2024-02-07 11:45:30:321] WebviewSidebar: FAILED posting webview/editors/didChangeVisible to the sidebar; The Sidebar is invisible and can't receive messages
[2024-02-07 11:45:30:823] WebviewSidebar: FAILED posting webview/editor/didChangeActive to the sidebar; The Sidebar is invisible and can't receive messages
[2024-02-07 16:32:06:897] WebviewSidebar: FAILED posting webview/editors/didChangeVisible to the sidebar; The Sidebar is invisible and can't receive messages
[2024-02-07 16:32:06:919] WebviewSidebar: FAILED posting webview/editors/didChangeVisible to the sidebar; The Sidebar is invisible and can't receive messages
[2024-02-07 16:32:08:152] WebviewSidebar: FAILED posting webview/editor/didChangeActive to the sidebar; The Sidebar is invisible and can't receive messages
[2024-02-07 16:33:42:250] WebviewSidebar: FAILED posting webview/editors/didChangeVisible to the sidebar; The Sidebar is invisible and can't receive messages
[2024-02-07 16:33:42:294] WebviewSidebar: FAILED posting webview/editors/didChangeVisible to the sidebar; The Sidebar is invisible and can't receive messages
[2024-02-07 16:33:42:938] WebviewSidebar: FAILED posting webview/editor/didChangeActive to the sidebar; The Sidebar is invisible and can't receive messages
[2024-02-07 16:33:44:915] WebviewSidebar: FAILED posting webview/editors/didChangeVisible to the sidebar; The Sidebar is invisible and can't receive messages
[2024-02-07 16:33:44:934] WebviewSidebar: FAILED posting webview/editors/didChangeVisible to the sidebar; The Sidebar is invisible and can't receive messages
[2024-02-07 16:33:45:436] WebviewSidebar: FAILED posting webview/editor/didChangeActive to the sidebar; The Sidebar is invisible and can't receive messages
[2024-02-07 16:33:49:464] WebviewSidebar: FAILED posting webview/editors/didChangeVisible to the sidebar; The Sidebar is invisible and can't receive messages
[2024-02-07 16:33:49:485] WebviewSidebar: FAILED posting webview/editors/didChangeVisible to the sidebar; The Sidebar is invisible and can't receive messages
[2024-02-07 16:33:50:019] WebviewSidebar: FAILED posting webview/editor/didChangeActive to the sidebar; The Sidebar is invisible and can't receive messages
[2024-02-07 16:33:50:385] WebviewSidebar: FAILED posting webview/editors/didChangeVisible to the sidebar; The Sidebar is invisible and can't receive messages
[2024-02-07 16:33:50:409] WebviewSidebar: FAILED posting webview/editors/didChangeVisible to the sidebar; The Sidebar is invisible and can't receive messages
[2024-02-07 16:33:50:910] WebviewSidebar: FAILED posting webview/editor/didChangeActive to the sidebar; The Sidebar is invisible and can't receive messages
[2024-02-07 16:33:58:119] WebviewSidebar: FAILED posting webview/editors/didChangeVisible to the sidebar; The Sidebar is invisible and can't receive messages
[2024-02-07 16:33:58:130] WebviewSidebar: FAILED posting webview/editors/didChangeVisible to the sidebar; The Sidebar is invisible and can't receive messages
[2024-02-07 16:33:58:619] WebviewSidebar: FAILED posting webview/editor/didChangeActive to the sidebar; The Sidebar is invisible and can't receive messages
[2024-02-07 16:34:02:642] WebviewSidebar: FAILED posting webview/editors/didChangeVisible to the sidebar; The Sidebar is invisible and can't receive messages
[2024-02-07 16:34:02:741] WebviewSidebar: FAILED posting webview/editors/didChangeVisible to the sidebar; The Sidebar is invisible and can't receive messages
[2024-02-07 16:34:03:373] WebviewSidebar: FAILED posting webview/editor/didChangeActive to the sidebar; The Sidebar is invisible and can't receive messages
[2024-02-07 16:34:51:161] WebviewSidebar: FAILED posting webview/editors/didChangeVisible to the sidebar; The Sidebar is invisible and can't receive messages
[2024-02-07 16:34:51:231] WebviewSidebar: FAILED posting webview/editors/didChangeVisible to the sidebar; The Sidebar is invisible and can't receive messages
[2024-02-07 16:34:51:798] WebviewSidebar: FAILED posting webview/editor/didChangeActive to the sidebar; The Sidebar is invisible and can't receive messages
[2024-02-07 16:34:52:945] WebviewSidebar: FAILED posting webview/editors/didChangeVisible to the sidebar; The Sidebar is invisible and can't receive messages
[2024-02-07 16:34:53:009] WebviewSidebar: FAILED posting webview/editors/didChangeVisible to the sidebar; The Sidebar is invisible and can't receive messages
[2024-02-07 16:34:53:549] WebviewSidebar: FAILED posting webview/editor/didChangeActive to the sidebar; The Sidebar is invisible and can't receive messages
[2024-02-07 16:36:30:012] WebviewSidebar: FAILED posting webview/editors/didChangeVisible to the sidebar; The Sidebar is invisible and can't receive messages
[2024-02-07 16:36:30:068] WebviewSidebar: FAILED posting webview/editors/didChangeVisible to the sidebar; The Sidebar is invisible and can't receive messages
[2024-02-07 16:36:30:588] WebviewSidebar: FAILED posting webview/editor/didChangeActive to the sidebar; The Sidebar is invisible and can't receive messages
[2024-02-07 16:36:30:851] WebviewSidebar: FAILED posting webview/editors/didChangeVisible to the sidebar; The Sidebar is invisible and can't receive messages
[2024-02-07 16:36:30:883] WebviewSidebar: FAILED posting webview/editors/didChangeVisible to the sidebar; The Sidebar is invisible and can't receive messages
[2024-02-07 16:36:31:414] WebviewSidebar: FAILED posting webview/editor/didChangeActive to the sidebar; The Sidebar is invisible and can't receive messages
[2024-02-07 16:37:03:344] WebviewSidebar: FAILED posting webview/editors/didChangeVisible to the sidebar; The Sidebar is invisible and can't receive messages
[2024-02-07 16:37:03:394] WebviewSidebar: FAILED posting webview/editors/didChangeVisible to the sidebar; The Sidebar is invisible and can't receive messages
[2024-02-07 16:37:03:986] WebviewSidebar: FAILED posting webview/editor/didChangeActive to the sidebar; The Sidebar is invisible and can't receive messages
[2024-02-07 16:37:24:508] WebviewSidebar: FAILED posting webview/editors/didChangeVisible to the sidebar; The Sidebar is invisible and can't receive messages
[2024-02-07 16:37:24:529] WebviewSidebar: FAILED posting webview/editors/didChangeVisible to the sidebar; The Sidebar is invisible and can't receive messages
[2024-02-07 16:37:25:009] WebviewSidebar: FAILED posting webview/editor/didChangeActive to the sidebar; The Sidebar is invisible and can't receive messages
[2024-02-07 16:37:48:003] WebviewSidebar: FAILED posting webview/editors/didChangeVisible to the sidebar; The Sidebar is invisible and can't receive messages
[2024-02-07 16:37:48:038] WebviewSidebar: FAILED posting webview/editors/didChangeVisible to the sidebar; The Sidebar is invisible and can't receive messages
[2024-02-07 16:40:50:201] WebviewSidebar: FAILED posting webview/editors/didChangeVisible to the sidebar; The Sidebar is invisible and can't receive messages
[2024-02-07 16:40:50:268] WebviewSidebar: FAILED posting webview/editors/didChangeVisible to the sidebar; The Sidebar is invisible and can't receive messages
[2024-02-07 16:40:50:837] WebviewSidebar: FAILED posting webview/editor/didChangeActive to the sidebar; The Sidebar is invisible and can't receive messages
[2024-02-07 16:40:52:243] WebviewSidebar: FAILED posting webview/editors/didChangeVisible to the sidebar; The Sidebar is invisible and can't receive messages
[2024-02-07 16:40:52:270] WebviewSidebar: FAILED posting webview/editors/didChangeVisible to the sidebar; The Sidebar is invisible and can't receive messages
[2024-02-07 16:40:52:772] WebviewSidebar: FAILED posting webview/editor/didChangeActive to the sidebar; The Sidebar is invisible and can't receive messages
[2024-02-07 16:40:53:051] WebviewSidebar: FAILED posting webview/editors/didChangeVisible to the sidebar; The Sidebar is invisible and can't receive messages
[2024-02-07 16:40:53:078] WebviewSidebar: FAILED posting webview/editors/didChangeVisible to the sidebar; The Sidebar is invisible and can't receive messages
[2024-02-07 16:40:53:580] WebviewSidebar: FAILED posting webview/editor/didChangeActive to the sidebar; The Sidebar is invisible and can't receive messages
[2024-02-07 16:47:22:195] WebviewSidebar: FAILED posting webview/editors/didChangeVisible to the sidebar; The Sidebar is invisible and can't receive messages
[2024-02-07 16:47:22:222] WebviewSidebar: FAILED posting webview/editors/didChangeVisible to the sidebar; The Sidebar is invisible and can't receive messages
[2024-02-07 16:47:22:749] WebviewSidebar: FAILED posting webview/editor/didChangeActive to the sidebar; The Sidebar is invisible and can't receive messages
[2024-02-07 16:54:40:354] WebviewSidebar: FAILED posting webview/editors/didChangeVisible to the sidebar; The Sidebar is invisible and can't receive messages
[2024-02-07 16:54:40:391] WebviewSidebar: FAILED posting webview/editors/didChangeVisible to the sidebar; The Sidebar is invisible and can't receive messages
[2024-02-07 16:54:40:894] WebviewSidebar: FAILED posting webview/editor/didChangeActive to the sidebar; The Sidebar is invisible and can't receive messages
[2024-02-07 16:54:41:987] WebviewSidebar: FAILED posting webview/editors/didChangeVisible to the sidebar; The Sidebar is invisible and can't receive messages
[2024-02-07 16:54:42:028] WebviewSidebar: FAILED posting webview/editors/didChangeVisible to the sidebar; The Sidebar is invisible and can't receive messages
[2024-02-07 16:54:42:553] WebviewSidebar: FAILED posting webview/editor/didChangeActive to the sidebar; The Sidebar is invisible and can't receive messages
[2024-02-07 18:23:08:406] WebviewSidebar: FAILED posting webview/editors/didChangeVisible to the sidebar; The Sidebar is invisible and can't receive messages
[2024-02-07 18:23:08:495] WebviewSidebar: FAILED posting webview/editors/didChangeVisible to the sidebar; The Sidebar is invisible and can't receive messages
[2024-02-07 18:23:09:017] WebviewSidebar: FAILED posting webview/editor/didChangeActive to the sidebar; The Sidebar is invisible and can't receive messages
[2024-02-07 18:29:20:895] WebviewSidebar: FAILED posting webview/editors/didChangeVisible to the sidebar; The Sidebar is invisible and can't receive messages
[2024-02-07 18:29:20:936] WebviewSidebar: FAILED posting webview/editors/didChangeVisible to the sidebar; The Sidebar is invisible and can't receive messages
[2024-02-07 18:29:21:532] WebviewSidebar: FAILED posting webview/editor/didChangeActive to the sidebar; The Sidebar is invisible and can't receive messages
[2024-02-07 18:49:51:038] WebviewSidebar: FAILED posting webview/editors/didChangeVisible to the sidebar; The Sidebar is invisible and can't receive messages
[2024-02-07 18:49:51:073] WebviewSidebar: FAILED posting webview/editors/didChangeVisible to the sidebar; The Sidebar is invisible and can't receive messages
[2024-02-07 18:49:51:576] WebviewSidebar: FAILED posting webview/editor/didChangeActive to the sidebar; The Sidebar is invisible and can't receive messages
[2024-02-07 18:53:15:250] WebviewSidebar: FAILED posting webview/editors/didChangeVisible to the sidebar; The Sidebar is invisible and can't receive messages
[2024-02-07 18:53:15:330] WebviewSidebar: FAILED posting webview/editors/didChangeVisible to the sidebar; The Sidebar is invisible and can't receive messages
[2024-02-07 18:53:15:963] WebviewSidebar: FAILED posting webview/editor/didChangeActive to the sidebar; The Sidebar is invisible and can't receive messages
[2024-02-07 18:54:36:036] WebviewSidebar: FAILED posting ${IpcRoutes.Webview}/didChangeWorkspaceFolders to the sidebar; The Sidebar is invisible and can't receive messages
[2024-02-07 18:54:41:348] WebviewSidebar: FAILED posting webview/editors/didChangeVisible to the sidebar; The Sidebar is invisible and can't receive messages
[2024-02-07 18:54:41:430] WebviewSidebar: FAILED posting webview/editors/didChangeVisible to the sidebar; The Sidebar is invisible and can't receive messages
[2024-02-07 18:54:42:008] WebviewSidebar: FAILED posting webview/editor/didChangeActive to the sidebar; The Sidebar is invisible and can't receive messages
[2024-02-07 18:54:42:537] WebviewSidebar: FAILED posting webview/editors/didChangeVisible to the sidebar; The Sidebar is invisible and can't receive messages
[2024-02-07 18:54:42:580] WebviewSidebar: FAILED posting webview/editors/didChangeVisible to the sidebar; The Sidebar is invisible and can't receive messages
[2024-02-07 18:54:43:118] WebviewSidebar: FAILED posting webview/editor/didChangeActive to the sidebar; The Sidebar is invisible and can't receive messages
[2024-02-07 18:54:45:621] WebviewSidebar: FAILED posting webview/editors/didChangeVisible to the sidebar; The Sidebar is invisible and can't receive messages
[2024-02-07 18:54:45:753] WebviewSidebar: FAILED posting webview/editors/didChangeVisible to the sidebar; The Sidebar is invisible and can't receive messages
[2024-02-07 18:54:46:382] WebviewSidebar: FAILED posting webview/editor/didChangeActive to the sidebar; The Sidebar is invisible and can't receive messages
[2024-02-07 18:55:03:465] WebviewSidebar: FAILED posting webview/editors/didChangeVisible to the sidebar; The Sidebar is invisible and can't receive messages
[2024-02-07 18:55:03:540] WebviewSidebar: FAILED posting webview/editors/didChangeVisible to the sidebar; The Sidebar is invisible and can't receive messages
[2024-02-07 18:55:04:170] WebviewSidebar: FAILED posting webview/editor/didChangeActive to the sidebar; The Sidebar is invisible and can't receive messages
[2024-02-07 18:55:19:905] WebviewSidebar: FAILED posting webview/editors/didChangeVisible to the sidebar; The Sidebar is invisible and can't receive messages
[2024-02-07 18:55:19:964] WebviewSidebar: FAILED posting webview/editors/didChangeVisible to the sidebar; The Sidebar is invisible and can't receive messages
[2024-02-07 18:55:20:465] WebviewSidebar: FAILED posting webview/editor/didChangeActive to the sidebar; The Sidebar is invisible and can't receive messages
[2024-02-07 18:55:21:104] WebviewSidebar: FAILED posting webview/editors/didChangeVisible to the sidebar; The Sidebar is invisible and can't receive messages
[2024-02-07 18:55:21:132] WebviewSidebar: FAILED posting webview/editors/didChangeVisible to the sidebar; The Sidebar is invisible and can't receive messages
[2024-02-07 18:55:21:634] WebviewSidebar: FAILED posting webview/editor/didChangeActive to the sidebar; The Sidebar is invisible and can't receive messages
[2024-02-07 19:10:35:206] WebviewSidebar: FAILED posting webview/editors/didChangeVisible to the sidebar; The Sidebar is invisible and can't receive messages
[2024-02-07 19:10:35:232] WebviewSidebar: FAILED posting webview/editors/didChangeVisible to the sidebar; The Sidebar is invisible and can't receive messages
[2024-02-07 19:10:35:738] WebviewSidebar: FAILED posting webview/editor/didChangeActive to the sidebar; The Sidebar is invisible and can't receive messages
[2024-02-07 19:18:55:049] WebviewSidebar: FAILED posting webview/editors/didChangeVisible to the sidebar; The Sidebar is invisible and can't receive messages
[2024-02-07 19:18:55:082] WebviewSidebar: FAILED posting webview/editors/didChangeVisible to the sidebar; The Sidebar is invisible and can't receive messages
[2024-02-07 19:18:55:644] WebviewSidebar: FAILED posting webview/editor/didChangeActive to the sidebar; The Sidebar is invisible and can't receive messages
[2024-02-07 19:19:03:907] WebviewSidebar: FAILED posting webview/editors/didChangeVisible to the sidebar; The Sidebar is invisible and can't receive messages
[2024-02-07 19:19:03:973] WebviewSidebar: FAILED posting webview/editors/didChangeVisible to the sidebar; The Sidebar is invisible and can't receive messages
[2024-02-07 19:19:04:507] WebviewSidebar: FAILED posting webview/editor/didChangeActive to the sidebar; The Sidebar is invisible and can't receive messages
[2024-02-07 19:19:12:639] WebviewSidebar: FAILED posting webview/editors/didChangeVisible to the sidebar; The Sidebar is invisible and can't receive messages
[2024-02-07 19:19:12:664] WebviewSidebar: FAILED posting webview/editors/didChangeVisible to the sidebar; The Sidebar is invisible and can't receive messages
[2024-02-07 19:19:13:328] WebviewSidebar: FAILED posting webview/editor/didChangeActive to the sidebar; The Sidebar is invisible and can't receive messages
[2024-02-08 04:38:44:410] WebviewSidebar: FAILED posting webview/editors/didChangeVisible to the sidebar; The Sidebar is invisible and can't receive messages
[2024-02-08 04:38:44:490] WebviewSidebar: FAILED posting webview/editors/didChangeVisible to the sidebar; The Sidebar is invisible and can't receive messages
[2024-02-08 04:38:44:991] WebviewSidebar: FAILED posting webview/editor/didChangeActive to the sidebar; The Sidebar is invisible and can't receive messages
[2024-02-08 04:38:45:789] WebviewSidebar: FAILED posting webview/editors/didChangeVisible to the sidebar; The Sidebar is invisible and can't receive messages
[2024-02-08 04:38:45:998] WebviewSidebar: FAILED posting webview/editors/didChangeVisible to the sidebar; The Sidebar is invisible and can't receive messages
[2024-02-08 04:38:46:256] WebviewSidebar: FAILED posting webview/editors/didChangeVisible to the sidebar; The Sidebar is invisible and can't receive messages
[2024-02-08 04:38:46:326] WebviewSidebar: FAILED posting webview/editors/didChangeVisible to the sidebar; The Sidebar is invisible and can't receive messages
[2024-02-08 04:38:48:233] WebviewSidebar: FAILED posting webview/editors/didChangeVisible to the sidebar; The Sidebar is invisible and can't receive messages
[2024-02-08 04:38:48:254] WebviewSidebar: FAILED posting webview/editors/didChangeVisible to the sidebar; The Sidebar is invisible and can't receive messages
[2024-02-08 04:38:48:762] WebviewSidebar: FAILED posting webview/editor/didChangeActive to the sidebar; The Sidebar is invisible and can't receive messages
[2024-02-08 04:38:49:422] WebviewSidebar: FAILED posting webview/editors/didChangeVisible to the sidebar; The Sidebar is invisible and can't receive messages
[2024-02-08 04:38:49:461] WebviewSidebar: FAILED posting webview/editors/didChangeVisible to the sidebar; The Sidebar is invisible and can't receive messages
[2024-02-08 04:38:49:998] WebviewSidebar: FAILED posting webview/editor/didChangeActive to the sidebar; The Sidebar is invisible and can't receive messages
[2024-02-08 04:40:18:682] WebviewSidebar: FAILED posting webview/editors/didChangeVisible to the sidebar; The Sidebar is invisible and can't receive messages
[2024-02-08 04:40:18:748] WebviewSidebar: FAILED posting webview/editors/didChangeVisible to the sidebar; The Sidebar is invisible and can't receive messages
[2024-02-08 04:40:19:250] WebviewSidebar: FAILED posting webview/editor/didChangeActive to the sidebar; The Sidebar is invisible and can't receive messages
[2024-02-08 04:40:36:657] WebviewSidebar: FAILED posting webview/editors/didChangeVisible to the sidebar; The Sidebar is invisible and can't receive messages
[2024-02-08 04:40:36:735] WebviewSidebar: FAILED posting webview/editors/didChangeVisible to the sidebar; The Sidebar is invisible and can't receive messages
[2024-02-08 04:40:37:292] WebviewSidebar: FAILED posting webview/editor/didChangeActive to the sidebar; The Sidebar is invisible and can't receive messages
[2024-02-08 04:40:57:302] WebviewSidebar: FAILED posting webview/editors/didChangeVisible to the sidebar; The Sidebar is invisible and can't receive messages
[2024-02-08 04:40:57:353] WebviewSidebar: FAILED posting webview/editors/didChangeVisible to the sidebar; The Sidebar is invisible and can't receive messages
[2024-02-08 04:40:57:877] WebviewSidebar: FAILED posting webview/editor/didChangeActive to the sidebar; The Sidebar is invisible and can't receive messages
[2024-02-08 04:41:05:560] WebviewSidebar: FAILED posting webview/editors/didChangeVisible to the sidebar; The Sidebar is invisible and can't receive messages
[2024-02-08 04:41:05:676] WebviewSidebar: FAILED posting webview/editors/didChangeVisible to the sidebar; The Sidebar is invisible and can't receive messages
[2024-02-08 04:41:06:184] WebviewSidebar: FAILED posting webview/editor/didChangeActive to the sidebar; The Sidebar is invisible and can't receive messages
[2024-02-08 04:41:07:802] WebviewSidebar: FAILED posting webview/editors/didChangeVisible to the sidebar; The Sidebar is invisible and can't receive messages
[2024-02-08 04:41:07:877] WebviewSidebar: FAILED posting webview/editors/didChangeVisible to the sidebar; The Sidebar is invisible and can't receive messages
[2024-02-08 04:41:08:419] WebviewSidebar: FAILED posting webview/editor/didChangeActive to the sidebar; The Sidebar is invisible and can't receive messages
[2024-02-08 04:41:08:614] WebviewSidebar: FAILED posting webview/editors/didChangeVisible to the sidebar; The Sidebar is invisible and can't receive messages
[2024-02-08 04:41:08:628] WebviewSidebar: FAILED posting webview/editors/didChangeVisible to the sidebar; The Sidebar is invisible and can't receive messages
[2024-02-08 04:41:09:173] WebviewSidebar: FAILED posting webview/editor/didChangeActive to the sidebar; The Sidebar is invisible and can't receive messages
[2024-02-08 04:41:11:212] WebviewSidebar: FAILED posting webview/editors/didChangeVisible to the sidebar; The Sidebar is invisible and can't receive messages
[2024-02-08 04:41:11:239] WebviewSidebar: FAILED posting webview/editors/didChangeVisible to the sidebar; The Sidebar is invisible and can't receive messages
[2024-02-08 04:41:11:790] WebviewSidebar: FAILED posting webview/editor/didChangeActive to the sidebar; The Sidebar is invisible and can't receive messages
[2024-02-08 04:41:15:484] WebviewSidebar: FAILED posting webview/editors/didChangeVisible to the sidebar; The Sidebar is invisible and can't receive messages
[2024-02-08 04:41:15:606] WebviewSidebar: FAILED posting webview/editors/didChangeVisible to the sidebar; The Sidebar is invisible and can't receive messages
[2024-02-08 04:41:16:233] WebviewSidebar: FAILED posting webview/editor/didChangeActive to the sidebar; The Sidebar is invisible and can't receive messages
[2024-02-08 04:41:27:850] WebviewSidebar: FAILED posting webview/editors/didChangeVisible to the sidebar; The Sidebar is invisible and can't receive messages
[2024-02-08 04:41:27:862] WebviewSidebar: FAILED posting webview/editors/didChangeVisible to the sidebar; The Sidebar is invisible and can't receive messages
[2024-02-08 04:41:28:447] WebviewSidebar: FAILED posting webview/editor/didChangeActive to the sidebar; The Sidebar is invisible and can't receive messages
[2024-02-08 04:41:39:379] WebviewSidebar: FAILED posting webview/editors/didChangeVisible to the sidebar; The Sidebar is invisible and can't receive messages
[2024-02-08 04:41:39:408] WebviewSidebar: FAILED posting webview/editors/didChangeVisible to the sidebar; The Sidebar is invisible and can't receive messages
[2024-02-08 04:41:39:910] WebviewSidebar: FAILED posting webview/editor/didChangeActive to the sidebar; The Sidebar is invisible and can't receive messages
[2024-02-08 04:41:46:853] WebviewSidebar: FAILED posting webview/editors/didChangeVisible to the sidebar; The Sidebar is invisible and can't receive messages
[2024-02-08 04:41:46:908] WebviewSidebar: FAILED posting webview/editors/didChangeVisible to the sidebar; The Sidebar is invisible and can't receive messages
[2024-02-08 04:41:47:428] WebviewSidebar: FAILED posting webview/editor/didChangeActive to the sidebar; The Sidebar is invisible and can't receive messages
[2024-02-08 04:41:53:155] WebviewSidebar: FAILED posting webview/editors/didChangeVisible to the sidebar; The Sidebar is invisible and can't receive messages
[2024-02-08 04:41:53:233] WebviewSidebar: FAILED posting webview/editors/didChangeVisible to the sidebar; The Sidebar is invisible and can't receive messages
[2024-02-08 04:41:53:807] WebviewSidebar: FAILED posting webview/editor/didChangeActive to the sidebar; The Sidebar is invisible and can't receive messages
[2024-02-08 04:42:35:812] WebviewSidebar: FAILED posting webview/editors/didChangeVisible to the sidebar; The Sidebar is invisible and can't receive messages
[2024-02-08 04:42:35:852] WebviewSidebar: FAILED posting webview/editors/didChangeVisible to the sidebar; The Sidebar is invisible and can't receive messages
[2024-02-08 04:42:36:353] WebviewSidebar: FAILED posting webview/editor/didChangeActive to the sidebar; The Sidebar is invisible and can't receive messages
[2024-02-08 04:43:47:161] WebviewSidebar: FAILED posting webview/editors/didChangeVisible to the sidebar; The Sidebar is invisible and can't receive messages
[2024-02-08 04:43:47:199] WebviewSidebar: FAILED posting webview/editors/didChangeVisible to the sidebar; The Sidebar is invisible and can't receive messages
[2024-02-08 04:43:47:701] WebviewSidebar: FAILED posting webview/editor/didChangeActive to the sidebar; The Sidebar is invisible and can't receive messages
[2024-02-08 04:43:50:257] WebviewSidebar: FAILED posting webview/editors/didChangeVisible to the sidebar; The Sidebar is invisible and can't receive messages
[2024-02-08 04:43:50:286] WebviewSidebar: FAILED posting webview/editors/didChangeVisible to the sidebar; The Sidebar is invisible and can't receive messages
[2024-02-08 04:43:50:839] WebviewSidebar: FAILED posting webview/editor/didChangeActive to the sidebar; The Sidebar is invisible and can't receive messages
[2024-02-08 04:44:00:930] WebviewSidebar: FAILED posting webview/editors/didChangeVisible to the sidebar; The Sidebar is invisible and can't receive messages
[2024-02-08 04:44:01:053] WebviewSidebar: FAILED posting webview/editors/didChangeVisible to the sidebar; The Sidebar is invisible and can't receive messages
[2024-02-08 04:44:01:764] WebviewSidebar: FAILED posting webview/editor/didChangeActive to the sidebar; The Sidebar is invisible and can't receive messages
[2024-02-08 04:44:06:045] WebviewSidebar: FAILED posting webview/editors/didChangeVisible to the sidebar; The Sidebar is invisible and can't receive messages
[2024-02-08 04:44:06:119] WebviewSidebar: FAILED posting webview/editors/didChangeVisible to the sidebar; The Sidebar is invisible and can't receive messages
[2024-02-08 04:44:06:660] WebviewSidebar: FAILED posting webview/editor/didChangeActive to the sidebar; The Sidebar is invisible and can't receive messages
[2024-02-08 04:44:13:821] WebviewSidebar: FAILED posting webview/editors/didChangeVisible to the sidebar; The Sidebar is invisible and can't receive messages
[2024-02-08 04:44:13:852] WebviewSidebar: FAILED posting webview/editors/didChangeVisible to the sidebar; The Sidebar is invisible and can't receive messages
[2024-02-08 04:44:14:356] WebviewSidebar: FAILED posting webview/editor/didChangeActive to the sidebar; The Sidebar is invisible and can't receive messages
[2024-02-08 04:44:14:908] WebviewSidebar: FAILED posting webview/editors/didChangeVisible to the sidebar; The Sidebar is invisible and can't receive messages
[2024-02-08 04:44:14:994] WebviewSidebar: FAILED posting webview/editors/didChangeVisible to the sidebar; The Sidebar is invisible and can't receive messages
[2024-02-08 04:44:15:522] WebviewSidebar: FAILED posting webview/editor/didChangeActive to the sidebar; The Sidebar is invisible and can't receive messages
[2024-02-08 04:44:18:914] WebviewSidebar: FAILED posting webview/editors/didChangeVisible to the sidebar; The Sidebar is invisible and can't receive messages
[2024-02-08 04:44:18:965] WebviewSidebar: FAILED posting webview/editors/didChangeVisible to the sidebar; The Sidebar is invisible and can't receive messages
[2024-02-08 04:44:19:466] WebviewSidebar: FAILED posting webview/editor/didChangeActive to the sidebar; The Sidebar is invisible and can't receive messages
[2024-02-08 04:44:25:712] WebviewSidebar: FAILED posting webview/editors/didChangeVisible to the sidebar; The Sidebar is invisible and can't receive messages
[2024-02-08 04:44:25:767] WebviewSidebar: FAILED posting webview/editors/didChangeVisible to the sidebar; The Sidebar is invisible and can't receive messages
[2024-02-08 04:44:26:272] WebviewSidebar: FAILED posting webview/editor/didChangeActive to the sidebar; The Sidebar is invisible and can't receive messages
[2024-02-08 04:44:49:832] WebviewSidebar: FAILED posting webview/editors/didChangeVisible to the sidebar; The Sidebar is invisible and can't receive messages
[2024-02-08 04:44:49:886] WebviewSidebar: FAILED posting webview/editors/didChangeVisible to the sidebar; The Sidebar is invisible and can't receive messages
[2024-02-08 04:44:50:387] WebviewSidebar: FAILED posting webview/editor/didChangeActive to the sidebar; The Sidebar is invisible and can't receive messages
[2024-02-08 04:46:00:886] WebviewSidebar: FAILED posting webview/editors/didChangeVisible to the sidebar; The Sidebar is invisible and can't receive messages
[2024-02-08 04:46:00:957] WebviewSidebar: FAILED posting webview/editors/didChangeVisible to the sidebar; The Sidebar is invisible and can't receive messages
[2024-02-08 04:46:01:462] WebviewSidebar: FAILED posting webview/editor/didChangeActive to the sidebar; The Sidebar is invisible and can't receive messages
[2024-02-08 04:46:26:665] WebviewSidebar: FAILED posting webview/editors/didChangeVisible to the sidebar; The Sidebar is invisible and can't receive messages
[2024-02-08 04:46:26:751] WebviewSidebar: FAILED posting webview/editors/didChangeVisible to the sidebar; The Sidebar is invisible and can't receive messages
[2024-02-08 04:46:27:368] WebviewSidebar: FAILED posting webview/editor/didChangeActive to the sidebar; The Sidebar is invisible and can't receive messages
[2024-02-08 04:46:44:044] WebviewSidebar: FAILED posting webview/editors/didChangeVisible to the sidebar; The Sidebar is invisible and can't receive messages
[2024-02-08 04:46:44:083] WebviewSidebar: FAILED posting webview/editors/didChangeVisible to the sidebar; The Sidebar is invisible and can't receive messages
[2024-02-08 04:46:44:583] WebviewSidebar: FAILED posting webview/editor/didChangeActive to the sidebar; The Sidebar is invisible and can't receive messages
[2024-02-08 04:46:45:004] WebviewSidebar: FAILED posting webview/editors/didChangeVisible to the sidebar; The Sidebar is invisible and can't receive messages
[2024-02-08 04:46:45:034] WebviewSidebar: FAILED posting webview/editors/didChangeVisible to the sidebar; The Sidebar is invisible and can't receive messages
[2024-02-08 04:46:45:538] WebviewSidebar: FAILED posting webview/editor/didChangeActive to the sidebar; The Sidebar is invisible and can't receive messages
[2024-02-08 04:46:45:663] WebviewSidebar: FAILED posting webview/editors/didChangeVisible to the sidebar; The Sidebar is invisible and can't receive messages
[2024-02-08 04:46:45:682] WebviewSidebar: FAILED posting webview/editors/didChangeVisible to the sidebar; The Sidebar is invisible and can't receive messages
[2024-02-08 04:46:46:183] WebviewSidebar: FAILED posting webview/editor/didChangeActive to the sidebar; The Sidebar is invisible and can't receive messages
[2024-02-08 04:46:52:239] WebviewSidebar: FAILED posting webview/editors/didChangeVisible to the sidebar; The Sidebar is invisible and can't receive messages
[2024-02-08 04:46:52:305] WebviewSidebar: FAILED posting webview/editors/didChangeVisible to the sidebar; The Sidebar is invisible and can't receive messages
[2024-02-08 04:46:52:810] WebviewSidebar: FAILED posting webview/editor/didChangeActive to the sidebar; The Sidebar is invisible and can't receive messages
[2024-02-08 04:47:19:020] WebviewSidebar: FAILED posting webview/editors/didChangeVisible to the sidebar; The Sidebar is invisible and can't receive messages
[2024-02-08 04:47:19:073] WebviewSidebar: FAILED posting webview/editors/didChangeVisible to the sidebar; The Sidebar is invisible and can't receive messages
[2024-02-08 04:47:19:574] WebviewSidebar: FAILED posting webview/editor/didChangeActive to the sidebar; The Sidebar is invisible and can't receive messages
[2024-02-08 04:49:01:240] WebviewSidebar: FAILED posting webview/editors/didChangeVisible to the sidebar; The Sidebar is invisible and can't receive messages
[2024-02-08 04:49:01:266] WebviewSidebar: FAILED posting webview/editors/didChangeVisible to the sidebar; The Sidebar is invisible and can't receive messages
[2024-02-08 04:49:01:772] WebviewSidebar: FAILED posting webview/editor/didChangeActive to the sidebar; The Sidebar is invisible and can't receive messages
[2024-02-08 04:49:07:794] WebviewSidebar: FAILED posting webview/editors/didChangeVisible to the sidebar; The Sidebar is invisible and can't receive messages
[2024-02-08 04:49:07:888] WebviewSidebar: FAILED posting webview/editors/didChangeVisible to the sidebar; The Sidebar is invisible and can't receive messages
[2024-02-08 04:49:08:393] WebviewSidebar: FAILED posting webview/editor/didChangeActive to the sidebar; The Sidebar is invisible and can't receive messages
[2024-02-08 04:51:00:788] WebviewSidebar: FAILED posting webview/editors/didChangeVisible to the sidebar; The Sidebar is invisible and can't receive messages
[2024-02-08 04:51:00:882] WebviewSidebar: FAILED posting webview/editors/didChangeVisible to the sidebar; The Sidebar is invisible and can't receive messages
[2024-02-08 04:51:01:430] WebviewSidebar: FAILED posting webview/editor/didChangeActive to the sidebar; The Sidebar is invisible and can't receive messages
[2024-02-08 04:51:04:130] WebviewSidebar: FAILED posting webview/editors/didChangeVisible to the sidebar; The Sidebar is invisible and can't receive messages
[2024-02-08 04:51:04:215] WebviewSidebar: FAILED posting webview/editors/didChangeVisible to the sidebar; The Sidebar is invisible and can't receive messages
[2024-02-08 04:51:04:722] WebviewSidebar: FAILED posting webview/editor/didChangeActive to the sidebar; The Sidebar is invisible and can't receive messages
[2024-02-08 04:51:05:274] WebviewSidebar: FAILED posting webview/editors/didChangeVisible to the sidebar; The Sidebar is invisible and can't receive messages
[2024-02-08 04:51:05:344] WebviewSidebar: FAILED posting webview/editors/didChangeVisible to the sidebar; The Sidebar is invisible and can't receive messages
[2024-02-08 04:51:05:881] WebviewSidebar: FAILED posting webview/editor/didChangeActive to the sidebar; The Sidebar is invisible and can't receive messages
[2024-02-08 04:51:08:161] WebviewSidebar: FAILED posting webview/editors/didChangeVisible to the sidebar; The Sidebar is invisible and can't receive messages
[2024-02-08 04:51:08:174] WebviewSidebar: FAILED posting webview/editors/didChangeVisible to the sidebar; The Sidebar is invisible and can't receive messages
[2024-02-08 04:51:08:258] WebviewSidebar: FAILED posting webview/editors/didChangeVisible to the sidebar; The Sidebar is invisible and can't receive messages
[2024-02-08 04:51:08:269] WebviewSidebar: FAILED posting webview/editors/didChangeVisible to the sidebar; The Sidebar is invisible and can't receive messages
[2024-02-08 04:51:08:397] WebviewSidebar: FAILED posting webview/editors/didChangeVisible to the sidebar; The Sidebar is invisible and can't receive messages
[2024-02-08 04:51:09:123] WebviewSidebar: FAILED posting webview/editor/didChangeActive to the sidebar; The Sidebar is invisible and can't receive messages
[2024-02-08 04:51:41:762] WebviewSidebar: FAILED posting webview/editors/didChangeVisible to the sidebar; The Sidebar is invisible and can't receive messages
[2024-02-08 04:51:42:387] WebviewSidebar: FAILED posting webview/editor/didChangeActive to the sidebar; The Sidebar is invisible and can't receive messages
[2024-02-08 04:51:56:928] WebviewSidebar: FAILED posting webview/editors/didChangeVisible to the sidebar; The Sidebar is invisible and can't receive messages
[2024-02-08 04:51:56:956] WebviewSidebar: FAILED posting webview/editors/didChangeVisible to the sidebar; The Sidebar is invisible and can't receive messages
[2024-02-08 04:51:57:457] WebviewSidebar: FAILED posting webview/editor/didChangeActive to the sidebar; The Sidebar is invisible and can't receive messages
[2024-02-08 04:51:57:475] WebviewSidebar: FAILED posting webview/editors/didChangeVisible to the sidebar; The Sidebar is invisible and can't receive messages
[2024-02-08 04:51:57:520] WebviewSidebar: FAILED posting webview/editors/didChangeVisible to the sidebar; The Sidebar is invisible and can't receive messages
[2024-02-08 04:51:58:025] WebviewSidebar: FAILED posting webview/editor/didChangeActive to the sidebar; The Sidebar is invisible and can't receive messages
[2024-02-08 04:52:01:536] WebviewSidebar: FAILED posting webview/editors/didChangeVisible to the sidebar; The Sidebar is invisible and can't receive messages
[2024-02-08 04:52:02:037] WebviewSidebar: FAILED posting webview/editor/didChangeActive to the sidebar; The Sidebar is invisible and can't receive messages
[2024-02-08 04:53:01:641] WebviewSidebar: FAILED posting webview/editors/didChangeVisible to the sidebar; The Sidebar is invisible and can't receive messages
[2024-02-08 04:54:43:650] WebviewSidebar: FAILED posting ${IpcRoutes.Webview}/didChangeWorkspaceFolders to the sidebar; The Sidebar is invisible and can't receive messages
[2024-02-08 04:54:45:248] WebviewSidebar: FAILED posting webview/editors/didChangeVisible to the sidebar; The Sidebar is invisible and can't receive messages
[2024-02-08 04:55:02:587] WebviewSidebar: FAILED posting webview/editors/didChangeVisible to the sidebar; The Sidebar is invisible and can't receive messages
[2024-02-08 04:55:10:302] WebviewSidebar: FAILED posting webview/editors/didChangeVisible to the sidebar; The Sidebar is invisible and can't receive messages
[2024-02-08 04:55:11:742] WebviewSidebar: FAILED posting webview/editors/didChangeVisible to the sidebar; The Sidebar is invisible and can't receive messages
[2024-02-08 04:55:19:511] WebviewSidebar: FAILED posting webview/editors/didChangeVisible to the sidebar; The Sidebar is invisible and can't receive messages
[2024-02-08 04:55:20:012] WebviewSidebar: FAILED posting webview/editor/didChangeActive to the sidebar; The Sidebar is invisible and can't receive messages
[2024-02-08 04:55:35:353] WebviewSidebar: FAILED posting webview/editors/didChangeVisible to the sidebar; The Sidebar is invisible and can't receive messages
[2024-02-08 04:55:36:261] WebviewSidebar: FAILED posting webview/editors/didChangeVisible to the sidebar; The Sidebar is invisible and can't receive messages
[2024-02-08 04:55:36:298] WebviewSidebar: FAILED posting webview/editors/didChangeVisible to the sidebar; The Sidebar is invisible and can't receive messages
[2024-02-08 04:55:36:798] WebviewSidebar: FAILED posting webview/editor/didChangeActive to the sidebar; The Sidebar is invisible and can't receive messages
[2024-02-08 04:55:46:883] WebviewSidebar: FAILED posting webview/editors/didChangeVisible to the sidebar; The Sidebar is invisible and can't receive messages
[2024-02-08 04:55:46:926] WebviewSidebar: FAILED posting webview/editors/didChangeVisible to the sidebar; The Sidebar is invisible and can't receive messages
[2024-02-08 04:55:47:427] WebviewSidebar: FAILED posting webview/editor/didChangeActive to the sidebar; The Sidebar is invisible and can't receive messages
[2024-02-08 04:55:47:668] WebviewSidebar: FAILED posting webview/editors/didChangeVisible to the sidebar; The Sidebar is invisible and can't receive messages
[2024-02-08 04:55:47:686] WebviewSidebar: FAILED posting webview/editors/didChangeVisible to the sidebar; The Sidebar is invisible and can't receive messages
[2024-02-08 04:55:48:350] WebviewSidebar: FAILED posting webview/editor/didChangeActive to the sidebar; The Sidebar is invisible and can't receive messages
[2024-02-08 04:56:16:450] WebviewSidebar: FAILED posting webview/editors/didChangeVisible to the sidebar; The Sidebar is invisible and can't receive messages
[2024-02-08 04:56:16:480] WebviewSidebar: FAILED posting webview/editors/didChangeVisible to the sidebar; The Sidebar is invisible and can't receive messages
[2024-02-08 04:56:16:981] WebviewSidebar: FAILED posting webview/editor/didChangeActive to the sidebar; The Sidebar is invisible and can't receive messages
[2024-02-08 04:56:25:670] WebviewSidebar: FAILED posting webview/editors/didChangeVisible to the sidebar; The Sidebar is invisible and can't receive messages
[2024-02-08 04:56:25:729] WebviewSidebar: FAILED posting webview/editors/didChangeVisible to the sidebar; The Sidebar is invisible and can't receive messages
[2024-02-08 04:56:26:237] WebviewSidebar: FAILED posting webview/editor/didChangeActive to the sidebar; The Sidebar is invisible and can't receive messages
[2024-02-08 04:56:39:716] WebviewSidebar: FAILED posting webview/editors/didChangeVisible to the sidebar; The Sidebar is invisible and can't receive messages
[2024-02-08 04:56:39:761] WebviewSidebar: FAILED posting webview/editors/didChangeVisible to the sidebar; The Sidebar is invisible and can't receive messages
[2024-02-08 04:56:40:342] WebviewSidebar: FAILED posting webview/editor/didChangeActive to the sidebar; The Sidebar is invisible and can't receive messages
[2024-02-08 04:56:50:102] WebviewSidebar: FAILED posting webview/editors/didChangeVisible to the sidebar; The Sidebar is invisible and can't receive messages
[2024-02-08 04:56:50:167] WebviewSidebar: FAILED posting webview/editors/didChangeVisible to the sidebar; The Sidebar is invisible and can't receive messages
[2024-02-08 04:56:50:762] WebviewSidebar: FAILED posting webview/editor/didChangeActive to the sidebar; The Sidebar is invisible and can't receive messages
[2024-02-08 04:58:50:633] WebviewSidebar: FAILED posting webview/editors/didChangeVisible to the sidebar; The Sidebar is invisible and can't receive messages
[2024-02-08 04:58:50:685] WebviewSidebar: FAILED posting webview/editors/didChangeVisible to the sidebar; The Sidebar is invisible and can't receive messages
[2024-02-08 04:58:51:232] WebviewSidebar: FAILED posting webview/editor/didChangeActive to the sidebar; The Sidebar is invisible and can't receive messages
[2024-02-08 04:59:39:483] WebviewSidebar: FAILED posting webview/editors/didChangeVisible to the sidebar; The Sidebar is invisible and can't receive messages
[2024-02-08 04:59:39:585] WebviewSidebar: FAILED posting webview/editors/didChangeVisible to the sidebar; The Sidebar is invisible and can't receive messages
[2024-02-08 04:59:40:086] WebviewSidebar: FAILED posting webview/editor/didChangeActive to the sidebar; The Sidebar is invisible and can't receive messages
[2024-02-08 04:59:56:424] WebviewSidebar: FAILED posting webview/editors/didChangeVisible to the sidebar; The Sidebar is invisible and can't receive messages
[2024-02-08 04:59:56:450] WebviewSidebar: FAILED posting webview/editors/didChangeVisible to the sidebar; The Sidebar is invisible and can't receive messages
[2024-02-08 04:59:56:951] WebviewSidebar: FAILED posting webview/editor/didChangeActive to the sidebar; The Sidebar is invisible and can't receive messages
[2024-02-08 05:10:34:763] WebviewSidebar: FAILED posting webview/editors/didChangeVisible to the sidebar; The Sidebar is invisible and can't receive messages
[2024-02-08 05:10:34:819] WebviewSidebar: FAILED posting webview/editors/didChangeVisible to the sidebar; The Sidebar is invisible and can't receive messages
[2024-02-08 05:10:35:527] WebviewSidebar: FAILED posting webview/editor/didChangeActive to the sidebar; The Sidebar is invisible and can't receive messages
[2024-02-08 05:15:16:163] WebviewSidebar: FAILED posting webview/editors/didChangeVisible to the sidebar; The Sidebar is invisible and can't receive messages
[2024-02-08 05:15:16:257] WebviewSidebar: FAILED posting webview/editors/didChangeVisible to the sidebar; The Sidebar is invisible and can't receive messages
[2024-02-08 05:15:16:758] WebviewSidebar: FAILED posting webview/editor/didChangeActive to the sidebar; The Sidebar is invisible and can't receive messages
[2024-02-08 05:15:30:498] WebviewSidebar: FAILED posting webview/editors/didChangeVisible to the sidebar; The Sidebar is invisible and can't receive messages
[2024-02-08 05:15:30:547] WebviewSidebar: FAILED posting webview/editors/didChangeVisible to the sidebar; The Sidebar is invisible and can't receive messages
[2024-02-08 05:15:31:054] WebviewSidebar: FAILED posting webview/editor/didChangeActive to the sidebar; The Sidebar is invisible and can't receive messages
[2024-02-08 05:16:09:988] WebviewSidebar: FAILED posting webview/editors/didChangeVisible to the sidebar; The Sidebar is invisible and can't receive messages
[2024-02-08 05:16:10:488] WebviewSidebar: FAILED posting webview/editor/didChangeActive to the sidebar; The Sidebar is invisible and can't receive messages
[2024-02-08 05:16:44:927] WebviewSidebar: FAILED posting webview/editors/didChangeVisible to the sidebar; The Sidebar is invisible and can't receive messages
