GitLens v14.7.0 activating in Visual Studio Code - Insiders (1.82.0-insider) on the desktop; language='en', logLevel='warn', defaultDateLocale='null' (b221aeeb94271184106293454c77e08df1f155840f20c72b776093535cd2252f|a3b50d68-e026-44bf-b606-fe8245fba98f1707300093501)
To enable debug logging, set `"gitlens.outputLevel: "debug"` or run "GitLens: Enable Debug Logging" from the Command Palette[2024-02-07 10:04:01.321] [GIT  ] [/var/www/localhost/htdocs/CloudNine] git rev-parse --show-toplevel [*2440ms] (slow)
[2024-02-07 10:04:01.322] [GIT  ] [/var/www/localhost/htdocs/NextMc2squared] git rev-parse --show-toplevel [*2443ms] (slow)
[2024-02-07 10:04:01.322] [GIT  ] [/var/www/localhost/htdocs/PerfectLint] git rev-parse --show-toplevel [*2444ms] (slow)
[2024-02-07 10:04:01.322] [GIT  ] [/var/www/localhost/htdocs/MultiVerse] git rev-parse --show-toplevel [*2446ms] (slow)
[2024-02-07 10:04:01.322] [GIT  ] [/var/www/localhost/htdocs/kikpaste] git rev-parse --show-toplevel [*2447ms] (slow)
[2024-02-07 10:04:01.323] [GIT  ] [/var/www/localhost/htdocs/KonSoulOperator] git rev-parse --show-toplevel [*2448ms] (slow)
[2024-02-07 10:04:01.323] [GIT  ] [/var/www/localhost/htdocs/uniGraph] git rev-parse --show-toplevel [*2450ms] (slow)[2024-02-07 10:04:04.218] [GIT  ] [/var/www/localhost/htdocs/uniGraph] git rev-parse --git-dir --git-common-dir [*812ms] (slow)
[2024-02-07 10:04:04.219] [GIT  ] [/var/www/localhost/htdocs/KonSoulOperator] git rev-parse --git-dir --git-common-dir [*898ms] (slow)
[2024-02-07 10:04:04.219] [GIT  ] [/var/www/localhost/htdocs/kikpaste] git rev-parse --git-dir --git-common-dir [*1000ms] (slow)
[2024-02-07 10:04:04.220] [GIT  ] [/var/www/localhost/htdocs/MultiVerse] git rev-parse --git-dir --git-common-dir [*1090ms] (slow)
[2024-02-07 10:04:04.220] [GIT  ] [/var/www/localhost/htdocs/PerfectLint] git rev-parse --git-dir --git-common-dir [*1170ms] (slow)
[2024-02-07 10:04:04.220] [GIT  ] [/var/www/localhost/htdocs/NextMc2squared] git rev-parse --git-dir --git-common-dir [*1251ms] (slow)
[2024-02-07 10:04:04.221] [GIT  ] [/var/www/localhost/htdocs/CloudNine] git rev-parse --git-dir --git-common-dir [*1330ms] (slow)[2024-02-07 10:04:11.069] [GIT  ] [/var/www/localhost/htdocs/NextMc2squared] git remote -v [*1013ms] (slow)
[2024-02-07 10:04:11.074] [GIT  ] [/var/www/localhost/htdocs/PerfectLint] git remote -v [*1019ms] (slow)
[2024-02-07 10:04:11.074] [GIT  ] [/var/www/localhost/htdocs/MultiVerse] git remote -v [*1021ms] (slow)
[2024-02-07 10:04:11.075] [GIT  ] [/var/www/localhost/htdocs/kikpaste] git remote -v [*1022ms] (slow)
[2024-02-07 10:04:11.076] [GIT  ] [/var/www/localhost/htdocs/KonSoulOperator] git remote -v [*1025ms] (slow)
[2024-02-07 10:04:11.134] [GIT  ] [/var/www/localhost/htdocs/CloudNine] git ls-files -- devServer.js [*1796ms] (slow)
[2024-02-07 10:04:11.134] [GIT  ] [/var/www/localhost/htdocs/CloudNine] git ls-files -- Components/VitePrint/HotBuild.js [*1798ms] (slow)
[2024-02-07 10:04:11.219] [GIT  ] [/var/www/localhost/htdocs/CloudNine] git remote -v [*1884ms] (slow)
[2024-02-07 10:04:11.220] [GIT  ] [/var/www/localhost/htdocs/CloudNine] git ls-files -- node_modules/vite/dist/node/chunks/dep-9A4-l-43.js [*1895ms] (slow)
[2024-02-07 10:04:11.318] [GIT  ] [/var/www/localhost/htdocs/uniGraph] git remote -v [*2087ms] (slow)[2024-02-07 10:04:12.221] [GIT  ] [/var/www/localhost/htdocs/CloudNine/node_modules/vite/dist/node/chunks] git ls-files -- dep-9A4-l-43.js [*1001ms] (slow)
[2024-02-07 10:04:12.222] [GIT  ] [/var/www/localhost/htdocs/CloudNine/Components/VitePrint] git ls-files -- HotBuild.js [*1087ms] (slow)[2024-02-07 10:04:34.458] [GIT  ] [/var/www/localhost/htdocs/CloudNine] git blame --root --incremental -- package.json [*781ms] (slow)[2024-02-07 10:46:16.462] [GIT  ] [/var/www/localhost/htdocs/NextMc2squared] git status --porcelain=v2 --branch -u --find-renames -- [*712ms] (slow)[2024-02-07 11:15:38.167] [GIT  ] [/home/god/Desktop] git rev-parse --show-toplevel • Command failed: /usr/bin/git -c core.quotepath=false -c color.ui=false rev-parse --show-toplevel • not a git repository (or any of the parent directories): .git [139ms]
[2024-02-07 16:32:21.517] getLocalWorkspaceData
EntryNotFound (FileSystemError): Error: ENOENT: no such file or directory, open '/home/god/.gitkraken/workspaces/workspaces.json'[2024-02-07 16:39:49.951] [GIT  ] [/var/www/localhost/htdocs/PerfectLint] git status --porcelain=v2 --branch -u --find-renames -- [*501ms] (slow)
[2024-02-07 16:39:49.951] [GIT  ] [/var/www/localhost/htdocs/MultiVerse] git status --porcelain=v2 --branch -u --find-renames -- [*501ms] (slow)
[2024-02-07 16:39:49.956] [GIT  ] [/var/www/localhost/htdocs/kikpaste] git status --porcelain=v2 --branch -u --find-renames -- [*507ms] (slow)
[2024-02-07 16:39:49.957] [GIT  ] [/var/www/localhost/htdocs/KonSoulOperator] git status --porcelain=v2 --branch -u --find-renames -- [*508ms] (slow)
[2024-02-07 16:39:49.960] [GIT  ] [/var/www/localhost/htdocs/uniGraph] git status --porcelain=v2 --branch -u --find-renames -- [*512ms] (slow)
[2024-02-07 16:39:50.063] [GIT  ] [/var/www/localhost/htdocs/NextMc2squared] git status --porcelain=v2 --branch -u --find-renames -- [*612ms] (slow)[2024-02-07 16:54:44.033] [GIT  ] [/var/www/localhost/htdocs/CloudNine] git status --porcelain=v2 --branch -u --find-renames -- [*605ms] (slow)[2024-02-08 04:38:56.439] [GIT  ] [/var/www/localhost/htdocs/simple-react-ssr-vite-express] git status --porcelain=v2 --branch -u --find-renames -- [*1048ms] (slow)
[2024-02-08 04:38:56.439] [GIT  ] [/var/www/localhost/htdocs/PerfectLint] git status --porcelain=v2 --branch -u --find-renames -- [*1050ms] (slow)
[2024-02-08 04:38:56.440] [GIT  ] [/var/www/localhost/htdocs/MultiVerse] git status --porcelain=v2 --branch -u --find-renames -- [*1051ms] (slow)
[2024-02-08 04:38:56.456] [GIT  ] [/var/www/localhost/htdocs/kikpaste] git status --porcelain=v2 --branch -u --find-renames -- [*1068ms] (slow)
[2024-02-08 04:38:56.457] [GIT  ] [/var/www/localhost/htdocs/KonSoulOperator] git status --porcelain=v2 --branch -u --find-renames -- [*1069ms] (slow)
[2024-02-08 04:38:56.461] [GIT  ] [/var/www/localhost/htdocs/uniGraph] git status --porcelain=v2 --branch -u --find-renames -- [*1074ms] (slow)
[2024-02-08 04:38:56.526] [GIT  ] [/var/www/localhost/htdocs/CloudNine] git status --porcelain=v2 --branch -u --find-renames -- [*1135ms] (slow)
[2024-02-08 04:38:56.628] [GIT  ] [/var/www/localhost/htdocs/NextMc2squared] git status --porcelain=v2 --branch -u --find-renames -- [*1238ms] (slow)[2024-02-08 04:44:01.892] [GIT  ] [/var/www/localhost/htdocs/CloudNine] git ls-files -- Components/VitePrint/VitePrintSSR.jsx [*523ms] (slow)
[2024-02-08 04:44:02.379] [GIT  ] [/var/www/localhost/htdocs/CloudNine] git blame --root --incremental --contents - -- Components/VitePrint/VitePrint.jsx [*882ms] (slow)[2024-02-08 05:15:56.322] [GIT  ] [/var/www/localhost/htdocs/NextMc2squared] git status --porcelain=v2 --branch -u --find-renames -- [*760ms] (slow)