[2024-02-05 06:20:02:393] CodeStream (Insiders) v15.1.1-4430 in VS Code (v1.82.0-insider) starting...
[2024-02-05 06:20:02:394] Proxy support is in override with url=http://10.1.1.154:2020, strictSSL=true
[2024-02-05 06:20:07:717] autoSignIn enabled
[2024-02-05 06:20:07:717] autoSignIn did not find teamId
[2024-02-05 06:20:07:719] NewRelic telemetry enabled=true
[2024-02-05 06:20:10:286] CodeStream (Insiders) v15.1.1-4430 started • 10800 ms
[2024-02-05 06:20:13:236] WebviewSidebar: FAILED posting codestream/refreshMaintenancePoll to the sidebar
[2024-02-05 06:20:13:237] [1] CodeStreamAgentConnection.onApiVersionCompatibilityChanged
[2024-02-05 06:20:13:237] [2] SidebarController.onApiVersionChanged
[2024-02-05 06:20:13:237] [2] SidebarController.onApiVersionChanged completed • 0 ms
[2024-02-05 06:20:13:237] [1] CodeStreamAgentConnection.onApiVersionCompatibilityChanged completed • 0 ms
[2024-02-05 06:23:42:112] WebviewSidebar: FAILED posting webview/editors/didChangeVisible to the sidebar; The Sidebar is invisible and can't receive messages
[2024-02-05 06:23:42:186] WebviewSidebar: FAILED posting webview/editors/didChangeVisible to the sidebar; The Sidebar is invisible and can't receive messages
[2024-02-05 06:23:42:689] WebviewSidebar: FAILED posting webview/editor/didChangeActive to the sidebar; The Sidebar is invisible and can't receive messages
[2024-02-05 06:23:47:136] WebviewSidebar: FAILED posting webview/editors/didChangeVisible to the sidebar; The Sidebar is invisible and can't receive messages
[2024-02-05 06:23:47:252] WebviewSidebar: FAILED posting webview/editors/didChangeVisible to the sidebar; The Sidebar is invisible and can't receive messages
[2024-02-05 06:23:47:820] WebviewSidebar: FAILED posting webview/editor/didChangeActive to the sidebar; The Sidebar is invisible and can't receive messages
[2024-02-05 06:23:49:405] WebviewSidebar: FAILED posting webview/editors/didChangeVisible to the sidebar; The Sidebar is invisible and can't receive messages
[2024-02-05 06:23:49:465] WebviewSidebar: FAILED posting webview/editors/didChangeVisible to the sidebar; The Sidebar is invisible and can't receive messages
[2024-02-05 06:23:49:987] WebviewSidebar: FAILED posting webview/editor/didChangeActive to the sidebar; The Sidebar is invisible and can't receive messages
[2024-02-05 06:23:50:796] WebviewSidebar: FAILED posting webview/editors/didChangeVisible to the sidebar; The Sidebar is invisible and can't receive messages
[2024-02-05 06:23:50:852] WebviewSidebar: FAILED posting webview/editors/didChangeVisible to the sidebar; The Sidebar is invisible and can't receive messages
[2024-02-05 06:23:51:428] WebviewSidebar: FAILED posting webview/editor/didChangeActive to the sidebar; The Sidebar is invisible and can't receive messages
[2024-02-05 06:23:51:814] WebviewSidebar: FAILED posting webview/editors/didChangeVisible to the sidebar; The Sidebar is invisible and can't receive messages
[2024-02-05 06:23:51:895] WebviewSidebar: FAILED posting webview/editors/didChangeVisible to the sidebar; The Sidebar is invisible and can't receive messages
[2024-02-05 06:23:52:527] WebviewSidebar: FAILED posting webview/editor/didChangeActive to the sidebar; The Sidebar is invisible and can't receive messages
[2024-02-05 06:23:52:767] WebviewSidebar: FAILED posting webview/editors/didChangeVisible to the sidebar; The Sidebar is invisible and can't receive messages
[2024-02-05 06:23:52:839] WebviewSidebar: FAILED posting webview/editors/didChangeVisible to the sidebar; The Sidebar is invisible and can't receive messages
[2024-02-05 06:23:53:344] WebviewSidebar: FAILED posting webview/editor/didChangeActive to the sidebar; The Sidebar is invisible and can't receive messages
[2024-02-05 06:23:55:597] WebviewSidebar: FAILED posting webview/editors/didChangeVisible to the sidebar; The Sidebar is invisible and can't receive messages
[2024-02-05 06:23:55:672] WebviewSidebar: FAILED posting webview/editors/didChangeVisible to the sidebar; The Sidebar is invisible and can't receive messages
[2024-02-05 06:23:56:174] WebviewSidebar: FAILED posting webview/editor/didChangeActive to the sidebar; The Sidebar is invisible and can't receive messages
[2024-02-05 06:23:57:855] WebviewSidebar: FAILED posting webview/editors/didChangeVisible to the sidebar; The Sidebar is invisible and can't receive messages
[2024-02-05 06:23:57:936] WebviewSidebar: FAILED posting webview/editors/didChangeVisible to the sidebar; The Sidebar is invisible and can't receive messages
[2024-02-05 06:23:58:481] WebviewSidebar: FAILED posting webview/editor/didChangeActive to the sidebar; The Sidebar is invisible and can't receive messages
[2024-02-05 06:23:59:198] WebviewSidebar: FAILED posting webview/editors/didChangeVisible to the sidebar; The Sidebar is invisible and can't receive messages
[2024-02-05 06:23:59:265] WebviewSidebar: FAILED posting webview/editors/didChangeVisible to the sidebar; The Sidebar is invisible and can't receive messages
[2024-02-05 06:23:59:834] WebviewSidebar: FAILED posting webview/editor/didChangeActive to the sidebar; The Sidebar is invisible and can't receive messages
[2024-02-05 06:24:00:350] WebviewSidebar: FAILED posting webview/editors/didChangeVisible to the sidebar; The Sidebar is invisible and can't receive messages
[2024-02-05 06:24:00:433] WebviewSidebar: FAILED posting webview/editors/didChangeVisible to the sidebar; The Sidebar is invisible and can't receive messages
[2024-02-05 06:24:01:023] WebviewSidebar: FAILED posting webview/editor/didChangeActive to the sidebar; The Sidebar is invisible and can't receive messages
[2024-02-05 06:24:01:731] WebviewSidebar: FAILED posting webview/editors/didChangeVisible to the sidebar; The Sidebar is invisible and can't receive messages
[2024-02-05 06:24:01:797] WebviewSidebar: FAILED posting webview/editors/didChangeVisible to the sidebar; The Sidebar is invisible and can't receive messages
[2024-02-05 06:24:02:298] WebviewSidebar: FAILED posting webview/editor/didChangeActive to the sidebar; The Sidebar is invisible and can't receive messages
[2024-02-05 06:24:02:894] WebviewSidebar: FAILED posting webview/editors/didChangeVisible to the sidebar; The Sidebar is invisible and can't receive messages
[2024-02-05 06:24:02:969] WebviewSidebar: FAILED posting webview/editors/didChangeVisible to the sidebar; The Sidebar is invisible and can't receive messages
[2024-02-05 06:24:03:518] WebviewSidebar: FAILED posting webview/editor/didChangeActive to the sidebar; The Sidebar is invisible and can't receive messages
[2024-02-05 06:24:11:942] WebviewSidebar: FAILED posting webview/editors/didChangeVisible to the sidebar; The Sidebar is invisible and can't receive messages
[2024-02-05 06:24:11:989] WebviewSidebar: FAILED posting webview/editors/didChangeVisible to the sidebar; The Sidebar is invisible and can't receive messages
[2024-02-05 06:24:12:490] WebviewSidebar: FAILED posting webview/editor/didChangeActive to the sidebar; The Sidebar is invisible and can't receive messages
[2024-02-05 06:30:12:702] WebviewSidebar: FAILED posting webview/editors/didChangeVisible to the sidebar; The Sidebar is invisible and can't receive messages
[2024-02-05 06:30:12:743] WebviewSidebar: FAILED posting webview/editors/didChangeVisible to the sidebar; The Sidebar is invisible and can't receive messages
[2024-02-05 06:30:13:545] WebviewSidebar: FAILED posting webview/editor/didChangeActive to the sidebar; The Sidebar is invisible and can't receive messages
[2024-02-05 06:30:17:917] WebviewSidebar: FAILED posting webview/editors/didChangeVisible to the sidebar; The Sidebar is invisible and can't receive messages
[2024-02-05 06:30:17:958] WebviewSidebar: FAILED posting webview/editors/didChangeVisible to the sidebar; The Sidebar is invisible and can't receive messages
[2024-02-05 06:30:18:459] WebviewSidebar: FAILED posting webview/editor/didChangeActive to the sidebar; The Sidebar is invisible and can't receive messages
[2024-02-05 06:33:56:599] WebviewSidebar: FAILED posting webview/editors/didChangeVisible to the sidebar; The Sidebar is invisible and can't receive messages
[2024-02-05 06:33:56:663] WebviewSidebar: FAILED posting webview/editors/didChangeVisible to the sidebar; The Sidebar is invisible and can't receive messages
[2024-02-05 06:33:57:187] WebviewSidebar: FAILED posting webview/editor/didChangeActive to the sidebar; The Sidebar is invisible and can't receive messages
[2024-02-05 06:34:05:950] WebviewSidebar: FAILED posting webview/editors/didChangeVisible to the sidebar; The Sidebar is invisible and can't receive messages
[2024-02-05 06:34:05:978] WebviewSidebar: FAILED posting webview/editors/didChangeVisible to the sidebar; The Sidebar is invisible and can't receive messages
[2024-02-05 06:34:06:479] WebviewSidebar: FAILED posting webview/editor/didChangeActive to the sidebar; The Sidebar is invisible and can't receive messages
[2024-02-05 06:34:23:725] WebviewSidebar: FAILED posting webview/editors/didChangeVisible to the sidebar; The Sidebar is invisible and can't receive messages
[2024-02-05 06:34:23:762] WebviewSidebar: FAILED posting webview/editors/didChangeVisible to the sidebar; The Sidebar is invisible and can't receive messages
[2024-02-05 06:34:24:263] WebviewSidebar: FAILED posting webview/editor/didChangeActive to the sidebar; The Sidebar is invisible and can't receive messages
[2024-02-05 06:34:28:030] WebviewSidebar: FAILED posting webview/editors/didChangeVisible to the sidebar; The Sidebar is invisible and can't receive messages
[2024-02-05 06:34:28:056] WebviewSidebar: FAILED posting webview/editors/didChangeVisible to the sidebar; The Sidebar is invisible and can't receive messages
[2024-02-05 06:34:28:561] WebviewSidebar: FAILED posting webview/editor/didChangeActive to the sidebar; The Sidebar is invisible and can't receive messages
[2024-02-05 06:35:00:813] WebviewSidebar: FAILED posting webview/editors/didChangeVisible to the sidebar; The Sidebar is invisible and can't receive messages
[2024-02-05 06:35:00:846] WebviewSidebar: FAILED posting webview/editors/didChangeVisible to the sidebar; The Sidebar is invisible and can't receive messages
[2024-02-05 06:35:01:347] WebviewSidebar: FAILED posting webview/editor/didChangeActive to the sidebar; The Sidebar is invisible and can't receive messages
[2024-02-05 06:35:06:496] WebviewSidebar: FAILED posting webview/editors/didChangeVisible to the sidebar; The Sidebar is invisible and can't receive messages
[2024-02-05 06:35:06:528] WebviewSidebar: FAILED posting webview/editors/didChangeVisible to the sidebar; The Sidebar is invisible and can't receive messages
[2024-02-05 06:35:07:050] WebviewSidebar: FAILED posting webview/editor/didChangeActive to the sidebar; The Sidebar is invisible and can't receive messages
[2024-02-05 07:28:19:360] WebviewSidebar: FAILED posting webview/editors/didChangeVisible to the sidebar; The Sidebar is invisible and can't receive messages
[2024-02-05 07:28:19:436] WebviewSidebar: FAILED posting webview/editors/didChangeVisible to the sidebar; The Sidebar is invisible and can't receive messages
[2024-02-05 07:28:20:620] WebviewSidebar: FAILED posting webview/editor/didChangeActive to the sidebar; The Sidebar is invisible and can't receive messages
[2024-02-05 07:28:24:189] WebviewSidebar: FAILED posting webview/editors/didChangeVisible to the sidebar; The Sidebar is invisible and can't receive messages
[2024-02-05 07:28:24:255] WebviewSidebar: FAILED posting webview/editors/didChangeVisible to the sidebar; The Sidebar is invisible and can't receive messages
[2024-02-05 07:28:24:816] WebviewSidebar: FAILED posting webview/editor/didChangeActive to the sidebar; The Sidebar is invisible and can't receive messages
[2024-02-05 07:28:27:587] WebviewSidebar: FAILED posting webview/editors/didChangeVisible to the sidebar; The Sidebar is invisible and can't receive messages
[2024-02-05 07:28:27:614] WebviewSidebar: FAILED posting webview/editors/didChangeVisible to the sidebar; The Sidebar is invisible and can't receive messages
[2024-02-05 07:28:28:116] WebviewSidebar: FAILED posting webview/editor/didChangeActive to the sidebar; The Sidebar is invisible and can't receive messages
[2024-02-05 07:37:34:204] WebviewSidebar: FAILED posting webview/editors/didChangeVisible to the sidebar; The Sidebar is invisible and can't receive messages
[2024-02-05 07:37:34:224] WebviewSidebar: FAILED posting webview/editors/didChangeVisible to the sidebar; The Sidebar is invisible and can't receive messages
[2024-02-05 07:37:34:761] WebviewSidebar: FAILED posting webview/editor/didChangeActive to the sidebar; The Sidebar is invisible and can't receive messages
[2024-02-05 07:37:56:481] WebviewSidebar: FAILED posting webview/editors/didChangeVisible to the sidebar; The Sidebar is invisible and can't receive messages
[2024-02-05 07:37:56:588] WebviewSidebar: FAILED posting webview/editors/didChangeVisible to the sidebar; The Sidebar is invisible and can't receive messages
[2024-02-05 07:37:57:089] WebviewSidebar: FAILED posting webview/editor/didChangeActive to the sidebar; The Sidebar is invisible and can't receive messages
[2024-02-05 07:38:11:549] WebviewSidebar: FAILED posting webview/editors/didChangeVisible to the sidebar; The Sidebar is invisible and can't receive messages
[2024-02-05 07:38:11:572] WebviewSidebar: FAILED posting webview/editors/didChangeVisible to the sidebar; The Sidebar is invisible and can't receive messages
[2024-02-05 07:38:12:072] WebviewSidebar: FAILED posting webview/editor/didChangeActive to the sidebar; The Sidebar is invisible and can't receive messages
[2024-02-05 07:39:12:206] WebviewSidebar: FAILED posting webview/editors/didChangeVisible to the sidebar; The Sidebar is invisible and can't receive messages
[2024-02-05 07:39:12:238] WebviewSidebar: FAILED posting webview/editors/didChangeVisible to the sidebar; The Sidebar is invisible and can't receive messages
[2024-02-05 07:39:12:739] WebviewSidebar: FAILED posting webview/editor/didChangeActive to the sidebar; The Sidebar is invisible and can't receive messages
[2024-02-05 07:39:18:032] WebviewSidebar: FAILED posting webview/editors/didChangeVisible to the sidebar; The Sidebar is invisible and can't receive messages
[2024-02-05 07:39:18:098] WebviewSidebar: FAILED posting webview/editors/didChangeVisible to the sidebar; The Sidebar is invisible and can't receive messages
[2024-02-05 07:39:18:600] WebviewSidebar: FAILED posting webview/editor/didChangeActive to the sidebar; The Sidebar is invisible and can't receive messages
[2024-02-05 07:39:20:323] WebviewSidebar: FAILED posting webview/editors/didChangeVisible to the sidebar; The Sidebar is invisible and can't receive messages
[2024-02-05 07:39:20:347] WebviewSidebar: FAILED posting webview/editors/didChangeVisible to the sidebar; The Sidebar is invisible and can't receive messages
[2024-02-05 07:39:20:888] WebviewSidebar: FAILED posting webview/editor/didChangeActive to the sidebar; The Sidebar is invisible and can't receive messages
[2024-02-05 07:39:53:524] WebviewSidebar: FAILED posting webview/editors/didChangeVisible to the sidebar; The Sidebar is invisible and can't receive messages
[2024-02-05 07:39:53:667] WebviewSidebar: FAILED posting webview/editors/didChangeVisible to the sidebar; The Sidebar is invisible and can't receive messages
[2024-02-05 07:39:54:597] WebviewSidebar: FAILED posting webview/editor/didChangeActive to the sidebar; The Sidebar is invisible and can't receive messages
[2024-02-05 07:40:28:167] WebviewSidebar: FAILED posting webview/editors/didChangeVisible to the sidebar; The Sidebar is invisible and can't receive messages
[2024-02-05 07:40:28:194] WebviewSidebar: FAILED posting webview/editors/didChangeVisible to the sidebar; The Sidebar is invisible and can't receive messages
[2024-02-05 07:40:28:695] WebviewSidebar: FAILED posting webview/editor/didChangeActive to the sidebar; The Sidebar is invisible and can't receive messages
[2024-02-05 07:42:00:338] WebviewSidebar: FAILED posting webview/editors/didChangeVisible to the sidebar; The Sidebar is invisible and can't receive messages
[2024-02-05 07:42:00:353] WebviewSidebar: FAILED posting webview/editors/didChangeVisible to the sidebar; The Sidebar is invisible and can't receive messages
[2024-02-05 07:42:01:330] WebviewSidebar: FAILED posting webview/editor/didChangeActive to the sidebar; The Sidebar is invisible and can't receive messages
[2024-02-05 07:42:42:484] WebviewSidebar: FAILED posting webview/editors/didChangeVisible to the sidebar; The Sidebar is invisible and can't receive messages
[2024-02-05 07:42:42:516] WebviewSidebar: FAILED posting webview/editors/didChangeVisible to the sidebar; The Sidebar is invisible and can't receive messages
[2024-02-05 07:42:43:018] WebviewSidebar: FAILED posting webview/editor/didChangeActive to the sidebar; The Sidebar is invisible and can't receive messages
[2024-02-05 07:42:43:918] WebviewSidebar: FAILED posting webview/editors/didChangeVisible to the sidebar; The Sidebar is invisible and can't receive messages
[2024-02-05 07:42:43:945] WebviewSidebar: FAILED posting webview/editors/didChangeVisible to the sidebar; The Sidebar is invisible and can't receive messages
[2024-02-05 07:42:44:446] WebviewSidebar: FAILED posting webview/editor/didChangeActive to the sidebar; The Sidebar is invisible and can't receive messages
[2024-02-05 07:44:00:923] WebviewSidebar: FAILED posting webview/editors/didChangeVisible to the sidebar; The Sidebar is invisible and can't receive messages
[2024-02-05 07:44:00:969] WebviewSidebar: FAILED posting webview/editors/didChangeVisible to the sidebar; The Sidebar is invisible and can't receive messages
[2024-02-05 07:44:01:630] WebviewSidebar: FAILED posting webview/editor/didChangeActive to the sidebar; The Sidebar is invisible and can't receive messages
[2024-02-05 07:45:01:924] WebviewSidebar: FAILED posting webview/editors/didChangeVisible to the sidebar; The Sidebar is invisible and can't receive messages
[2024-02-05 07:45:01:955] WebviewSidebar: FAILED posting webview/editors/didChangeVisible to the sidebar; The Sidebar is invisible and can't receive messages
[2024-02-05 07:45:02:537] WebviewSidebar: FAILED posting webview/editor/didChangeActive to the sidebar; The Sidebar is invisible and can't receive messages
[2024-02-05 07:45:11:320] WebviewSidebar: FAILED posting webview/editors/didChangeVisible to the sidebar; The Sidebar is invisible and can't receive messages
[2024-02-05 07:45:11:327] WebviewSidebar: FAILED posting webview/editors/didChangeVisible to the sidebar; The Sidebar is invisible and can't receive messages
[2024-02-05 07:45:11:905] WebviewSidebar: FAILED posting webview/editor/didChangeActive to the sidebar; The Sidebar is invisible and can't receive messages
[2024-02-05 07:46:07:922] WebviewSidebar: FAILED posting webview/editors/didChangeVisible to the sidebar; The Sidebar is invisible and can't receive messages
[2024-02-05 07:46:08:023] WebviewSidebar: FAILED posting webview/editors/didChangeVisible to the sidebar; The Sidebar is invisible and can't receive messages
[2024-02-05 07:46:08:525] WebviewSidebar: FAILED posting webview/editor/didChangeActive to the sidebar; The Sidebar is invisible and can't receive messages
[2024-02-05 07:46:46:745] WebviewSidebar: FAILED posting webview/editors/didChangeVisible to the sidebar; The Sidebar is invisible and can't receive messages
[2024-02-05 07:46:46:814] WebviewSidebar: FAILED posting webview/editors/didChangeVisible to the sidebar; The Sidebar is invisible and can't receive messages
[2024-02-05 07:46:47:315] WebviewSidebar: FAILED posting webview/editor/didChangeActive to the sidebar; The Sidebar is invisible and can't receive messages
[2024-02-05 07:46:52:171] WebviewSidebar: FAILED posting webview/editors/didChangeVisible to the sidebar; The Sidebar is invisible and can't receive messages
[2024-02-05 07:46:52:203] WebviewSidebar: FAILED posting webview/editors/didChangeVisible to the sidebar; The Sidebar is invisible and can't receive messages
[2024-02-05 07:46:52:704] WebviewSidebar: FAILED posting webview/editor/didChangeActive to the sidebar; The Sidebar is invisible and can't receive messages
[2024-02-05 07:52:50:587] WebviewSidebar: FAILED posting webview/editors/didChangeVisible to the sidebar; The Sidebar is invisible and can't receive messages
[2024-02-05 07:52:50:631] WebviewSidebar: FAILED posting webview/editors/didChangeVisible to the sidebar; The Sidebar is invisible and can't receive messages
[2024-02-05 07:52:51:603] WebviewSidebar: FAILED posting webview/editor/didChangeActive to the sidebar; The Sidebar is invisible and can't receive messages
[2024-02-05 07:52:53:351] WebviewSidebar: FAILED posting webview/editors/didChangeVisible to the sidebar; The Sidebar is invisible and can't receive messages
[2024-02-05 07:52:53:416] WebviewSidebar: FAILED posting webview/editors/didChangeVisible to the sidebar; The Sidebar is invisible and can't receive messages
[2024-02-05 07:52:53:997] WebviewSidebar: FAILED posting webview/editor/didChangeActive to the sidebar; The Sidebar is invisible and can't receive messages
[2024-02-05 07:53:49:616] WebviewSidebar: FAILED posting webview/editors/didChangeVisible to the sidebar; The Sidebar is invisible and can't receive messages
[2024-02-05 07:53:49:662] WebviewSidebar: FAILED posting webview/editors/didChangeVisible to the sidebar; The Sidebar is invisible and can't receive messages
[2024-02-05 07:53:50:200] WebviewSidebar: FAILED posting webview/editor/didChangeActive to the sidebar; The Sidebar is invisible and can't receive messages
[2024-02-05 07:54:16:592] WebviewSidebar: FAILED posting webview/editors/didChangeVisible to the sidebar; The Sidebar is invisible and can't receive messages
[2024-02-05 07:54:16:620] WebviewSidebar: FAILED posting webview/editors/didChangeVisible to the sidebar; The Sidebar is invisible and can't receive messages
[2024-02-05 07:54:17:122] WebviewSidebar: FAILED posting webview/editor/didChangeActive to the sidebar; The Sidebar is invisible and can't receive messages
[2024-02-05 07:54:17:555] WebviewSidebar: FAILED posting webview/editors/didChangeVisible to the sidebar; The Sidebar is invisible and can't receive messages
[2024-02-05 07:54:17:589] WebviewSidebar: FAILED posting webview/editors/didChangeVisible to the sidebar; The Sidebar is invisible and can't receive messages
[2024-02-05 07:54:18:114] WebviewSidebar: FAILED posting webview/editor/didChangeActive to the sidebar; The Sidebar is invisible and can't receive messages
[2024-02-05 07:54:20:575] WebviewSidebar: FAILED posting webview/editors/didChangeVisible to the sidebar; The Sidebar is invisible and can't receive messages
[2024-02-05 07:54:20:606] WebviewSidebar: FAILED posting webview/editors/didChangeVisible to the sidebar; The Sidebar is invisible and can't receive messages
[2024-02-05 07:54:21:106] WebviewSidebar: FAILED posting webview/editor/didChangeActive to the sidebar; The Sidebar is invisible and can't receive messages
[2024-02-05 07:54:22:739] WebviewSidebar: FAILED posting webview/editors/didChangeVisible to the sidebar; The Sidebar is invisible and can't receive messages
[2024-02-05 07:54:22:767] WebviewSidebar: FAILED posting webview/editors/didChangeVisible to the sidebar; The Sidebar is invisible and can't receive messages
[2024-02-05 07:54:23:268] WebviewSidebar: FAILED posting webview/editor/didChangeActive to the sidebar; The Sidebar is invisible and can't receive messages
[2024-02-05 07:54:25:915] WebviewSidebar: FAILED posting webview/editors/didChangeVisible to the sidebar; The Sidebar is invisible and can't receive messages
[2024-02-05 07:54:25:945] WebviewSidebar: FAILED posting webview/editors/didChangeVisible to the sidebar; The Sidebar is invisible and can't receive messages
[2024-02-05 07:54:26:446] WebviewSidebar: FAILED posting webview/editor/didChangeActive to the sidebar; The Sidebar is invisible and can't receive messages
[2024-02-05 07:54:58:828] WebviewSidebar: FAILED posting webview/editors/didChangeVisible to the sidebar; The Sidebar is invisible and can't receive messages
[2024-02-05 07:54:58:890] WebviewSidebar: FAILED posting webview/editors/didChangeVisible to the sidebar; The Sidebar is invisible and can't receive messages
[2024-02-05 07:54:59:406] WebviewSidebar: FAILED posting webview/editor/didChangeActive to the sidebar; The Sidebar is invisible and can't receive messages
[2024-02-05 07:55:00:519] WebviewSidebar: FAILED posting webview/editors/didChangeVisible to the sidebar; The Sidebar is invisible and can't receive messages
[2024-02-05 07:55:00:539] WebviewSidebar: FAILED posting webview/editors/didChangeVisible to the sidebar; The Sidebar is invisible and can't receive messages
[2024-02-05 07:55:01:040] WebviewSidebar: FAILED posting webview/editor/didChangeActive to the sidebar; The Sidebar is invisible and can't receive messages
[2024-02-05 08:35:17:660] WebviewSidebar: FAILED posting webview/editors/didChangeVisible to the sidebar; The Sidebar is invisible and can't receive messages
[2024-02-05 08:35:17:672] WebviewSidebar: FAILED posting webview/editors/didChangeVisible to the sidebar; The Sidebar is invisible and can't receive messages
[2024-02-05 08:35:18:186] WebviewSidebar: FAILED posting webview/editor/didChangeActive to the sidebar; The Sidebar is invisible and can't receive messages
[2024-02-05 08:35:46:987] WebviewSidebar: FAILED posting webview/editors/didChangeVisible to the sidebar; The Sidebar is invisible and can't receive messages
[2024-02-05 08:35:47:048] WebviewSidebar: FAILED posting webview/editors/didChangeVisible to the sidebar; The Sidebar is invisible and can't receive messages
[2024-02-05 08:35:47:584] WebviewSidebar: FAILED posting webview/editor/didChangeActive to the sidebar; The Sidebar is invisible and can't receive messages
[2024-02-05 08:36:01:080] WebviewSidebar: FAILED posting webview/editors/didChangeVisible to the sidebar; The Sidebar is invisible and can't receive messages
[2024-02-05 08:36:01:116] WebviewSidebar: FAILED posting webview/editors/didChangeVisible to the sidebar; The Sidebar is invisible and can't receive messages
[2024-02-05 08:36:01:617] WebviewSidebar: FAILED posting webview/editor/didChangeActive to the sidebar; The Sidebar is invisible and can't receive messages
[2024-02-05 08:36:02:432] WebviewSidebar: FAILED posting webview/editors/didChangeVisible to the sidebar; The Sidebar is invisible and can't receive messages
[2024-02-05 08:36:02:475] WebviewSidebar: FAILED posting webview/editors/didChangeVisible to the sidebar; The Sidebar is invisible and can't receive messages
[2024-02-05 08:36:02:953] WebviewSidebar: FAILED posting webview/editors/didChangeVisible to the sidebar; The Sidebar is invisible and can't receive messages
[2024-02-05 08:36:02:989] WebviewSidebar: FAILED posting webview/editors/didChangeVisible to the sidebar; The Sidebar is invisible and can't receive messages
[2024-02-05 08:36:03:540] WebviewSidebar: FAILED posting webview/editor/didChangeActive to the sidebar; The Sidebar is invisible and can't receive messages
[2024-02-05 08:36:04:836] WebviewSidebar: FAILED posting webview/editors/didChangeVisible to the sidebar; The Sidebar is invisible and can't receive messages
[2024-02-05 08:36:04:852] WebviewSidebar: FAILED posting webview/editors/didChangeVisible to the sidebar; The Sidebar is invisible and can't receive messages
[2024-02-05 08:36:05:352] WebviewSidebar: FAILED posting webview/editor/didChangeActive to the sidebar; The Sidebar is invisible and can't receive messages
[2024-02-05 08:36:06:784] WebviewSidebar: FAILED posting webview/editors/didChangeVisible to the sidebar; The Sidebar is invisible and can't receive messages
[2024-02-05 08:36:06:803] WebviewSidebar: FAILED posting webview/editors/didChangeVisible to the sidebar; The Sidebar is invisible and can't receive messages
[2024-02-05 08:36:07:304] WebviewSidebar: FAILED posting webview/editor/didChangeActive to the sidebar; The Sidebar is invisible and can't receive messages
[2024-02-05 08:38:36:676] WebviewSidebar: FAILED posting webview/editors/didChangeVisible to the sidebar; The Sidebar is invisible and can't receive messages
[2024-02-05 08:38:36:726] WebviewSidebar: FAILED posting webview/editors/didChangeVisible to the sidebar; The Sidebar is invisible and can't receive messages
[2024-02-05 08:38:37:302] WebviewSidebar: FAILED posting webview/editor/didChangeActive to the sidebar; The Sidebar is invisible and can't receive messages
[2024-02-05 08:58:51:527] WebviewSidebar: FAILED posting webview/editors/didChangeVisible to the sidebar; The Sidebar is invisible and can't receive messages
[2024-02-05 08:58:52:006] WebviewSidebar: FAILED posting webview/editors/didChangeVisible to the sidebar; The Sidebar is invisible and can't receive messages
[2024-02-05 09:02:18:461] WebviewSidebar: FAILED posting webview/editor/didChangeActive to the sidebar; The Sidebar is invisible and can't receive messages
[2024-02-05 09:04:04:877] WebviewSidebar: FAILED posting webview/editors/didChangeVisible to the sidebar; The Sidebar is invisible and can't receive messages
[2024-02-05 09:04:04:892] WebviewSidebar: FAILED posting webview/editors/didChangeVisible to the sidebar; The Sidebar is invisible and can't receive messages
[2024-02-05 09:04:09:311] WebviewSidebar: FAILED posting webview/editor/didChangeActive to the sidebar; The Sidebar is invisible and can't receive messages
[2024-02-05 09:04:12:613] WebviewSidebar: FAILED posting webview/editors/didChangeVisible to the sidebar; The Sidebar is invisible and can't receive messages
[2024-02-05 09:04:12:628] WebviewSidebar: FAILED posting webview/editors/didChangeVisible to the sidebar; The Sidebar is invisible and can't receive messages
[2024-02-05 09:04:12:938] WebviewSidebar: FAILED posting webview/editors/didChangeVisible to the sidebar; The Sidebar is invisible and can't receive messages
[2024-02-05 09:04:12:949] WebviewSidebar: FAILED posting webview/editors/didChangeVisible to the sidebar; The Sidebar is invisible and can't receive messages
[2024-02-05 09:04:37:701] WebviewSidebar: FAILED posting webview/editors/didChangeVisible to the sidebar; The Sidebar is invisible and can't receive messages
[2024-02-05 09:04:37:756] WebviewSidebar: FAILED posting webview/editors/didChangeVisible to the sidebar; The Sidebar is invisible and can't receive messages
[2024-02-05 09:04:38:778] WebviewSidebar: FAILED posting webview/editor/didChangeActive to the sidebar; The Sidebar is invisible and can't receive messages
[2024-02-05 09:05:09:044] WebviewSidebar: FAILED posting webview/editors/didChangeVisible to the sidebar; The Sidebar is invisible and can't receive messages
[2024-02-05 09:05:09:082] WebviewSidebar: FAILED posting webview/editors/didChangeVisible to the sidebar; The Sidebar is invisible and can't receive messages
[2024-02-05 09:05:09:583] WebviewSidebar: FAILED posting webview/editor/didChangeActive to the sidebar; The Sidebar is invisible and can't receive messages
[2024-02-05 09:05:30:909] WebviewSidebar: FAILED posting webview/editors/didChangeVisible to the sidebar; The Sidebar is invisible and can't receive messages
[2024-02-05 09:05:30:944] WebviewSidebar: FAILED posting webview/editors/didChangeVisible to the sidebar; The Sidebar is invisible and can't receive messages
[2024-02-05 09:05:31:469] WebviewSidebar: FAILED posting webview/editor/didChangeActive to the sidebar; The Sidebar is invisible and can't receive messages
[2024-02-05 09:05:34:092] WebviewSidebar: FAILED posting webview/editors/didChangeVisible to the sidebar; The Sidebar is invisible and can't receive messages
[2024-02-05 09:05:34:106] WebviewSidebar: FAILED posting webview/editors/didChangeVisible to the sidebar; The Sidebar is invisible and can't receive messages
[2024-02-05 09:05:34:809] WebviewSidebar: FAILED posting webview/editor/didChangeActive to the sidebar; The Sidebar is invisible and can't receive messages
[2024-02-05 09:15:11:428] WebviewSidebar: FAILED posting webview/editors/didChangeVisible to the sidebar; The Sidebar is invisible and can't receive messages
[2024-02-05 09:15:11:437] WebviewSidebar: FAILED posting webview/editors/didChangeVisible to the sidebar; The Sidebar is invisible and can't receive messages
[2024-02-05 09:15:12:387] WebviewSidebar: FAILED posting webview/editor/didChangeActive to the sidebar; The Sidebar is invisible and can't receive messages
[2024-02-05 09:17:01:303] WebviewSidebar: FAILED posting webview/editors/didChangeVisible to the sidebar; The Sidebar is invisible and can't receive messages
[2024-02-05 09:17:01:355] WebviewSidebar: FAILED posting webview/editors/didChangeVisible to the sidebar; The Sidebar is invisible and can't receive messages
[2024-02-05 09:17:01:863] WebviewSidebar: FAILED posting webview/editor/didChangeActive to the sidebar; The Sidebar is invisible and can't receive messages
[2024-02-05 11:18:27:732] WebviewSidebar: FAILED posting webview/editors/didChangeVisible to the sidebar; The Sidebar is invisible and can't receive messages
[2024-02-05 11:18:28:505] WebviewSidebar: FAILED posting webview/editor/didChangeActive to the sidebar; The Sidebar is invisible and can't receive messages
[2024-02-05 11:18:28:516] WebviewSidebar: FAILED posting webview/editors/didChangeVisible to the sidebar; The Sidebar is invisible and can't receive messages
[2024-02-05 11:21:54:780] WebviewSidebar: FAILED posting webview/editor/didChangeActive to the sidebar; The Sidebar is invisible and can't receive messages
[2024-02-05 11:21:55:332] WebviewSidebar: FAILED posting webview/editors/didChangeVisible to the sidebar; The Sidebar is invisible and can't receive messages
[2024-02-05 11:21:55:352] WebviewSidebar: FAILED posting webview/editors/didChangeVisible to the sidebar; The Sidebar is invisible and can't receive messages
[2024-02-05 11:22:01:469] WebviewSidebar: FAILED posting webview/editor/didChangeActive to the sidebar; The Sidebar is invisible and can't receive messages
[2024-02-05 12:04:53:035] WebviewSidebar: FAILED posting webview/editors/didChangeVisible to the sidebar; The Sidebar is invisible and can't receive messages
[2024-02-05 12:04:53:086] WebviewSidebar: FAILED posting webview/editors/didChangeVisible to the sidebar; The Sidebar is invisible and can't receive messages
[2024-02-05 12:04:53:608] WebviewSidebar: FAILED posting webview/editor/didChangeActive to the sidebar; The Sidebar is invisible and can't receive messages
[2024-02-05 12:06:19:658] WebviewSidebar: FAILED posting webview/editors/didChangeVisible to the sidebar; The Sidebar is invisible and can't receive messages
[2024-02-05 12:06:19:709] WebviewSidebar: FAILED posting webview/editors/didChangeVisible to the sidebar; The Sidebar is invisible and can't receive messages
[2024-02-05 12:06:20:211] WebviewSidebar: FAILED posting webview/editor/didChangeActive to the sidebar; The Sidebar is invisible and can't receive messages
[2024-02-05 12:06:21:467] WebviewSidebar: FAILED posting webview/editors/didChangeVisible to the sidebar; The Sidebar is invisible and can't receive messages
[2024-02-05 12:06:21:523] WebviewSidebar: FAILED posting webview/editors/didChangeVisible to the sidebar; The Sidebar is invisible and can't receive messages
[2024-02-05 12:06:22:023] WebviewSidebar: FAILED posting webview/editor/didChangeActive to the sidebar; The Sidebar is invisible and can't receive messages
[2024-02-05 12:06:52:521] WebviewSidebar: FAILED posting webview/editors/didChangeVisible to the sidebar; The Sidebar is invisible and can't receive messages
[2024-02-05 12:06:52:578] WebviewSidebar: FAILED posting webview/editors/didChangeVisible to the sidebar; The Sidebar is invisible and can't receive messages
[2024-02-05 12:06:53:128] WebviewSidebar: FAILED posting webview/editor/didChangeActive to the sidebar; The Sidebar is invisible and can't receive messages
[2024-02-05 12:11:20:908] WebviewSidebar: FAILED posting webview/editors/didChangeVisible to the sidebar; The Sidebar is invisible and can't receive messages
[2024-02-05 12:11:20:975] WebviewSidebar: FAILED posting webview/editors/didChangeVisible to the sidebar; The Sidebar is invisible and can't receive messages
[2024-02-05 12:11:21:767] WebviewSidebar: FAILED posting webview/editor/didChangeActive to the sidebar; The Sidebar is invisible and can't receive messages
[2024-02-05 12:11:21:875] WebviewSidebar: FAILED posting webview/editors/didChangeVisible to the sidebar; The Sidebar is invisible and can't receive messages
[2024-02-05 12:11:21:890] WebviewSidebar: FAILED posting webview/editors/didChangeVisible to the sidebar; The Sidebar is invisible and can't receive messages
[2024-02-05 12:11:22:391] WebviewSidebar: FAILED posting webview/editor/didChangeActive to the sidebar; The Sidebar is invisible and can't receive messages
[2024-02-05 12:12:11:168] WebviewSidebar: FAILED posting webview/editors/didChangeVisible to the sidebar; The Sidebar is invisible and can't receive messages
[2024-02-05 12:12:11:214] WebviewSidebar: FAILED posting webview/editors/didChangeVisible to the sidebar; The Sidebar is invisible and can't receive messages
[2024-02-05 12:12:11:717] WebviewSidebar: FAILED posting webview/editor/didChangeActive to the sidebar; The Sidebar is invisible and can't receive messages
[2024-02-05 12:16:16:206] WebviewSidebar: FAILED posting webview/editors/didChangeVisible to the sidebar; The Sidebar is invisible and can't receive messages
[2024-02-05 12:16:16:418] WebviewSidebar: FAILED posting webview/editors/didChangeVisible to the sidebar; The Sidebar is invisible and can't receive messages
[2024-02-05 12:16:17:170] WebviewSidebar: FAILED posting webview/editor/didChangeActive to the sidebar; The Sidebar is invisible and can't receive messages
[2024-02-05 12:16:44:852] WebviewSidebar: FAILED posting webview/editors/didChangeVisible to the sidebar; The Sidebar is invisible and can't receive messages
[2024-02-05 12:16:44:929] WebviewSidebar: FAILED posting webview/editors/didChangeVisible to the sidebar; The Sidebar is invisible and can't receive messages
[2024-02-05 12:16:45:639] WebviewSidebar: FAILED posting webview/editor/didChangeActive to the sidebar; The Sidebar is invisible and can't receive messages
[2024-02-05 12:28:58:619] WebviewSidebar: FAILED posting webview/editors/didChangeVisible to the sidebar; The Sidebar is invisible and can't receive messages
[2024-02-05 12:29:20:633] WebviewSidebar: FAILED posting webview/editors/didChangeVisible to the sidebar; The Sidebar is invisible and can't receive messages
[2024-02-05 12:57:36:995] WebviewSidebar: FAILED posting webview/editors/didChangeVisible to the sidebar; The Sidebar is invisible and can't receive messages
[2024-02-05 12:57:37:063] WebviewSidebar: FAILED posting webview/editors/didChangeVisible to the sidebar; The Sidebar is invisible and can't receive messages
[2024-02-05 12:57:37:715] WebviewSidebar: FAILED posting webview/editor/didChangeActive to the sidebar; The Sidebar is invisible and can't receive messages
[2024-02-05 13:02:20:798] WebviewSidebar: FAILED posting webview/editors/didChangeVisible to the sidebar; The Sidebar is invisible and can't receive messages
[2024-02-05 13:02:20:876] WebviewSidebar: FAILED posting webview/editors/didChangeVisible to the sidebar; The Sidebar is invisible and can't receive messages
[2024-02-05 13:02:21:392] WebviewSidebar: FAILED posting webview/editor/didChangeActive to the sidebar; The Sidebar is invisible and can't receive messages
[2024-02-06 02:50:25:739] WebviewSidebar: FAILED posting webview/editors/didChangeVisible to the sidebar; The Sidebar is invisible and can't receive messages
[2024-02-06 02:50:25:801] WebviewSidebar: FAILED posting webview/editors/didChangeVisible to the sidebar; The Sidebar is invisible and can't receive messages
[2024-02-06 02:50:26:340] WebviewSidebar: FAILED posting webview/editor/didChangeActive to the sidebar; The Sidebar is invisible and can't receive messages
[2024-02-06 02:50:26:691] WebviewSidebar: FAILED posting webview/editors/didChangeVisible to the sidebar; The Sidebar is invisible and can't receive messages
[2024-02-06 02:50:26:738] WebviewSidebar: FAILED posting webview/editors/didChangeVisible to the sidebar; The Sidebar is invisible and can't receive messages
[2024-02-06 02:50:27:239] WebviewSidebar: FAILED posting webview/editor/didChangeActive to the sidebar; The Sidebar is invisible and can't receive messages
[2024-02-06 02:50:27:618] WebviewSidebar: FAILED posting webview/editors/didChangeVisible to the sidebar; The Sidebar is invisible and can't receive messages
[2024-02-06 02:50:27:655] WebviewSidebar: FAILED posting webview/editors/didChangeVisible to the sidebar; The Sidebar is invisible and can't receive messages
[2024-02-06 02:50:28:156] WebviewSidebar: FAILED posting webview/editor/didChangeActive to the sidebar; The Sidebar is invisible and can't receive messages
[2024-02-06 03:24:49:368] WebviewSidebar: FAILED posting webview/editors/didChangeVisible to the sidebar; The Sidebar is invisible and can't receive messages
[2024-02-06 03:24:49:444] WebviewSidebar: FAILED posting webview/editors/didChangeVisible to the sidebar; The Sidebar is invisible and can't receive messages
[2024-02-06 03:24:49:970] WebviewSidebar: FAILED posting webview/editor/didChangeActive to the sidebar; The Sidebar is invisible and can't receive messages
[2024-02-06 03:25:03:575] WebviewSidebar: FAILED posting webview/editors/didChangeVisible to the sidebar; The Sidebar is invisible and can't receive messages
[2024-02-06 03:25:03:625] WebviewSidebar: FAILED posting webview/editors/didChangeVisible to the sidebar; The Sidebar is invisible and can't receive messages
[2024-02-06 03:25:04:126] WebviewSidebar: FAILED posting webview/editor/didChangeActive to the sidebar; The Sidebar is invisible and can't receive messages
[2024-02-06 03:26:18:753] WebviewSidebar: FAILED posting webview/editors/didChangeVisible to the sidebar; The Sidebar is invisible and can't receive messages
[2024-02-06 03:26:18:806] WebviewSidebar: FAILED posting webview/editors/didChangeVisible to the sidebar; The Sidebar is invisible and can't receive messages
[2024-02-06 03:26:19:314] WebviewSidebar: FAILED posting webview/editor/didChangeActive to the sidebar; The Sidebar is invisible and can't receive messages
