Initializing document watcher...
CloudNine/endPointModules/app.jsx: Using EditorConfig core...
CloudNine/endPointModules/app.jsx: Using EditorConfig core...
CloudNine/endPointModules/app.jsx: Using EditorConfig core...
CloudNine/endPointModules/app.jsx: Using EditorConfig core...
CloudNine/endPointModules/app.jsx: Using EditorConfig core...
CloudNine/endPointModules/app.jsx: Using EditorConfig core...
CloudNine/endPointModules/app.jsx: Using EditorConfig core...
CloudNine/endPointModules/app.jsx: Using EditorConfig core...
CloudNine/.history/endPointModules/app_20240205034800.jsx: {}
CloudNine/.history/endPointModules/app_20240205161901.jsx: {}
CloudNine/.history/endPointModules/app_20240205161719.jsx: {}
CloudNine/.history/endPointModules/app_20240205161639.jsx: {}
CloudNine/.history/endPointModules/app_20240205161239.jsx: {}
CloudNine/.history/endPointModules/app_20240205145447.jsx: {}
CloudNine/.history/endPointModules/app_20240205162157.jsx: {}
CloudNine/.history/endPointModules/app_20240205163736.jsx: {}
CloudNine/.history/endPointModules/app_20240205163659.jsx: {}
CloudNine/.history/endPointModules/app_20240205163500.jsx: {}
CloudNine/.history/endPointModules/app_20240205163423.jsx: {}
CloudNine/.history/endPointModules/app_20240205163344.jsx: {}
CloudNine/endPointModules/app.jsx: {}
CloudNine/endPointModules/app.jsx: Using EditorConfig core...
CloudNine/endPointModules/app.jsx: Using EditorConfig core...
CloudNine/endPointModules/app.jsx: Using EditorConfig core...
CloudNine/endPointModules/app.jsx: {}
CloudNine/endPointModules/app.jsx: Using EditorConfig core...
CloudNine/endPointModules/app.jsx: Using EditorConfig core...
CloudNine/endPointModules/app.jsx: Using EditorConfig core...
CloudNine/endPointModules/app.jsx: Using EditorConfig core...
CloudNine/endPointModules/app.jsx: {}
CloudNine/endPointModules/app.jsx: Using EditorConfig core...
CloudNine/endPointModules/app.jsx: Using EditorConfig core...
CloudNine/endPointModules/app.jsx: {}
CloudNine/endPointModules/app.jsx: {}
CloudNine/endPointModules/app.jsx: Using EditorConfig core...
CloudNine/endPointModules/app.jsx: Using EditorConfig core...
CloudNine/endPointModules/app.jsx: Using EditorConfig core...
CloudNine/endPointModules/app.jsx: Using EditorConfig core...
CloudNine/endPointModules/app.jsx: Using EditorConfig core...
CloudNine/endPointModules/app.jsx: {}
CloudNine/endPointModules/app.jsx: {}
CloudNine/endPointModules/app.jsx: Using EditorConfig core...
CloudNine/endPointModules/app.jsx: Using EditorConfig core...
CloudNine/endPointModules/app.jsx: Using EditorConfig core...
CloudNine/endPointModules/app.jsx: Using EditorConfig core...
CloudNine/endPointModules/app.jsx: {}
CloudNine/endPointModules/app.jsx: Using EditorConfig core...
CloudNine/endPointModules/app.jsx: {}
CloudNine/endPointModules/app.jsx: {}
CloudNine/endPointModules/app.jsx: Using EditorConfig core...
CloudNine/endPointModules/app.jsx: Using EditorConfig core...
CloudNine/endPointModules/app.jsx: Using EditorConfig core...
CloudNine/.history/endPointModules/app_20240205034800.jsx: {}
CloudNine/.history/endPointModules/app_20240205034800.jsx: {}
CloudNine/endPointModules/app.jsx: {}
CloudNine/endPointModules/app.jsx: Using EditorConfig core...
CloudNine/endPointModules/app.jsx: Using EditorConfig core...
CloudNine/endPointModules/app.jsx: {}
CloudNine/endPointModules/app.jsx: {}
CloudNine/endPointModules/app.jsx: Using EditorConfig core...
CloudNine/endPointModules/app.jsx: Using EditorConfig core...
CloudNine/endPointModules/app.jsx: Using EditorConfig core...
CloudNine/endPointModules/app.jsx: {}
CloudNine/endPointModules/app.jsx: Using EditorConfig core...
CloudNine/endPointModules/app.jsx: Using EditorConfig core...
CloudNine/endPointModules/app.jsx: Using EditorConfig core...
CloudNine/endPointModules/app.jsx: {}
CloudNine/endPointModules/app.jsx: Using EditorConfig core...
CloudNine/endPointModules/app.jsx: Using EditorConfig core...
CloudNine/endPointModules/app.jsx: Using EditorConfig core...
CloudNine/endPointModules/app.jsx: Using EditorConfig core...
CloudNine/endPointModules/app.jsx: Using EditorConfig core...
CloudNine/endPointModules/app.jsx: Using EditorConfig core...
CloudNine/endPointModules/app.jsx: Using EditorConfig core...
CloudNine/endPointModules/app.jsx: Using EditorConfig core...
CloudNine/endPointModules/app.jsx: Using EditorConfig core...
CloudNine/endPointModules/app.jsx: {}
CloudNine/endPointModules/app.jsx: Using EditorConfig core...
CloudNine/endPointModules/app.jsx: Using EditorConfig core...
CloudNine/endPointModules/app.jsx: {}
CloudNine/endPointModules/app.jsx: {}
CloudNine/endPointModules/app.jsx: {}
MultiVerse/src/App.tsx: {}
CloudNine/endPointModules/app.jsx: {}
CloudNine/endPointModules/app.jsx: Using EditorConfig core...
MultiVerse/src/App.tsx: {}
CloudNine/endPointModules/app.jsx: {}
CloudNine/endPointModules/app.jsx: Using EditorConfig core...
CloudNine/endPointModules/app.jsx: Using EditorConfig core...
CloudNine/endPointModules/app.jsx: {}
MultiVerse/src/App.tsx: {}
CloudNine/endPointModules/app.jsx: {}
CloudNine/endPointModules/app.jsx: Using EditorConfig core...
CloudNine/endPointModules/app.jsx: {}
CloudNine/endPointModules/app.jsx: Using EditorConfig core...
CloudNine/endPointModules/app.jsx: Using EditorConfig core...
CloudNine/endPointModules/app.jsx: Using EditorConfig core...
CloudNine/endPointModules/app.jsx: Using EditorConfig core...
CloudNine/endPointModules/app.jsx: Using EditorConfig core...
CloudNine/endPointModules/app.jsx: Using EditorConfig core...
CloudNine/endPointModules/app.jsx: {}
CloudNine/endPointModules/app.jsx: {}
CloudNine/endPointModules/app.jsx: Using EditorConfig core...
CloudNine/endPointModules/app.jsx: Using EditorConfig core...
CloudNine/endPointModules/app.jsx: {}
CloudNine/endPointModules/app.jsx: Using EditorConfig core...
CloudNine/endPointModules/app.jsx: Using EditorConfig core...
CloudNine/endPointModules/app.jsx: Using EditorConfig core...
CloudNine/endPointModules/app.jsx: Using EditorConfig core...
CloudNine/endPointModules/app.jsx: Using EditorConfig core...
CloudNine/endPointModules/app.jsx: Using EditorConfig core...
CloudNine/endPointModules/app.jsx: Using EditorConfig core...
CloudNine/endPointModules/app.jsx: Using EditorConfig core...
CloudNine/endPointModules/app.jsx: Using EditorConfig core...
CloudNine/endPointModules/app.jsx: {}
CloudNine/endPointModules/app.jsx: Using EditorConfig core...
CloudNine/endPointModules/app.jsx: Using EditorConfig core...
CloudNine/endPointModules/app.jsx: Using EditorConfig core...
CloudNine/endPointModules/app.jsx: Using EditorConfig core...
CloudNine/endPointModules/app.jsx: Using EditorConfig core...
CloudNine/endPointModules/app.jsx: Using EditorConfig core...
CloudNine/endPointModules/app.jsx: {}
CloudNine/endPointModules/app.jsx: Using EditorConfig core...
CloudNine/endPointModules/app.jsx: Using EditorConfig core...
CloudNine/endPointModules/app.jsx: Using EditorConfig core...
CloudNine/endPointModules/app.jsx: {}
CloudNine/endPointModules/app.jsx: Using EditorConfig core...
CloudNine/endPointModules/app.jsx: {}
CloudNine/endPointModules/app.jsx: {}
CloudNine/endPointModules/app.jsx: Using EditorConfig core...
CloudNine/endPointModules/app.jsx: Using EditorConfig core...
CloudNine/endPointModules/app.jsx: Using EditorConfig core...
CloudNine/endPointModules/app.jsx: Using EditorConfig core...
CloudNine/endPointModules/app.jsx: Using EditorConfig core...
CloudNine/endPointModules/app.jsx: {}
CloudNine/endPointModules/app.jsx: Using EditorConfig core...
CloudNine/endPointModules/app.jsx: Using EditorConfig core...
CloudNine/endPointModules/app.jsx: Using EditorConfig core...
CloudNine/endPointModules/app.jsx: Using EditorConfig core...
CloudNine/endPointModules/app.jsx: {}
CloudNine/endPointModules/app.jsx: {}
CloudNine/endPointModules/app.jsx: Using EditorConfig core...
CloudNine/endPointModules/app.jsx: Using EditorConfig core...
CloudNine/endPointModules/app.jsx: Using EditorConfig core...
CloudNine/endPointModules/app.jsx: {}
CloudNine/endPointModules/app.jsx: {}
CloudNine/endPointModules/app.jsx: {}
CloudNine/endPointModules/app.jsx: Using EditorConfig core...
CloudNine/endPointModules/app.jsx: Using EditorConfig core...
CloudNine/endPointModules/app.jsx: Using EditorConfig core...
CloudNine/endPointModules/app.jsx: Using EditorConfig core...
CloudNine/endPointModules/app.jsx: Using EditorConfig core...
CloudNine/endPointModules/app.jsx: Using EditorConfig core...
CloudNine/endPointModules/app.jsx: {}
CloudNine/endPointModules/app.jsx: {}
CloudNine/endPointModules/app.jsx: {}
CloudNine/endPointModules/app.jsx: {}
CloudNine/endPointModules/app.jsx: {}
CloudNine/endPointModules/app.jsx: {}
CloudNine/endPointModules/app.jsx: {}
CloudNine/endPointModules/app.jsx: {}
CloudNine/endPointModules/app.jsx: {}
CloudNine/endPointModules/app.jsx: Using EditorConfig core...
CloudNine/endPointModules/app.jsx: Using EditorConfig core...
CloudNine/endPointModules/app.jsx: Using EditorConfig core...
CloudNine/endPointModules/app.jsx: Using EditorConfig core...
CloudNine/endPointModules/app.jsx: Using EditorConfig core...
CloudNine/endPointModules/app.jsx: Using EditorConfig core...
CloudNine/endPointModules/app.jsx: Using EditorConfig core...
CloudNine/endPointModules/app.jsx: Using EditorConfig core...
CloudNine/endPointModules/app.jsx: Using EditorConfig core...
CloudNine/endPointModules/app.jsx: Using EditorConfig core...
CloudNine/endPointModules/app.jsx: Using EditorConfig core...
CloudNine/endPointModules/app.jsx: Using EditorConfig core...
CloudNine/endPointModules/app.jsx: Using EditorConfig core...
CloudNine/endPointModules/app.jsx: Using EditorConfig core...
CloudNine/endPointModules/app.jsx: {}
CloudNine/endPointModules/app.jsx: {}
CloudNine/endPointModules/app.jsx: Using EditorConfig core...
CloudNine/endPointModules/app.jsx: {}
CloudNine/endPointModules/app.jsx: Using EditorConfig core...
CloudNine/endPointModules/app.jsx: {}
CloudNine/endPointModules/app.jsx: Using EditorConfig core...
CloudNine/endPointModules/app.jsx: {}
CloudNine/endPointModules/app.jsx: {}
CloudNine/endPointModules/app.jsx: Using EditorConfig core...
CloudNine/endPointModules/app.jsx: Using EditorConfig core...
CloudNine/endPointModules/app.jsx: {}
CloudNine/endPointModules/app.jsx: Using EditorConfig core...
CloudNine/endPointModules/app.jsx: Using EditorConfig core...
CloudNine/endPointModules/app.jsx: {}
CloudNine/endPointModules/app.jsx: Using EditorConfig core...
CloudNine/endPointModules/app.jsx: Using EditorConfig core...
CloudNine/endPointModules/app.jsx: Using EditorConfig core...
CloudNine/endPointModules/app.jsx: {}
CloudNine/endPointModules/app.jsx: Using EditorConfig core...
CloudNine/endPointModules/app.jsx: Using EditorConfig core...
CloudNine/endPointModules/app.jsx: {}
CloudNine/endPointModules/app.jsx: Using EditorConfig core...
CloudNine/endPointModules/app.jsx: {}
CloudNine/endPointModules/app.jsx: {}
CloudNine/endPointModules/app.jsx: {}
CloudNine/endPointModules/app.jsx: {}
CloudNine/endPointModules/app.jsx: {}
CloudNine/endPointModules/app.jsx: Using EditorConfig core...
CloudNine/endPointModules/app.jsx: Using EditorConfig core...
CloudNine/endPointModules/app.jsx: Using EditorConfig core...
CloudNine/endPointModules/app.jsx: Using EditorConfig core...
CloudNine/endPointModules/app.jsx: Using EditorConfig core...
CloudNine/endPointModules/app.jsx: Using EditorConfig core...
CloudNine/endPointModules/app.jsx: Using EditorConfig core...
CloudNine/endPointModules/app.jsx: Using EditorConfig core...
CloudNine/endPointModules/app.jsx: Using EditorConfig core...
CloudNine/endPointModules/app.jsx: Using EditorConfig core...
CloudNine/endPointModules/app.jsx: Using EditorConfig core...
CloudNine/endPointModules/app.jsx: Using EditorConfig core...
CloudNine/endPointModules/app.jsx: Using EditorConfig core...
CloudNine/endPointModules/app.jsx: Using EditorConfig core...
CloudNine/endPointModules/app.jsx: Using EditorConfig core...
CloudNine/endPointModules/app.jsx: {}
CloudNine/endPointModules/app.jsx: Using EditorConfig core...
CloudNine/endPointModules/app.jsx: Using EditorConfig core...
CloudNine/endPointModules/app.jsx: {}
CloudNine/endPointModules/app.jsx: Using EditorConfig core...
CloudNine/endPointModules/app.jsx: Using EditorConfig core...
CloudNine/endPointModules/app.jsx: Using EditorConfig core...
CloudNine/endPointModules/app.jsx: Using EditorConfig core...
CloudNine/endPointModules/app.jsx: Using EditorConfig core...
CloudNine/endPointModules/app.jsx: Using EditorConfig core...
CloudNine/endPointModules/app.jsx: {}
CloudNine/endPointModules/app.jsx: Using EditorConfig core...
CloudNine/endPointModules/app.jsx: {}
CloudNine/endPointModules/app.jsx: Using EditorConfig core...
CloudNine/endPointModules/app.jsx: {}
CloudNine/index.html: {}
CloudNine/endPointModules/SSRRecipient.jsx: {}
CloudNine/endPointModules/app.jsx: {}
CloudNine/endPointModules/app.jsx: Using EditorConfig core...
CloudNine/endPointModules/app.jsx: {}
CloudNine/endPointModules/app.jsx: {}
CloudNine/endPointModules/app.jsx: {}
CloudNine/endPointModules/app.jsx: Using EditorConfig core...
CloudNine/endPointModules/app.jsx: Using EditorConfig core...
CloudNine/endPointModules/app.jsx: {}
CloudNine/endPointModules/app.jsx: Using EditorConfig core...
CloudNine/endPointModules/app.jsx: Using EditorConfig core...
CloudNine/endPointModules/app.jsx: Using EditorConfig core...
CloudNine/endPointModules/app.jsx: Using EditorConfig core...
CloudNine/endPointModules/app.jsx: Using EditorConfig core...
CloudNine/endPointModules/app.jsx: Using EditorConfig core...
CloudNine/endPointModules/app.jsx: Using EditorConfig core...
CloudNine/endPointModules/app.jsx: Using EditorConfig core...
CloudNine/endPointModules/app.jsx: {}
CloudNine/endPointModules/app.jsx: Using EditorConfig core...
CloudNine/endPointModules/app.jsx: Using EditorConfig core...
CloudNine/endPointModules/app.jsx: Using EditorConfig core...
CloudNine/endPointModules/app.jsx: {}
CloudNine/endPointModules/app.jsx: {}
CloudNine/endPointModules/app.jsx: Using EditorConfig core...
CloudNine/endPointModules/app.jsx: Using EditorConfig core...
CloudNine/endPointModules/app.jsx: Using EditorConfig core...
CloudNine/endPointModules/app.jsx: Using EditorConfig core...
CloudNine/endPointModules/app.jsx: {}
CloudNine/endPointModules/app.jsx: Using EditorConfig core...
CloudNine/endPointModules/app.jsx: Using EditorConfig core...
CloudNine/endPointModules/app.jsx: {}
CloudNine/endPointModules/app.jsx: {}
CloudNine/endPointModules/app.jsx: Using EditorConfig core...
CloudNine/endPointModules/app.jsx: {}
CloudNine/endPointModules/app.jsx: Using EditorConfig core...
CloudNine/endPointModules/app.jsx: {}
CloudNine/endPointModules/app.jsx: Using EditorConfig core...
CloudNine/endPointModules/app.jsx: Using EditorConfig core...
CloudNine/endPointModules/app.jsx: {}
CloudNine/endPointModules/app.jsx: Using EditorConfig core...
CloudNine/endPointModules/app.jsx: {}
CloudNine/endPointModules/app.jsx: Using EditorConfig core...
CloudNine/endPointModules/app.jsx: {}
CloudNine/endPointModules/app.jsx: Using EditorConfig core...
CloudNine/endPointModules/app.jsx: Using EditorConfig core...
CloudNine/endPointModules/app.jsx: {}
CloudNine/endPointModules/app.jsx: Using EditorConfig core...
CloudNine/endPointModules/app.jsx: {}
CloudNine/endPointModules/app.jsx: Using EditorConfig core...
CloudNine/endPointModules/app.jsx: Using EditorConfig core...
CloudNine/endPointModules/app.jsx: Using EditorConfig core...
CloudNine/endPointModules/app.jsx: Using EditorConfig core...
CloudNine/endPointModules/app.jsx: Using EditorConfig core...
CloudNine/endPointModules/app.jsx: Using EditorConfig core...
CloudNine/endPointModules/app.jsx: Using EditorConfig core...
CloudNine/endPointModules/app.jsx: Using EditorConfig core...
CloudNine/endPointModules/app.jsx: {}
CloudNine/endPointModules/app.jsx: Using EditorConfig core...
CloudNine/endPointModules/app.jsx: Using EditorConfig core...
CloudNine/endPointModules/app.jsx: {}
CloudNine/endPointModules/app.jsx: Using EditorConfig core...
CloudNine/endPointModules/app.jsx: Using EditorConfig core...
CloudNine/endPointModules/app.jsx: Using EditorConfig core...
CloudNine/endPointModules/app.jsx: Using EditorConfig core...
CloudNine/endPointModules/app.jsx: {}
CloudNine/endPointModules/app.jsx: Using EditorConfig core...
MultiVerse/src/App.tsx: {}
CloudNine/endPointModules/test.jsx: {}
CloudNine/endPointModules/test.jsx: Using EditorConfig core...
CloudNine/endPointModules/test.jsx: Using EditorConfig core...
CloudNine/endPointModules/test.jsx: Using EditorConfig core...
CloudNine/endPointModules/test.jsx: Using EditorConfig core...
CloudNine/endPointModules/app.jsx: {}
CloudNine/endPointModules/app.jsx: Using EditorConfig core...
CloudNine/endPointModules/app.jsx: Using EditorConfig core...
CloudNine/endPointModules/app.jsx: Using EditorConfig core...
CloudNine/endPointModules/app.jsx: Using EditorConfig core...
CloudNine/endPointModules/app.jsx: {}
CloudNine/endPointModules/app.jsx: Using EditorConfig core...
CloudNine/endPointModules/app.jsx: Using EditorConfig core...
CloudNine/endPointModules/test.jsx: {}
CloudNine/endPointModules/SSRServer.jsx: {}
CloudNine/endPointModules/app.jsx: {}
CloudNine/endPointModules/app.jsx: Using EditorConfig core...
CloudNine/endPointModules/app.jsx: Using EditorConfig core...
CloudNine/endPointModules/app.jsx: Using EditorConfig core...
CloudNine/endPointModules/app.jsx: Using EditorConfig core...
CloudNine/endPointModules/app.jsx: {}
CloudNine/endPointModules/test.jsx: {}
CloudNine/endPointModules/test.jsx: Using EditorConfig core...
CloudNine/endPointModules/test.jsx: Using EditorConfig core...
CloudNine/endPointModules/test.jsx: Using EditorConfig core...
CloudNine/endPointModules/test.jsx: Using EditorConfig core...
CloudNine/endPointModules/test.jsx: Using EditorConfig core...
CloudNine/endPointModules/test.jsx: Using EditorConfig core...
CloudNine/endPointModules/test.jsx: Using EditorConfig core...
CloudNine/endPointModules/test.jsx: Using EditorConfig core...
CloudNine/endPointModules/test.jsx: Using EditorConfig core...
CloudNine/endPointModules/test.jsx: Using EditorConfig core...
CloudNine/endPointModules/app.jsx: {}
CloudNine/endPointModules/app.jsx: {}
CloudNine/endPointModules/app.jsx: Using EditorConfig core...
CloudNine/endPointModules/app.jsx: Using EditorConfig core...
CloudNine/endPointModules/app.jsx: Using EditorConfig core...
CloudNine/endPointModules/app.jsx: Using EditorConfig core...
CloudNine/endPointModules/app.jsx: Using EditorConfig core...
CloudNine/endPointModules/app.jsx: {}
CloudNine/endPointModules/test.jsx: {}
CloudNine/endPointModules/test.jsx: Using EditorConfig core...
CloudNine/endPointModules/test.jsx: {}
CloudNine/endPointModules/test.jsx: Using EditorConfig core...
CloudNine/endPointModules/test.jsx: Using EditorConfig core...
MultiVerse/src/App.tsx: {}
CloudNine/endPointModules/app.jsx: {}
CloudNine/endPointModules/app.jsx: Using EditorConfig core...
CloudNine/endPointModules/app.jsx: {}
CloudNine/endPointModules/app.jsx: Using EditorConfig core...
CloudNine/endPointModules/app.jsx: Using EditorConfig core...
CloudNine/endPointModules/app.jsx: {}
CloudNine/endPointModules/test.jsx: {}
CloudNine/endPointModules/test.jsx: {}
CloudNine/endPointModules/test.jsx: {}
MultiVerse/src/App.tsx: {}
CloudNine/endPointModules/app.jsx: {}
CloudNine/endPointModules/app.jsx: Using EditorConfig core...
CloudNine/endPointModules/app.jsx: Using EditorConfig core...
CloudNine/endPointModules/app.jsx: Using EditorConfig core...
CloudNine/endPointModules/app.jsx: Using EditorConfig core...
CloudNine/endPoints/devServer.js: {}
CloudNine/endPointModules/SSRRecipient.jsx: {}
CloudNine/endPointModules/app.jsx: {}
CloudNine/endPointModules/app.jsx: {}
CloudNine/endPointModules/app.jsx: {}
CloudNine/endPointModules/SSRRecipient.jsx: {}
CloudNine/index.html: {}
CloudNine/index.html: Using EditorConfig core...
CloudNine/index.html: Using EditorConfig core...
CloudNine/index.html: Using EditorConfig core...
CloudNine/endPointModules/app.jsx: {}
CloudNine/endPointModules/app.jsx: {}
CloudNine/endPointModules/app.jsx: Using EditorConfig core...
CloudNine/endPointModules/app.jsx: Using EditorConfig core...
CloudNine/endPointModules/app.jsx: {}
CloudNine/endPoints/devServer.js: {}
CloudNine/endPointModules/SSRRecipient.jsx: {}
CloudNine/endPointModules/SSRServer.jsx: {}
CloudNine/endPointModules/SSRRecipient.jsx: {}
CloudNine/index.html: {}
CloudNine/index.html: Using EditorConfig core...
CloudNine/index.html: Using EditorConfig core...
CloudNine/endPoints/devServer.js: {}
CloudNine/endPoints/devServer.js: {}
CloudNine/endPointModules/app.jsx: {}
CloudNine/endPointModules/app.jsx: Using EditorConfig core...
CloudNine/endPointModules/app.jsx: Using EditorConfig core...
CloudNine/endPointModules/app.jsx: {}
CloudNine/endPointModules/app.jsx: Using EditorConfig core...
CloudNine/endPointModules/app.jsx: Using EditorConfig core...
CloudNine/endPointModules/app.jsx: {}
CloudNine/endPointModules/app.jsx: Using EditorConfig core...
CloudNine/endPointModules/app.jsx: Using EditorConfig core...
CloudNine/endPointModules/app.jsx: Using EditorConfig core...
CloudNine/endPointModules/app.jsx: Using EditorConfig core...
CloudNine/endPointModules/app.jsx: Using EditorConfig core...
CloudNine/endPointModules/app.jsx: {}
CloudNine/endPointModules/app.jsx: Using EditorConfig core...
CloudNine/endPointModules/app.jsx: Using EditorConfig core...
CloudNine/endPointModules/app.jsx: Using EditorConfig core...
CloudNine/endPointModules/app.jsx: Using EditorConfig core...
CloudNine/endPointModules/app.jsx: Using EditorConfig core...
CloudNine/endPointModules/app.jsx: Using EditorConfig core...
CloudNine/endPointModules/app.jsx: Using EditorConfig core...
CloudNine/endPointModules/app.jsx: Using EditorConfig core...
CloudNine/endPointModules/app.jsx: Using EditorConfig core...
CloudNine/endPointModules/app.jsx: Using EditorConfig core...
CloudNine/endPointModules/app.jsx: Using EditorConfig core...
CloudNine/endPointModules/app.jsx: Using EditorConfig core...
CloudNine/endPointModules/app.jsx: Using EditorConfig core...
CloudNine/endPointModules/app.jsx: Using EditorConfig core...
CloudNine/endPointModules/app.jsx: Using EditorConfig core...
CloudNine/endPointModules/app.jsx: Using EditorConfig core...
CloudNine/endPointModules/app.jsx: {}
CloudNine/endPointModules/app.jsx: Using EditorConfig core...
CloudNine/endPointModules/app.jsx: Using EditorConfig core...
CloudNine/endPointModules/app.jsx: {}
CloudNine/endPointModules/app.jsx: Using EditorConfig core...
CloudNine/endPointModules/app.jsx: Using EditorConfig core...
CloudNine/endPointModules/app.jsx: {}
CloudNine/endPointModules/app.jsx: {}
CloudNine/endPointModules/app.jsx: Using EditorConfig core...
CloudNine/endPointModules/app.jsx: Using EditorConfig core...
CloudNine/endPointModules/app.jsx: Using EditorConfig core...
CloudNine/endPointModules/app.jsx: {}
CloudNine/endPointModules/app.jsx: Using EditorConfig core...
CloudNine/endPointModules/app.jsx: {}
CloudNine/endPointModules/app.jsx: Using EditorConfig core...
CloudNine/endPointModules/app.jsx: Using EditorConfig core...
CloudNine/endPointModules/app.jsx: Using EditorConfig core...
CloudNine/endPointModules/app.jsx: Using EditorConfig core...
CloudNine/endPointModules/app.jsx: Using EditorConfig core...
CloudNine/endPointModules/app.jsx: Using EditorConfig core...
CloudNine/endPointModules/app.jsx: Using EditorConfig core...
CloudNine/endPointModules/app.jsx: Using EditorConfig core...
CloudNine/endPointModules/app.jsx: Using EditorConfig core...
CloudNine/endPointModules/app.jsx: Using EditorConfig core...
CloudNine/endPointModules/app.jsx: {}
CloudNine/endPointModules/app.jsx: Using EditorConfig core...
CloudNine/endPointModules/app.jsx: {}
CloudNine/endPointModules/app.jsx: Using EditorConfig core...
CloudNine/endPointModules/app.jsx: Using EditorConfig core...
CloudNine/endPointModules/app.jsx: {}
CloudNine/endPointModules/app.jsx: {}
CloudNine/endPointModules/app.jsx: Using EditorConfig core...
CloudNine/endPointModules/app.jsx: Using EditorConfig core...
CloudNine/endPointModules/app.jsx: Using EditorConfig core...
CloudNine/endPointModules/app.jsx: Using EditorConfig core...
CloudNine/endPointModules/app.jsx: Using EditorConfig core...
CloudNine/endPointModules/app.jsx: Using EditorConfig core...
CloudNine/endPointModules/app.jsx: Using EditorConfig core...
CloudNine/endPointModules/app.jsx: Using EditorConfig core...
CloudNine/endPointModules/app.jsx: Using EditorConfig core...
CloudNine/endPointModules/app.jsx: Using EditorConfig core...
CloudNine/endPointModules/app.jsx: Using EditorConfig core...
CloudNine/endPointModules/app.jsx: Using EditorConfig core...
CloudNine/endPointModules/app.jsx: {}
CloudNine/endPointModules/app.jsx: Using EditorConfig core...
CloudNine/endPointModules/app.jsx: Using EditorConfig core...
CloudNine/endPointModules/app.jsx: Using EditorConfig core...
CloudNine/endPointModules/app.jsx: Using EditorConfig core...
CloudNine/endPointModules/app.jsx: Using EditorConfig core...
CloudNine/endPointModules/app.jsx: Using EditorConfig core...
CloudNine/endPointModules/app.jsx: Using EditorConfig core...
CloudNine/endPointModules/app.jsx: {}
CloudNine/endPointModules/app.jsx: Using EditorConfig core...
CloudNine/endPointModules/app.jsx: Using EditorConfig core...
CloudNine/endPointModules/app.jsx: {}
CloudNine/endPointModules/app.jsx: Using EditorConfig core...
CloudNine/endPointModules/app.jsx: Using EditorConfig core...
CloudNine/endPointModules/app.jsx: Using EditorConfig core...
CloudNine/endPointModules/app.jsx: Using EditorConfig core...
CloudNine/endPointModules/app.jsx: Using EditorConfig core...
CloudNine/endPointModules/app.jsx: Using EditorConfig core...
CloudNine/endPointModules/app.jsx: Using EditorConfig core...
CloudNine/endPointModules/app.jsx: Using EditorConfig core...
CloudNine/endPointModules/app.jsx: {}
CloudNine/endPointModules/app.jsx: {}
CloudNine/endPointModules/app.jsx: Using EditorConfig core...
CloudNine/endPointModules/app.jsx: Using EditorConfig core...
CloudNine/endPointModules/app.jsx: Using EditorConfig core...
CloudNine/endPointModules/app.jsx: Using EditorConfig core...
CloudNine/endPointModules/app.jsx: Using EditorConfig core...
CloudNine/endPointModules/app.jsx: Using EditorConfig core...
CloudNine/endPointModules/app.jsx: Using EditorConfig core...
CloudNine/endPointModules/app.jsx: Using EditorConfig core...
CloudNine/endPointModules/app.jsx: Using EditorConfig core...
CloudNine/endPointModules/app.jsx: Using EditorConfig core...
CloudNine/endPointModules/app.jsx: {}
CloudNine/endPointModules/app.jsx: Using EditorConfig core...
CloudNine/endPointModules/app.jsx: Using EditorConfig core...
CloudNine/endPointModules/app.jsx: {}
CloudNine/endPointModules/app.jsx: Using EditorConfig core...
CloudNine/endPointModules/app.jsx: {}
CloudNine/endPointModules/app.jsx: {}
CloudNine/endPointModules/app.jsx: Using EditorConfig core...
CloudNine/endPointModules/app.jsx: Using EditorConfig core...
CloudNine/endPointModules/app.jsx: {}
CloudNine/endPointModules/app.jsx: Using EditorConfig core...
CloudNine/endPointModules/app.jsx: Using EditorConfig core...
CloudNine/endPointModules/app.jsx: Using EditorConfig core...
CloudNine/endPointModules/app.jsx: {}
CloudNine/index.html: {}
CloudNine/index.html: Using EditorConfig core...
CloudNine/index.html: Using EditorConfig core...
CloudNine/index.html: Using EditorConfig core...
CloudNine/index.html: Using EditorConfig core...
CloudNine/endPointModules/app.jsx: {}
CloudNine/endPointModules/app.jsx: {}
CloudNine/endPointModules/SSRRecipient.jsx: {}
MultiVerse/src/App.tsx: {}
CloudNine/endPointModules/test.jsx: {}
CloudNine/endPointModules/SSRServer.jsx: {}
CloudNine/index.html: {}
CloudNine/index.html: Using EditorConfig core...
CloudNine/index.html: Using EditorConfig core...
CloudNine/endPointModules/app.jsx: {}
CloudNine/endPointModules/app.jsx: {}
CloudNine/endPointModules/app.jsx: Using EditorConfig core...
CloudNine/endPointModules/app.jsx: {}
CloudNine/endPointModules/app.jsx: {}
CloudNine/endPointModules/app.jsx: Using EditorConfig core...
CloudNine/endPointModules/app.jsx: Using EditorConfig core...
CloudNine/endPointModules/app.jsx: {}
CloudNine/endPointModules/app.jsx: Using EditorConfig core...
CloudNine/endPointModules/app.jsx: Using EditorConfig core...
CloudNine/endPointModules/app.jsx: {}
CloudNine/endPointModules/app.jsx: Using EditorConfig core...
CloudNine/endPointModules/app.jsx: Using EditorConfig core...
CloudNine/endPointModules/app.jsx: Using EditorConfig core...
CloudNine/endPointModules/app.jsx: Using EditorConfig core...
CloudNine/endPointModules/app.jsx: Using EditorConfig core...
CloudNine/endPointModules/app.jsx: Using EditorConfig core...
CloudNine/endPointModules/app.jsx: Using EditorConfig core...
CloudNine/endPointModules/app.jsx: Using EditorConfig core...
CloudNine/endPointModules/app.jsx: Using EditorConfig core...
CloudNine/endPointModules/app.jsx: Using EditorConfig core...
CloudNine/endPointModules/app.jsx: Using EditorConfig core...
CloudNine/endPointModules/app.jsx: Using EditorConfig core...
CloudNine/endPointModules/app.jsx: Using EditorConfig core...
CloudNine/endPointModules/app.jsx: Using EditorConfig core...
CloudNine/endPointModules/app.jsx: Using EditorConfig core...
CloudNine/endPointModules/app.jsx: Using EditorConfig core...
CloudNine/endPointModules/app.jsx: Using EditorConfig core...
CloudNine/endPointModules/app.jsx: Using EditorConfig core...
CloudNine/endPointModules/app.jsx: Using EditorConfig core...
CloudNine/endPointModules/app.jsx: Using EditorConfig core...
CloudNine/endPointModules/app.jsx: Using EditorConfig core...
CloudNine/endPointModules/app.jsx: Using EditorConfig core...
CloudNine/endPointModules/app.jsx: Using EditorConfig core...
CloudNine/endPointModules/app.jsx: Using EditorConfig core...
CloudNine/endPointModules/app.jsx: Using EditorConfig core...
CloudNine/endPointModules/app.jsx: Using EditorConfig core...
CloudNine/endPointModules/app.jsx: Using EditorConfig core...
CloudNine/endPointModules/app.jsx: Using EditorConfig core...
CloudNine/endPointModules/app.jsx: Using EditorConfig core...
CloudNine/endPointModules/app.jsx: Using EditorConfig core...
CloudNine/endPointModules/app.jsx: Using EditorConfig core...
CloudNine/endPointModules/app.jsx: Using EditorConfig core...
CloudNine/endPointModules/app.jsx: Using EditorConfig core...
CloudNine/endPointModules/app.jsx: Using EditorConfig core...
CloudNine/endPointModules/app.jsx: Using EditorConfig core...
CloudNine/endPointModules/app.jsx: Using EditorConfig core...
CloudNine/endPointModules/app.jsx: Using EditorConfig core...
CloudNine/endPointModules/app.jsx: Using EditorConfig core...
CloudNine/endPointModules/app.jsx: Using EditorConfig core...
CloudNine/endPointModules/app.jsx: Using EditorConfig core...
CloudNine/endPointModules/app.jsx: Using EditorConfig core...
CloudNine/endPointModules/app.jsx: {}
CloudNine/endPointModules/app.jsx: Using EditorConfig core...
CloudNine/endPointModules/app.jsx: Using EditorConfig core...
CloudNine/endPointModules/app.jsx: {}
CloudNine/endPointModules/app.jsx: Using EditorConfig core...
CloudNine/endPointModules/app.jsx: {}
CloudNine/endPointModules/app.jsx: {}
CloudNine/endPointModules/app.jsx: {}
CloudNine/endPointModules/app.jsx: Using EditorConfig core...
CloudNine/endPointModules/app.jsx: Using EditorConfig core...
CloudNine/endPointModules/app.jsx: Using EditorConfig core...
CloudNine/endPointModules/app.jsx: {}
CloudNine/endPointModules/app.jsx: {}
CloudNine/endPointModules/app.jsx: Using EditorConfig core...
CloudNine/endPointModules/app.jsx: Using EditorConfig core...
CloudNine/endPointModules/app.jsx: Using EditorConfig core...
CloudNine/endPointModules/app.jsx: Using EditorConfig core...
CloudNine/endPointModules/app.jsx: Using EditorConfig core...
CloudNine/endPointModules/app.jsx: {}
CloudNine/endPointModules/app.jsx: Using EditorConfig core...
CloudNine/endPointModules/app.jsx: Using EditorConfig core...
CloudNine/endPointModules/app.jsx: {}
CloudNine/endPointModules/app.jsx: Using EditorConfig core...
CloudNine/endPointModules/app.jsx: {}
CloudNine/endPointModules/app.jsx: Using EditorConfig core...
CloudNine/endPointModules/app.jsx: Using EditorConfig core...
CloudNine/endPointModules/app.jsx: {}
CloudNine/endPointModules/app.jsx: Using EditorConfig core...
CloudNine/endPointModules/app.jsx: {}
CloudNine/endPointModules/app.jsx: {}
CloudNine/endPointModules/app.jsx: Using EditorConfig core...
CloudNine/endPointModules/app.jsx: Using EditorConfig core...
CloudNine/endPointModules/app.jsx: Using EditorConfig core...
CloudNine/endPointModules/app.jsx: Using EditorConfig core...
CloudNine/endPointModules/app.jsx: Using EditorConfig core...
CloudNine/endPointModules/app.jsx: Using EditorConfig core...
CloudNine/node_modules/@babel/parser/lib/index.js: {}
CloudNine/endPointModules/app.jsx: Using EditorConfig core...
CloudNine/endPointModules/app.jsx: Using EditorConfig core...
CloudNine/endPointModules/app.jsx: Using EditorConfig core...
CloudNine/endPointModules/app.jsx: Using EditorConfig core...
CloudNine/endPointModules/app.jsx: Using EditorConfig core...
CloudNine/endPointModules/app.jsx: Using EditorConfig core...
CloudNine/endPointModules/app.jsx: Using EditorConfig core...
CloudNine/endPointModules/app.jsx: Using EditorConfig core...
CloudNine/endPointModules/app.jsx: Using EditorConfig core...
CloudNine/endPointModules/app.jsx: Using EditorConfig core...
CloudNine/endPointModules/app.jsx: Using EditorConfig core...
CloudNine/endPointModules/app.jsx: Using EditorConfig core...
CloudNine/endPointModules/app.jsx: Using EditorConfig core...
CloudNine/endPointModules/app.jsx: Using EditorConfig core...
CloudNine/endPointModules/app.jsx: Using EditorConfig core...
CloudNine/endPointModules/app.jsx: Using EditorConfig core...
CloudNine/endPointModules/app.jsx: Using EditorConfig core...
CloudNine/endPointModules/app.jsx: Using EditorConfig core...
CloudNine/endPointModules/app.jsx: Using EditorConfig core...
CloudNine/endPointModules/app.jsx: Using EditorConfig core...
CloudNine/endPointModules/app.jsx: Using EditorConfig core...
CloudNine/endPointModules/app.jsx: Using EditorConfig core...
CloudNine/endPointModules/app.jsx: Using EditorConfig core...
CloudNine/endPointModules/app.jsx: Using EditorConfig core...
CloudNine/endPointModules/app.jsx: {}
CloudNine/endPointModules/app.jsx: {}
CloudNine/endPointModules/app.jsx: {}
CloudNine/endPointModules/app.jsx: {}
CloudNine/endPointModules/app.jsx: {}
CloudNine/endPointModules/app.jsx: {}
CloudNine/endPointModules/app.jsx: {}
CloudNine/endPointModules/app.jsx: {}
CloudNine/endPointModules/app.jsx: {}
CloudNine/endPointModules/app.jsx: {}
CloudNine/index.html: {}
CloudNine/endPointModules/app.jsx: {}
CloudNine/endPointModules/app.jsx: {}
CloudNine/index.html: {}
CloudNine/endPointModules/app.jsx: {}
CloudNine/endPointModules/app.jsx: {}
CloudNine/endPointModules/app.jsx: {}
CloudNine/endPointModules/app.jsx: {}
CloudNine/endPointModules/app.jsx: {}
CloudNine/endPointModules/app.jsx: {}
CloudNine/endPointModules/app.jsx: {}
CloudNine/endPointModules/app.jsx: {}
CloudNine/endPointModules/app.jsx: {}
CloudNine/endPointModules/test.jsx: {}
CloudNine/endPointModules/test.jsx: {}
CloudNine/endPointModules/app.jsx: {}
CloudNine/endPointModules/app.jsx: {}
CloudNine/endPointModules/app.jsx: {}
CloudNine/endPointModules/app.jsx: {}
CloudNine/endPointModules/app.jsx: {}
CloudNine/endPointModules/app.jsx: {}
CloudNine/endPointModules/app.jsx: {}
CloudNine/endPointModules/app.jsx: {}
CloudNine/endPointModules/app.jsx: {}
CloudNine/endPointModules/app.jsx: {}
CloudNine/endPointModules/app.jsx: {}
CloudNine/endPointModules/app.jsx: {}
CloudNine/endPointModules/app.jsx: {}
CloudNine/endPointModules/app.jsx: {}
CloudNine/endPointModules/app.jsx: {}
CloudNine/endPointModules/app.jsx: {}
CloudNine/endPointModules/app.jsx: {}
CloudNine/endPointModules/app.jsx: {}
CloudNine/endPointModules/app.jsx: {}
CloudNine/endPointModules/app.jsx: {}
CloudNine/endPointModules/app.jsx: {}
CloudNine/endPointModules/app.jsx: {}
CloudNine/endPointModules/app.jsx: {}
CloudNine/endPointModules/app.jsx: {}
CloudNine/endPointModules/app.jsx: {}
CloudNine/endPointModules/app.jsx: {}
CloudNine/endPointModules/app.jsx: {}
CloudNine/endPointModules/app.jsx: {}
CloudNine/endPointModules/app.jsx: {}
CloudNine/endPointModules/app.jsx: {}
CloudNine/endPointModules/app.jsx: {}
CloudNine/endPointModules/app.jsx: {}
CloudNine/endPointModules/app.jsx: {}
CloudNine/endPointModules/app.jsx: {}
CloudNine/endPointModules/app.jsx: {}
CloudNine/endPointModules/app.jsx: {}
CloudNine/endPointModules/app.jsx: {}
CloudNine/endPointModules/app.jsx: {}
CloudNine/endPointModules/app.jsx: {}
CloudNine/endPointModules/app.jsx: {}
CloudNine/endPointModules/app.jsx: {}
CloudNine/endPointModules/app.jsx: {}
CloudNine/endPointModules/app.jsx: {}
CloudNine/endPointModules/app.jsx: {}
CloudNine/endPointModules/app.jsx: {}
CloudNine/endPointModules/app.jsx: {}
CloudNine/endPointModules/app.jsx: {}
CloudNine/endPointModules/app.jsx: {}
CloudNine/endPointModules/app.jsx: {}
CloudNine/endPointModules/app.jsx: {}
CloudNine/endPointModules/app.jsx: {}
CloudNine/endPointModules/app.jsx: {}
CloudNine/endPointModules/app.jsx: {}
CloudNine/endPointModules/app.jsx: {}
CloudNine/endPointModules/app.jsx: {}
CloudNine/endPointModules/app.jsx: {}
CloudNine/endPointModules/app.jsx: {}
CloudNine/endPointModules/app.jsx: {}
CloudNine/endPointModules/app.jsx: {}
CloudNine/node_modules/@babel/parser/lib/index.js: {}
CloudNine/endPointModules/app.jsx: {}
CloudNine/endPointModules/app.jsx: {}
CloudNine/endPointModules/app.jsx: {}
CloudNine/endPointModules/app.jsx: {}
CloudNine/endPointModules/app.jsx: {}
CloudNine/endPointModules/app.jsx: {}
CloudNine/endPointModules/app.jsx: {}
CloudNine/endPointModules/app.jsx: {}
CloudNine/endPointModules/app.jsx: {}
CloudNine/endPointModules/app.jsx: {}
CloudNine/endPointModules/app.jsx: {}
CloudNine/endPointModules/app.jsx: {}
CloudNine/endPointModules/app.jsx: {}
CloudNine/endPointModules/app.jsx: {}
CloudNine/endPointModules/app.jsx: {}
CloudNine/endPointModules/app.jsx: {}
CloudNine/endPointModules/app.jsx: {}
CloudNine/endPointModules/app.jsx: {}
CloudNine/endPointModules/app.jsx: {}
CloudNine/endPointModules/app.jsx: {}
CloudNine/endPointModules/app.jsx: {}
CloudNine/endPointModules/app.jsx: {}
CloudNine/endPointModules/app.jsx: {}
CloudNine/endPointModules/app.jsx: {}
CloudNine/endPointModules/app.jsx: {}
CloudNine/endPointModules/app.jsx: {}
CloudNine/endPointModules/app.jsx: {}
CloudNine/endPointModules/app.jsx: {}
CloudNine/endPointModules/test.jsx: {}
CloudNine/endPointModules/test.jsx: {}
CloudNine/endPointModules/test.jsx: {}
CloudNine/endPointModules/test.jsx: {}
CloudNine/endPointModules/test.jsx: {}
CloudNine/endPointModules/test.jsx: {}
CloudNine/endPointModules/app.jsx: {}
CloudNine/endPointModules/test.jsx: {}
CloudNine/endPointModules/test.jsx: {}
CloudNine/endPointModules/app.jsx: {}
CloudNine/endPointModules/app.jsx: {}
CloudNine/endPointModules/app.jsx: {}
CloudNine/endPointModules/app.jsx: {}
CloudNine/endPointModules/app.jsx: {}
CloudNine/endPointModules/app.jsx: {}
CloudNine/endPointModules/app.jsx: {}
CloudNine/endPointModules/app.jsx: {}
CloudNine/endPointModules/app.jsx: {}
CloudNine/endPoints/devServer.js: {}
CloudNine/endPoints/devServer.js: {}
CloudNine/endPointModules/test.jsx: {}
CloudNine/endPointModules/test.jsx: {}
CloudNine/endPointModules/test.jsx: {}
CloudNine/endPointModules/test.jsx: {}
CloudNine/endPointModules/app.jsx: {}
CloudNine/endPointModules/app.jsx: {}
CloudNine/endPointModules/app.jsx: {}
CloudNine/endPointModules/app.jsx: {}
CloudNine/endPointModules/app.jsx: {}
CloudNine/endPointModules/app.jsx: {}
CloudNine/endPointModules/app.jsx: {}
CloudNine/endPointModules/app.jsx: {}
CloudNine/endPointModules/app.jsx: {}
CloudNine/endPointModules/app.jsx: {}
CloudNine/endPointModules/app.jsx: {}
CloudNine/endPointModules/app.jsx: {}
CloudNine/endPointModules/app.jsx: {}
CloudNine/package.json: {}
CloudNine/endPointModules/app.jsx: {}
CloudNine/endPointModules/app.jsx: {}
CloudNine/endPointModules/app.jsx: {}
CloudNine/endPointModules/app.jsx: {}
CloudNine/endPointModules/app.jsx: {}
CloudNine/endPointModules/app.jsx: {}
CloudNine/endPointModules/app.jsx: {}
CloudNine/endPointModules/app.jsx: {}
CloudNine/endPointModules/app.jsx: {}
CloudNine/endPointModules/app.jsx: {}
CloudNine/endPointModules/app.jsx: {}
CloudNine/endPointModules/app.jsx: {}
CloudNine/endPointModules/app.jsx: {}
CloudNine/endPointModules/app.jsx: {}
CloudNine/endPointModules/app.jsx: {}
CloudNine/endPointModules/app.jsx: {}
CloudNine/endPointModules/app.jsx: {}
CloudNine/endPointModules/app.jsx: {}
CloudNine/endPointModules/app.jsx: {}
CloudNine/endPointModules/app.jsx: {}
CloudNine/endPointModules/app.jsx: {}
CloudNine/endPointModules/app.jsx: {}
CloudNine/endPointModules/app.jsx: {}
CloudNine/endPointModules/app.jsx: {}
CloudNine/endPointModules/test.jsx: {}
CloudNine/endPointModules/app.jsx: {}
CloudNine/endPointModules/app.jsx: {}
CloudNine/endPointModules/app.jsx: {}
CloudNine/endPointModules/app.jsx: {}
CloudNine/endPointModules/app.jsx: {}
CloudNine/endPointModules/app.jsx: {}
CloudNine/endPointModules/app.jsx: {}
CloudNine/endPointModules/app.jsx: {}
CloudNine/endPointModules/app.jsx: {}
CloudNine/endPointModules/app.jsx: {}
CloudNine/endPointModules/app.jsx: {}
CloudNine/endPointModules/app.jsx: {}
CloudNine/endPointModules/app.jsx: {}
CloudNine/endPointModules/app.jsx: {}
CloudNine/endPointModules/app.jsx: {}
CloudNine/package.json: {}
CloudNine/package.json: {}
CloudNine/endPoints/devServer.js: {}
CloudNine/endPointModules/app.jsx: {}
CloudNine/endPointModules/app.jsx: {}
CloudNine/endPointModules/app.jsx: {}
CloudNine/endPointModules/app.jsx: {}
CloudNine/endPointModules/app.jsx: {}
CloudNine/endPointModules/app.jsx: {}
CloudNine/endPointModules/app.jsx: {}
CloudNine/endPointModules/app.jsx: {}
CloudNine/endPointModules/app.jsx: {}
CloudNine/endPointModules/app.jsx: {}
CloudNine/.history/endpoints/devServer_20240201012357.js: {}
CloudNine/endPoints/devServer.js: {}
CloudNine/endPoints/devServer.js: {}
CloudNine/endPoints/devServer.js: {}
CloudNine/endPoints/devServer.js: {}
CloudNine/endPointModules/app.jsx: {}
CloudNine/endPointModules/app.jsx: {}
CloudNine/endPointModules/app.jsx: {}
CloudNine/endPointModules/app.jsx: {}
CloudNine/endPointModules/app.jsx: {}
CloudNine/endPointModules/app.jsx: {}
CloudNine/endPointModules/app.jsx: {}
CloudNine/endPointModules/app.jsx: {}
CloudNine/endPointModules/app.jsx: {}
CloudNine/endPointModules/app.jsx: {}
CloudNine/endPointModules/app.jsx: {}
CloudNine/endPointModules/app.jsx: {}
CloudNine/endPointModules/app.jsx: {}
CloudNine/endPointModules/app.jsx: {}
CloudNine/endPointModules/app.jsx: {}
CloudNine/endPointModules/app.jsx: {}
CloudNine/endPointModules/app.jsx: {}
CloudNine/endPointModules/app.jsx: {}
CloudNine/endPointModules/app.jsx: {}
CloudNine/endPointModules/app.jsx: {}
CloudNine/endPointModules/app.jsx: {}
CloudNine/endPointModules/app.jsx: {}
CloudNine/endPointModules/app.jsx: {}
CloudNine/endPointModules/app.jsx: {}
CloudNine/endPointModules/app.jsx: {}
CloudNine/endPointModules/app.jsx: {}
CloudNine/endPointModules/app.jsx: {}
CloudNine/endPointModules/app.jsx: {}
CloudNine/endPointModules/app.jsx: {}
CloudNine/endPointModules/app.jsx: {}
