[2024-02-07 05:39:41:377] CodeStream (Insiders) v15.1.1-4430 in VS Code (v1.82.0-insider) starting...
[2024-02-07 05:39:41:378] Proxy support is in override with url=http://10.1.1.154:2020, strictSSL=true
[2024-02-07 05:39:45:081] autoSignIn enabled
[2024-02-07 05:39:45:081] autoSignIn did not find teamId
[2024-02-07 05:39:45:085] NewRelic telemetry enabled=true
[2024-02-07 05:39:49:791] WebviewSidebar: FAILED posting webview/editors/didChangeVisible to the sidebar
[2024-02-07 05:39:50:007] CodeStream (Insiders) v15.1.1-4430 started • 12233 ms
[2024-02-07 05:39:50:292] WebviewSidebar: FAILED posting webview/editor/didChangeActive to the sidebar; The Sidebar is invisible and can't receive messages
[2024-02-07 05:39:51:147] WebviewSidebar: FAILED posting codestream/refreshMaintenancePoll to the sidebar; The Sidebar is invisible and can't receive messages
[2024-02-07 05:39:51:148] [1] CodeStreamAgentConnection.onApiVersionCompatibilityChanged
[2024-02-07 05:39:51:148] [2] SidebarController.onApiVersionChanged
[2024-02-07 05:39:51:148] [2] SidebarController.onApiVersionChanged completed • 0 ms
[2024-02-07 05:39:51:148] [1] CodeStreamAgentConnection.onApiVersionCompatibilityChanged completed • 0 ms
[2024-02-07 05:40:40:841] WebviewSidebar: FAILED posting webview/editors/didChangeVisible to the sidebar; The Sidebar is invisible and can't receive messages
[2024-02-07 05:40:41:344] WebviewSidebar: FAILED posting webview/editor/didChangeActive to the sidebar; The Sidebar is invisible and can't receive messages
[2024-02-07 05:40:42:642] WebviewSidebar: FAILED posting webview/editors/didChangeVisible to the sidebar; The Sidebar is invisible and can't receive messages
[2024-02-07 05:40:42:668] WebviewSidebar: FAILED posting webview/editors/didChangeVisible to the sidebar; The Sidebar is invisible and can't receive messages
[2024-02-07 05:40:43:191] WebviewSidebar: FAILED posting webview/editor/didChangeActive to the sidebar; The Sidebar is invisible and can't receive messages
[2024-02-07 05:40:46:203] WebviewSidebar: FAILED posting webview/editors/didChangeVisible to the sidebar; The Sidebar is invisible and can't receive messages
[2024-02-07 05:40:46:220] WebviewSidebar: FAILED posting webview/editors/didChangeVisible to the sidebar; The Sidebar is invisible and can't receive messages
[2024-02-07 05:40:46:737] WebviewSidebar: FAILED posting webview/editor/didChangeActive to the sidebar; The Sidebar is invisible and can't receive messages
[2024-02-07 05:41:52:481] WebviewSidebar: FAILED posting webview/editors/didChangeVisible to the sidebar; The Sidebar is invisible and can't receive messages
[2024-02-07 05:41:52:526] WebviewSidebar: FAILED posting webview/editors/didChangeVisible to the sidebar; The Sidebar is invisible and can't receive messages
[2024-02-07 05:41:53:156] WebviewSidebar: FAILED posting webview/editor/didChangeActive to the sidebar; The Sidebar is invisible and can't receive messages
[2024-02-07 05:42:22:229] WebviewSidebar: FAILED posting webview/editors/didChangeVisible to the sidebar; The Sidebar is invisible and can't receive messages
[2024-02-07 05:42:22:262] WebviewSidebar: FAILED posting webview/editors/didChangeVisible to the sidebar; The Sidebar is invisible and can't receive messages
[2024-02-07 05:42:22:899] WebviewSidebar: FAILED posting webview/editor/didChangeActive to the sidebar; The Sidebar is invisible and can't receive messages
[2024-02-07 05:42:51:717] WebviewSidebar: FAILED posting webview/editors/didChangeVisible to the sidebar; The Sidebar is invisible and can't receive messages
[2024-02-07 05:42:51:749] WebviewSidebar: FAILED posting webview/editors/didChangeVisible to the sidebar; The Sidebar is invisible and can't receive messages
[2024-02-07 05:42:52:490] WebviewSidebar: FAILED posting webview/editor/didChangeActive to the sidebar; The Sidebar is invisible and can't receive messages
[2024-02-07 05:43:10:989] WebviewSidebar: FAILED posting webview/editors/didChangeVisible to the sidebar; The Sidebar is invisible and can't receive messages
[2024-02-07 05:43:11:039] WebviewSidebar: FAILED posting webview/editors/didChangeVisible to the sidebar; The Sidebar is invisible and can't receive messages
[2024-02-07 05:43:11:540] WebviewSidebar: FAILED posting webview/editor/didChangeActive to the sidebar; The Sidebar is invisible and can't receive messages
[2024-02-07 05:43:18:202] WebviewSidebar: FAILED posting webview/editors/didChangeVisible to the sidebar; The Sidebar is invisible and can't receive messages
[2024-02-07 05:43:18:221] WebviewSidebar: FAILED posting webview/editors/didChangeVisible to the sidebar; The Sidebar is invisible and can't receive messages
[2024-02-07 05:43:18:732] WebviewSidebar: FAILED posting webview/editor/didChangeActive to the sidebar; The Sidebar is invisible and can't receive messages
[2024-02-07 05:43:19:546] WebviewSidebar: FAILED posting webview/editors/didChangeVisible to the sidebar; The Sidebar is invisible and can't receive messages
[2024-02-07 05:43:20:046] WebviewSidebar: FAILED posting webview/editor/didChangeActive to the sidebar; The Sidebar is invisible and can't receive messages
[2024-02-07 05:43:20:914] WebviewSidebar: FAILED posting webview/editors/didChangeVisible to the sidebar; The Sidebar is invisible and can't receive messages
[2024-02-07 05:43:21:416] WebviewSidebar: FAILED posting webview/editor/didChangeActive to the sidebar; The Sidebar is invisible and can't receive messages
[2024-02-07 05:44:22:675] WebviewSidebar: FAILED posting webview/editors/didChangeVisible to the sidebar; The Sidebar is invisible and can't receive messages
[2024-02-07 05:44:22:696] WebviewSidebar: FAILED posting webview/editors/didChangeVisible to the sidebar; The Sidebar is invisible and can't receive messages
[2024-02-07 05:44:23:278] WebviewSidebar: FAILED posting webview/editor/didChangeActive to the sidebar; The Sidebar is invisible and can't receive messages
[2024-02-07 05:44:39:579] WebviewSidebar: FAILED posting webview/editors/didChangeVisible to the sidebar; The Sidebar is invisible and can't receive messages
[2024-02-07 05:44:39:608] WebviewSidebar: FAILED posting webview/editors/didChangeVisible to the sidebar; The Sidebar is invisible and can't receive messages
[2024-02-07 05:44:40:269] WebviewSidebar: FAILED posting webview/editors/didChangeVisible to the sidebar; The Sidebar is invisible and can't receive messages
[2024-02-07 05:44:40:769] WebviewSidebar: FAILED posting webview/editor/didChangeActive to the sidebar; The Sidebar is invisible and can't receive messages
[2024-02-07 05:44:54:668] WebviewSidebar: FAILED posting webview/editors/didChangeVisible to the sidebar; The Sidebar is invisible and can't receive messages
[2024-02-07 05:44:55:186] WebviewSidebar: FAILED posting webview/editor/didChangeActive to the sidebar; The Sidebar is invisible and can't receive messages
[2024-02-07 05:44:56:282] WebviewSidebar: FAILED posting webview/editors/didChangeVisible to the sidebar; The Sidebar is invisible and can't receive messages
[2024-02-07 05:44:56:302] WebviewSidebar: FAILED posting webview/editors/didChangeVisible to the sidebar; The Sidebar is invisible and can't receive messages
[2024-02-07 05:44:56:802] WebviewSidebar: FAILED posting webview/editor/didChangeActive to the sidebar; The Sidebar is invisible and can't receive messages
[2024-02-07 05:44:57:748] WebviewSidebar: FAILED posting webview/editors/didChangeVisible to the sidebar; The Sidebar is invisible and can't receive messages
[2024-02-07 05:44:57:768] WebviewSidebar: FAILED posting webview/editors/didChangeVisible to the sidebar; The Sidebar is invisible and can't receive messages
[2024-02-07 05:44:58:270] WebviewSidebar: FAILED posting webview/editor/didChangeActive to the sidebar; The Sidebar is invisible and can't receive messages
[2024-02-07 05:44:58:459] WebviewSidebar: FAILED posting webview/editors/didChangeVisible to the sidebar; The Sidebar is invisible and can't receive messages
[2024-02-07 05:44:58:481] WebviewSidebar: FAILED posting webview/editors/didChangeVisible to the sidebar; The Sidebar is invisible and can't receive messages
[2024-02-07 05:44:58:982] WebviewSidebar: FAILED posting webview/editor/didChangeActive to the sidebar; The Sidebar is invisible and can't receive messages
[2024-02-07 05:45:31:832] WebviewSidebar: FAILED posting webview/editors/didChangeVisible to the sidebar; The Sidebar is invisible and can't receive messages
[2024-02-07 05:45:32:332] WebviewSidebar: FAILED posting webview/editor/didChangeActive to the sidebar; The Sidebar is invisible and can't receive messages
[2024-02-07 05:46:54:045] WebviewSidebar: FAILED posting webview/editors/didChangeVisible to the sidebar; The Sidebar is invisible and can't receive messages
[2024-02-07 05:46:54:547] WebviewSidebar: FAILED posting webview/editor/didChangeActive to the sidebar; The Sidebar is invisible and can't receive messages
[2024-02-07 05:46:54:842] WebviewSidebar: FAILED posting webview/editors/didChangeVisible to the sidebar; The Sidebar is invisible and can't receive messages
[2024-02-07 05:46:54:867] WebviewSidebar: FAILED posting webview/editors/didChangeVisible to the sidebar; The Sidebar is invisible and can't receive messages
[2024-02-07 05:46:55:368] WebviewSidebar: FAILED posting webview/editor/didChangeActive to the sidebar; The Sidebar is invisible and can't receive messages
[2024-02-07 05:46:57:917] WebviewSidebar: FAILED posting webview/editors/didChangeVisible to the sidebar; The Sidebar is invisible and can't receive messages
[2024-02-07 05:46:57:932] WebviewSidebar: FAILED posting webview/editors/didChangeVisible to the sidebar; The Sidebar is invisible and can't receive messages
[2024-02-07 05:46:58:435] WebviewSidebar: FAILED posting webview/editor/didChangeActive to the sidebar; The Sidebar is invisible and can't receive messages
[2024-02-07 05:50:23:230] WebviewSidebar: FAILED posting webview/editors/didChangeVisible to the sidebar; The Sidebar is invisible and can't receive messages
[2024-02-07 05:50:23:730] WebviewSidebar: FAILED posting webview/editor/didChangeActive to the sidebar; The Sidebar is invisible and can't receive messages
[2024-02-07 05:50:50:653] WebviewSidebar: FAILED posting webview/editors/didChangeVisible to the sidebar; The Sidebar is invisible and can't receive messages
[2024-02-07 05:51:48:370] WebviewSidebar: FAILED posting webview/editors/didChangeVisible to the sidebar; The Sidebar is invisible and can't receive messages
[2024-02-07 05:51:48:870] WebviewSidebar: FAILED posting webview/editor/didChangeActive to the sidebar; The Sidebar is invisible and can't receive messages
[2024-02-07 05:52:06:110] WebviewSidebar: FAILED posting webview/editors/didChangeVisible to the sidebar; The Sidebar is invisible and can't receive messages
[2024-02-07 05:59:41:993] WebviewSidebar: FAILED posting webview/editors/didChangeVisible to the sidebar; The Sidebar is invisible and can't receive messages
[2024-02-07 05:59:42:026] WebviewSidebar: FAILED posting webview/editors/didChangeVisible to the sidebar; The Sidebar is invisible and can't receive messages
[2024-02-07 05:59:42:638] WebviewSidebar: FAILED posting webview/editor/didChangeActive to the sidebar; The Sidebar is invisible and can't receive messages
[2024-02-07 05:59:55:304] WebviewSidebar: FAILED posting webview/editors/didChangeVisible to the sidebar; The Sidebar is invisible and can't receive messages
[2024-02-07 05:59:55:341] WebviewSidebar: FAILED posting webview/editors/didChangeVisible to the sidebar; The Sidebar is invisible and can't receive messages
[2024-02-07 05:59:56:032] WebviewSidebar: FAILED posting webview/editor/didChangeActive to the sidebar; The Sidebar is invisible and can't receive messages
[2024-02-07 05:59:56:912] WebviewSidebar: FAILED posting webview/editors/didChangeVisible to the sidebar; The Sidebar is invisible and can't receive messages
[2024-02-07 05:59:56:931] WebviewSidebar: FAILED posting webview/editors/didChangeVisible to the sidebar; The Sidebar is invisible and can't receive messages
[2024-02-07 05:59:57:433] WebviewSidebar: FAILED posting webview/editor/didChangeActive to the sidebar; The Sidebar is invisible and can't receive messages
[2024-02-07 06:01:07:045] WebviewSidebar: FAILED posting webview/editors/didChangeVisible to the sidebar; The Sidebar is invisible and can't receive messages
[2024-02-07 06:01:07:070] WebviewSidebar: FAILED posting webview/editors/didChangeVisible to the sidebar; The Sidebar is invisible and can't receive messages
[2024-02-07 06:01:07:591] WebviewSidebar: FAILED posting webview/editor/didChangeActive to the sidebar; The Sidebar is invisible and can't receive messages
[2024-02-07 06:01:17:869] WebviewSidebar: FAILED posting webview/editors/didChangeVisible to the sidebar; The Sidebar is invisible and can't receive messages
[2024-02-07 06:01:17:891] WebviewSidebar: FAILED posting webview/editors/didChangeVisible to the sidebar; The Sidebar is invisible and can't receive messages
[2024-02-07 06:01:18:392] WebviewSidebar: FAILED posting webview/editor/didChangeActive to the sidebar; The Sidebar is invisible and can't receive messages
[2024-02-07 06:01:33:884] WebviewSidebar: FAILED posting webview/editors/didChangeVisible to the sidebar; The Sidebar is invisible and can't receive messages
[2024-02-07 06:01:33:906] WebviewSidebar: FAILED posting webview/editors/didChangeVisible to the sidebar; The Sidebar is invisible and can't receive messages
[2024-02-07 06:01:34:470] WebviewSidebar: FAILED posting webview/editor/didChangeActive to the sidebar; The Sidebar is invisible and can't receive messages
[2024-02-07 06:01:55:915] WebviewSidebar: FAILED posting webview/editors/didChangeVisible to the sidebar; The Sidebar is invisible and can't receive messages
[2024-02-07 06:01:55:939] WebviewSidebar: FAILED posting webview/editors/didChangeVisible to the sidebar; The Sidebar is invisible and can't receive messages
[2024-02-07 06:01:56:532] WebviewSidebar: FAILED posting webview/editor/didChangeActive to the sidebar; The Sidebar is invisible and can't receive messages
[2024-02-07 08:06:29:026] WebviewSidebar: FAILED posting webview/editors/didChangeVisible to the sidebar; The Sidebar is invisible and can't receive messages
[2024-02-07 08:06:29:062] WebviewSidebar: FAILED posting webview/editors/didChangeVisible to the sidebar; The Sidebar is invisible and can't receive messages
[2024-02-07 08:06:29:588] WebviewSidebar: FAILED posting webview/editor/didChangeActive to the sidebar; The Sidebar is invisible and can't receive messages
[2024-02-07 08:06:45:307] WebviewSidebar: FAILED posting webview/editors/didChangeVisible to the sidebar; The Sidebar is invisible and can't receive messages
[2024-02-07 08:06:45:327] WebviewSidebar: FAILED posting webview/editors/didChangeVisible to the sidebar; The Sidebar is invisible and can't receive messages
[2024-02-07 08:06:45:828] WebviewSidebar: FAILED posting webview/editor/didChangeActive to the sidebar; The Sidebar is invisible and can't receive messages
[2024-02-07 08:06:46:664] WebviewSidebar: FAILED posting webview/editors/didChangeVisible to the sidebar; The Sidebar is invisible and can't receive messages
[2024-02-07 08:06:46:688] WebviewSidebar: FAILED posting webview/editors/didChangeVisible to the sidebar; The Sidebar is invisible and can't receive messages
[2024-02-07 08:06:47:189] WebviewSidebar: FAILED posting webview/editor/didChangeActive to the sidebar; The Sidebar is invisible and can't receive messages
[2024-02-07 08:06:48:087] WebviewSidebar: FAILED posting webview/editors/didChangeVisible to the sidebar; The Sidebar is invisible and can't receive messages
[2024-02-07 08:06:48:588] WebviewSidebar: FAILED posting webview/editor/didChangeActive to the sidebar; The Sidebar is invisible and can't receive messages
[2024-02-07 08:06:49:288] WebviewSidebar: FAILED posting webview/editors/didChangeVisible to the sidebar; The Sidebar is invisible and can't receive messages
[2024-02-07 08:06:50:649] WebviewSidebar: FAILED posting webview/editors/didChangeVisible to the sidebar; The Sidebar is invisible and can't receive messages
[2024-02-07 08:06:50:667] WebviewSidebar: FAILED posting webview/editors/didChangeVisible to the sidebar; The Sidebar is invisible and can't receive messages
[2024-02-07 08:06:51:168] WebviewSidebar: FAILED posting webview/editor/didChangeActive to the sidebar; The Sidebar is invisible and can't receive messages
[2024-02-07 08:06:52:164] WebviewSidebar: FAILED posting webview/editors/didChangeVisible to the sidebar; The Sidebar is invisible and can't receive messages
[2024-02-07 08:06:52:204] WebviewSidebar: FAILED posting webview/editors/didChangeVisible to the sidebar; The Sidebar is invisible and can't receive messages
[2024-02-07 08:06:52:722] WebviewSidebar: FAILED posting webview/editor/didChangeActive to the sidebar; The Sidebar is invisible and can't receive messages
[2024-02-07 08:06:55:169] WebviewSidebar: FAILED posting webview/editors/didChangeVisible to the sidebar; The Sidebar is invisible and can't receive messages
[2024-02-07 08:06:55:257] WebviewSidebar: FAILED posting webview/editors/didChangeVisible to the sidebar; The Sidebar is invisible and can't receive messages
[2024-02-07 08:06:55:758] WebviewSidebar: FAILED posting webview/editor/didChangeActive to the sidebar; The Sidebar is invisible and can't receive messages
[2024-02-07 08:06:56:274] WebviewSidebar: FAILED posting webview/editors/didChangeVisible to the sidebar; The Sidebar is invisible and can't receive messages
[2024-02-07 08:06:56:336] WebviewSidebar: FAILED posting webview/editors/didChangeVisible to the sidebar; The Sidebar is invisible and can't receive messages
[2024-02-07 08:06:56:851] WebviewSidebar: FAILED posting webview/editor/didChangeActive to the sidebar; The Sidebar is invisible and can't receive messages
[2024-02-07 08:07:18:869] WebviewSidebar: FAILED posting webview/editors/didChangeVisible to the sidebar; The Sidebar is invisible and can't receive messages
[2024-02-07 08:07:18:934] WebviewSidebar: FAILED posting webview/editors/didChangeVisible to the sidebar; The Sidebar is invisible and can't receive messages
[2024-02-07 08:07:19:527] WebviewSidebar: FAILED posting webview/editor/didChangeActive to the sidebar; The Sidebar is invisible and can't receive messages
[2024-02-07 08:07:39:918] WebviewSidebar: FAILED posting webview/editors/didChangeVisible to the sidebar; The Sidebar is invisible and can't receive messages
[2024-02-07 08:07:39:953] WebviewSidebar: FAILED posting webview/editors/didChangeVisible to the sidebar; The Sidebar is invisible and can't receive messages
[2024-02-07 08:07:40:454] WebviewSidebar: FAILED posting webview/editor/didChangeActive to the sidebar; The Sidebar is invisible and can't receive messages
[2024-02-07 08:07:55:421] WebviewSidebar: FAILED posting webview/editors/didChangeVisible to the sidebar; The Sidebar is invisible and can't receive messages
[2024-02-07 08:07:55:455] WebviewSidebar: FAILED posting webview/editors/didChangeVisible to the sidebar; The Sidebar is invisible and can't receive messages
[2024-02-07 08:07:55:956] WebviewSidebar: FAILED posting webview/editor/didChangeActive to the sidebar; The Sidebar is invisible and can't receive messages
[2024-02-07 08:07:58:133] WebviewSidebar: FAILED posting webview/editors/didChangeVisible to the sidebar; The Sidebar is invisible and can't receive messages
[2024-02-07 08:07:58:153] WebviewSidebar: FAILED posting webview/editors/didChangeVisible to the sidebar; The Sidebar is invisible and can't receive messages
[2024-02-07 08:07:58:670] WebviewSidebar: FAILED posting webview/editor/didChangeActive to the sidebar; The Sidebar is invisible and can't receive messages
[2024-02-07 08:09:03:940] WebviewSidebar: FAILED posting webview/editors/didChangeVisible to the sidebar; The Sidebar is invisible and can't receive messages
[2024-02-07 08:09:03:969] WebviewSidebar: FAILED posting webview/editors/didChangeVisible to the sidebar; The Sidebar is invisible and can't receive messages
[2024-02-07 08:09:04:493] WebviewSidebar: FAILED posting webview/editor/didChangeActive to the sidebar; The Sidebar is invisible and can't receive messages
[2024-02-07 08:09:16:189] WebviewSidebar: FAILED posting webview/editors/didChangeVisible to the sidebar; The Sidebar is invisible and can't receive messages
[2024-02-07 08:09:16:234] WebviewSidebar: FAILED posting webview/editors/didChangeVisible to the sidebar; The Sidebar is invisible and can't receive messages
[2024-02-07 08:09:16:745] WebviewSidebar: FAILED posting webview/editor/didChangeActive to the sidebar; The Sidebar is invisible and can't receive messages
[2024-02-07 08:09:17:044] WebviewSidebar: FAILED posting webview/editors/didChangeVisible to the sidebar; The Sidebar is invisible and can't receive messages
[2024-02-07 08:09:17:096] WebviewSidebar: FAILED posting webview/editors/didChangeVisible to the sidebar; The Sidebar is invisible and can't receive messages
[2024-02-07 08:09:17:611] WebviewSidebar: FAILED posting webview/editor/didChangeActive to the sidebar; The Sidebar is invisible and can't receive messages
[2024-02-07 08:09:31:932] WebviewSidebar: FAILED posting webview/editors/didChangeVisible to the sidebar; The Sidebar is invisible and can't receive messages
[2024-02-07 08:09:31:954] WebviewSidebar: FAILED posting webview/editors/didChangeVisible to the sidebar; The Sidebar is invisible and can't receive messages
[2024-02-07 08:09:32:454] WebviewSidebar: FAILED posting webview/editor/didChangeActive to the sidebar; The Sidebar is invisible and can't receive messages
[2024-02-07 08:09:44:653] WebviewSidebar: FAILED posting webview/editors/didChangeVisible to the sidebar; The Sidebar is invisible and can't receive messages
[2024-02-07 08:09:44:691] WebviewSidebar: FAILED posting webview/editors/didChangeVisible to the sidebar; The Sidebar is invisible and can't receive messages
[2024-02-07 08:09:45:276] WebviewSidebar: FAILED posting webview/editor/didChangeActive to the sidebar; The Sidebar is invisible and can't receive messages
[2024-02-07 08:10:04:557] WebviewSidebar: FAILED posting webview/editors/didChangeVisible to the sidebar; The Sidebar is invisible and can't receive messages
[2024-02-07 08:10:04:583] WebviewSidebar: FAILED posting webview/editors/didChangeVisible to the sidebar; The Sidebar is invisible and can't receive messages
[2024-02-07 08:10:05:085] WebviewSidebar: FAILED posting webview/editor/didChangeActive to the sidebar; The Sidebar is invisible and can't receive messages
[2024-02-07 08:10:09:221] WebviewSidebar: FAILED posting webview/editors/didChangeVisible to the sidebar; The Sidebar is invisible and can't receive messages
[2024-02-07 08:10:09:269] WebviewSidebar: FAILED posting webview/editors/didChangeVisible to the sidebar; The Sidebar is invisible and can't receive messages
[2024-02-07 08:10:09:774] WebviewSidebar: FAILED posting webview/editor/didChangeActive to the sidebar; The Sidebar is invisible and can't receive messages
[2024-02-07 08:10:47:031] WebviewSidebar: FAILED posting webview/editors/didChangeVisible to the sidebar; The Sidebar is invisible and can't receive messages
[2024-02-07 08:10:47:073] WebviewSidebar: FAILED posting webview/editors/didChangeVisible to the sidebar; The Sidebar is invisible and can't receive messages
[2024-02-07 08:10:47:623] WebviewSidebar: FAILED posting webview/editor/didChangeActive to the sidebar; The Sidebar is invisible and can't receive messages
[2024-02-07 08:10:47:777] WebviewSidebar: FAILED posting webview/editors/didChangeVisible to the sidebar; The Sidebar is invisible and can't receive messages
[2024-02-07 08:10:47:787] WebviewSidebar: FAILED posting webview/editors/didChangeVisible to the sidebar; The Sidebar is invisible and can't receive messages
[2024-02-07 08:10:48:288] WebviewSidebar: FAILED posting webview/editor/didChangeActive to the sidebar; The Sidebar is invisible and can't receive messages
[2024-02-07 08:11:42:082] WebviewSidebar: FAILED posting webview/editors/didChangeVisible to the sidebar; The Sidebar is invisible and can't receive messages
[2024-02-07 08:11:42:171] WebviewSidebar: FAILED posting webview/editors/didChangeVisible to the sidebar; The Sidebar is invisible and can't receive messages
[2024-02-07 08:11:42:763] WebviewSidebar: FAILED posting webview/editor/didChangeActive to the sidebar; The Sidebar is invisible and can't receive messages
[2024-02-07 08:12:30:626] WebviewSidebar: FAILED posting webview/editors/didChangeVisible to the sidebar; The Sidebar is invisible and can't receive messages
[2024-02-07 08:12:30:662] WebviewSidebar: FAILED posting webview/editors/didChangeVisible to the sidebar; The Sidebar is invisible and can't receive messages
[2024-02-07 08:12:31:171] WebviewSidebar: FAILED posting webview/editor/didChangeActive to the sidebar; The Sidebar is invisible and can't receive messages
[2024-02-07 08:12:32:191] WebviewSidebar: FAILED posting webview/editors/didChangeVisible to the sidebar; The Sidebar is invisible and can't receive messages
[2024-02-07 08:12:32:220] WebviewSidebar: FAILED posting webview/editors/didChangeVisible to the sidebar; The Sidebar is invisible and can't receive messages
[2024-02-07 08:12:32:721] WebviewSidebar: FAILED posting webview/editor/didChangeActive to the sidebar; The Sidebar is invisible and can't receive messages
[2024-02-07 08:12:36:596] WebviewSidebar: FAILED posting webview/editors/didChangeVisible to the sidebar; The Sidebar is invisible and can't receive messages
[2024-02-07 08:12:36:615] WebviewSidebar: FAILED posting webview/editors/didChangeVisible to the sidebar; The Sidebar is invisible and can't receive messages
[2024-02-07 08:12:37:116] WebviewSidebar: FAILED posting webview/editor/didChangeActive to the sidebar; The Sidebar is invisible and can't receive messages
[2024-02-07 08:14:00:269] WebviewSidebar: FAILED posting webview/editors/didChangeVisible to the sidebar; The Sidebar is invisible and can't receive messages
[2024-02-07 08:14:00:292] WebviewSidebar: FAILED posting webview/editors/didChangeVisible to the sidebar; The Sidebar is invisible and can't receive messages
[2024-02-07 08:14:00:793] WebviewSidebar: FAILED posting webview/editor/didChangeActive to the sidebar; The Sidebar is invisible and can't receive messages
[2024-02-07 08:14:01:354] WebviewSidebar: FAILED posting webview/editors/didChangeVisible to the sidebar; The Sidebar is invisible and can't receive messages
[2024-02-07 08:14:01:371] WebviewSidebar: FAILED posting webview/editors/didChangeVisible to the sidebar; The Sidebar is invisible and can't receive messages
[2024-02-07 08:14:01:872] WebviewSidebar: FAILED posting webview/editor/didChangeActive to the sidebar; The Sidebar is invisible and can't receive messages
[2024-02-07 08:14:39:302] WebviewSidebar: FAILED posting webview/editors/didChangeVisible to the sidebar; The Sidebar is invisible and can't receive messages
[2024-02-07 08:14:39:329] WebviewSidebar: FAILED posting webview/editors/didChangeVisible to the sidebar; The Sidebar is invisible and can't receive messages
[2024-02-07 08:14:39:843] WebviewSidebar: FAILED posting webview/editor/didChangeActive to the sidebar; The Sidebar is invisible and can't receive messages
[2024-02-07 08:14:49:149] WebviewSidebar: FAILED posting webview/editors/didChangeVisible to the sidebar; The Sidebar is invisible and can't receive messages
[2024-02-07 08:14:49:180] WebviewSidebar: FAILED posting webview/editors/didChangeVisible to the sidebar; The Sidebar is invisible and can't receive messages
[2024-02-07 08:14:49:681] WebviewSidebar: FAILED posting webview/editor/didChangeActive to the sidebar; The Sidebar is invisible and can't receive messages
[2024-02-07 08:14:54:648] WebviewSidebar: FAILED posting webview/editors/didChangeVisible to the sidebar; The Sidebar is invisible and can't receive messages
[2024-02-07 08:14:54:697] WebviewSidebar: FAILED posting webview/editors/didChangeVisible to the sidebar; The Sidebar is invisible and can't receive messages
[2024-02-07 08:14:55:198] WebviewSidebar: FAILED posting webview/editor/didChangeActive to the sidebar; The Sidebar is invisible and can't receive messages
[2024-02-07 08:15:33:623] WebviewSidebar: FAILED posting webview/editors/didChangeVisible to the sidebar; The Sidebar is invisible and can't receive messages
[2024-02-07 08:15:33:644] WebviewSidebar: FAILED posting webview/editors/didChangeVisible to the sidebar; The Sidebar is invisible and can't receive messages
[2024-02-07 08:15:34:162] WebviewSidebar: FAILED posting webview/editor/didChangeActive to the sidebar; The Sidebar is invisible and can't receive messages
[2024-02-07 08:15:54:341] WebviewSidebar: FAILED posting webview/editors/didChangeVisible to the sidebar; The Sidebar is invisible and can't receive messages
[2024-02-07 08:15:54:391] WebviewSidebar: FAILED posting webview/editors/didChangeVisible to the sidebar; The Sidebar is invisible and can't receive messages
[2024-02-07 08:15:54:891] WebviewSidebar: FAILED posting webview/editor/didChangeActive to the sidebar; The Sidebar is invisible and can't receive messages
[2024-02-07 08:16:03:013] WebviewSidebar: FAILED posting webview/editors/didChangeVisible to the sidebar; The Sidebar is invisible and can't receive messages
[2024-02-07 08:16:03:031] WebviewSidebar: FAILED posting webview/editors/didChangeVisible to the sidebar; The Sidebar is invisible and can't receive messages
[2024-02-07 08:16:03:532] WebviewSidebar: FAILED posting webview/editor/didChangeActive to the sidebar; The Sidebar is invisible and can't receive messages
[2024-02-07 08:16:05:402] WebviewSidebar: FAILED posting webview/editors/didChangeVisible to the sidebar; The Sidebar is invisible and can't receive messages
[2024-02-07 08:16:05:426] WebviewSidebar: FAILED posting webview/editors/didChangeVisible to the sidebar; The Sidebar is invisible and can't receive messages
[2024-02-07 08:16:05:927] WebviewSidebar: FAILED posting webview/editor/didChangeActive to the sidebar; The Sidebar is invisible and can't receive messages
[2024-02-07 08:16:06:478] WebviewSidebar: FAILED posting webview/editors/didChangeVisible to the sidebar; The Sidebar is invisible and can't receive messages
[2024-02-07 08:16:06:507] WebviewSidebar: FAILED posting webview/editors/didChangeVisible to the sidebar; The Sidebar is invisible and can't receive messages
[2024-02-07 08:16:07:015] WebviewSidebar: FAILED posting webview/editor/didChangeActive to the sidebar; The Sidebar is invisible and can't receive messages
[2024-02-07 08:16:12:080] WebviewSidebar: FAILED posting webview/editors/didChangeVisible to the sidebar; The Sidebar is invisible and can't receive messages
[2024-02-07 08:16:12:099] WebviewSidebar: FAILED posting webview/editors/didChangeVisible to the sidebar; The Sidebar is invisible and can't receive messages
[2024-02-07 08:16:12:610] WebviewSidebar: FAILED posting webview/editor/didChangeActive to the sidebar; The Sidebar is invisible and can't receive messages
[2024-02-07 08:16:31:998] WebviewSidebar: FAILED posting webview/editors/didChangeVisible to the sidebar; The Sidebar is invisible and can't receive messages
[2024-02-07 08:16:32:023] WebviewSidebar: FAILED posting webview/editors/didChangeVisible to the sidebar; The Sidebar is invisible and can't receive messages
[2024-02-07 08:16:32:525] WebviewSidebar: FAILED posting webview/editor/didChangeActive to the sidebar; The Sidebar is invisible and can't receive messages
[2024-02-07 08:16:34:216] WebviewSidebar: FAILED posting webview/editors/didChangeVisible to the sidebar; The Sidebar is invisible and can't receive messages
[2024-02-07 08:16:34:234] WebviewSidebar: FAILED posting webview/editors/didChangeVisible to the sidebar; The Sidebar is invisible and can't receive messages
[2024-02-07 08:16:34:738] WebviewSidebar: FAILED posting webview/editor/didChangeActive to the sidebar; The Sidebar is invisible and can't receive messages
[2024-02-07 08:17:19:080] WebviewSidebar: FAILED posting webview/editors/didChangeVisible to the sidebar; The Sidebar is invisible and can't receive messages
[2024-02-07 08:17:19:117] WebviewSidebar: FAILED posting webview/editors/didChangeVisible to the sidebar; The Sidebar is invisible and can't receive messages
[2024-02-07 08:17:19:652] WebviewSidebar: FAILED posting webview/editor/didChangeActive to the sidebar; The Sidebar is invisible and can't receive messages
[2024-02-07 08:17:26:801] WebviewSidebar: FAILED posting webview/editors/didChangeVisible to the sidebar; The Sidebar is invisible and can't receive messages
[2024-02-07 08:17:26:826] WebviewSidebar: FAILED posting webview/editors/didChangeVisible to the sidebar; The Sidebar is invisible and can't receive messages
[2024-02-07 08:17:27:329] WebviewSidebar: FAILED posting webview/editor/didChangeActive to the sidebar; The Sidebar is invisible and can't receive messages
[2024-02-07 08:17:36:441] WebviewSidebar: FAILED posting webview/editors/didChangeVisible to the sidebar; The Sidebar is invisible and can't receive messages
[2024-02-07 08:17:36:488] WebviewSidebar: FAILED posting webview/editors/didChangeVisible to the sidebar; The Sidebar is invisible and can't receive messages
[2024-02-07 08:17:36:998] WebviewSidebar: FAILED posting webview/editor/didChangeActive to the sidebar; The Sidebar is invisible and can't receive messages
[2024-02-07 08:17:37:494] WebviewSidebar: FAILED posting webview/editors/didChangeVisible to the sidebar; The Sidebar is invisible and can't receive messages
[2024-02-07 08:17:37:520] WebviewSidebar: FAILED posting webview/editors/didChangeVisible to the sidebar; The Sidebar is invisible and can't receive messages
[2024-02-07 08:17:38:021] WebviewSidebar: FAILED posting webview/editor/didChangeActive to the sidebar; The Sidebar is invisible and can't receive messages
[2024-02-07 08:17:49:373] WebviewSidebar: FAILED posting webview/editors/didChangeVisible to the sidebar; The Sidebar is invisible and can't receive messages
[2024-02-07 08:17:49:416] WebviewSidebar: FAILED posting webview/editors/didChangeVisible to the sidebar; The Sidebar is invisible and can't receive messages
[2024-02-07 08:17:49:917] WebviewSidebar: FAILED posting webview/editor/didChangeActive to the sidebar; The Sidebar is invisible and can't receive messages
[2024-02-07 08:17:50:605] WebviewSidebar: FAILED posting webview/editors/didChangeVisible to the sidebar; The Sidebar is invisible and can't receive messages
[2024-02-07 08:17:50:623] WebviewSidebar: FAILED posting webview/editors/didChangeVisible to the sidebar; The Sidebar is invisible and can't receive messages
[2024-02-07 08:17:51:123] WebviewSidebar: FAILED posting webview/editor/didChangeActive to the sidebar; The Sidebar is invisible and can't receive messages
[2024-02-07 08:17:51:462] WebviewSidebar: FAILED posting webview/editors/didChangeVisible to the sidebar; The Sidebar is invisible and can't receive messages
[2024-02-07 08:17:51:479] WebviewSidebar: FAILED posting webview/editors/didChangeVisible to the sidebar; The Sidebar is invisible and can't receive messages
[2024-02-07 08:17:51:980] WebviewSidebar: FAILED posting webview/editor/didChangeActive to the sidebar; The Sidebar is invisible and can't receive messages
[2024-02-07 08:17:58:621] WebviewSidebar: FAILED posting webview/editors/didChangeVisible to the sidebar; The Sidebar is invisible and can't receive messages
[2024-02-07 08:17:58:642] WebviewSidebar: FAILED posting webview/editors/didChangeVisible to the sidebar; The Sidebar is invisible and can't receive messages
[2024-02-07 08:17:59:143] WebviewSidebar: FAILED posting webview/editor/didChangeActive to the sidebar; The Sidebar is invisible and can't receive messages
[2024-02-07 08:18:54:782] WebviewSidebar: FAILED posting webview/editors/didChangeVisible to the sidebar; The Sidebar is invisible and can't receive messages
[2024-02-07 08:18:54:802] WebviewSidebar: FAILED posting webview/editors/didChangeVisible to the sidebar; The Sidebar is invisible and can't receive messages
[2024-02-07 08:18:55:304] WebviewSidebar: FAILED posting webview/editor/didChangeActive to the sidebar; The Sidebar is invisible and can't receive messages
[2024-02-07 08:19:00:928] WebviewSidebar: FAILED posting webview/editors/didChangeVisible to the sidebar; The Sidebar is invisible and can't receive messages
[2024-02-07 08:19:00:952] WebviewSidebar: FAILED posting webview/editors/didChangeVisible to the sidebar; The Sidebar is invisible and can't receive messages
[2024-02-07 08:19:01:453] WebviewSidebar: FAILED posting webview/editor/didChangeActive to the sidebar; The Sidebar is invisible and can't receive messages
[2024-02-07 08:19:02:224] WebviewSidebar: FAILED posting webview/editors/didChangeVisible to the sidebar; The Sidebar is invisible and can't receive messages
[2024-02-07 08:19:02:242] WebviewSidebar: FAILED posting webview/editors/didChangeVisible to the sidebar; The Sidebar is invisible and can't receive messages
[2024-02-07 08:19:02:743] WebviewSidebar: FAILED posting webview/editor/didChangeActive to the sidebar; The Sidebar is invisible and can't receive messages
[2024-02-07 08:28:18:130] WebviewSidebar: FAILED posting webview/editors/didChangeVisible to the sidebar; The Sidebar is invisible and can't receive messages
[2024-02-07 08:28:18:165] WebviewSidebar: FAILED posting webview/editors/didChangeVisible to the sidebar; The Sidebar is invisible and can't receive messages
[2024-02-07 08:28:18:668] WebviewSidebar: FAILED posting webview/editor/didChangeActive to the sidebar; The Sidebar is invisible and can't receive messages
[2024-02-07 08:28:58:156] WebviewSidebar: FAILED posting webview/editors/didChangeVisible to the sidebar; The Sidebar is invisible and can't receive messages
[2024-02-07 08:28:58:213] WebviewSidebar: FAILED posting webview/editors/didChangeVisible to the sidebar; The Sidebar is invisible and can't receive messages
[2024-02-07 08:28:58:721] WebviewSidebar: FAILED posting webview/editor/didChangeActive to the sidebar; The Sidebar is invisible and can't receive messages
[2024-02-07 08:29:23:273] WebviewSidebar: FAILED posting webview/editors/didChangeVisible to the sidebar; The Sidebar is invisible and can't receive messages
[2024-02-07 08:29:23:320] WebviewSidebar: FAILED posting webview/editors/didChangeVisible to the sidebar; The Sidebar is invisible and can't receive messages
[2024-02-07 08:29:23:858] WebviewSidebar: FAILED posting webview/editor/didChangeActive to the sidebar; The Sidebar is invisible and can't receive messages
[2024-02-07 08:29:38:076] WebviewSidebar: FAILED posting webview/editors/didChangeVisible to the sidebar; The Sidebar is invisible and can't receive messages
[2024-02-07 08:29:38:102] WebviewSidebar: FAILED posting webview/editors/didChangeVisible to the sidebar; The Sidebar is invisible and can't receive messages
[2024-02-07 08:29:39:093] WebviewSidebar: FAILED posting webview/editor/didChangeActive to the sidebar; The Sidebar is invisible and can't receive messages
[2024-02-07 08:29:39:413] WebviewSidebar: FAILED posting webview/editors/didChangeVisible to the sidebar; The Sidebar is invisible and can't receive messages
[2024-02-07 08:29:39:437] WebviewSidebar: FAILED posting webview/editors/didChangeVisible to the sidebar; The Sidebar is invisible and can't receive messages
[2024-02-07 08:29:39:938] WebviewSidebar: FAILED posting webview/editor/didChangeActive to the sidebar; The Sidebar is invisible and can't receive messages
[2024-02-07 08:29:41:951] WebviewSidebar: FAILED posting webview/editors/didChangeVisible to the sidebar; The Sidebar is invisible and can't receive messages
[2024-02-07 08:29:41:964] WebviewSidebar: FAILED posting webview/editors/didChangeVisible to the sidebar; The Sidebar is invisible and can't receive messages
[2024-02-07 08:29:42:465] WebviewSidebar: FAILED posting webview/editor/didChangeActive to the sidebar; The Sidebar is invisible and can't receive messages
[2024-02-07 08:30:10:208] WebviewSidebar: FAILED posting webview/editors/didChangeVisible to the sidebar; The Sidebar is invisible and can't receive messages
[2024-02-07 08:30:10:277] WebviewSidebar: FAILED posting webview/editors/didChangeVisible to the sidebar; The Sidebar is invisible and can't receive messages
[2024-02-07 08:30:10:853] WebviewSidebar: FAILED posting webview/editor/didChangeActive to the sidebar; The Sidebar is invisible and can't receive messages
[2024-02-07 08:30:43:595] WebviewSidebar: FAILED posting webview/editors/didChangeVisible to the sidebar; The Sidebar is invisible and can't receive messages
[2024-02-07 08:30:43:636] WebviewSidebar: FAILED posting webview/editors/didChangeVisible to the sidebar; The Sidebar is invisible and can't receive messages
[2024-02-07 08:30:44:222] WebviewSidebar: FAILED posting webview/editor/didChangeActive to the sidebar; The Sidebar is invisible and can't receive messages
[2024-02-07 08:30:50:594] WebviewSidebar: FAILED posting webview/editors/didChangeVisible to the sidebar; The Sidebar is invisible and can't receive messages
[2024-02-07 08:30:50:624] WebviewSidebar: FAILED posting webview/editors/didChangeVisible to the sidebar; The Sidebar is invisible and can't receive messages
[2024-02-07 08:30:51:126] WebviewSidebar: FAILED posting webview/editor/didChangeActive to the sidebar; The Sidebar is invisible and can't receive messages
[2024-02-07 08:34:30:710] WebviewSidebar: FAILED posting webview/editors/didChangeVisible to the sidebar; The Sidebar is invisible and can't receive messages
[2024-02-07 08:34:30:746] WebviewSidebar: FAILED posting webview/editors/didChangeVisible to the sidebar; The Sidebar is invisible and can't receive messages
[2024-02-07 08:34:31:253] WebviewSidebar: FAILED posting webview/editor/didChangeActive to the sidebar; The Sidebar is invisible and can't receive messages
[2024-02-07 08:34:31:637] WebviewSidebar: FAILED posting webview/editors/didChangeVisible to the sidebar; The Sidebar is invisible and can't receive messages
[2024-02-07 08:34:31:656] WebviewSidebar: FAILED posting webview/editors/didChangeVisible to the sidebar; The Sidebar is invisible and can't receive messages
[2024-02-07 08:34:32:164] WebviewSidebar: FAILED posting webview/editor/didChangeActive to the sidebar; The Sidebar is invisible and can't receive messages
[2024-02-07 08:34:57:485] WebviewSidebar: FAILED posting webview/editors/didChangeVisible to the sidebar; The Sidebar is invisible and can't receive messages
[2024-02-07 08:34:57:546] WebviewSidebar: FAILED posting webview/editors/didChangeVisible to the sidebar; The Sidebar is invisible and can't receive messages
[2024-02-07 08:34:58:163] WebviewSidebar: FAILED posting webview/editor/didChangeActive to the sidebar; The Sidebar is invisible and can't receive messages
[2024-02-07 08:34:58:770] WebviewSidebar: FAILED posting webview/editors/didChangeVisible to the sidebar; The Sidebar is invisible and can't receive messages
[2024-02-07 08:34:58:799] WebviewSidebar: FAILED posting webview/editors/didChangeVisible to the sidebar; The Sidebar is invisible and can't receive messages
[2024-02-07 08:34:59:289] WebviewSidebar: FAILED posting webview/editors/didChangeVisible to the sidebar; The Sidebar is invisible and can't receive messages
[2024-02-07 08:34:59:313] WebviewSidebar: FAILED posting webview/editors/didChangeVisible to the sidebar; The Sidebar is invisible and can't receive messages
[2024-02-07 08:34:59:813] WebviewSidebar: FAILED posting webview/editor/didChangeActive to the sidebar; The Sidebar is invisible and can't receive messages
[2024-02-07 08:37:00:072] WebviewSidebar: FAILED posting webview/editors/didChangeVisible to the sidebar; The Sidebar is invisible and can't receive messages
[2024-02-07 08:37:00:101] WebviewSidebar: FAILED posting webview/editors/didChangeVisible to the sidebar; The Sidebar is invisible and can't receive messages
[2024-02-07 08:37:00:729] WebviewSidebar: FAILED posting webview/editor/didChangeActive to the sidebar; The Sidebar is invisible and can't receive messages
[2024-02-07 08:37:14:552] WebviewSidebar: FAILED posting webview/editors/didChangeVisible to the sidebar; The Sidebar is invisible and can't receive messages
[2024-02-07 08:37:14:586] WebviewSidebar: FAILED posting webview/editors/didChangeVisible to the sidebar; The Sidebar is invisible and can't receive messages
[2024-02-07 08:37:15:087] WebviewSidebar: FAILED posting webview/editor/didChangeActive to the sidebar; The Sidebar is invisible and can't receive messages
[2024-02-07 08:37:17:438] WebviewSidebar: FAILED posting webview/editors/didChangeVisible to the sidebar; The Sidebar is invisible and can't receive messages
[2024-02-07 08:37:17:454] WebviewSidebar: FAILED posting webview/editors/didChangeVisible to the sidebar; The Sidebar is invisible and can't receive messages
[2024-02-07 08:37:17:955] WebviewSidebar: FAILED posting webview/editor/didChangeActive to the sidebar; The Sidebar is invisible and can't receive messages
[2024-02-07 08:37:20:690] WebviewSidebar: FAILED posting webview/editors/didChangeVisible to the sidebar; The Sidebar is invisible and can't receive messages
[2024-02-07 08:37:20:712] WebviewSidebar: FAILED posting webview/editors/didChangeVisible to the sidebar; The Sidebar is invisible and can't receive messages
[2024-02-07 08:37:21:212] WebviewSidebar: FAILED posting webview/editor/didChangeActive to the sidebar; The Sidebar is invisible and can't receive messages
[2024-02-07 08:37:41:398] WebviewSidebar: FAILED posting webview/editors/didChangeVisible to the sidebar; The Sidebar is invisible and can't receive messages
[2024-02-07 08:37:41:467] WebviewSidebar: FAILED posting webview/editors/didChangeVisible to the sidebar; The Sidebar is invisible and can't receive messages
[2024-02-07 08:37:41:978] WebviewSidebar: FAILED posting webview/editor/didChangeActive to the sidebar; The Sidebar is invisible and can't receive messages
[2024-02-07 08:37:49:926] WebviewSidebar: FAILED posting webview/editors/didChangeVisible to the sidebar; The Sidebar is invisible and can't receive messages
[2024-02-07 08:37:49:967] WebviewSidebar: FAILED posting webview/editors/didChangeVisible to the sidebar; The Sidebar is invisible and can't receive messages
[2024-02-07 08:37:50:585] WebviewSidebar: FAILED posting webview/editor/didChangeActive to the sidebar; The Sidebar is invisible and can't receive messages
[2024-02-07 08:37:55:002] WebviewSidebar: FAILED posting webview/editors/didChangeVisible to the sidebar; The Sidebar is invisible and can't receive messages
[2024-02-07 08:37:55:030] WebviewSidebar: FAILED posting webview/editors/didChangeVisible to the sidebar; The Sidebar is invisible and can't receive messages
[2024-02-07 08:37:55:530] WebviewSidebar: FAILED posting webview/editor/didChangeActive to the sidebar; The Sidebar is invisible and can't receive messages
[2024-02-07 08:38:04:899] WebviewSidebar: FAILED posting webview/editors/didChangeVisible to the sidebar; The Sidebar is invisible and can't receive messages
[2024-02-07 08:38:04:927] WebviewSidebar: FAILED posting webview/editors/didChangeVisible to the sidebar; The Sidebar is invisible and can't receive messages
[2024-02-07 08:38:05:428] WebviewSidebar: FAILED posting webview/editor/didChangeActive to the sidebar; The Sidebar is invisible and can't receive messages
[2024-02-07 08:38:51:600] WebviewSidebar: FAILED posting webview/editors/didChangeVisible to the sidebar; The Sidebar is invisible and can't receive messages
[2024-02-07 08:38:51:628] WebviewSidebar: FAILED posting webview/editors/didChangeVisible to the sidebar; The Sidebar is invisible and can't receive messages
[2024-02-07 08:38:52:130] WebviewSidebar: FAILED posting webview/editor/didChangeActive to the sidebar; The Sidebar is invisible and can't receive messages
[2024-02-07 08:39:27:814] WebviewSidebar: FAILED posting webview/editors/didChangeVisible to the sidebar; The Sidebar is invisible and can't receive messages
[2024-02-07 08:39:27:880] WebviewSidebar: FAILED posting webview/editors/didChangeVisible to the sidebar; The Sidebar is invisible and can't receive messages
[2024-02-07 08:39:28:445] WebviewSidebar: FAILED posting webview/editor/didChangeActive to the sidebar; The Sidebar is invisible and can't receive messages
[2024-02-07 08:39:29:054] WebviewSidebar: FAILED posting webview/editors/didChangeVisible to the sidebar; The Sidebar is invisible and can't receive messages
[2024-02-07 08:39:29:070] WebviewSidebar: FAILED posting webview/editors/didChangeVisible to the sidebar; The Sidebar is invisible and can't receive messages
[2024-02-07 08:39:29:571] WebviewSidebar: FAILED posting webview/editor/didChangeActive to the sidebar; The Sidebar is invisible and can't receive messages
[2024-02-07 08:39:47:532] WebviewSidebar: FAILED posting webview/editors/didChangeVisible to the sidebar; The Sidebar is invisible and can't receive messages
[2024-02-07 08:39:48:032] WebviewSidebar: FAILED posting webview/editor/didChangeActive to the sidebar; The Sidebar is invisible and can't receive messages
