Initializing document watcher...
CloudNine/Components/BaseComponent/App.jsx: {}
CloudNine/Components/VitePrint/VitePrintSSR.jsx: {}
CloudNine/Components/VitePrint/HotBuild.js: {}
CloudNine/Components/VitePrint/HotBuild.js: Using EditorConfig core...
CloudNine/Components/VitePrint/HotBuild.js: Using EditorConfig core...
CloudNine/Components/VitePrint/HotBuild.js: Using EditorConfig core...
CloudNine/Components/VitePrint/HotBuild.js: Using EditorConfig core...
CloudNine/Components/VitePrint/HotBuild.js: Using EditorConfig core...
CloudNine/Components/VitePrint/HotBuild.js: Using EditorConfig core...
CloudNine/Components/VitePrint/HotBuild.js: Using EditorConfig core...
CloudNine/Components/VitePrint/HotBuild.js: Using EditorConfig core...
CloudNine/Components/VitePrint/HotBuild.js: Using EditorConfig core...
CloudNine/Components/VitePrint/HotBuild.js: Using EditorConfig core...
CloudNine/Components/VitePrint/VitePrintCSR.jsx: {}
CloudNine/Components/VitePrint/VitePrintCSR.jsx: {}
CloudNine/Components/VitePrint/VitePrintCSR.jsx: {}
CloudNine/Components/VitePrint/VitePrintCSR.jsx: Using EditorConfig core...
CloudNine/devServer.js: {}
CloudNine/devServer.js: {}
CloudNine/devServer.js: Using EditorConfig core...
CloudNine/Components/VitePrint/VitePrintSSR.jsx: {}
CloudNine/Components/VitePrint/VitePrintSSR.jsx: {}
CloudNine/Components/VitePrint/VitePrintSSR.jsx: Using EditorConfig core...
CloudNine/Components/VitePrint/VitePrintSSR.jsx: {}
CloudNine/Components/VitePrint/VitePrintCSR.jsx: {}
CloudNine/Components/BaseComponent/App.jsx: {}
CloudNine/Components/VitePrint/HotBuild.js: {}
CloudNine/Components/VitePrint/HotBuild.js: Using EditorConfig core...
CloudNine/Components/VitePrint/HotBuild.js: {}
CloudNine/Components/VitePrint/VitePrintSSR.jsx: {}
CloudNine/Components/VitePrint/VitePrintSSR.jsx: Using EditorConfig core...
CloudNine/Components/VitePrint/VitePrintSSR.jsx: {}
CloudNine/Components/VitePrint/HotBuild.js: {}
CloudNine/Components/BaseComponent/App.jsx: {}
CloudNine/Components/VitePrint/VitePrintSSR.jsx: {}
CloudNine/Components/BaseComponent/App.jsx: {}
CloudNine/Components/VitePrint/HotBuild.js: {}
CloudNine/Components/VitePrint/HotBuild.js: Using EditorConfig core...
CloudNine/Components/VitePrint/HotBuild.js: Using EditorConfig core...
CloudNine/Components/VitePrint/HotBuild.js: Using EditorConfig core...
CloudNine/Components/VitePrint/HotBuild.js: Using EditorConfig core...
CloudNine/Components/VitePrint/HotBuild.js: Using EditorConfig core...
CloudNine/Components/BaseComponent/App.jsx: {}
CloudNine/Components/BaseComponent/App.jsx: {}
CloudNine/Components/VitePrint/VitePrintSSR.jsx: {}
CloudNine/Components/VitePrint/HotBuild.js: {}
CloudNine/Components/VitePrint/HotBuild.js: Using EditorConfig core...
CloudNine/Components/VitePrint/HotBuild.js: Using EditorConfig core...
CloudNine/Components/VitePrint/HotBuild.js: Using EditorConfig core...
CloudNine/Components/VitePrint/HotBuild.js: Using EditorConfig core...
CloudNine/Components/VitePrint/HotBuild.js: Using EditorConfig core...
CloudNine/Components/VitePrint/HotBuild.js: Using EditorConfig core...
CloudNine/Components/VitePrint/HotBuild.js: Using EditorConfig core...
CloudNine/Components/VitePrint/HotBuild.js: Using EditorConfig core...
CloudNine/Components/VitePrint/HotBuild.js: Using EditorConfig core...
CloudNine/Components/VitePrint/HotBuild.js: Using EditorConfig core...
CloudNine/Components/VitePrint/HotBuild.js: Using EditorConfig core...
CloudNine/Components/VitePrint/HotBuild.js: Using EditorConfig core...
CloudNine/Components/VitePrint/HotBuild.js: Using EditorConfig core...
CloudNine/Components/VitePrint/HotBuild.js: Using EditorConfig core...
CloudNine/Components/VitePrint/HotBuild.js: Using EditorConfig core...
CloudNine/Components/VitePrint/HotBuild.js: Using EditorConfig core...
CloudNine/Components/VitePrint/HotBuild.js: {}
CloudNine/Components/VitePrint/HotBuild.js: {}
CloudNine/Components/VitePrint/HotBuild.js: {}
CloudNine/Components/VitePrint/HotBuild.js: {}
CloudNine/Components/VitePrint/HotBuild.js: Using EditorConfig core...
CloudNine/Components/VitePrint/HotBuild.js: Using EditorConfig core...
CloudNine/Components/VitePrint/HotBuild.js: Using EditorConfig core...
CloudNine/Components/VitePrint/HotBuild.js: Using EditorConfig core...
CloudNine/Components/VitePrint/HotBuild.js: Using EditorConfig core...
CloudNine/Components/VitePrint/HotBuild.js: Using EditorConfig core...
CloudNine/Components/VitePrint/HotBuild.js: Using EditorConfig core...
No more open editors.
CloudNine/Components/VitePrint/HotBuild.js: {}
CloudNine/Components/VitePrint/HotBuild.js: Using EditorConfig core...
CloudNine/Components/VitePrint/HotBuild.js: Using EditorConfig core...
CloudNine/Components/VitePrint/HotBuild.js: Using EditorConfig core...
CloudNine/Components/VitePrint/HotBuild.js: Using EditorConfig core...
CloudNine/Components/VitePrint/HotBuild.js: Using EditorConfig core...
CloudNine/Components/VitePrint/HotBuild.js: Using EditorConfig core...
CloudNine/Components/VitePrint/HotBuild.js: Using EditorConfig core...
CloudNine/Components/VitePrint/HotBuild.js: Using EditorConfig core...
CloudNine/Components/VitePrint/HotBuild.js: Using EditorConfig core...
CloudNine/Components/VitePrint/HotBuild.js: {}
CloudNine/Components/VitePrint/HotBuild.js: Using EditorConfig core...
CloudNine/Components/VitePrint/HotBuild.js: Using EditorConfig core...
CloudNine/Components/VitePrint/HotBuild.js: Using EditorConfig core...
CloudNine/Components/VitePrint/HotBuild.js: Using EditorConfig core...
CloudNine/Components/VitePrint/HotBuild.js: Using EditorConfig core...
CloudNine/Components/VitePrint/HotBuild.js: Using EditorConfig core...
CloudNine/Components/VitePrint/HotBuild.js: Using EditorConfig core...
CloudNine/Components/VitePrint/HotBuild.js: Using EditorConfig core...
CloudNine/Components/VitePrint/HotBuild.js: Using EditorConfig core...
CloudNine/Components/VitePrint/HotBuild.js: Using EditorConfig core...
CloudNine/Components/VitePrint/HotBuild.js: Using EditorConfig core...
CloudNine/Components/VitePrint/HotBuild.js: Using EditorConfig core...
CloudNine/Components/VitePrint/HotBuild.js: {}
CloudNine/Components/VitePrint/HotBuild.js: {}
CloudNine/Components/VitePrint/HotBuild.js: Using EditorConfig core...
CloudNine/Components/VitePrint/HotBuild.js: Using EditorConfig core...
CloudNine/Components/VitePrint/HotBuild.js: Using EditorConfig core...
CloudNine/Components/VitePrint/HotBuild.js: Using EditorConfig core...
CloudNine/Components/VitePrint/HotBuild.js: Using EditorConfig core...
CloudNine/Components/VitePrint/HotBuild.js: Using EditorConfig core...
CloudNine/Components/VitePrint/HotBuild.js: Using EditorConfig core...
CloudNine/Components/VitePrint/HotBuild.js: Using EditorConfig core...
CloudNine/Components/VitePrint/HotBuild.js: Using EditorConfig core...
CloudNine/Components/VitePrint/HotBuild.js: Using EditorConfig core...
CloudNine/Components/VitePrint/HotBuild.js: Using EditorConfig core...
CloudNine/Components/VitePrint/HotBuild.js: Using EditorConfig core...
CloudNine/Components/VitePrint/HotBuild.js: Using EditorConfig core...
CloudNine/Components/VitePrint/HotBuild.js: Using EditorConfig core...
CloudNine/Components/VitePrint/HotBuild.js: Using EditorConfig core...
CloudNine/Components/VitePrint/HotBuild.js: Using EditorConfig core...
CloudNine/Components/VitePrint/HotBuild.js: Using EditorConfig core...
CloudNine/Components/VitePrint/HotBuild.js: Using EditorConfig core...
CloudNine/Components/VitePrint/HotBuild.js: Using EditorConfig core...
CloudNine/Components/VitePrint/HotBuild.js: Using EditorConfig core...
CloudNine/Components/VitePrint/HotBuild.js: Using EditorConfig core...
CloudNine/Components/VitePrint/HotBuild.js: {}
CloudNine/Components/VitePrint/HotBuild.js: Using EditorConfig core...
CloudNine/Components/VitePrint/VitePrintSSR.jsx: {}
CloudNine/Components/VitePrint/VitePrintSSR.jsx: {}
CloudNine/Components/VitePrint/VitePrintSSR.jsx: Using EditorConfig core...
CloudNine/Components/BaseComponent/App.jsx: {}
CloudNine/Components/BaseComponent/App.jsx: {}
CloudNine/Components/VitePrint/HotBuild.js: {}
CloudNine/Components/VitePrint/HotBuild.js: Using EditorConfig core...
CloudNine/Components/VitePrint/HotBuild.js: Using EditorConfig core...
CloudNine/Components/VitePrint/HotBuild.js: Using EditorConfig core...
CloudNine/Components/VitePrint/HotBuild.js: Using EditorConfig core...
CloudNine/Components/VitePrint/HotBuild.js: Using EditorConfig core...
CloudNine/Components/VitePrint/HotBuild.js: Using EditorConfig core...
CloudNine/Components/VitePrint/HotBuild.js: Using EditorConfig core...
CloudNine/Components/VitePrint/HotBuild.js: Using EditorConfig core...
CloudNine/Components/VitePrint/HotBuild.js: Using EditorConfig core...
CloudNine/Components/VitePrint/HotBuild.js: Using EditorConfig core...
CloudNine/Components/VitePrint/VitePrintSSR.jsx: {}
CloudNine/Components/VitePrint/VitePrintSSR.jsx: Using EditorConfig core...
CloudNine/Components/VitePrint/VitePrintSSR.jsx: {}
CloudNine/Components/VitePrint/HotBuild.js: {}
CloudNine/Components/VitePrint/HotBuild.js: Using EditorConfig core...
CloudNine/Components/VitePrint/HotBuild.js: Using EditorConfig core...
CloudNine/Components/VitePrint/VitePrintSSR.jsx: {}
CloudNine/Components/VitePrint/VitePrintSSR.jsx: Using EditorConfig core...
CloudNine/Components/VitePrint/VitePrintSSR.jsx: {}
CloudNine/Components/VitePrint/HotBuild.js: {}
CloudNine/Components/VitePrint/HotBuild.js: Using EditorConfig core...
CloudNine/Components/VitePrint/HotBuild.js: Using EditorConfig core...
CloudNine/Components/VitePrint/HotBuild.js: Using EditorConfig core...
CloudNine/Components/VitePrint/HotBuild.js: Using EditorConfig core...
CloudNine/Components/VitePrint/HotBuild.js: Using EditorConfig core...
CloudNine/Components/VitePrint/HotBuild.js: Using EditorConfig core...
CloudNine/Components/VitePrint/HotBuild.js: Using EditorConfig core...
CloudNine/Components/VitePrint/HotBuild.js: Using EditorConfig core...
CloudNine/Components/VitePrint/HotBuild.js: Using EditorConfig core...
CloudNine/Components/VitePrint/HotBuild.js: Using EditorConfig core...
CloudNine/Components/VitePrint/HotBuild.js: Using EditorConfig core...
CloudNine/Components/VitePrint/HotBuild.js: Using EditorConfig core...
CloudNine/Components/VitePrint/HotBuild.js: {}
CloudNine/Components/VitePrint/HotBuild.js: {}
CloudNine/Components/VitePrint/HotBuild.js: Using EditorConfig core...
CloudNine/Components/VitePrint/HotBuild.js: Using EditorConfig core...
CloudNine/Components/VitePrint/HotBuild.js: Using EditorConfig core...
CloudNine/Components/VitePrint/HotBuild.js: {}
CloudNine/devServer.js: {}
CloudNine/devServer.js: {}
CloudNine/devServer.js: Using EditorConfig core...
CloudNine/Components/BaseComponent/App.jsx: {}
CloudNine/devServer.js: {}
CloudNine/devServer.js: {}
CloudNine/Components/VitePrint/HotBuild.js: {}
CloudNine/vite.config.js: {}
CloudNine/Components/VitePrint/VitePrintCSR.jsx: {}
CloudNine/Components/VitePrint/VitePrintSSR.jsx: {}
CloudNine/Components/VitePrint/VitePrintSSR.jsx: Using EditorConfig core...
CloudNine/Components/VitePrint/VitePrintSSR.jsx: {}
CloudNine/devServer.js: {}
CloudNine/devServer.js: Using EditorConfig core...
CloudNine/devServer.js: Using EditorConfig core...
CloudNine/Components/VitePrint/VitePrintCSR.jsx: {}
CloudNine/Components/VitePrint/VitePrintCSR.jsx: Using EditorConfig core...
CloudNine/vite.config.js: {}
CloudNine/vite.config.js: {}
CloudNine/Components/VitePrint/VitePrintSSR.jsx: {}
CloudNine/Components/VitePrint/VitePrintSSR.jsx: Using EditorConfig core...
CloudNine/Components/VitePrint/VitePrintSSR.jsx: {}
CloudNine/Components/VitePrint/VitePrintSSR.jsx: {}
CloudNine/vite.config.js: {}
CloudNine/vite.config.js: Using EditorConfig core...
CloudNine/vite.config.js: Using EditorConfig core...
CloudNine/Components/VitePrint/VitePrintCSR.jsx: {}
CloudNine/Components/VitePrint/VitePrintSSR.jsx: {}
CloudNine/Components/VitePrint/VitePrintSSR.jsx: Using EditorConfig core...
CloudNine/devServer.js: {}
CloudNine/devServer.js: Using EditorConfig core...
CloudNine/Components/VitePrint/VitePrintSSR.jsx: {}
CloudNine/Components/VitePrint/VitePrintSSR.jsx: {}
CloudNine/Components/VitePrint/VitePrintSSR.jsx: Using EditorConfig core...
CloudNine/Components/VitePrint/VitePrintSSR.jsx: {}
CloudNine/Components/VitePrint/HotBuild.js: {}
CloudNine/devServer.js: {}
CloudNine/devServer.js: Using EditorConfig core...
CloudNine/devServer.js: Using EditorConfig core...
CloudNine/devServer.js: Using EditorConfig core...
CloudNine/devServer.js: Using EditorConfig core...
CloudNine/devServer.js: Using EditorConfig core...
CloudNine/Components/VitePrint/VitePrintCSR.jsx: {}
CloudNine/Components/VitePrint/VitePrintCSR.jsx: {}
CloudNine/Components/VitePrint/VitePrintSSR.jsx: {}
CloudNine/Components/VitePrint/VitePrintSSR.jsx: Using EditorConfig core...
CloudNine/Components/VitePrint/VitePrintSSR.jsx: {}
CloudNine/package.json: {}
CloudNine/vite.config.js: {}
CloudNine/vite.config.js: {}
CloudNine/Components/VitePrint/VitePrintCSR.jsx: {}
CloudNine/Components/VitePrint/HotBuild.js: {}
CloudNine/Components/VitePrint/HotBuild.js: {}
CloudNine/Components/VitePrint/HotBuild.js: Using EditorConfig core...
CloudNine/Components/VitePrint/HotBuild.js: Using EditorConfig core...
CloudNine/Components/VitePrint/HotBuild.js: Using EditorConfig core...
CloudNine/Components/VitePrint/HotBuild.js: Using EditorConfig core...
CloudNine/Components/VitePrint/HotBuild.js: Using EditorConfig core...
CloudNine/Components/VitePrint/HotBuild.js: Using EditorConfig core...
CloudNine/Components/VitePrint/HotBuild.js: Using EditorConfig core...
CloudNine/Components/VitePrint/VitePrintCSR.jsx: {}
CloudNine/Components/VitePrint/VitePrintSSR.jsx: {}
CloudNine/Components/VitePrint/VitePrintSSR.jsx: {}
CloudNine/Components/VitePrint/VitePrintSSR.jsx: Using EditorConfig core...
CloudNine/Components/VitePrint/VitePrintSSR.jsx: {}
CloudNine/Components/VitePrint/HotBuild.js: {}
CloudNine/Components/VitePrint/HotBuild.js: Using EditorConfig core...
CloudNine/package.json: {}
CloudNine/Components/VitePrint/HotBuild.js: {}
CloudNine/Components/VitePrint/HotBuild.js: Using EditorConfig core...
CloudNine/Components/VitePrint/HotBuild.js: Using EditorConfig core...
CloudNine/package.json: {}
CloudNine/Components/VitePrint/HotBuild.js: {}
CloudNine/package.json: {}
CloudNine/vite.config.js: {}
CloudNine/Components/VitePrint/VitePrintCSR.jsx: {}
CloudNine/Components/VitePrint/HotBuild.js: {}
CloudNine/Components/VitePrint/HotBuild.js: Using EditorConfig core...
CloudNine/Components/VitePrint/VitePrintCSR.jsx: {}
CloudNine/Components/VitePrint/VitePrintSSR.jsx: {}
CloudNine/Components/VitePrint/VitePrintSSR.jsx: Using EditorConfig core...
CloudNine/Components/VitePrint/HotBuild.js: {}
CloudNine/Components/VitePrint/HotBuild.js: {}
CloudNine/package.json: {}
CloudNine/vite.config.js: {}
CloudNine/Components/VitePrint/HotBuild.js: {}
CloudNine/Components/VitePrint/HotBuild.js: Using EditorConfig core...
CloudNine/Components/VitePrint/HotBuild.js: Using EditorConfig core...
CloudNine/Components/VitePrint/VitePrintSSR.jsx: {}
CloudNine/Components/VitePrint/VitePrintCSR.jsx: {}
CloudNine/package.json: {}
CloudNine/Components/VitePrint/HotBuild.js: {}
CloudNine/Components/VitePrint/HotBuild.js: Using EditorConfig core...
CloudNine/Components/VitePrint/HotBuild.js: Using EditorConfig core...
CloudNine/Components/VitePrint/HotBuild.js: Using EditorConfig core...
CloudNine/Components/VitePrint/HotBuild.js: Using EditorConfig core...
CloudNine/Components/VitePrint/HotBuild.js: Using EditorConfig core...
CloudNine/Components/VitePrint/HotBuild.js: Using EditorConfig core...
CloudNine/Components/VitePrint/HotBuild.js: Using EditorConfig core...
CloudNine/Components/VitePrint/HotBuild.js: Using EditorConfig core...
CloudNine/package.json: {}
CloudNine/Components/VitePrint/VitePrintSSR.jsx: {}
CloudNine/Components/VitePrint/HotBuild.js: {}
CloudNine/Components/VitePrint/HotBuild.js: Using EditorConfig core...
CloudNine/Components/VitePrint/HotBuild.js: Using EditorConfig core...
CloudNine/Components/VitePrint/HotBuild.js: Using EditorConfig core...
CloudNine/Components/VitePrint/HotBuild.js: Using EditorConfig core...
CloudNine/Components/VitePrint/HotBuild.js: Using EditorConfig core...
CloudNine/Components/VitePrint/HotBuild.js: Using EditorConfig core...
CloudNine/Components/VitePrint/HotBuild.js: Using EditorConfig core...
CloudNine/Components/VitePrint/HotBuild.js: Using EditorConfig core...
CloudNine/Components/VitePrint/HotBuild.js: Using EditorConfig core...
CloudNine/Components/VitePrint/HotBuild.js: Using EditorConfig core...
CloudNine/Components/VitePrint/HotBuild.js: Using EditorConfig core...
CloudNine/Components/VitePrint/HotBuild.js: Using EditorConfig core...
CloudNine/Components/VitePrint/HotBuild.js: Using EditorConfig core...
CloudNine/Components/VitePrint/HotBuild.js: Using EditorConfig core...
CloudNine/Components/VitePrint/HotBuild.js: Using EditorConfig core...
CloudNine/Components/VitePrint/HotBuild.js: Using EditorConfig core...
CloudNine/Components/VitePrint/HotBuild.js: Using EditorConfig core...
CloudNine/Components/VitePrint/HotBuild.js: Using EditorConfig core...
CloudNine/Components/VitePrint/HotBuild.js: Using EditorConfig core...
CloudNine/Components/VitePrint/HotBuild.js: Using EditorConfig core...
CloudNine/Components/VitePrint/HotBuild.js: Using EditorConfig core...
CloudNine/Components/VitePrint/HotBuild.js: Using EditorConfig core...
CloudNine/Components/VitePrint/HotBuild.js: Using EditorConfig core...
CloudNine/Components/VitePrint/HotBuild.js: Using EditorConfig core...
CloudNine/Components/VitePrint/HotBuild.js: Using EditorConfig core...
CloudNine/Components/VitePrint/HotBuild.js: Using EditorConfig core...
CloudNine/Components/VitePrint/HotBuild.js: Using EditorConfig core...
CloudNine/Components/VitePrint/HotBuild.js: Using EditorConfig core...
CloudNine/Components/VitePrint/HotBuild.js: Using EditorConfig core...
CloudNine/Components/VitePrint/HotBuild.js: Using EditorConfig core...
CloudNine/Components/VitePrint/HotBuild.js: Using EditorConfig core...
CloudNine/Components/VitePrint/HotBuild.js: Using EditorConfig core...
CloudNine/Components/VitePrint/HotBuild.js: Using EditorConfig core...
CloudNine/Components/VitePrint/HotBuild.js: Using EditorConfig core...
CloudNine/Components/VitePrint/HotBuild.js: Using EditorConfig core...
CloudNine/Components/VitePrint/HotBuild.js: Using EditorConfig core...
CloudNine/Components/VitePrint/HotBuild.js: Using EditorConfig core...
CloudNine/Components/VitePrint/HotBuild.js: Using EditorConfig core...
CloudNine/Components/VitePrint/HotBuild.js: Using EditorConfig core...
CloudNine/Components/VitePrint/HotBuild.js: Using EditorConfig core...
CloudNine/Components/VitePrint/HotBuild.js: Using EditorConfig core...
CloudNine/Components/VitePrint/HotBuild.js: Using EditorConfig core...
CloudNine/Components/VitePrint/HotBuild.js: Using EditorConfig core...
CloudNine/Components/VitePrint/HotBuild.js: Using EditorConfig core...
CloudNine/Components/VitePrint/HotBuild.js: Using EditorConfig core...
CloudNine/Components/VitePrint/HotBuild.js: Using EditorConfig core...
CloudNine/Components/VitePrint/HotBuild.js: Using EditorConfig core...
CloudNine/Components/VitePrint/HotBuild.js: Using EditorConfig core...
CloudNine/Components/VitePrint/HotBuild.js: Using EditorConfig core...
CloudNine/Components/VitePrint/HotBuild.js: Using EditorConfig core...
CloudNine/Components/VitePrint/HotBuild.js: Using EditorConfig core...
CloudNine/Components/VitePrint/HotBuild.js: Using EditorConfig core...
CloudNine/Components/VitePrint/HotBuild.js: Using EditorConfig core...
CloudNine/Components/VitePrint/HotBuild.js: Using EditorConfig core...
CloudNine/Components/VitePrint/HotBuild.js: Using EditorConfig core...
CloudNine/Components/VitePrint/HotBuild.js: Using EditorConfig core...
CloudNine/Components/VitePrint/HotBuild.js: Using EditorConfig core...
CloudNine/Components/VitePrint/HotBuild.js: Using EditorConfig core...
CloudNine/Components/VitePrint/HotBuild.js: Using EditorConfig core...
CloudNine/Components/VitePrint/HotBuild.js: Using EditorConfig core...
CloudNine/Components/VitePrint/HotBuild.js: Using EditorConfig core...
CloudNine/Components/VitePrint/HotBuild.js: Using EditorConfig core...
CloudNine/Components/VitePrint/HotBuild.js: Using EditorConfig core...
CloudNine/Components/VitePrint/HotBuild.js: Using EditorConfig core...
CloudNine/Components/VitePrint/HotBuild.js: {}
CloudNine/Components/VitePrint/HotBuild.js: Using EditorConfig core...
CloudNine/Components/VitePrint/HotBuild.js: Using EditorConfig core...
CloudNine/Components/VitePrint/HotBuild.js: Using EditorConfig core...
CloudNine/Components/VitePrint/HotBuild.js: Using EditorConfig core...
CloudNine/Components/VitePrint/HotBuild.js: Using EditorConfig core...
CloudNine/Components/VitePrint/HotBuild.js: Using EditorConfig core...
CloudNine/Components/VitePrint/HotBuild.js: Using EditorConfig core...
CloudNine/Components/VitePrint/HotBuild.js: Using EditorConfig core...
CloudNine/Components/VitePrint/HotBuild.js: Using EditorConfig core...
CloudNine/Components/VitePrint/HotBuild.js: Using EditorConfig core...
CloudNine/Components/VitePrint/VitePrintSSR.jsx: {}
CloudNine/Components/VitePrint/VitePrintSSR.jsx: {}
CloudNine/Components/VitePrint/VitePrintSSR.jsx: Using EditorConfig core...
CloudNine/Components/VitePrint/VitePrintSSR.jsx: {}
CloudNine/Components/VitePrint/VitePrintSSR.jsx: Using EditorConfig core...
CloudNine/Components/VitePrint/VitePrintSSR.jsx: {}
CloudNine/BasePlatForm/CSRServer/index.html: {}
CloudNine/Components/VitePrint/VitePrintSSR.jsx: {}
CloudNine/Components/VitePrint/VitePrintSSR.jsx: {}
CloudNine/Components/VitePrint/VitePrintSSR.jsx: Using EditorConfig core...
CloudNine/vite.config.js: {}
CloudNine/Components/VitePrint/VitePrintCSR.jsx: {}
CloudNine/Components/VitePrint/HotBuild.js: {}
CloudNine/Components/VitePrint/HotBuild.js: Using EditorConfig core...
CloudNine/Components/VitePrint/HotBuild.js: Using EditorConfig core...
CloudNine/Components/VitePrint/VitePrintSSR.jsx: {}
CloudNine/Components/VitePrint/VitePrintSSR.jsx: {}
CloudNine/Components/VitePrint/VitePrintSSR.jsx: Using EditorConfig core...
CloudNine/Components/VitePrint/VitePrintSSR.jsx: Using EditorConfig core...
CloudNine/Components/VitePrint/VitePrintSSR.jsx: {}
CloudNine/Components/VitePrint/VitePrintCSR.jsx: {}
CloudNine/Components/VitePrint/HotBuild.js: {}
CloudNine/Components/VitePrint/HotBuild.js: Using EditorConfig core...
CloudNine/Components/VitePrint/HotBuild.js: Using EditorConfig core...
CloudNine/Components/VitePrint/HotBuild.js: Using EditorConfig core...
CloudNine/Components/VitePrint/HotBuild.js: Using EditorConfig core...
CloudNine/Components/VitePrint/HotBuild.js: Using EditorConfig core...
CloudNine/Components/VitePrint/HotBuild.js: Using EditorConfig core...
CloudNine/Components/VitePrint/HotBuild.js: Using EditorConfig core...
CloudNine/Components/VitePrint/HotBuild.js: Using EditorConfig core...
CloudNine/Components/VitePrint/HotBuild.js: Using EditorConfig core...
CloudNine/Components/VitePrint/HotBuild.js: Using EditorConfig core...
CloudNine/Components/VitePrint/HotBuild.js: Using EditorConfig core...
CloudNine/Components/VitePrint/HotBuild.js: Using EditorConfig core...
CloudNine/Components/VitePrint/HotBuild.js: Using EditorConfig core...
CloudNine/Components/VitePrint/HotBuild.js: Using EditorConfig core...
CloudNine/Components/VitePrint/HotBuild.js: Using EditorConfig core...
CloudNine/Components/VitePrint/HotBuild.js: Using EditorConfig core...
CloudNine/Components/VitePrint/HotBuild.js: Using EditorConfig core...
CloudNine/Components/VitePrint/HotBuild.js: Using EditorConfig core...
CloudNine/Components/VitePrint/HotBuild.js: Using EditorConfig core...
CloudNine/Components/VitePrint/HotBuild.js: Using EditorConfig core...
CloudNine/Components/VitePrint/HotBuild.js: Using EditorConfig core...
CloudNine/Components/VitePrint/HotBuild.js: Using EditorConfig core...
CloudNine/Components/VitePrint/HotBuild.js: Using EditorConfig core...
CloudNine/Components/VitePrint/HotBuild.js: Using EditorConfig core...
CloudNine/Components/VitePrint/HotBuild.js: Using EditorConfig core...
CloudNine/Components/VitePrint/HotBuild.js: Using EditorConfig core...
CloudNine/Components/VitePrint/HotBuild.js: Using EditorConfig core...
CloudNine/Components/VitePrint/HotBuild.js: Using EditorConfig core...
CloudNine/Components/VitePrint/HotBuild.js: Using EditorConfig core...
CloudNine/Components/VitePrint/HotBuild.js: Using EditorConfig core...
CloudNine/Components/VitePrint/HotBuild.js: Using EditorConfig core...
CloudNine/Components/VitePrint/HotBuild.js: Using EditorConfig core...
CloudNine/Components/VitePrint/HotBuild.js: Using EditorConfig core...
CloudNine/Components/VitePrint/HotBuild.js: Using EditorConfig core...
CloudNine/Components/VitePrint/HotBuild.js: Using EditorConfig core...
CloudNine/Components/VitePrint/HotBuild.js: Using EditorConfig core...
CloudNine/Components/VitePrint/HotBuild.js: {}
CloudNine/Components/VitePrint/VitePrintCSR.jsx: {}
CloudNine/Components/VitePrint/VitePrintSSR.jsx: {}
CloudNine/Components/VitePrint/VitePrintSSR.jsx: {}
CloudNine/Components/VitePrint/VitePrintSSR.jsx: Using EditorConfig core...
CloudNine/BasePlatForm/CSRServer/index.html: {}
CloudNine/BasePlatForm/CSRServer/index.html: {}
CloudNine/vite.config.js: {}
CloudNine/Components/VitePrint/HotBuild.js: {}
CloudNine/Components/VitePrint/HotBuild.js: Using EditorConfig core...
CloudNine/Components/VitePrint/HotBuild.js: Using EditorConfig core...
CloudNine/Components/VitePrint/HotBuild.js: Using EditorConfig core...
CloudNine/Components/VitePrint/HotBuild.js: Using EditorConfig core...
CloudNine/Components/VitePrint/HotBuild.js: Using EditorConfig core...
CloudNine/Components/VitePrint/HotBuild.js: Using EditorConfig core...
CloudNine/Components/VitePrint/HotBuild.js: Using EditorConfig core...
CloudNine/Components/VitePrint/HotBuild.js: Using EditorConfig core...
CloudNine/Components/VitePrint/HotBuild.js: Using EditorConfig core...
CloudNine/Components/VitePrint/HotBuild.js: Using EditorConfig core...
CloudNine/Components/VitePrint/HotBuild.js: Using EditorConfig core...
CloudNine/Components/VitePrint/HotBuild.js: {}
CloudNine/Components/VitePrint/VitePrintSSR.jsx: {}
CloudNine/Components/VitePrint/VitePrintSSR.jsx: Using EditorConfig core...
CloudNine/Components/VitePrint/HotBuild.js: {}
CloudNine/BasePlatForm/CSRServer/index.html: {}
CloudNine/vite.config.js: {}
CloudNine/vite.config.js: Using EditorConfig core...
CloudNine/Components/VitePrint/VitePrintSSR.jsx: {}
CloudNine/Components/VitePrint/VitePrintSSR.jsx: {}
CloudNine/Components/VitePrint/VitePrintSSR.jsx: Using EditorConfig core...
CloudNine/Components/VitePrint/VitePrintCSR.jsx: {}
CloudNine/Components/VitePrint/VitePrintCSR.jsx: {}
CloudNine/Components/VitePrint/VitePrintCSR.jsx: Using EditorConfig core...
CloudNine/Components/VitePrint/VitePrintSSR.jsx: {}
CloudNine/Components/VitePrint/VitePrintSSR.jsx: {}
CloudNine/vite.config.js: {}
CloudNine/vite.config.js: Using EditorConfig core...
CloudNine/vite.config.js: {}
CloudNine/Components/VitePrint/VitePrintSSR.jsx: {}
CloudNine/Components/VitePrint/VitePrintSSR.jsx: Using EditorConfig core...
CloudNine/Components/VitePrint/HotBuild.js: {}
CloudNine/Components/VitePrint/HotBuild.js: {}
CloudNine/vite.config.js: {}
CloudNine/vite.config.js: Using EditorConfig core...
CloudNine/vite.config.js: Using EditorConfig core...
