2024-02-07 21:04:03.989 [info] Log level: Info
2024-02-07 21:04:03.989 [info] Validating found git in: "git"
2024-02-07 21:04:03.989 [info] Using git "2.39.3" from "git"
2024-02-07 21:04:03.989 [info] > git rev-parse --show-toplevel [363ms]
2024-02-07 21:04:03.989 [info] > git rev-parse --git-dir --git-common-dir [876ms]
2024-02-07 21:04:03.989 [info] Open repository: /var/www/localhost/htdocs/uniGraph
2024-02-07 21:04:04.751 [info] > git config --get commit.template [651ms]
2024-02-07 21:04:05.242 [info] > git rev-parse --show-toplevel [728ms]
2024-02-07 21:04:05.985 [info] > git for-each-ref --format=%(refname)%00%(upstream:short)%00%(objectname)%00%(upstream:track)%00%(upstream:remotename)%00%(upstream:remoteref) refs/heads/master refs/remotes/master [544ms]
2024-02-07 21:04:06.589 [info] > git status -z -uall [476ms]
2024-02-07 21:04:07.504 [info] > git rev-parse --git-dir --git-common-dir [960ms]
2024-02-07 21:04:07.516 [info] Open repository: /var/www/localhost/htdocs/KonSoulOperator
2024-02-07 21:04:07.850 [info] > git config --get commit.template [368ms]
2024-02-07 21:04:07.986 [info] > git config --get commit.template [287ms]
2024-02-07 21:04:08.875 [info] > git rev-parse --show-toplevel [397ms]
2024-02-07 21:04:08.875 [info] > git for-each-ref --format=%(refname)%00%(upstream:short)%00%(objectname)%00%(upstream:track)%00%(upstream:remotename)%00%(upstream:remoteref) refs/heads/master refs/remotes/master [494ms]
2024-02-07 21:04:09.762 [info] > git status -z -uall [802ms]
2024-02-07 21:04:09.847 [info] > git for-each-ref --format=%(refname)%00%(upstream:short)%00%(objectname)%00%(upstream:track)%00%(upstream:remotename)%00%(upstream:remoteref) refs/heads/master refs/remotes/master [1044ms]
2024-02-07 21:04:11.066 [info] > git status -z -uall [1114ms]
2024-02-07 21:04:12.740 [info] > git config --get commit.template [711ms]
2024-02-07 21:04:12.741 [info] > git rev-parse --git-dir --git-common-dir [797ms]
2024-02-07 21:04:12.748 [info] Open repository: /var/www/localhost/htdocs/kikpaste
2024-02-07 21:04:13.175 [info] > git config --get commit.template [293ms]
2024-02-07 21:04:13.187 [info] > git for-each-ref --format=%(refname)%00%(upstream:short)%00%(objectname)%00%(upstream:track)%00%(upstream:remotename)%00%(upstream:remoteref) refs/heads/master refs/remotes/master [19ms]
2024-02-07 21:04:13.424 [info] > git status -z -uall [178ms]
2024-02-07 21:04:13.425 [info] > git rev-parse --show-toplevel [43ms]
2024-02-07 21:04:13.425 [info] > git for-each-ref --format=%(refname)%00%(upstream:short)%00%(objectname)%00%(upstream:track)%00%(upstream:remotename)%00%(upstream:remoteref) refs/heads/stable refs/remotes/stable [105ms]
2024-02-07 21:04:13.567 [info] > git status -z -uall [75ms]
2024-02-07 21:04:14.371 [info] > git config --get commit.template [706ms]
2024-02-07 21:04:14.803 [info] > git rev-parse --git-dir --git-common-dir [175ms]
2024-02-07 21:04:14.810 [info] Open repository: /var/www/localhost/htdocs/MultiVerse
2024-02-07 21:04:14.990 [info] > git for-each-ref --format=%(refname)%00%(upstream:short)%00%(objectname)%00%(upstream:track)%00%(upstream:remotename)%00%(upstream:remoteref) refs/heads/stable refs/remotes/stable [193ms]
2024-02-07 21:04:15.127 [info] > git config --get commit.template [145ms]
2024-02-07 21:04:15.164 [info] > git status -z -uall [80ms]
2024-02-07 21:04:15.740 [info] > git for-each-ref --format=%(refname)%00%(upstream:short)%00%(objectname)%00%(upstream:track)%00%(upstream:remotename)%00%(upstream:remoteref) refs/heads/master refs/remotes/master [493ms]
2024-02-07 21:04:16.114 [info] > git status -z -uall [288ms]
2024-02-07 21:04:16.115 [info] > git check-ignore -v -z --stdin [22ms]
2024-02-07 21:04:16.183 [info] > git rev-parse --show-toplevel [491ms]
2024-02-07 21:04:18.014 [info] > git config --get commit.template [123ms]
2024-02-07 21:04:18.534 [info] > git for-each-ref --format=%(refname)%00%(upstream:short)%00%(objectname)%00%(upstream:track)%00%(upstream:remotename)%00%(upstream:remoteref) refs/heads/master refs/remotes/master [184ms]
2024-02-07 21:04:18.600 [info] > git rev-parse --git-dir --git-common-dir [129ms]
2024-02-07 21:04:18.605 [info] Open repository: /var/www/localhost/htdocs/PerfectLint
2024-02-07 21:04:18.687 [info] > git status -z -uall [102ms]
2024-02-07 21:04:18.687 [info] > git config --get commit.template [26ms]
2024-02-07 21:04:19.143 [info] > git for-each-ref --format=%(refname)%00%(upstream:short)%00%(objectname)%00%(upstream:track)%00%(upstream:remotename)%00%(upstream:remoteref) refs/heads/master refs/remotes/master [351ms]
2024-02-07 21:04:19.238 [info] > git status -z -uall [55ms]
2024-02-07 21:04:19.428 [info] > git rev-parse --show-toplevel [192ms]
2024-02-07 21:04:19.436 [info] > git check-ignore -v -z --stdin [119ms]
2024-02-07 21:04:19.436 [info] > git check-ignore -v -z --stdin [77ms]
2024-02-07 21:04:19.437 [info] > git config --get commit.template [20ms]
2024-02-07 21:04:19.516 [info] > git for-each-ref --format=%(refname)%00%(upstream:short)%00%(objectname)%00%(upstream:track)%00%(upstream:remotename)%00%(upstream:remoteref) refs/heads/master refs/remotes/master [24ms]
2024-02-07 21:04:19.603 [info] > git status -z -uall [30ms]
2024-02-07 21:04:19.678 [info] > git rev-parse --git-dir --git-common-dir [6ms]
2024-02-07 21:04:19.683 [info] Open repository: /var/www/localhost/htdocs/NextMc2squared
2024-02-07 21:04:19.797 [info] > git config --get commit.template [23ms]
2024-02-07 21:04:19.910 [info] > git for-each-ref --format=%(refname)%00%(upstream:short)%00%(objectname)%00%(upstream:track)%00%(upstream:remotename)%00%(upstream:remoteref) refs/heads/master refs/remotes/master [16ms]
2024-02-07 21:04:20.156 [info] > git rev-parse --show-toplevel [42ms]
2024-02-07 21:04:20.671 [info] > git check-ignore -v -z --stdin [239ms]
2024-02-07 21:04:20.672 [info] > git check-ignore -v -z --stdin [171ms]
2024-02-07 21:04:20.673 [info] > git check-ignore -v -z --stdin [99ms]
2024-02-07 21:04:20.704 [info] > git rev-parse --git-dir --git-common-dir [36ms]
2024-02-07 21:04:20.710 [info] Open repository: /var/www/localhost/htdocs/CloudNine
2024-02-07 21:04:20.801 [info] > git status -z -uall [804ms] (cancelled)
2024-02-07 21:04:20.802 [info] > git config --get commit.template [17ms]
2024-02-07 21:04:20.941 [info] > git check-ignore -v -z --stdin [73ms]
2024-02-07 21:04:21.038 [info] > git for-each-ref --format=%(refname)%00%(upstream:short)%00%(objectname)%00%(upstream:track)%00%(upstream:remotename)%00%(upstream:remoteref) refs/heads/master refs/remotes/master [110ms]
2024-02-07 21:04:21.192 [info] > git status -z -uall [93ms]
2024-02-07 21:04:21.762 [info] > git check-ignore -v -z --stdin [249ms]
2024-02-07 21:04:21.763 [info] > git check-ignore -v -z --stdin [183ms]
2024-02-07 21:04:21.763 [info] > git check-ignore -v -z --stdin [110ms]
2024-02-07 21:04:21.763 [info] > git check-ignore -v -z --stdin [43ms]
2024-02-07 21:04:21.765 [info] > git config --get commit.template [429ms]
2024-02-07 21:04:21.765 [info] > git rev-parse --show-toplevel [486ms]
2024-02-07 21:04:21.959 [info] > git for-each-ref --format=%(refname)%00%(upstream:short)%00%(objectname)%00%(upstream:track)%00%(upstream:remotename)%00%(upstream:remoteref) refs/heads/master refs/remotes/master [132ms]
2024-02-07 21:04:22.092 [info] > git status -z -uall [70ms]
2024-02-07 21:04:22.118 [info] > git rev-parse --show-toplevel [27ms]
2024-02-07 21:04:22.189 [info] > git rev-parse --show-toplevel [5ms]
2024-02-07 21:04:22.434 [info] > git rev-parse --show-toplevel [180ms]
2024-02-07 21:04:22.515 [info] > git rev-parse --show-toplevel [4ms]
2024-02-07 21:04:22.577 [info] > git rev-parse --show-toplevel [2ms]
2024-02-07 21:04:22.644 [info] > git rev-parse --show-toplevel [2ms]
2024-02-07 21:04:22.713 [info] > git rev-parse --show-toplevel [10ms]
2024-02-07 21:04:22.811 [info] > git rev-parse --show-toplevel [6ms]
2024-02-07 21:04:22.894 [info] > git rev-parse --show-toplevel [5ms]
2024-02-07 21:04:22.975 [info] > git rev-parse --show-toplevel [14ms]
2024-02-07 21:04:23.039 [info] > git rev-parse --show-toplevel [1ms]
2024-02-07 21:04:23.145 [info] > git rev-parse --show-toplevel [49ms]
2024-02-07 21:04:23.213 [info] > git rev-parse --show-toplevel [5ms]
2024-02-07 21:04:23.280 [info] > git rev-parse --show-toplevel [2ms]
2024-02-07 21:04:23.433 [info] > git rev-parse --show-toplevel [70ms]
2024-02-07 21:04:23.577 [info] > git rev-parse --show-toplevel [6ms]
2024-02-07 21:04:23.654 [info] > git rev-parse --show-toplevel [3ms]
2024-02-07 21:04:23.748 [info] > git rev-parse --show-toplevel [26ms]
2024-02-07 21:04:24.074 [info] > git rev-parse --show-toplevel [2ms]
2024-02-07 21:04:24.133 [info] > git rev-parse --show-toplevel [3ms]
2024-02-07 21:04:24.193 [info] > git rev-parse --show-toplevel [2ms]
2024-02-07 21:04:24.252 [info] > git rev-parse --show-toplevel [1ms]
2024-02-07 21:04:24.318 [info] > git rev-parse --show-toplevel [4ms]
2024-02-07 21:04:24.383 [info] > git rev-parse --show-toplevel [4ms]
2024-02-07 21:04:24.642 [info] > git rev-parse --show-toplevel [97ms]
2024-02-07 21:04:24.731 [info] > git rev-parse --show-toplevel [19ms]
2024-02-07 21:04:24.819 [info] > git rev-parse --show-toplevel [3ms]
2024-02-07 21:04:24.900 [info] > git rev-parse --show-toplevel [5ms]
2024-02-07 21:04:24.981 [info] > git rev-parse --show-toplevel [2ms]
2024-02-07 21:04:25.035 [info] > git rev-parse --show-toplevel [1ms]
2024-02-07 21:04:25.085 [info] > git rev-parse --show-toplevel [1ms]
2024-02-07 21:04:25.144 [info] > git rev-parse --show-toplevel [3ms]
2024-02-07 21:04:25.227 [info] > git rev-parse --show-toplevel [3ms]
2024-02-07 21:04:25.347 [info] > git rev-parse --show-toplevel [24ms]
2024-02-07 21:04:25.442 [info] > git rev-parse --show-toplevel [7ms]
2024-02-07 21:04:25.566 [info] > git rev-parse --show-toplevel [28ms]
2024-02-07 21:04:25.672 [info] > git rev-parse --show-toplevel [7ms]
2024-02-07 21:04:25.779 [info] > git rev-parse --show-toplevel [4ms]
2024-02-07 21:04:25.876 [info] > git rev-parse --show-toplevel [8ms]
2024-02-07 21:04:25.983 [info] > git rev-parse --show-toplevel [18ms]
2024-02-07 21:04:26.076 [info] > git rev-parse --show-toplevel [2ms]
2024-02-07 21:04:26.186 [info] > git rev-parse --show-toplevel [17ms]
2024-02-07 21:04:26.431 [info] > git rev-parse --show-toplevel [1ms]
2024-02-07 21:04:26.509 [info] > git rev-parse --show-toplevel [4ms]
2024-02-07 21:04:26.636 [info] > git rev-parse --show-toplevel [18ms]
2024-02-07 21:04:26.729 [info] > git rev-parse --show-toplevel [2ms]
2024-02-07 21:04:27.101 [info] > git show --textconv :Components/VitePrint/HotBuild.js [284ms]
2024-02-07 21:04:27.101 [info] > git show --textconv :devServer.js [99ms]
2024-02-07 21:04:27.106 [info] > git ls-files --stage -- /var/www/localhost/htdocs/CloudNine/Components/VitePrint/HotBuild.js [202ms]
2024-02-07 21:04:27.134 [info] > git ls-files --stage -- /var/www/localhost/htdocs/CloudNine/devServer.js [37ms]
2024-02-07 21:04:27.195 [info] > git cat-file -s ee7470c94d9d7e4ce80a3645f0448df5b3cf164f [5ms]
2024-02-07 21:04:28.670 [info] > git show --textconv :vite.config.js [157ms]
2024-02-07 21:04:28.670 [info] > git ls-files --stage -- /var/www/localhost/htdocs/CloudNine/vite.config.js [89ms]
2024-02-07 21:04:29.051 [info] > git cat-file -s 55bba81e7c194d13c260f0234169ce857677c44f [286ms]
2024-02-07 21:04:34.209 [info] > git show --textconv :package.json [738ms]
2024-02-07 21:04:34.210 [info] > git ls-files --stage -- /var/www/localhost/htdocs/CloudNine/package.json [540ms]
2024-02-07 21:04:34.457 [info] > git cat-file -s 6517e6e6711e1ef8b6a20fd4e878ed0acee95773 [121ms]
2024-02-07 21:04:45.956 [info] > git config --get commit.template [11ms]
2024-02-07 21:04:46.016 [info] > git for-each-ref --format=%(refname)%00%(upstream:short)%00%(objectname)%00%(upstream:track)%00%(upstream:remotename)%00%(upstream:remoteref) refs/heads/master refs/remotes/master [2ms]
2024-02-07 21:04:46.087 [info] > git status -z -uall [11ms]
2024-02-07 21:04:51.166 [info] > git config --get commit.template [2ms]
2024-02-07 21:04:51.231 [info] > git for-each-ref --format=%(refname)%00%(upstream:short)%00%(objectname)%00%(upstream:track)%00%(upstream:remotename)%00%(upstream:remoteref) refs/heads/master refs/remotes/master [2ms]
2024-02-07 21:04:51.319 [info] > git status -z -uall [17ms]
2024-02-07 21:04:56.392 [info] > git config --get commit.template [2ms]
2024-02-07 21:04:56.452 [info] > git for-each-ref --format=%(refname)%00%(upstream:short)%00%(objectname)%00%(upstream:track)%00%(upstream:remotename)%00%(upstream:remoteref) refs/heads/master refs/remotes/master [2ms]
2024-02-07 21:04:56.525 [info] > git status -z -uall [15ms]
2024-02-07 21:05:01.629 [info] > git config --get commit.template [9ms]
2024-02-07 21:05:01.867 [info] > git for-each-ref --format=%(refname)%00%(upstream:short)%00%(objectname)%00%(upstream:track)%00%(upstream:remotename)%00%(upstream:remoteref) refs/heads/master refs/remotes/master [168ms]
2024-02-07 21:05:01.953 [info] > git status -z -uall [18ms]
2024-02-07 21:05:07.132 [info] > git config --get commit.template [30ms]
2024-02-07 21:05:07.206 [info] > git for-each-ref --format=%(refname)%00%(upstream:short)%00%(objectname)%00%(upstream:track)%00%(upstream:remotename)%00%(upstream:remoteref) refs/heads/master refs/remotes/master [8ms]
2024-02-07 21:05:07.301 [info] > git status -z -uall [31ms]
2024-02-07 21:05:12.438 [info] > git config --get commit.template [15ms]
2024-02-07 21:05:12.522 [info] > git for-each-ref --format=%(refname)%00%(upstream:short)%00%(objectname)%00%(upstream:track)%00%(upstream:remotename)%00%(upstream:remoteref) refs/heads/master refs/remotes/master [15ms]
2024-02-07 21:05:12.602 [info] > git status -z -uall [27ms]
2024-02-07 21:05:17.690 [info] > git config --get commit.template [8ms]
2024-02-07 21:05:17.751 [info] > git for-each-ref --format=%(refname)%00%(upstream:short)%00%(objectname)%00%(upstream:track)%00%(upstream:remotename)%00%(upstream:remoteref) refs/heads/master refs/remotes/master [5ms]
2024-02-07 21:05:17.812 [info] > git status -z -uall [14ms]
2024-02-07 21:05:22.908 [info] > git config --get commit.template [2ms]
2024-02-07 21:05:22.984 [info] > git for-each-ref --format=%(refname)%00%(upstream:short)%00%(objectname)%00%(upstream:track)%00%(upstream:remotename)%00%(upstream:remoteref) refs/heads/master refs/remotes/master [2ms]
2024-02-07 21:05:23.059 [info] > git status -z -uall [15ms]
2024-02-07 21:05:28.198 [info] > git config --get commit.template [57ms]
2024-02-07 21:05:28.199 [info] > git for-each-ref --format=%(refname)%00%(upstream:short)%00%(objectname)%00%(upstream:track)%00%(upstream:remotename)%00%(upstream:remoteref) refs/heads/master refs/remotes/master [2ms]
2024-02-07 21:05:28.269 [info] > git status -z -uall [12ms]
2024-02-07 21:07:21.291 [info] > git config --get commit.template [8ms]
2024-02-07 21:07:21.438 [info] > git for-each-ref --format=%(refname)%00%(upstream:short)%00%(objectname)%00%(upstream:track)%00%(upstream:remotename)%00%(upstream:remoteref) refs/heads/master refs/remotes/master [69ms]
2024-02-07 21:07:21.556 [info] > git status -z -uall [62ms]
2024-02-07 21:07:31.800 [info] > git config --get commit.template [10ms]
2024-02-07 21:07:31.850 [info] > git for-each-ref --format=%(refname)%00%(upstream:short)%00%(objectname)%00%(upstream:track)%00%(upstream:remotename)%00%(upstream:remoteref) refs/heads/master refs/remotes/master [5ms]
2024-02-07 21:07:31.923 [info] > git status -z -uall [21ms]
2024-02-07 21:07:36.997 [info] > git config --get commit.template [9ms]
2024-02-07 21:07:37.050 [info] > git for-each-ref --format=%(refname)%00%(upstream:short)%00%(objectname)%00%(upstream:track)%00%(upstream:remotename)%00%(upstream:remoteref) refs/heads/master refs/remotes/master [2ms]
2024-02-07 21:07:37.116 [info] > git status -z -uall [15ms]
2024-02-07 21:07:42.246 [info] > git config --get commit.template [53ms]
2024-02-07 21:07:42.254 [info] > git for-each-ref --format=%(refname)%00%(upstream:short)%00%(objectname)%00%(upstream:track)%00%(upstream:remotename)%00%(upstream:remoteref) refs/heads/master refs/remotes/master [9ms]
2024-02-07 21:07:42.320 [info] > git status -z -uall [15ms]
2024-02-07 21:07:47.422 [info] > git config --get commit.template [2ms]
2024-02-07 21:07:47.488 [info] > git for-each-ref --format=%(refname)%00%(upstream:short)%00%(objectname)%00%(upstream:track)%00%(upstream:remotename)%00%(upstream:remoteref) refs/heads/master refs/remotes/master [1ms]
2024-02-07 21:07:47.572 [info] > git status -z -uall [14ms]
2024-02-07 21:07:53.158 [info] > git config --get commit.template [2ms]
2024-02-07 21:07:53.199 [info] > git for-each-ref --format=%(refname)%00%(upstream:short)%00%(objectname)%00%(upstream:track)%00%(upstream:remotename)%00%(upstream:remoteref) refs/heads/master refs/remotes/master [1ms]
2024-02-07 21:07:53.249 [info] > git status -z -uall [10ms]
2024-02-07 21:08:06.032 [info] > git show --textconv :Components/VitePrint/VitePrint.jsx [124ms]
2024-02-07 21:08:06.032 [info] > git ls-files --stage -- /var/www/localhost/htdocs/CloudNine/Components/VitePrint/VitePrint.jsx [68ms]
2024-02-07 21:08:06.092 [info] > git cat-file -s eedf55ea97dbdc3a24f36f003cb530550bd93e31 [5ms]
2024-02-07 21:08:18.035 [info] > git config --get commit.template [48ms]
2024-02-07 21:08:18.036 [info] > git for-each-ref --format=%(refname)%00%(upstream:short)%00%(objectname)%00%(upstream:track)%00%(upstream:remotename)%00%(upstream:remoteref) refs/heads/master refs/remotes/master [2ms]
2024-02-07 21:08:18.094 [info] > git status -z -uall [12ms]
2024-02-07 21:08:44.910 [info] > git config --get commit.template [48ms]
2024-02-07 21:08:44.911 [info] > git for-each-ref --format=%(refname)%00%(upstream:short)%00%(objectname)%00%(upstream:track)%00%(upstream:remotename)%00%(upstream:remoteref) refs/heads/master refs/remotes/master [2ms]
2024-02-07 21:08:44.967 [info] > git status -z -uall [22ms]
2024-02-07 21:08:50.103 [info] > git config --get commit.template [5ms]
2024-02-07 21:08:50.165 [info] > git for-each-ref --format=%(refname)%00%(upstream:short)%00%(objectname)%00%(upstream:track)%00%(upstream:remotename)%00%(upstream:remoteref) refs/heads/master refs/remotes/master [6ms]
2024-02-07 21:08:50.232 [info] > git status -z -uall [17ms]
2024-02-07 21:10:11.116 [info] > git config --get commit.template [1ms]
2024-02-07 21:10:11.145 [info] > git for-each-ref --format=%(refname)%00%(upstream:short)%00%(objectname)%00%(upstream:track)%00%(upstream:remotename)%00%(upstream:remoteref) refs/heads/master refs/remotes/master [2ms]
2024-02-07 21:10:11.184 [info] > git status -z -uall [11ms]
2024-02-07 21:10:23.616 [info] > git config --get commit.template [34ms]
2024-02-07 21:10:23.616 [info] > git for-each-ref --format=%(refname)%00%(upstream:short)%00%(objectname)%00%(upstream:track)%00%(upstream:remotename)%00%(upstream:remoteref) refs/heads/master refs/remotes/master [1ms]
2024-02-07 21:10:23.659 [info] > git status -z -uall [9ms]
2024-02-07 21:10:33.695 [info] > git check-ignore -v -z --stdin [3ms]
2024-02-07 21:10:38.707 [info] > git check-ignore -v -z --stdin [2ms]
2024-02-07 21:10:39.218 [info] > git config --get commit.template [4ms]
2024-02-07 21:10:39.273 [info] > git for-each-ref --format=%(refname)%00%(upstream:short)%00%(objectname)%00%(upstream:track)%00%(upstream:remotename)%00%(upstream:remoteref) refs/heads/master refs/remotes/master [2ms]
2024-02-07 21:10:39.325 [info] > git status -z -uall [14ms]
2024-02-07 21:10:42.636 [info] > git check-ignore -v -z --stdin [3ms]
2024-02-07 21:10:43.622 [info] > git check-ignore -v -z --stdin [3ms]
2024-02-07 21:10:44.411 [info] > git config --get commit.template [33ms]
2024-02-07 21:10:44.412 [info] > git for-each-ref --format=%(refname)%00%(upstream:short)%00%(objectname)%00%(upstream:track)%00%(upstream:remotename)%00%(upstream:remoteref) refs/heads/master refs/remotes/master [2ms]
2024-02-07 21:10:44.456 [info] > git status -z -uall [12ms]
2024-02-07 21:10:52.401 [info] > git config --get commit.template [43ms]
2024-02-07 21:10:52.401 [info] > git for-each-ref --format=%(refname)%00%(upstream:short)%00%(objectname)%00%(upstream:track)%00%(upstream:remotename)%00%(upstream:remoteref) refs/heads/master refs/remotes/master [1ms]
2024-02-07 21:10:52.457 [info] > git status -z -uall [15ms]
2024-02-07 21:11:15.645 [info] > git config --get commit.template [2ms]
2024-02-07 21:11:15.674 [info] > git for-each-ref --format=%(refname)%00%(upstream:short)%00%(objectname)%00%(upstream:track)%00%(upstream:remotename)%00%(upstream:remoteref) refs/heads/master refs/remotes/master [2ms]
2024-02-07 21:11:15.712 [info] > git status -z -uall [9ms]
2024-02-07 21:11:20.878 [info] > git config --get commit.template [6ms]
2024-02-07 21:11:20.930 [info] > git for-each-ref --format=%(refname)%00%(upstream:short)%00%(objectname)%00%(upstream:track)%00%(upstream:remotename)%00%(upstream:remoteref) refs/heads/master refs/remotes/master [3ms]
2024-02-07 21:11:21.009 [info] > git status -z -uall [34ms]
2024-02-07 21:11:26.116 [info] > git config --get commit.template [41ms]
2024-02-07 21:11:26.117 [info] > git for-each-ref --format=%(refname)%00%(upstream:short)%00%(objectname)%00%(upstream:track)%00%(upstream:remotename)%00%(upstream:remoteref) refs/heads/master refs/remotes/master [2ms]
2024-02-07 21:11:26.176 [info] > git status -z -uall [13ms]
2024-02-07 21:11:31.275 [info] > git config --get commit.template [37ms]
2024-02-07 21:11:31.276 [info] > git for-each-ref --format=%(refname)%00%(upstream:short)%00%(objectname)%00%(upstream:track)%00%(upstream:remotename)%00%(upstream:remoteref) refs/heads/master refs/remotes/master [1ms]
2024-02-07 21:11:31.331 [info] > git status -z -uall [14ms]
2024-02-07 21:11:46.484 [info] > git config --get commit.template [39ms]
2024-02-07 21:11:46.484 [info] > git for-each-ref --format=%(refname)%00%(upstream:short)%00%(objectname)%00%(upstream:track)%00%(upstream:remotename)%00%(upstream:remoteref) refs/heads/master refs/remotes/master [1ms]
2024-02-07 21:11:46.536 [info] > git status -z -uall [11ms]
2024-02-07 21:12:11.620 [info] > git config --get commit.template [5ms]
2024-02-07 21:12:11.661 [info] > git for-each-ref --format=%(refname)%00%(upstream:short)%00%(objectname)%00%(upstream:track)%00%(upstream:remotename)%00%(upstream:remoteref) refs/heads/master refs/remotes/master [3ms]
2024-02-07 21:12:11.709 [info] > git status -z -uall [11ms]
2024-02-07 21:12:16.833 [info] > git config --get commit.template [55ms]
2024-02-07 21:12:16.834 [info] > git for-each-ref --format=%(refname)%00%(upstream:short)%00%(objectname)%00%(upstream:track)%00%(upstream:remotename)%00%(upstream:remoteref) refs/heads/master refs/remotes/master [3ms]
2024-02-07 21:12:16.918 [info] > git status -z -uall [15ms]
2024-02-07 21:12:23.500 [info] > git config --get commit.template [57ms]
2024-02-07 21:12:23.501 [info] > git for-each-ref --format=%(refname)%00%(upstream:short)%00%(objectname)%00%(upstream:track)%00%(upstream:remotename)%00%(upstream:remoteref) refs/heads/master refs/remotes/master [2ms]
2024-02-07 21:12:23.571 [info] > git status -z -uall [15ms]
2024-02-07 21:12:32.022 [info] > git config --get commit.template [7ms]
2024-02-07 21:12:32.128 [info] > git for-each-ref --format=%(refname)%00%(upstream:short)%00%(objectname)%00%(upstream:track)%00%(upstream:remotename)%00%(upstream:remoteref) refs/heads/master refs/remotes/master [36ms]
2024-02-07 21:12:32.326 [info] > git status -z -uall [137ms]
2024-02-07 21:12:37.501 [info] > git config --get commit.template [2ms]
2024-02-07 21:12:37.557 [info] > git for-each-ref --format=%(refname)%00%(upstream:short)%00%(objectname)%00%(upstream:track)%00%(upstream:remotename)%00%(upstream:remoteref) refs/heads/master refs/remotes/master [3ms]
2024-02-07 21:12:37.634 [info] > git status -z -uall [15ms]
2024-02-07 21:13:07.887 [info] > git config --get commit.template [73ms]
2024-02-07 21:13:07.941 [info] > git for-each-ref --format=%(refname)%00%(upstream:short)%00%(objectname)%00%(upstream:track)%00%(upstream:remotename)%00%(upstream:remoteref) refs/heads/master refs/remotes/master [14ms]
2024-02-07 21:13:08.005 [info] > git status -z -uall [32ms]
2024-02-07 21:13:16.411 [info] > git config --get commit.template [2ms]
2024-02-07 21:13:16.483 [info] > git for-each-ref --format=%(refname)%00%(upstream:short)%00%(objectname)%00%(upstream:track)%00%(upstream:remotename)%00%(upstream:remoteref) refs/heads/master refs/remotes/master [35ms]
2024-02-07 21:13:16.564 [info] > git status -z -uall [43ms]
2024-02-07 21:13:21.655 [info] > git config --get commit.template [32ms]
2024-02-07 21:13:21.720 [info] > git for-each-ref --format=%(refname)%00%(upstream:short)%00%(objectname)%00%(upstream:track)%00%(upstream:remotename)%00%(upstream:remoteref) refs/heads/master refs/remotes/master [32ms]
2024-02-07 21:13:21.760 [info] > git status -z -uall [10ms]
2024-02-07 21:13:26.866 [info] > git config --get commit.template [36ms]
2024-02-07 21:13:26.933 [info] > git for-each-ref --format=%(refname)%00%(upstream:short)%00%(objectname)%00%(upstream:track)%00%(upstream:remotename)%00%(upstream:remoteref) refs/heads/master refs/remotes/master [11ms]
2024-02-07 21:13:27.027 [info] > git status -z -uall [19ms]
2024-02-07 21:13:32.105 [info] > git config --get commit.template [1ms]
2024-02-07 21:13:32.205 [info] > git for-each-ref --format=%(refname)%00%(upstream:short)%00%(objectname)%00%(upstream:track)%00%(upstream:remotename)%00%(upstream:remoteref) refs/heads/master refs/remotes/master [6ms]
2024-02-07 21:13:32.262 [info] > git status -z -uall [14ms]
2024-02-07 21:13:37.365 [info] > git config --get commit.template [42ms]
2024-02-07 21:13:37.365 [info] > git for-each-ref --format=%(refname)%00%(upstream:short)%00%(objectname)%00%(upstream:track)%00%(upstream:remotename)%00%(upstream:remoteref) refs/heads/master refs/remotes/master [1ms]
2024-02-07 21:13:37.419 [info] > git status -z -uall [9ms]
2024-02-07 21:13:52.259 [info] > git config --get commit.template [7ms]
2024-02-07 21:13:52.310 [info] > git for-each-ref --format=%(refname)%00%(upstream:short)%00%(objectname)%00%(upstream:track)%00%(upstream:remotename)%00%(upstream:remoteref) refs/heads/master refs/remotes/master [6ms]
2024-02-07 21:13:52.459 [info] > git status -z -uall [104ms]
2024-02-07 21:13:57.623 [info] > git config --get commit.template [51ms]
2024-02-07 21:13:57.624 [info] > git for-each-ref --format=%(refname)%00%(upstream:short)%00%(objectname)%00%(upstream:track)%00%(upstream:remotename)%00%(upstream:remoteref) refs/heads/master refs/remotes/master [2ms]
2024-02-07 21:13:57.697 [info] > git status -z -uall [22ms]
2024-02-07 21:14:02.801 [info] > git config --get commit.template [19ms]
2024-02-07 21:14:02.863 [info] > git for-each-ref --format=%(refname)%00%(upstream:short)%00%(objectname)%00%(upstream:track)%00%(upstream:remotename)%00%(upstream:remoteref) refs/heads/master refs/remotes/master [3ms]
2024-02-07 21:14:02.935 [info] > git status -z -uall [16ms]
2024-02-07 21:14:41.693 [info] > git config --get commit.template [37ms]
2024-02-07 21:14:41.694 [info] > git for-each-ref --format=%(refname)%00%(upstream:short)%00%(objectname)%00%(upstream:track)%00%(upstream:remotename)%00%(upstream:remoteref) refs/heads/master refs/remotes/master [2ms]
2024-02-07 21:14:41.753 [info] > git status -z -uall [17ms]
2024-02-07 21:14:58.897 [info] > git config --get commit.template [7ms]
2024-02-07 21:14:58.947 [info] > git for-each-ref --format=%(refname)%00%(upstream:short)%00%(objectname)%00%(upstream:track)%00%(upstream:remotename)%00%(upstream:remoteref) refs/heads/master refs/remotes/master [7ms]
2024-02-07 21:14:59.011 [info] > git status -z -uall [27ms]
2024-02-07 21:29:43.843 [info] > git config --get commit.template [55ms]
2024-02-07 21:29:43.845 [info] > git for-each-ref --format=%(refname)%00%(upstream:short)%00%(objectname)%00%(upstream:track)%00%(upstream:remotename)%00%(upstream:remoteref) refs/heads/master refs/remotes/master [3ms]
2024-02-07 21:29:43.910 [info] > git status -z -uall [16ms]
2024-02-07 21:29:55.407 [info] > git config --get commit.template [4ms]
2024-02-07 21:29:55.474 [info] > git for-each-ref --format=%(refname)%00%(upstream:short)%00%(objectname)%00%(upstream:track)%00%(upstream:remotename)%00%(upstream:remoteref) refs/heads/master refs/remotes/master [10ms]
2024-02-07 21:29:55.581 [info] > git status -z -uall [61ms]
2024-02-07 21:30:17.994 [info] > git config --get commit.template [39ms]
2024-02-07 21:30:18.032 [info] > git for-each-ref --format=%(refname)%00%(upstream:short)%00%(objectname)%00%(upstream:track)%00%(upstream:remotename)%00%(upstream:remoteref) refs/heads/master refs/remotes/master [1ms]
2024-02-07 21:30:18.074 [info] > git status -z -uall [10ms]
2024-02-07 21:30:25.814 [info] > git config --get commit.template [1ms]
2024-02-07 21:30:25.862 [info] > git for-each-ref --format=%(refname)%00%(upstream:short)%00%(objectname)%00%(upstream:track)%00%(upstream:remotename)%00%(upstream:remoteref) refs/heads/master refs/remotes/master [3ms]
2024-02-07 21:30:25.946 [info] > git status -z -uall [21ms]
2024-02-07 21:30:48.469 [info] > git config --get commit.template [2ms]
2024-02-07 21:30:48.510 [info] > git for-each-ref --format=%(refname)%00%(upstream:short)%00%(objectname)%00%(upstream:track)%00%(upstream:remotename)%00%(upstream:remoteref) refs/heads/master refs/remotes/master [2ms]
2024-02-07 21:30:48.580 [info] > git status -z -uall [38ms]
2024-02-07 21:30:53.679 [info] > git config --get commit.template [39ms]
2024-02-07 21:30:53.767 [info] > git for-each-ref --format=%(refname)%00%(upstream:short)%00%(objectname)%00%(upstream:track)%00%(upstream:remotename)%00%(upstream:remoteref) refs/heads/master refs/remotes/master [50ms]
2024-02-07 21:30:53.845 [info] > git status -z -uall [23ms]
2024-02-07 21:30:58.918 [info] > git config --get commit.template [2ms]
2024-02-07 21:30:58.948 [info] > git for-each-ref --format=%(refname)%00%(upstream:short)%00%(objectname)%00%(upstream:track)%00%(upstream:remotename)%00%(upstream:remoteref) refs/heads/master refs/remotes/master [2ms]
2024-02-07 21:30:58.992 [info] > git status -z -uall [9ms]
2024-02-07 21:32:25.737 [info] > git config --get commit.template [1ms]
2024-02-07 21:32:25.770 [info] > git for-each-ref --format=%(refname)%00%(upstream:short)%00%(objectname)%00%(upstream:track)%00%(upstream:remotename)%00%(upstream:remoteref) refs/heads/master refs/remotes/master [1ms]
2024-02-07 21:32:25.811 [info] > git status -z -uall [11ms]
2024-02-07 21:32:31.594 [info] > git config --get commit.template [44ms]
2024-02-07 21:32:31.596 [info] > git for-each-ref --format=%(refname)%00%(upstream:short)%00%(objectname)%00%(upstream:track)%00%(upstream:remotename)%00%(upstream:remoteref) refs/heads/master refs/remotes/master [3ms]
2024-02-07 21:32:31.647 [info] > git status -z -uall [12ms]
2024-02-07 21:32:36.760 [info] > git config --get commit.template [4ms]
2024-02-07 21:32:36.796 [info] > git for-each-ref --format=%(refname)%00%(upstream:short)%00%(objectname)%00%(upstream:track)%00%(upstream:remotename)%00%(upstream:remoteref) refs/heads/master refs/remotes/master [2ms]
2024-02-07 21:32:36.838 [info] > git status -z -uall [10ms]
2024-02-07 21:46:17.000 [info] > git check-ignore -v -z --stdin [47ms]
2024-02-07 21:46:17.001 [info] > git check-ignore -v -z --stdin [10ms]
2024-02-07 21:46:21.197 [info] > git check-ignore -v -z --stdin [5ms]
2024-02-07 21:46:27.969 [info] > git show --textconv HEAD:Components/VitePrint/HotBuild.js [36ms]
2024-02-07 21:46:27.971 [info] > git ls-tree -l HEAD -- /var/www/localhost/htdocs/CloudNine/Components/VitePrint/HotBuild.js [3ms]
2024-02-07 21:46:31.570 [info] > git check-ignore -v -z --stdin [3ms]
2024-02-07 21:46:42.322 [info] > git check-ignore -v -z --stdin [9ms]
2024-02-07 21:56:03.969 [info] > git config --get commit.template [47ms]
2024-02-07 21:56:03.970 [info] > git for-each-ref --format=%(refname)%00%(upstream:short)%00%(objectname)%00%(upstream:track)%00%(upstream:remotename)%00%(upstream:remoteref) refs/heads/master refs/remotes/master [2ms]
2024-02-07 21:56:04.032 [info] > git status -z -uall [16ms]
2024-02-07 21:56:18.570 [info] > git config --get commit.template [10ms]
2024-02-07 21:56:18.627 [info] > git for-each-ref --format=%(refname)%00%(upstream:short)%00%(objectname)%00%(upstream:track)%00%(upstream:remotename)%00%(upstream:remoteref) refs/heads/master refs/remotes/master [11ms]
2024-02-07 21:56:18.728 [info] > git status -z -uall [69ms]
2024-02-07 21:56:19.940 [info] > git check-ignore -v -z --stdin [2ms]
2024-02-07 21:56:24.704 [info] > git config --get commit.template [2ms]
2024-02-07 21:56:24.755 [info] > git for-each-ref --format=%(refname)%00%(upstream:short)%00%(objectname)%00%(upstream:track)%00%(upstream:remotename)%00%(upstream:remoteref) refs/heads/master refs/remotes/master [3ms]
2024-02-07 21:56:24.808 [info] > git status -z -uall [10ms]
2024-02-07 21:56:45.023 [info] > git config --get commit.template [25ms]
2024-02-07 21:56:45.093 [info] > git for-each-ref --format=%(refname)%00%(upstream:short)%00%(objectname)%00%(upstream:track)%00%(upstream:remotename)%00%(upstream:remoteref) refs/heads/master refs/remotes/master [10ms]
2024-02-07 21:56:45.154 [info] > git status -z -uall [24ms]
2024-02-07 21:56:46.265 [info] > git check-ignore -v -z --stdin [2ms]
2024-02-07 21:56:50.255 [info] > git config --get commit.template [24ms]
2024-02-07 21:56:50.319 [info] > git for-each-ref --format=%(refname)%00%(upstream:short)%00%(objectname)%00%(upstream:track)%00%(upstream:remotename)%00%(upstream:remoteref) refs/heads/master refs/remotes/master [3ms]
2024-02-07 21:56:50.394 [info] > git status -z -uall [17ms]
2024-02-07 21:56:51.479 [info] > git check-ignore -v -z --stdin [4ms]
2024-02-07 21:58:44.286 [info] > git config --get commit.template [2ms]
2024-02-07 21:58:44.325 [info] > git for-each-ref --format=%(refname)%00%(upstream:short)%00%(objectname)%00%(upstream:track)%00%(upstream:remotename)%00%(upstream:remoteref) refs/heads/master refs/remotes/master [2ms]
2024-02-07 21:58:44.374 [info] > git status -z -uall [13ms]
2024-02-07 21:58:49.507 [info] > git config --get commit.template [66ms]
2024-02-07 21:58:49.508 [info] > git for-each-ref --format=%(refname)%00%(upstream:short)%00%(objectname)%00%(upstream:track)%00%(upstream:remotename)%00%(upstream:remoteref) refs/heads/master refs/remotes/master [10ms]
2024-02-07 21:58:49.560 [info] > git status -z -uall [16ms]
2024-02-07 21:58:50.891 [info] > git check-ignore -v -z --stdin [13ms]
2024-02-07 21:58:55.048 [info] > git config --get commit.template [60ms]
2024-02-07 21:58:55.049 [info] > git for-each-ref --format=%(refname)%00%(upstream:short)%00%(objectname)%00%(upstream:track)%00%(upstream:remotename)%00%(upstream:remoteref) refs/heads/master refs/remotes/master [4ms]
2024-02-07 21:58:55.125 [info] > git status -z -uall [17ms]
2024-02-07 21:59:00.231 [info] > git config --get commit.template [35ms]
2024-02-07 21:59:00.232 [info] > git for-each-ref --format=%(refname)%00%(upstream:short)%00%(objectname)%00%(upstream:track)%00%(upstream:remotename)%00%(upstream:remoteref) refs/heads/master refs/remotes/master [2ms]
2024-02-07 21:59:00.279 [info] > git status -z -uall [12ms]
2024-02-07 21:59:01.141 [info] > git check-ignore -v -z --stdin [6ms]
2024-02-07 21:59:07.486 [info] > git config --get commit.template [38ms]
2024-02-07 21:59:07.487 [info] > git for-each-ref --format=%(refname)%00%(upstream:short)%00%(objectname)%00%(upstream:track)%00%(upstream:remotename)%00%(upstream:remoteref) refs/heads/master refs/remotes/master [2ms]
2024-02-07 21:59:07.537 [info] > git status -z -uall [12ms]
2024-02-07 21:59:12.630 [info] > git config --get commit.template [3ms]
2024-02-07 21:59:12.701 [info] > git for-each-ref --format=%(refname)%00%(upstream:short)%00%(objectname)%00%(upstream:track)%00%(upstream:remotename)%00%(upstream:remoteref) refs/heads/master refs/remotes/master [3ms]
2024-02-07 21:59:12.820 [info] > git status -z -uall [36ms]
2024-02-07 21:59:13.839 [info] > git check-ignore -v -z --stdin [2ms]
2024-02-07 21:59:30.306 [info] > git config --get commit.template [57ms]
2024-02-07 21:59:30.307 [info] > git for-each-ref --format=%(refname)%00%(upstream:short)%00%(objectname)%00%(upstream:track)%00%(upstream:remotename)%00%(upstream:remoteref) refs/heads/master refs/remotes/master [2ms]
2024-02-07 21:59:30.369 [info] > git status -z -uall [15ms]
2024-02-07 21:59:54.602 [info] > git config --get commit.template [17ms]
2024-02-07 21:59:54.687 [info] > git for-each-ref --format=%(refname)%00%(upstream:short)%00%(objectname)%00%(upstream:track)%00%(upstream:remotename)%00%(upstream:remoteref) refs/heads/master refs/remotes/master [13ms]
2024-02-07 21:59:54.742 [info] > git status -z -uall [18ms]
2024-02-07 21:59:55.932 [info] > git check-ignore -v -z --stdin [2ms]
2024-02-07 22:00:08.936 [info] > git config --get commit.template [62ms]
2024-02-07 22:00:08.937 [info] > git for-each-ref --format=%(refname)%00%(upstream:short)%00%(objectname)%00%(upstream:track)%00%(upstream:remotename)%00%(upstream:remoteref) refs/heads/master refs/remotes/master [2ms]
2024-02-07 22:00:08.997 [info] > git status -z -uall [12ms]
2024-02-07 22:02:01.740 [info] > git config --get commit.template [36ms]
2024-02-07 22:02:01.741 [info] > git for-each-ref --format=%(refname)%00%(upstream:short)%00%(objectname)%00%(upstream:track)%00%(upstream:remotename)%00%(upstream:remoteref) refs/heads/master refs/remotes/master [2ms]
2024-02-07 22:02:01.786 [info] > git status -z -uall [12ms]
2024-02-07 22:02:06.883 [info] > git for-each-ref --format=%(refname)%00%(upstream:short)%00%(objectname)%00%(upstream:track)%00%(upstream:remotename)%00%(upstream:remoteref) refs/heads/master refs/remotes/master [4ms]
2024-02-07 22:02:06.883 [info] > git config --get commit.template [37ms]
2024-02-07 22:02:06.925 [info] > git status -z -uall [10ms]
2024-02-07 22:02:12.021 [info] > git config --get commit.template [39ms]
2024-02-07 22:02:12.022 [info] > git for-each-ref --format=%(refname)%00%(upstream:short)%00%(objectname)%00%(upstream:track)%00%(upstream:remotename)%00%(upstream:remoteref) refs/heads/master refs/remotes/master [1ms]
2024-02-07 22:02:12.069 [info] > git status -z -uall [11ms]
2024-02-07 22:02:53.909 [info] > git config --get commit.template [41ms]
2024-02-07 22:02:53.910 [info] > git for-each-ref --format=%(refname)%00%(upstream:short)%00%(objectname)%00%(upstream:track)%00%(upstream:remotename)%00%(upstream:remoteref) refs/heads/master refs/remotes/master [3ms]
2024-02-07 22:02:53.967 [info] > git status -z -uall [13ms]
2024-02-07 22:03:08.607 [info] > git config --get commit.template [1ms]
2024-02-07 22:03:08.640 [info] > git for-each-ref --format=%(refname)%00%(upstream:short)%00%(objectname)%00%(upstream:track)%00%(upstream:remotename)%00%(upstream:remoteref) refs/heads/master refs/remotes/master [2ms]
2024-02-07 22:03:08.682 [info] > git status -z -uall [11ms]
2024-02-07 22:03:09.611 [info] > git check-ignore -v -z --stdin [3ms]
2024-02-07 22:13:39.250 [info] > git config --get commit.template [58ms]
2024-02-07 22:13:39.252 [info] > git for-each-ref --format=%(refname)%00%(upstream:short)%00%(objectname)%00%(upstream:track)%00%(upstream:remotename)%00%(upstream:remoteref) refs/heads/master refs/remotes/master [3ms]
2024-02-07 22:13:39.325 [info] > git status -z -uall [21ms]
2024-02-07 22:13:51.375 [info] > git check-ignore -v -z --stdin [10ms]
2024-02-07 22:13:52.169 [info] > git config --get commit.template [2ms]
2024-02-07 22:13:52.215 [info] > git for-each-ref --format=%(refname)%00%(upstream:short)%00%(objectname)%00%(upstream:track)%00%(upstream:remotename)%00%(upstream:remoteref) refs/heads/master refs/remotes/master [2ms]
2024-02-07 22:13:52.267 [info] > git status -z -uall [14ms]
2024-02-07 22:13:53.119 [info] > git check-ignore -v -z --stdin [22ms]
2024-02-07 22:13:58.573 [info] > git check-ignore -v -z --stdin [3ms]
2024-02-07 22:15:24.190 [info] > git check-ignore -v -z --stdin [31ms]
2024-02-07 22:15:24.190 [info] > git check-ignore -v -z --stdin [64ms]
2024-02-07 22:15:24.191 [info] > git check-ignore -v -z --stdin [2ms]
2024-02-07 22:15:25.469 [info] > git check-ignore -v -z --stdin [29ms]
2024-02-07 22:15:25.470 [info] > git check-ignore -v -z --stdin [2ms]
2024-02-07 22:15:38.291 [info] > git rev-parse --show-toplevel [38ms]
2024-02-07 22:15:38.337 [info] > git rev-parse --git-dir --git-common-dir [1ms]
2024-02-07 22:15:38.345 [info] Open repository: /var/www/localhost/htdocs/simple-react-ssr-vite-express
2024-02-07 22:15:38.389 [info] > git config --get commit.template [5ms]
2024-02-07 22:15:38.460 [info] > git for-each-ref --format=%(refname)%00%(upstream:short)%00%(objectname)%00%(upstream:track)%00%(upstream:remotename)%00%(upstream:remoteref) refs/heads/main refs/remotes/main [23ms]
2024-02-07 22:15:38.535 [info] > git status -z -uall [40ms]
2024-02-07 22:15:38.580 [info] > git rev-parse --show-toplevel [45ms]
2024-02-07 22:15:38.581 [info] > git config --get commit.template [2ms]
2024-02-07 22:15:38.630 [info] > git for-each-ref --format=%(refname)%00%(upstream:short)%00%(objectname)%00%(upstream:track)%00%(upstream:remotename)%00%(upstream:remoteref) refs/heads/main refs/remotes/main [9ms]
2024-02-07 22:15:38.677 [info] > git status -z -uall [6ms]
2024-02-07 22:15:39.243 [info] > git check-ignore -v -z --stdin [246ms]
2024-02-07 22:15:39.243 [info] > git check-ignore -v -z --stdin [206ms]
2024-02-07 22:15:39.243 [info] > git check-ignore -v -z --stdin [170ms]
2024-02-07 22:15:39.244 [info] > git check-ignore -v -z --stdin [137ms]
2024-02-07 22:15:39.244 [info] > git check-ignore -v -z --stdin [101ms]
2024-02-07 22:15:39.245 [info] > git check-ignore -v -z --stdin [67ms]
2024-02-07 22:15:39.245 [info] > git check-ignore -v -z --stdin [37ms]
2024-02-07 22:15:39.246 [info] > git check-ignore -v -z --stdin [8ms]
2024-02-07 22:15:42.185 [info] > git show --textconv :server-prod.js [56ms]
2024-02-07 22:15:42.284 [info] > git ls-files --stage -- /var/www/localhost/htdocs/simple-react-ssr-vite-express/server-prod.js [101ms]
2024-02-07 22:15:42.349 [info] > git cat-file -s 1e8707f6e17fc2f9d11022aa6314fd0f2eeb40fa [16ms]
2024-02-07 22:16:33.033 [info] > git show --textconv :src/app.jsx [49ms]
2024-02-07 22:16:33.035 [info] > git ls-files --stage -- /var/www/localhost/htdocs/simple-react-ssr-vite-express/src/app.jsx [8ms]
2024-02-07 22:16:33.159 [info] > git cat-file -s 84e48e0eba06eadb858173c2be7ab68967888ae0 [65ms]
2024-02-07 22:16:33.954 [info] > git show --textconv :src/entry-client.jsx [46ms]
2024-02-07 22:16:33.955 [info] > git ls-files --stage -- /var/www/localhost/htdocs/simple-react-ssr-vite-express/src/entry-client.jsx [7ms]
2024-02-07 22:16:34.035 [info] > git cat-file -s f0ac8c928a061d7e5775dc3b2d85be4124e643c1 [40ms]
2024-02-07 22:16:34.966 [info] > git show --textconv :src/entry-server.jsx [47ms]
2024-02-07 22:16:34.970 [info] > git ls-files --stage -- /var/www/localhost/htdocs/simple-react-ssr-vite-express/src/entry-server.jsx [10ms]
2024-02-07 22:16:35.071 [info] > git cat-file -s 08ace8bfb47d5a6c95b36ef10ba8905d5586c4f6 [52ms]
2024-02-07 22:16:42.424 [info] > git show --textconv :index.html [112ms]
2024-02-07 22:16:42.425 [info] > git ls-files --stage -- /var/www/localhost/htdocs/simple-react-ssr-vite-express/index.html [54ms]
2024-02-07 22:16:42.473 [info] > git cat-file -s e4aefbbc1676e71909410847823769dee8e187a9 [5ms]
2024-02-07 22:17:14.280 [info] > git check-ignore -v -z --stdin [1ms]
2024-02-07 22:17:15.201 [info] > git check-ignore -v -z --stdin [1ms]
2024-02-07 22:17:16.364 [info] > git show --textconv :dist/client/index.html [54ms]
2024-02-07 22:17:16.372 [info] > git ls-files --stage -- /var/www/localhost/htdocs/simple-react-ssr-vite-express/dist/client/index.html [13ms]
2024-02-07 22:17:20.092 [info] > git check-ignore -v -z --stdin [2ms]
2024-02-07 22:17:20.785 [info] > git show --textconv :dist/server/entry-server.js [44ms]
2024-02-07 22:17:20.789 [info] > git ls-files --stage -- /var/www/localhost/htdocs/simple-react-ssr-vite-express/dist/server/entry-server.js [9ms]
2024-02-07 22:17:54.567 [info] > git check-ignore -v -z --stdin [2ms]
2024-02-07 22:19:13.668 [info] > git check-ignore -v -z --stdin [5ms]
2024-02-07 22:25:48.145 [info] > git config --get commit.template [32ms]
2024-02-07 22:25:48.146 [info] > git for-each-ref --format=%(refname)%00%(upstream:short)%00%(objectname)%00%(upstream:track)%00%(upstream:remotename)%00%(upstream:remoteref) refs/heads/master refs/remotes/master [1ms]
2024-02-07 22:25:48.210 [info] > git status -z -uall [34ms]
2024-02-07 22:26:20.619 [info] > git config --get commit.template [42ms]
2024-02-07 22:26:20.620 [info] > git for-each-ref --format=%(refname)%00%(upstream:short)%00%(objectname)%00%(upstream:track)%00%(upstream:remotename)%00%(upstream:remoteref) refs/heads/master refs/remotes/master [2ms]
2024-02-07 22:26:20.681 [info] > git status -z -uall [20ms]
2024-02-07 22:43:57.319 [info] > git check-ignore -v -z --stdin [201ms]
2024-02-07 22:43:57.320 [info] > git check-ignore -v -z --stdin [170ms]
2024-02-07 22:43:57.320 [info] > git check-ignore -v -z --stdin [137ms]
2024-02-07 22:43:57.321 [info] > git check-ignore -v -z --stdin [97ms]
2024-02-07 22:43:57.322 [info] > git check-ignore -v -z --stdin [68ms]
2024-02-07 22:43:57.322 [info] > git check-ignore -v -z --stdin [36ms]
2024-02-07 22:43:57.323 [info] > git check-ignore -v -z --stdin [5ms]
2024-02-07 22:43:58.401 [info] > git check-ignore -v -z --stdin [1ms]
2024-02-07 22:43:59.277 [info] > git check-ignore -v -z --stdin [2ms]
2024-02-07 22:44:07.551 [info] > git show --textconv :CSRServer/CSRServer.jsx [53ms]
2024-02-07 22:44:07.581 [info] > git ls-files --stage -- /var/www/localhost/htdocs/CloudNine/CSRServer/CSRServer.jsx [32ms]
2024-02-07 22:44:07.679 [info] > git cat-file -s d2e8317e9c62099536006fb97e85aece3f00ee21 [52ms]
2024-02-07 22:44:08.747 [info] > git check-ignore -v -z --stdin [2ms]
2024-02-07 22:44:14.791 [info] > git config --get commit.template [31ms]
2024-02-07 22:44:14.792 [info] > git for-each-ref --format=%(refname)%00%(upstream:short)%00%(objectname)%00%(upstream:track)%00%(upstream:remotename)%00%(upstream:remoteref) refs/heads/master refs/remotes/master [2ms]
2024-02-07 22:44:14.831 [info] > git status -z -uall [10ms]
2024-02-07 22:44:58.304 [info] > git rev-parse --show-toplevel [2ms]
2024-02-07 22:44:58.899 [info] > git rev-parse --show-toplevel [122ms]
2024-02-07 22:45:19.784 [info] > git check-ignore -v -z --stdin [4ms]
2024-02-07 22:45:23.548 [info] > git show --textconv :SSRServer/SSRServer.jsx [52ms]
2024-02-07 22:45:23.568 [info] > git ls-files --stage -- /var/www/localhost/htdocs/CloudNine/SSRServer/SSRServer.jsx [24ms]
2024-02-07 22:45:23.644 [info] > git cat-file -s 714f85ff91ca0847608095e76fd749e849dcc6b7 [39ms]
2024-02-07 22:45:35.248 [info] > git config --get commit.template [6ms]
2024-02-07 22:45:35.327 [info] > git for-each-ref --format=%(refname)%00%(upstream:short)%00%(objectname)%00%(upstream:track)%00%(upstream:remotename)%00%(upstream:remoteref) refs/heads/master refs/remotes/master [15ms]
2024-02-07 22:45:35.420 [info] > git status -z -uall [31ms]
2024-02-07 22:45:40.526 [info] > git config --get commit.template [34ms]
2024-02-07 22:45:40.527 [info] > git for-each-ref --format=%(refname)%00%(upstream:short)%00%(objectname)%00%(upstream:track)%00%(upstream:remotename)%00%(upstream:remoteref) refs/heads/master refs/remotes/master [2ms]
2024-02-07 22:45:40.574 [info] > git status -z -uall [11ms]
2024-02-07 22:46:17.239 [info] > git config --get commit.template [57ms]
2024-02-07 22:46:17.241 [info] > git for-each-ref --format=%(refname)%00%(upstream:short)%00%(objectname)%00%(upstream:track)%00%(upstream:remotename)%00%(upstream:remoteref) refs/heads/master refs/remotes/master [3ms]
2024-02-07 22:46:17.313 [info] > git status -z -uall [25ms]
2024-02-07 22:46:31.508 [info] > git config --get commit.template [1ms]
2024-02-07 22:46:31.555 [info] > git for-each-ref --format=%(refname)%00%(upstream:short)%00%(objectname)%00%(upstream:track)%00%(upstream:remotename)%00%(upstream:remoteref) refs/heads/master refs/remotes/master [2ms]
2024-02-07 22:46:31.612 [info] > git status -z -uall [13ms]
2024-02-07 22:46:40.910 [info] > git config --get commit.template [2ms]
2024-02-07 22:46:40.957 [info] > git for-each-ref --format=%(refname)%00%(upstream:short)%00%(objectname)%00%(upstream:track)%00%(upstream:remotename)%00%(upstream:remoteref) refs/heads/master refs/remotes/master [2ms]
2024-02-07 22:46:41.017 [info] > git status -z -uall [11ms]
2024-02-07 22:46:49.878 [info] > git config --get commit.template [2ms]
2024-02-07 22:46:49.964 [info] > git for-each-ref --format=%(refname)%00%(upstream:short)%00%(objectname)%00%(upstream:track)%00%(upstream:remotename)%00%(upstream:remoteref) refs/heads/master refs/remotes/master [52ms]
2024-02-07 22:46:50.249 [info] > git status -z -uall [198ms]
2024-02-07 23:11:41.916 [info] > git config --get commit.template [43ms]
2024-02-07 23:11:41.917 [info] > git for-each-ref --format=%(refname)%00%(upstream:short)%00%(objectname)%00%(upstream:track)%00%(upstream:remotename)%00%(upstream:remoteref) refs/heads/master refs/remotes/master [2ms]
2024-02-07 23:11:41.968 [info] > git status -z -uall [13ms]
2024-02-08 03:32:08.256 [info] > git check-ignore -v -z --stdin [65ms]
2024-02-08 03:33:42.648 [info] > git rev-parse --show-toplevel [38ms]
2024-02-08 03:34:51.552 [info] > git show --textconv :CSRServer/CSRServer.jsx [58ms]
2024-02-08 03:34:51.640 [info] > git ls-files --stage -- /var/www/localhost/htdocs/CloudNine/CSRServer/CSRServer.jsx [91ms]
2024-02-08 03:34:51.796 [info] > git cat-file -s d2e8317e9c62099536006fb97e85aece3f00ee21 [117ms]
2024-02-08 03:34:53.558 [info] > git show --textconv :Components/VitePrint/VitePrint.jsx [91ms]
2024-02-08 03:34:53.558 [info] > git ls-files --stage -- /var/www/localhost/htdocs/CloudNine/Components/VitePrint/VitePrint.jsx [50ms]
2024-02-08 03:34:53.627 [info] > git cat-file -s eedf55ea97dbdc3a24f36f003cb530550bd93e31 [22ms]
2024-02-08 03:35:04.239 [info] > git config --get commit.template [341ms]
2024-02-08 03:35:04.305 [info] > git for-each-ref --format=%(refname)%00%(upstream:short)%00%(objectname)%00%(upstream:track)%00%(upstream:remotename)%00%(upstream:remoteref) refs/heads/master refs/remotes/master [4ms]
2024-02-08 03:35:04.397 [info] > git status -z -uall [19ms]
2024-02-08 03:36:19.400 [info] > git check-ignore -v -z --stdin [2ms]
2024-02-08 03:36:25.473 [info] > git config --get commit.template [2ms]
2024-02-08 03:36:25.513 [info] > git for-each-ref --format=%(refname)%00%(upstream:short)%00%(objectname)%00%(upstream:track)%00%(upstream:remotename)%00%(upstream:remoteref) refs/heads/master refs/remotes/master [1ms]
2024-02-08 03:36:25.560 [info] > git status -z -uall [12ms]
2024-02-08 03:36:26.364 [info] > git check-ignore -v -z --stdin [2ms]
2024-02-08 03:36:27.562 [info] > git check-ignore -v -z --stdin [2ms]
2024-02-08 03:36:30.531 [info] > git show --textconv :postcss.config.js [61ms]
2024-02-08 03:36:30.763 [info] > git ls-files --stage -- /var/www/localhost/htdocs/kikpaste/postcss.config.js [238ms]
2024-02-08 03:36:31.001 [info] > git cat-file -s 61bb5f95c4981f391c44f7b41841277c01a06f85 [173ms]
2024-02-08 03:36:31.002 [info] > git config --get commit.template [309ms]
2024-02-08 03:36:31.423 [info] > git show --textconv :README.md [68ms]
2024-02-08 03:36:31.425 [info] > git ls-files --stage -- /var/www/localhost/htdocs/kikpaste/README.md [16ms]
2024-02-08 03:36:31.484 [info] > git for-each-ref --format=%(refname)%00%(upstream:short)%00%(objectname)%00%(upstream:track)%00%(upstream:remotename)%00%(upstream:remoteref) refs/heads/master refs/remotes/master [206ms]
2024-02-08 03:36:31.629 [info] > git status -z -uall [92ms]
2024-02-08 03:36:31.676 [info] > git cat-file -s caa8d8e9246331abc991de107277cdbd665e89b1 [194ms]
2024-02-08 03:37:48.522 [info] > git check-ignore -v -z --stdin [12ms]
2024-02-08 03:37:49.304 [info] > git config --get commit.template [39ms]
2024-02-08 03:37:49.304 [info] > git for-each-ref --format=%(refname)%00%(upstream:short)%00%(objectname)%00%(upstream:track)%00%(upstream:remotename)%00%(upstream:remoteref) refs/heads/master refs/remotes/master [1ms]
2024-02-08 03:37:49.352 [info] > git status -z -uall [12ms]
2024-02-08 03:37:56.304 [info] > git config --get commit.template [33ms]
2024-02-08 03:37:56.304 [info] > git for-each-ref --format=%(refname)%00%(upstream:short)%00%(objectname)%00%(upstream:track)%00%(upstream:remotename)%00%(upstream:remoteref) refs/heads/master refs/remotes/master [1ms]
2024-02-08 03:37:56.345 [info] > git status -z -uall [11ms]
2024-02-08 03:37:56.588 [info] > git ls-files --stage -- /var/www/localhost/htdocs/CloudNine/Components/VitePrint/VitePrint.jsx [129ms]
2024-02-08 03:37:56.621 [info] > git ls-files --stage -- /var/www/localhost/htdocs/CloudNine/CSRServer/CSRServer.jsx [191ms]
2024-02-08 03:37:56.651 [info] > git ls-files --stage -- /var/www/localhost/htdocs/CloudNine/devServer.js [252ms]
2024-02-08 03:37:56.684 [info] > git cat-file -s ee7470c94d9d7e4ce80a3645f0448df5b3cf164f [3ms]
2024-02-08 03:37:56.685 [info] > git cat-file -s d2e8317e9c62099536006fb97e85aece3f00ee21 [34ms]
2024-02-08 03:37:56.685 [info] > git cat-file -s eedf55ea97dbdc3a24f36f003cb530550bd93e31 [65ms]
2024-02-08 03:37:56.781 [info] > git show --textconv :devServer.js [63ms]
2024-02-08 03:37:56.781 [info] > git show --textconv :CSRServer/CSRServer.jsx [32ms]
2024-02-08 03:37:56.784 [info] > git show --textconv :Components/VitePrint/VitePrint.jsx [3ms]
2024-02-08 03:38:01.423 [info] > git config --get commit.template [31ms]
2024-02-08 03:38:01.423 [info] > git for-each-ref --format=%(refname)%00%(upstream:short)%00%(objectname)%00%(upstream:track)%00%(upstream:remotename)%00%(upstream:remoteref) refs/heads/master refs/remotes/master [1ms]
2024-02-08 03:38:01.466 [info] > git status -z -uall [9ms]
2024-02-08 03:38:09.017 [info] > git config --get commit.template [34ms]
2024-02-08 03:38:09.018 [info] > git for-each-ref --format=%(refname)%00%(upstream:short)%00%(objectname)%00%(upstream:track)%00%(upstream:remotename)%00%(upstream:remoteref) refs/heads/master refs/remotes/master [2ms]
2024-02-08 03:38:09.194 [info] > git status -z -uall [133ms]
2024-02-08 03:38:09.194 [info] > git ls-files --stage -- /var/www/localhost/htdocs/CloudNine/CSRServer/CSRServer.jsx [33ms]
2024-02-08 03:38:09.227 [info] > git ls-files --stage -- /var/www/localhost/htdocs/CloudNine/devServer.js [108ms]
2024-02-08 03:38:09.278 [info] > git cat-file -s ee7470c94d9d7e4ce80a3645f0448df5b3cf164f [20ms]
2024-02-08 03:38:09.279 [info] > git cat-file -s d2e8317e9c62099536006fb97e85aece3f00ee21 [52ms]
2024-02-08 03:38:09.279 [info] > git ls-files --stage -- /var/www/localhost/htdocs/CloudNine/Components/VitePrint/VitePrint.jsx [86ms]
2024-02-08 03:38:09.524 [info] > git show --textconv :devServer.js [183ms]
2024-02-08 03:38:09.524 [info] > git show --textconv :CSRServer/CSRServer.jsx [145ms]
2024-02-08 03:38:09.526 [info] > git cat-file -s eedf55ea97dbdc3a24f36f003cb530550bd93e31 [217ms]
2024-02-08 03:38:09.576 [info] > git show --textconv :Components/VitePrint/VitePrint.jsx [1ms]
2024-02-08 03:38:22.195 [info] > git config --get commit.template [31ms]
2024-02-08 03:38:22.195 [info] > git for-each-ref --format=%(refname)%00%(upstream:short)%00%(objectname)%00%(upstream:track)%00%(upstream:remotename)%00%(upstream:remoteref) refs/heads/master refs/remotes/master [1ms]
2024-02-08 03:38:22.320 [info] > git status -z -uall [97ms]
2024-02-08 03:38:22.321 [info] > git ls-files --stage -- /var/www/localhost/htdocs/CloudNine/CSRServer/CSRServer.jsx [32ms]
2024-02-08 03:38:22.353 [info] > git ls-files --stage -- /var/www/localhost/htdocs/CloudNine/devServer.js [93ms]
2024-02-08 03:38:22.404 [info] > git cat-file -s ee7470c94d9d7e4ce80a3645f0448df5b3cf164f [21ms]
2024-02-08 03:38:22.404 [info] > git cat-file -s d2e8317e9c62099536006fb97e85aece3f00ee21 [51ms]
2024-02-08 03:38:22.405 [info] > git ls-files --stage -- /var/www/localhost/htdocs/CloudNine/Components/VitePrint/VitePrint.jsx [86ms]
2024-02-08 03:38:22.668 [info] > git show --textconv :devServer.js [191ms]
2024-02-08 03:38:22.668 [info] > git show --textconv :CSRServer/CSRServer.jsx [158ms]
2024-02-08 03:38:22.670 [info] > git cat-file -s eedf55ea97dbdc3a24f36f003cb530550bd93e31 [228ms]
2024-02-08 03:38:22.763 [info] > git show --textconv :Components/VitePrint/VitePrint.jsx [4ms]
2024-02-08 03:38:28.910 [info] > git config --get commit.template [33ms]
2024-02-08 03:38:28.912 [info] > git for-each-ref --format=%(refname)%00%(upstream:short)%00%(objectname)%00%(upstream:track)%00%(upstream:remotename)%00%(upstream:remoteref) refs/heads/master refs/remotes/master [2ms]
2024-02-08 03:38:29.048 [info] > git status -z -uall [105ms]
2024-02-08 03:38:29.048 [info] > git ls-files --stage -- /var/www/localhost/htdocs/CloudNine/CSRServer/CSRServer.jsx [37ms]
2024-02-08 03:38:29.079 [info] > git ls-files --stage -- /var/www/localhost/htdocs/CloudNine/devServer.js [101ms]
2024-02-08 03:38:29.131 [info] > git cat-file -s ee7470c94d9d7e4ce80a3645f0448df5b3cf164f [24ms]
2024-02-08 03:38:29.132 [info] > git cat-file -s d2e8317e9c62099536006fb97e85aece3f00ee21 [53ms]
2024-02-08 03:38:29.133 [info] > git ls-files --stage -- /var/www/localhost/htdocs/CloudNine/Components/VitePrint/VitePrint.jsx [86ms]
2024-02-08 03:38:29.170 [info] > git cat-file -s eedf55ea97dbdc3a24f36f003cb530550bd93e31 [1ms]
2024-02-08 03:38:29.367 [info] > git show --textconv :devServer.js [161ms]
2024-02-08 03:38:29.367 [info] > git show --textconv :CSRServer/CSRServer.jsx [124ms]
2024-02-08 03:38:29.409 [info] > git show --textconv :Components/VitePrint/VitePrint.jsx [3ms]
2024-02-08 03:39:48.726 [info] > git config --get commit.template [53ms]
2024-02-08 03:39:48.727 [info] > git for-each-ref --format=%(refname)%00%(upstream:short)%00%(objectname)%00%(upstream:track)%00%(upstream:remotename)%00%(upstream:remoteref) refs/heads/master refs/remotes/master [2ms]
2024-02-08 03:39:48.779 [info] > git status -z -uall [14ms]
2024-02-08 03:39:49.190 [info] > git ls-files --stage -- /var/www/localhost/htdocs/CloudNine/Components/VitePrint/VitePrint.jsx [171ms]
2024-02-08 03:39:49.239 [info] > git ls-files --stage -- /var/www/localhost/htdocs/CloudNine/CSRServer/CSRServer.jsx [269ms]
2024-02-08 03:39:49.300 [info] > git ls-files --stage -- /var/www/localhost/htdocs/CloudNine/devServer.js [378ms]
2024-02-08 03:39:49.433 [info] > git cat-file -s ee7470c94d9d7e4ce80a3645f0448df5b3cf164f [63ms]
2024-02-08 03:39:49.434 [info] > git cat-file -s d2e8317e9c62099536006fb97e85aece3f00ee21 [134ms]
2024-02-08 03:39:49.434 [info] > git cat-file -s eedf55ea97dbdc3a24f36f003cb530550bd93e31 [195ms]
2024-02-08 03:39:49.443 [info] > git check-ignore -v -z --stdin [11ms]
2024-02-08 03:39:49.946 [info] > git show --textconv :devServer.js [103ms]
2024-02-08 03:39:49.946 [info] > git show --textconv :CSRServer/CSRServer.jsx [52ms]
2024-02-08 03:39:49.946 [info] > git show --textconv :Components/VitePrint/VitePrint.jsx [5ms]
2024-02-08 03:39:53.628 [info] > git check-ignore -v -z --stdin [33ms]
2024-02-08 03:40:12.260 [info] > git config --get commit.template [39ms]
2024-02-08 03:40:12.261 [info] > git for-each-ref --format=%(refname)%00%(upstream:short)%00%(objectname)%00%(upstream:track)%00%(upstream:remotename)%00%(upstream:remoteref) refs/heads/master refs/remotes/master [2ms]
2024-02-08 03:40:12.421 [info] > git ls-files --stage -- /var/www/localhost/htdocs/CloudNine/CSRServer/CSRServer.jsx [43ms]
2024-02-08 03:40:12.467 [info] > git ls-files --stage -- /var/www/localhost/htdocs/CloudNine/devServer.js [130ms]
2024-02-08 03:40:12.511 [info] > git cat-file -s d2e8317e9c62099536006fb97e85aece3f00ee21 [44ms]
2024-02-08 03:40:12.511 [info] > git ls-files --stage -- /var/www/localhost/htdocs/CloudNine/Components/VitePrint/VitePrint.jsx [97ms]
2024-02-08 03:40:12.558 [info] > git cat-file -s ee7470c94d9d7e4ce80a3645f0448df5b3cf164f [50ms]
2024-02-08 03:40:12.639 [info] > git status -z -uall [344ms] (cancelled)
2024-02-08 03:40:12.639 [info] > git show --textconv :CSRServer/CSRServer.jsx [39ms]
2024-02-08 03:40:12.640 [info] > git cat-file -s eedf55ea97dbdc3a24f36f003cb530550bd93e31 [89ms]
2024-02-08 03:40:12.641 [info] > git check-ignore -v -z --stdin [3ms]
2024-02-08 03:40:12.731 [info] > git show --textconv :devServer.js [46ms]
2024-02-08 03:40:12.732 [info] > git show --textconv :Components/VitePrint/VitePrint.jsx [3ms]
2024-02-08 03:40:24.100 [info] > git config --get commit.template [72ms]
2024-02-08 03:40:24.101 [info] > git for-each-ref --format=%(refname)%00%(upstream:short)%00%(objectname)%00%(upstream:track)%00%(upstream:remotename)%00%(upstream:remoteref) refs/heads/master refs/remotes/master [5ms]
2024-02-08 03:40:24.350 [info] > git status -z -uall [185ms] (cancelled)
2024-02-08 03:40:35.260 [info] > git check-ignore -v -z --stdin [73ms]
2024-02-08 03:40:40.197 [info] > git config --get commit.template [40ms]
2024-02-08 03:40:40.199 [info] > git for-each-ref --format=%(refname)%00%(upstream:short)%00%(objectname)%00%(upstream:track)%00%(upstream:remotename)%00%(upstream:remoteref) refs/heads/master refs/remotes/master [3ms]
2024-02-08 03:40:40.396 [info] > git status -z -uall [158ms] (cancelled)
2024-02-08 03:40:51.437 [info] > git check-ignore -v -z --stdin [2ms]
2024-02-08 03:40:55.864 [info] > git config --get commit.template [37ms]
2024-02-08 03:40:55.864 [info] > git for-each-ref --format=%(refname)%00%(upstream:short)%00%(objectname)%00%(upstream:track)%00%(upstream:remotename)%00%(upstream:remoteref) refs/heads/master refs/remotes/master [1ms]
2024-02-08 03:40:56.026 [info] > git status -z -uall [125ms] (cancelled)
2024-02-08 03:41:07.146 [info] > git config --get commit.template [72ms]
2024-02-08 03:41:07.214 [info] > git for-each-ref --format=%(refname)%00%(upstream:short)%00%(objectname)%00%(upstream:track)%00%(upstream:remotename)%00%(upstream:remoteref) refs/heads/master refs/remotes/master [10ms]
2024-02-08 03:41:07.486 [info] > git status -z -uall [204ms] (cancelled)
2024-02-08 03:41:25.940 [info] > git check-ignore -v -z --stdin [4ms]
2024-02-08 03:41:27.793 [info] > git check-ignore -v -z --stdin [1ms]
2024-02-08 03:41:31.644 [info] > git check-ignore -v -z --stdin [6ms]
2024-02-08 03:41:32.594 [info] > git check-ignore -v -z --stdin [2ms]
2024-02-08 03:41:33.803 [info] > git check-ignore -v -z --stdin [2ms]
2024-02-08 03:41:37.397 [info] > git config --get commit.template [36ms]
2024-02-08 03:41:37.398 [info] > git for-each-ref --format=%(refname)%00%(upstream:short)%00%(objectname)%00%(upstream:track)%00%(upstream:remotename)%00%(upstream:remoteref) refs/heads/master refs/remotes/master [1ms]
2024-02-08 03:41:37.544 [info] > git status -z -uall [114ms] (cancelled)
2024-02-08 03:42:20.982 [info] > git config --get commit.template [79ms]
2024-02-08 03:42:21.046 [info] > git for-each-ref --format=%(refname)%00%(upstream:short)%00%(objectname)%00%(upstream:track)%00%(upstream:remotename)%00%(upstream:remoteref) refs/heads/master refs/remotes/master [8ms]
2024-02-08 03:43:06.974 [info] > git status -z -uall [45850ms] (cancelled)
2024-02-08 03:43:06.974 [info] > git config --get commit.template [45607ms]
2024-02-08 03:43:07.410 [info] > git for-each-ref --format=%(refname)%00%(upstream:short)%00%(objectname)%00%(upstream:track)%00%(upstream:remotename)%00%(upstream:remoteref) refs/heads/master refs/remotes/master [8ms]
2024-02-08 03:43:07.927 [info] > git status -z -uall [442ms] (cancelled)
2024-02-08 03:43:21.166 [info] > git config --get commit.template [13240ms]
2024-02-08 03:43:21.356 [info] > git for-each-ref --format=%(refname)%00%(upstream:short)%00%(objectname)%00%(upstream:track)%00%(upstream:remotename)%00%(upstream:remoteref) refs/heads/master refs/remotes/master [9ms]
2024-02-08 03:43:21.709 [info] > git status -z -uall [298ms] (cancelled)
2024-02-08 03:44:25.618 [info] > git config --get commit.template [37ms]
2024-02-08 03:44:25.618 [info] > git for-each-ref --format=%(refname)%00%(upstream:short)%00%(objectname)%00%(upstream:track)%00%(upstream:remotename)%00%(upstream:remoteref) refs/heads/master refs/remotes/master [1ms]
2024-02-08 03:44:25.780 [info] > git status -z -uall [123ms] (cancelled)
2024-02-08 03:47:15.555 [info] > git config --get commit.template [37ms]
2024-02-08 03:47:15.556 [info] > git for-each-ref --format=%(refname)%00%(upstream:short)%00%(objectname)%00%(upstream:track)%00%(upstream:remotename)%00%(upstream:remoteref) refs/heads/master refs/remotes/master [2ms]
2024-02-08 03:47:15.717 [info] > git status -z -uall [124ms] (cancelled)
2024-02-08 03:47:21.550 [info] > git check-ignore -v -z --stdin [1ms]
2024-02-08 03:47:22.583 [info] > git show --textconv :README.md [102ms]
2024-02-08 03:47:22.583 [info] > git ls-files --stage -- /var/www/localhost/htdocs/CloudNine/README.md [44ms]
2024-02-08 03:47:22.626 [info] > git cat-file -s f800af040f5f23d092c9292bf2bd2a09eca1987f [5ms]
2024-02-08 03:49:27.733 [info] > git config --get commit.template [49ms]
2024-02-08 03:49:27.735 [info] > git for-each-ref --format=%(refname)%00%(upstream:short)%00%(objectname)%00%(upstream:track)%00%(upstream:remotename)%00%(upstream:remoteref) refs/heads/master refs/remotes/master [2ms]
2024-02-08 03:49:27.915 [info] > git status -z -uall [138ms] (cancelled)
2024-02-08 03:53:26.023 [info] > git ls-files --stage -- /var/www/localhost/htdocs/CloudNine/Components/VitePrint/VitePrint.jsx [38ms]
2024-02-08 03:53:26.058 [info] > git ls-files --stage -- /var/www/localhost/htdocs/CloudNine/CSRServer/CSRServer.jsx [111ms]
2024-02-08 03:53:26.090 [info] > git ls-files --stage -- /var/www/localhost/htdocs/CloudNine/devServer.js [181ms]
2024-02-08 03:53:26.124 [info] > git cat-file -s d2e8317e9c62099536006fb97e85aece3f00ee21 [34ms]
2024-02-08 03:53:26.126 [info] > git cat-file -s eedf55ea97dbdc3a24f36f003cb530550bd93e31 [69ms]
2024-02-08 03:53:26.128 [info] > git ls-files --stage -- /var/www/localhost/htdocs/CloudNine/README.md [106ms]
2024-02-08 03:53:26.161 [info] > git cat-file -s ee7470c94d9d7e4ce80a3645f0448df5b3cf164f [38ms]
2024-02-08 03:53:26.234 [info] > git show --textconv :CSRServer/CSRServer.jsx [35ms]
2024-02-08 03:53:26.237 [info] > git cat-file -s f800af040f5f23d092c9292bf2bd2a09eca1987f [76ms]
2024-02-08 03:53:26.275 [info] > git show --textconv :Components/VitePrint/VitePrint.jsx [42ms]
2024-02-08 03:53:26.313 [info] > git show --textconv :devServer.js [39ms]
2024-02-08 03:53:26.315 [info] > git show --textconv :README.md [2ms]
2024-02-08 03:53:52.003 [info] > git check-ignore -v -z --stdin [1ms]
2024-02-08 03:53:56.171 [info] > git check-ignore -v -z --stdin [2ms]
2024-02-08 04:38:33.417 [info] > git config --get commit.template [2ms]
2024-02-08 04:38:33.480 [info] > git for-each-ref --format=%(refname)%00%(upstream:short)%00%(objectname)%00%(upstream:track)%00%(upstream:remotename)%00%(upstream:remoteref) refs/heads/master refs/remotes/master [5ms]
2024-02-08 04:38:33.750 [info] > git status -z -uall [199ms] (cancelled)
2024-02-08 04:38:45.275 [info] > git check-ignore -v -z --stdin [21ms]
2024-02-08 05:23:06.303 [info] > git check-ignore -v -z --stdin [24ms]
2024-02-08 05:23:09.249 [info] > git show --textconv :vite.config.js [73ms]
2024-02-08 05:23:09.250 [info] > git ls-files --stage -- /var/www/localhost/htdocs/CloudNine/vite.config.js [22ms]
2024-02-08 05:23:09.360 [info] > git cat-file -s 55bba81e7c194d13c260f0234169ce857677c44f [67ms]
2024-02-08 05:54:36.304 [info] > git rev-parse --show-toplevel [12ms]
2024-02-08 05:54:36.341 [info] > git rev-parse --git-dir --git-common-dir [1ms]
2024-02-08 05:54:36.350 [info] Open repository: /var/www/localhost/htdocs/simple-react-ssr-vite-express
2024-02-08 05:54:36.431 [info] > git config --get commit.template [43ms]
2024-02-08 05:54:36.434 [info] > git for-each-ref --format=%(refname)%00%(upstream:short)%00%(objectname)%00%(upstream:track)%00%(upstream:remotename)%00%(upstream:remoteref) refs/heads/main refs/remotes/main [4ms]
2024-02-08 05:54:36.483 [info] > git status -z -uall [5ms]
2024-02-08 05:54:36.545 [info] > git config --get commit.template [3ms]
2024-02-08 05:54:36.599 [info] > git for-each-ref --format=%(refname)%00%(upstream:short)%00%(objectname)%00%(upstream:track)%00%(upstream:remotename)%00%(upstream:remoteref) refs/heads/main refs/remotes/main [13ms]
2024-02-08 05:54:36.646 [info] > git status -z -uall [3ms]
2024-02-08 05:54:37.750 [info] > git check-ignore -v -z --stdin [282ms]
2024-02-08 05:54:37.753 [info] > git check-ignore -v -z --stdin [252ms]
2024-02-08 05:54:37.754 [info] > git check-ignore -v -z --stdin [215ms]
2024-02-08 05:54:37.755 [info] > git check-ignore -v -z --stdin [173ms]
2024-02-08 05:54:37.756 [info] > git check-ignore -v -z --stdin [131ms]
2024-02-08 05:54:37.757 [info] > git check-ignore -v -z --stdin [85ms]
2024-02-08 05:54:37.757 [info] > git check-ignore -v -z --stdin [44ms]
2024-02-08 05:54:37.758 [info] > git check-ignore -v -z --stdin [11ms]
2024-02-08 05:54:40.699 [info] > git check-ignore -v -z --stdin [1ms]
2024-02-08 05:54:42.011 [info] > git show --textconv :src/entry-client.jsx [74ms]
2024-02-08 05:54:42.012 [info] > git ls-files --stage -- /var/www/localhost/htdocs/simple-react-ssr-vite-express/src/entry-client.jsx [11ms]
2024-02-08 05:54:42.302 [info] > git cat-file -s f0ac8c928a061d7e5775dc3b2d85be4124e643c1 [227ms]
2024-02-08 05:54:43.128 [info] > git show --textconv :src/entry-server.jsx [168ms]
2024-02-08 05:54:43.128 [info] > git ls-files --stage -- /var/www/localhost/htdocs/simple-react-ssr-vite-express/src/entry-server.jsx [113ms]
2024-02-08 05:54:43.208 [info] > git cat-file -s 08ace8bfb47d5a6c95b36ef10ba8905d5586c4f6 [25ms]
2024-02-08 05:54:46.256 [info] > git show --textconv :server-dev.js [120ms]
2024-02-08 05:54:46.257 [info] > git ls-files --stage -- /var/www/localhost/htdocs/simple-react-ssr-vite-express/server-dev.js [36ms]
2024-02-08 05:54:46.391 [info] > git cat-file -s f548e3c23292d8cb76fd85ceb81f920860a1aa68 [76ms]
2024-02-08 05:55:04.100 [info] > git show --textconv :server-prod.js [213ms]
2024-02-08 05:55:04.100 [info] > git ls-files --stage -- /var/www/localhost/htdocs/simple-react-ssr-vite-express/server-prod.js [145ms]
2024-02-08 05:55:04.178 [info] > git cat-file -s 1e8707f6e17fc2f9d11022aa6314fd0f2eeb40fa [14ms]
2024-02-08 06:19:04.322 [info] > git show --textconv :src/app.jsx [88ms]
2024-02-08 06:19:04.323 [info] > git ls-files --stage -- /var/www/localhost/htdocs/simple-react-ssr-vite-express/src/app.jsx [37ms]
2024-02-08 06:19:04.455 [info] > git cat-file -s 84e48e0eba06eadb858173c2be7ab68967888ae0 [63ms]
2024-02-08 15:38:50.756 [info] > git check-ignore -v -z --stdin [3ms]
2024-02-08 15:38:56.429 [info] > git check-ignore -v -z --stdin [8ms]
2024-02-08 15:38:57.570 [info] > git check-ignore -v -z --stdin [4ms]
2024-02-08 15:38:59.290 [info] > git check-ignore -v -z --stdin [8ms]
2024-02-08 15:39:09.015 [info] > git check-ignore -v -z --stdin [8ms]
2024-02-08 15:40:13.109 [info] > git check-ignore -v -z --stdin [4ms]
2024-02-08 15:40:18.270 [info] > git check-ignore -v -z --stdin [2ms]
2024-02-08 15:40:19.071 [info] > git show --textconv :SSRServer/SSRServer.jsx [58ms]
2024-02-08 15:40:19.096 [info] > git ls-files --stage -- /var/www/localhost/htdocs/CloudNine/SSRServer/SSRServer.jsx [29ms]
2024-02-08 15:40:19.191 [info] > git cat-file -s 714f85ff91ca0847608095e76fd749e849dcc6b7 [52ms]
2024-02-08 15:40:22.940 [info] > git check-ignore -v -z --stdin [2ms]
2024-02-08 15:40:31.185 [info] > git check-ignore -v -z --stdin [1ms]
2024-02-08 15:40:31.996 [info] > git check-ignore -v -z --stdin [1ms]
2024-02-08 15:40:37.116 [info] > git show --textconv :Components/VitePrint/VitePrint.jsx [41ms]
2024-02-08 15:40:37.195 [info] > git ls-files --stage -- /var/www/localhost/htdocs/CloudNine/Components/VitePrint/VitePrint.jsx [80ms]
2024-02-08 15:40:37.295 [info] > git cat-file -s eedf55ea97dbdc3a24f36f003cb530550bd93e31 [51ms]
2024-02-08 15:40:57.882 [info] > git show --textconv :Components/VitePrint/VitePrint copy.jsx [124ms]
2024-02-08 15:40:57.882 [info] > git check-ignore -v -z --stdin [6ms]
2024-02-08 15:40:57.884 [info] > git ls-files --stage -- /var/www/localhost/htdocs/CloudNine/Components/VitePrint/VitePrint copy.jsx [54ms]
2024-02-08 15:41:06.075 [info] > git show --textconv :Components/VitePrint/VitePrintCSR.jsx [46ms]
2024-02-08 15:41:06.075 [info] > git ls-files --stage -- /var/www/localhost/htdocs/CloudNine/Components/VitePrint/VitePrintCSR.jsx [3ms]
2024-02-08 15:41:06.187 [info] > git check-ignore -v -z --stdin [8ms]
2024-02-08 15:41:08.963 [info] > git show --textconv :Components/VitePrint/VitePrint.css [99ms]
2024-02-08 15:41:08.963 [info] > git ls-files --stage -- /var/www/localhost/htdocs/CloudNine/Components/VitePrint/VitePrint.css [27ms]
2024-02-08 15:41:09.058 [info] > git cat-file -s 1c4962dff0f4b78a39e498adb8410b862e40329b [33ms]
2024-02-08 15:41:16.241 [info] > git show --textconv :Components/VitePrint/VitePrintSSR.jsx [115ms]
2024-02-08 15:41:16.241 [info] > git check-ignore -v -z --stdin [13ms]
2024-02-08 15:41:16.242 [info] > git ls-files --stage -- /var/www/localhost/htdocs/CloudNine/Components/VitePrint/VitePrintSSR.jsx [59ms]
2024-02-08 15:41:52.861 [info] > git check-ignore -v -z --stdin [2ms]
2024-02-08 15:41:53.816 [info] > git show --textconv :Components/BaseComponent/App.jsx [161ms]
2024-02-08 15:41:53.817 [info] > git ls-files --stage -- /var/www/localhost/htdocs/CloudNine/Components/BaseComponent/App.jsx [72ms]
2024-02-08 15:41:53.889 [info] > git cat-file -s 5a223f7ff4fe7b07cc629469e5e30b6c77e508c6 [10ms]
2024-02-08 15:44:02.257 [info] > git show --textconv :Components/VitePrint/VitePrint.jsx [116ms]
2024-02-08 15:44:02.264 [info] > git ls-files --stage -- /var/www/localhost/htdocs/CloudNine/Components/VitePrint/VitePrint.jsx [66ms]
2024-02-08 15:44:02.419 [info] > git cat-file -s eedf55ea97dbdc3a24f36f003cb530550bd93e31 [94ms]
2024-02-08 15:44:06.490 [info] > git show --textconv :Components/VitePrint/VitePrintCSR.jsx [56ms]
2024-02-08 15:44:06.502 [info] > git ls-files --stage -- /var/www/localhost/htdocs/CloudNine/Components/VitePrint/VitePrintCSR.jsx [22ms]
2024-02-08 15:44:15.525 [info] > git show --textconv :Components/VitePrint/VitePrintSSR.jsx [76ms]
2024-02-08 15:44:15.551 [info] > git ls-files --stage -- /var/www/localhost/htdocs/CloudNine/Components/VitePrint/VitePrintSSR.jsx [29ms]
2024-02-08 15:46:01.419 [info] > git show --textconv :Components/VitePrint/HotBuild.js [43ms]
2024-02-08 15:46:01.423 [info] > git ls-files --stage -- /var/www/localhost/htdocs/CloudNine/Components/VitePrint/HotBuild.js [6ms]
2024-02-08 15:46:25.189 [info] > git check-ignore -v -z --stdin [1ms]
2024-02-08 15:46:27.359 [info] > git show --textconv :Components/HotBuild/HotBuild.js [181ms]
2024-02-08 15:46:27.359 [info] > git check-ignore -v -z --stdin [52ms]
2024-02-08 15:46:27.361 [info] > git ls-files --stage -- /var/www/localhost/htdocs/CloudNine/Components/HotBuild/HotBuild.js [119ms]
2024-02-08 15:46:52.812 [info] > git show --textconv :Components/VitePrint/VitePrint.jsx [113ms]
2024-02-08 15:46:52.812 [info] > git ls-files --stage -- /var/www/localhost/htdocs/CloudNine/Components/VitePrint/VitePrint.jsx [61ms]
2024-02-08 15:46:52.980 [info] > git cat-file -s eedf55ea97dbdc3a24f36f003cb530550bd93e31 [113ms]
2024-02-08 15:46:54.218 [info] > git check-ignore -v -z --stdin [1ms]
2024-02-08 15:46:58.689 [info] > git check-ignore -v -z --stdin [2ms]
2024-02-08 15:49:08.215 [info] > git show --textconv :vite.config.js [58ms]
2024-02-08 15:49:08.281 [info] > git ls-files --stage -- /var/www/localhost/htdocs/CloudNine/vite.config.js [81ms]
2024-02-08 15:49:08.325 [info] > git cat-file -s 55bba81e7c194d13c260f0234169ce857677c44f [4ms]
2024-02-08 15:51:01.210 [info] > git show --textconv :tsconfig.json [43ms]
2024-02-08 15:51:01.267 [info] > git ls-files --stage -- /var/www/localhost/htdocs/CloudNine/tsconfig.json [59ms]
2024-02-08 15:51:01.312 [info] > git cat-file -s a834bc99c7593b476ac33aac1a6c2dafd9f0325d [5ms]
2024-02-08 15:51:04.615 [info] > git show --textconv :README.md [61ms]
2024-02-08 15:51:04.620 [info] > git ls-files --stage -- /var/www/localhost/htdocs/CloudNine/README.md [13ms]
2024-02-08 15:51:04.718 [info] > git cat-file -s f800af040f5f23d092c9292bf2bd2a09eca1987f [48ms]
2024-02-08 15:51:06.036 [info] > git show --textconv :package.json [94ms]
2024-02-08 15:51:06.040 [info] > git ls-files --stage -- /var/www/localhost/htdocs/CloudNine/package.json [55ms]
2024-02-08 15:51:06.093 [info] > git cat-file -s 6517e6e6711e1ef8b6a20fd4e878ed0acee95773 [2ms]
2024-02-08 15:51:08.544 [info] > git show --textconv :index.html [64ms]
2024-02-08 15:51:08.547 [info] > git ls-files --stage -- /var/www/localhost/htdocs/CloudNine/index.html [16ms]
2024-02-08 15:51:08.611 [info] > git cat-file -s 3ccfdceec4a86b836350cc383548c65b1d380fad [13ms]
2024-02-08 15:52:40.552 [info] > git check-ignore -v -z --stdin [2ms]
2024-02-08 15:52:59.595 [info] > git check-ignore -v -z --stdin [1ms]
2024-02-08 15:54:44.596 [info] > git check-ignore -v -z --stdin [153ms]
2024-02-08 15:54:44.597 [info] > git check-ignore -v -z --stdin [118ms]
2024-02-08 15:54:44.599 [info] > git check-ignore -v -z --stdin [80ms]
2024-02-08 15:54:44.599 [info] > git check-ignore -v -z --stdin [40ms]
2024-02-08 15:54:44.600 [info] > git check-ignore -v -z --stdin [7ms]
2024-02-08 15:55:41.587 [info] > git check-ignore -v -z --stdin [2ms]
2024-02-08 15:55:47.924 [info] > git check-ignore -v -z --stdin [6ms]
2024-02-08 15:55:48.641 [info] > git check-ignore -v -z --stdin [1ms]
2024-02-08 15:55:54.574 [info] > git check-ignore -v -z --stdin [1ms]
2024-02-08 15:56:26.028 [info] > git show --textconv :vite.config.js.timestamp-1707296982385-4cfe0e2cef759.mjs [44ms]
2024-02-08 15:56:26.032 [info] > git ls-files --stage -- /var/www/localhost/htdocs/CloudNine/vite.config.js.timestamp-1707296982385-4cfe0e2cef759.mjs [5ms]
2024-02-08 15:56:40.508 [info] > git check-ignore -v -z --stdin [8ms]
2024-02-08 15:56:58.450 [info] > git check-ignore -v -z --stdin [2ms]
2024-02-08 15:57:01.388 [info] > git check-ignore -v -z --stdin [2ms]
2024-02-08 15:57:03.567 [info] > git check-ignore -v -z --stdin [3ms]
2024-02-08 15:57:06.055 [info] > git check-ignore -v -z --stdin [32ms]
2024-02-08 15:57:09.409 [info] > git check-ignore -v -z --stdin [152ms]
2024-02-08 15:58:39.239 [info] > git check-ignore -v -z --stdin [2ms]
2024-02-08 15:58:39.976 [info] > git check-ignore -v -z --stdin [1ms]
2024-02-08 15:58:40.917 [info] > git check-ignore -v -z --stdin [2ms]
2024-02-08 15:58:42.139 [info] > git check-ignore -v -z --stdin [1ms]
2024-02-08 15:58:45.726 [info] > git check-ignore -v -z --stdin [2ms]
2024-02-08 15:58:46.776 [info] > git check-ignore -v -z --stdin [1ms]
2024-02-08 15:59:21.659 [info] > git check-ignore -v -z --stdin [76ms]
2024-02-08 15:59:21.660 [info] > git check-ignore -v -z --stdin [38ms]
2024-02-08 15:59:21.660 [info] > git check-ignore -v -z --stdin [2ms]
2024-02-08 15:59:40.057 [info] > git show --textconv :Assets/CloudNine.svg [50ms]
2024-02-08 15:59:40.064 [info] > git ls-files --stage -- /var/www/localhost/htdocs/CloudNine/Assets/CloudNine.svg [10ms]
2024-02-08 16:11:17.606 [info] > git ls-files --stage -- /var/www/localhost/htdocs/CloudNine/index.html [35ms]
2024-02-08 16:11:17.639 [info] > git ls-files --stage -- /var/www/localhost/htdocs/CloudNine/package.json [102ms]
2024-02-08 16:11:17.677 [info] > git ls-files --stage -- /var/www/localhost/htdocs/CloudNine/tsconfig.json [175ms]
2024-02-08 16:11:17.714 [info] > git ls-files --stage -- /var/www/localhost/htdocs/CloudNine/vite.config.js [250ms]
2024-02-08 16:11:17.761 [info] > git ls-files --stage -- /var/www/localhost/htdocs/CloudNine/Components/VitePrint/VitePrint.jsx [333ms]
2024-02-08 16:11:17.810 [info] > git ls-files --stage -- /var/www/localhost/htdocs/CloudNine/Components/HotBuild/HotBuild.js [417ms]
2024-02-08 16:11:17.813 [info] > git ls-files --stage -- /var/www/localhost/htdocs/CloudNine/Components/BaseComponent/App.jsx [462ms]
2024-02-08 16:11:17.846 [info] > git ls-files --stage -- /var/www/localhost/htdocs/CloudNine/devServer.js [538ms]
2024-02-08 16:11:17.883 [info] > git cat-file -s ee7470c94d9d7e4ce80a3645f0448df5b3cf164f [5ms]
2024-02-08 16:11:17.885 [info] > git cat-file -s 5a223f7ff4fe7b07cc629469e5e30b6c77e508c6 [39ms]
2024-02-08 16:11:17.887 [info] > git cat-file -s eedf55ea97dbdc3a24f36f003cb530550bd93e31 [77ms]
2024-02-08 16:11:17.889 [info] > git cat-file -s 55bba81e7c194d13c260f0234169ce857677c44f [128ms]
2024-02-08 16:11:17.890 [info] > git cat-file -s a834bc99c7593b476ac33aac1a6c2dafd9f0325d [177ms]
2024-02-08 16:11:17.892 [info] > git cat-file -s 6517e6e6711e1ef8b6a20fd4e878ed0acee95773 [216ms]
2024-02-08 16:11:17.894 [info] > git cat-file -s 3ccfdceec4a86b836350cc383548c65b1d380fad [255ms]
2024-02-08 16:11:17.896 [info] > git ls-files --stage -- /var/www/localhost/htdocs/CloudNine/Assets/CloudNine.svg [292ms]
2024-02-08 16:11:18.248 [info] > git show --textconv :Components/HotBuild/HotBuild.js [315ms]
2024-02-08 16:11:18.248 [info] > git show --textconv :devServer.js [280ms]
2024-02-08 16:11:18.248 [info] > git show --textconv :Components/BaseComponent/App.jsx [238ms]
2024-02-08 16:11:18.248 [info] > git show --textconv :Components/VitePrint/VitePrint.jsx [195ms]
2024-02-08 16:11:18.248 [info] > git show --textconv :vite.config.js [158ms]
2024-02-08 16:11:18.248 [info] > git show --textconv :tsconfig.json [118ms]
2024-02-08 16:11:18.248 [info] > git show --textconv :package.json [75ms]
2024-02-08 16:11:18.248 [info] > git show --textconv :index.html [36ms]
2024-02-08 16:11:18.248 [info] > git show --textconv :Assets/CloudNine.svg [1ms]
2024-02-08 16:11:35.891 [info] > git ls-files --stage -- /var/www/localhost/htdocs/CloudNine/index.html [43ms]
2024-02-08 16:11:35.925 [info] > git ls-files --stage -- /var/www/localhost/htdocs/CloudNine/package.json [126ms]
2024-02-08 16:11:35.957 [info] > git ls-files --stage -- /var/www/localhost/htdocs/CloudNine/tsconfig.json [200ms]
2024-02-08 16:11:35.992 [info] > git ls-files --stage -- /var/www/localhost/htdocs/CloudNine/vite.config.js [272ms]
2024-02-08 16:11:36.028 [info] > git ls-files --stage -- /var/www/localhost/htdocs/CloudNine/Components/VitePrint/VitePrint.jsx [344ms]
2024-02-08 16:11:36.060 [info] > git ls-files --stage -- /var/www/localhost/htdocs/CloudNine/Components/HotBuild/HotBuild.js [412ms]
2024-02-08 16:11:36.090 [info] > git ls-files --stage -- /var/www/localhost/htdocs/CloudNine/Components/BaseComponent/App.jsx [481ms]
2024-02-08 16:11:36.120 [info] > git ls-files --stage -- /var/www/localhost/htdocs/CloudNine/devServer.js [558ms]
2024-02-08 16:11:36.154 [info] > git cat-file -s 5a223f7ff4fe7b07cc629469e5e30b6c77e508c6 [34ms]
2024-02-08 16:11:36.156 [info] > git cat-file -s 8d7097a79c60e09edf8adabb0bcdaf84df2d2d66 [66ms]
2024-02-08 16:11:36.159 [info] > git cat-file -s beb2300a5c4cffd0d41ef4cfb403964690e1d09d [100ms]
2024-02-08 16:11:36.160 [info] > git cat-file -s cd8cfc7c956e20335a77a58b8823eeae2b660cd9 [132ms]
2024-02-08 16:11:36.162 [info] > git cat-file -s a834bc99c7593b476ac33aac1a6c2dafd9f0325d [171ms]
2024-02-08 16:11:36.163 [info] > git cat-file -s cdef775ca078471c9dec45fb519b413292ebc7cd [206ms]
2024-02-08 16:11:36.164 [info] > git cat-file -s aa908f3442c4826548c5cf6453107de4c8049631 [239ms]
2024-02-08 16:11:36.166 [info] > git ls-files --stage -- /var/www/localhost/htdocs/CloudNine/Assets/CloudNine.svg [278ms]
2024-02-08 16:11:36.197 [info] > git cat-file -s 6759c4d4ac98ae9b6a2ed933310680678ab529f0 [46ms]
2024-02-08 16:11:36.446 [info] > git show --textconv :Components/BaseComponent/App.jsx [208ms]
2024-02-08 16:11:36.446 [info] > git show --textconv :Components/HotBuild/HotBuild.js [173ms]
2024-02-08 16:11:36.446 [info] > git show --textconv :Components/VitePrint/VitePrint.jsx [139ms]
2024-02-08 16:11:36.446 [info] > git show --textconv :vite.config.js [101ms]
2024-02-08 16:11:36.446 [info] > git show --textconv :tsconfig.json [65ms]
2024-02-08 16:11:36.446 [info] > git show --textconv :package.json [34ms]
2024-02-08 16:11:36.455 [info] > git cat-file -s fb2768d59c1070079f14dbc256510e2eaa178e38 [259ms]
2024-02-08 16:11:36.492 [info] > git show --textconv :index.html [47ms]
2024-02-08 16:11:36.718 [info] > git show --textconv :devServer.js [227ms]
2024-02-08 16:11:36.718 [info] > git show --textconv :Assets/CloudNine.svg [130ms]
2024-02-08 16:13:20.932 [info] > git ls-files --stage -- /var/www/localhost/htdocs/CloudNine/index.html [35ms]
2024-02-08 16:13:20.963 [info] > git ls-files --stage -- /var/www/localhost/htdocs/CloudNine/package.json [104ms]
2024-02-08 16:13:20.995 [info] > git ls-files --stage -- /var/www/localhost/htdocs/CloudNine/tsconfig.json [176ms]
2024-02-08 16:13:21.035 [info] > git ls-files --stage -- /var/www/localhost/htdocs/CloudNine/vite.config.js [252ms]
2024-02-08 16:13:21.072 [info] > git ls-files --stage -- /var/www/localhost/htdocs/CloudNine/Components/VitePrint/VitePrint.jsx [325ms]
2024-02-08 16:13:21.110 [info] > git ls-files --stage -- /var/www/localhost/htdocs/CloudNine/Components/HotBuild/HotBuild.js [397ms]
2024-02-08 16:13:21.142 [info] > git ls-files --stage -- /var/www/localhost/htdocs/CloudNine/Components/BaseComponent/App.jsx [468ms]
2024-02-08 16:13:21.178 [info] > git ls-files --stage -- /var/www/localhost/htdocs/CloudNine/devServer.js [544ms]
2024-02-08 16:13:21.216 [info] > git cat-file -s 6759c4d4ac98ae9b6a2ed933310680678ab529f0 [3ms]
2024-02-08 16:13:21.219 [info] > git cat-file -s 5a223f7ff4fe7b07cc629469e5e30b6c77e508c6 [42ms]
2024-02-08 16:13:21.222 [info] > git cat-file -s 8d7097a79c60e09edf8adabb0bcdaf84df2d2d66 [80ms]
2024-02-08 16:13:21.224 [info] > git cat-file -s beb2300a5c4cffd0d41ef4cfb403964690e1d09d [113ms]
2024-02-08 16:13:21.225 [info] > git cat-file -s cd8cfc7c956e20335a77a58b8823eeae2b660cd9 [154ms]
2024-02-08 16:13:21.227 [info] > git cat-file -s a834bc99c7593b476ac33aac1a6c2dafd9f0325d [192ms]
2024-02-08 16:13:21.229 [info] > git cat-file -s cdef775ca078471c9dec45fb519b413292ebc7cd [235ms]
2024-02-08 16:13:21.231 [info] > git cat-file -s aa908f3442c4826548c5cf6453107de4c8049631 [269ms]
2024-02-08 16:13:21.233 [info] > git ls-files --stage -- /var/www/localhost/htdocs/CloudNine/Assets/CloudNine.svg [304ms]
2024-02-08 16:13:21.301 [info] > git cat-file -s fb2768d59c1070079f14dbc256510e2eaa178e38 [33ms]
2024-02-08 16:13:21.593 [info] > git show --textconv :devServer.js [252ms]
2024-02-08 16:13:21.593 [info] > git show --textconv :Components/BaseComponent/App.jsx [217ms]
2024-02-08 16:13:21.593 [info] > git show --textconv :Components/HotBuild/HotBuild.js [184ms]
2024-02-08 16:13:21.593 [info] > git show --textconv :Components/VitePrint/VitePrint.jsx [146ms]
2024-02-08 16:13:21.593 [info] > git show --textconv :vite.config.js [108ms]
2024-02-08 16:13:21.593 [info] > git show --textconv :tsconfig.json [71ms]
2024-02-08 16:13:21.593 [info] > git show --textconv :package.json [36ms]
2024-02-08 16:13:21.688 [info] > git show --textconv :index.html [97ms]
2024-02-08 16:13:21.688 [info] > git show --textconv :Assets/CloudNine.svg [2ms]
2024-02-08 16:13:24.806 [info] > git ls-files --stage -- /var/www/localhost/htdocs/CloudNine/vite.config.js [34ms]
2024-02-08 16:13:24.837 [info] > git ls-files --stage -- /var/www/localhost/htdocs/CloudNine/Components/VitePrint/VitePrint.jsx [100ms]
2024-02-08 16:13:24.869 [info] > git ls-files --stage -- /var/www/localhost/htdocs/CloudNine/Components/HotBuild/HotBuild.js [167ms]
2024-02-08 16:13:24.901 [info] > git ls-files --stage -- /var/www/localhost/htdocs/CloudNine/Components/BaseComponent/App.jsx [233ms]
2024-02-08 16:13:24.938 [info] > git ls-files --stage -- /var/www/localhost/htdocs/CloudNine/devServer.js [305ms]
2024-02-08 16:13:25.101 [info] > git ls-files --stage -- /var/www/localhost/htdocs/CloudNine/index.html [41ms]
2024-02-08 16:13:25.137 [info] > git ls-files --stage -- /var/www/localhost/htdocs/CloudNine/package.json [118ms]
2024-02-08 16:13:25.178 [info] > git cat-file -s 6759c4d4ac98ae9b6a2ed933310680678ab529f0 [203ms]
2024-02-08 16:13:25.180 [info] > git cat-file -s 5a223f7ff4fe7b07cc629469e5e30b6c77e508c6 [242ms]
2024-02-08 16:13:25.182 [info] > git cat-file -s 8d7097a79c60e09edf8adabb0bcdaf84df2d2d66 [282ms]
2024-02-08 16:13:25.184 [info] > git cat-file -s beb2300a5c4cffd0d41ef4cfb403964690e1d09d [315ms]
2024-02-08 16:13:25.185 [info] > git cat-file -s cd8cfc7c956e20335a77a58b8823eeae2b660cd9 [348ms]
2024-02-08 16:13:25.186 [info] > git ls-files --stage -- /var/www/localhost/htdocs/CloudNine/tsconfig.json [381ms]
2024-02-08 16:13:25.224 [info] > git cat-file -s cdef775ca078471c9dec45fb519b413292ebc7cd [47ms]
2024-02-08 16:13:25.226 [info] > git cat-file -s aa908f3442c4826548c5cf6453107de4c8049631 [89ms]
2024-02-08 16:13:25.227 [info] > git ls-files --stage -- /var/www/localhost/htdocs/CloudNine/Assets/CloudNine.svg [129ms]
2024-02-08 16:13:25.473 [info] > git show --textconv :devServer.js [167ms]
2024-02-08 16:13:25.473 [info] > git show --textconv :Components/BaseComponent/App.jsx [123ms]
2024-02-08 16:13:25.473 [info] > git show --textconv :Components/HotBuild/HotBuild.js [81ms]
2024-02-08 16:13:25.473 [info] > git show --textconv :Components/VitePrint/VitePrint.jsx [42ms]
2024-02-08 16:13:25.479 [info] > git cat-file -s fb2768d59c1070079f14dbc256510e2eaa178e38 [216ms]
2024-02-08 16:13:25.481 [info] > git cat-file -s a834bc99c7593b476ac33aac1a6c2dafd9f0325d [258ms]
2024-02-08 16:13:25.568 [info] > git show --textconv :vite.config.js [95ms]
2024-02-08 16:13:25.568 [info] > git show --textconv :package.json [45ms]
2024-02-08 16:13:25.653 [info] > git show --textconv :index.html [87ms]
2024-02-08 16:13:25.653 [info] > git show --textconv :Assets/CloudNine.svg [41ms]
2024-02-08 16:13:25.658 [info] > git show --textconv :tsconfig.json [6ms]
2024-02-08 16:15:10.113 [info] > git ls-files --stage -- /var/www/localhost/htdocs/CloudNine/index.html [35ms]
2024-02-08 16:15:10.148 [info] > git ls-files --stage -- /var/www/localhost/htdocs/CloudNine/package.json [104ms]
2024-02-08 16:15:10.179 [info] > git ls-files --stage -- /var/www/localhost/htdocs/CloudNine/tsconfig.json [169ms]
2024-02-08 16:15:10.210 [info] > git ls-files --stage -- /var/www/localhost/htdocs/CloudNine/vite.config.js [236ms]
2024-02-08 16:15:10.244 [info] > git ls-files --stage -- /var/www/localhost/htdocs/CloudNine/Components/VitePrint/VitePrint.jsx [303ms]
2024-02-08 16:15:10.274 [info] > git ls-files --stage -- /var/www/localhost/htdocs/CloudNine/Components/HotBuild/HotBuild.js [367ms]
2024-02-08 16:15:10.305 [info] > git ls-files --stage -- /var/www/localhost/htdocs/CloudNine/Components/BaseComponent/App.jsx [432ms]
2024-02-08 16:15:10.337 [info] > git ls-files --stage -- /var/www/localhost/htdocs/CloudNine/devServer.js [497ms]
2024-02-08 16:15:10.378 [info] > git cat-file -s 6759c4d4ac98ae9b6a2ed933310680678ab529f0 [6ms]
2024-02-08 16:15:10.380 [info] > git cat-file -s 5a223f7ff4fe7b07cc629469e5e30b6c77e508c6 [43ms]
2024-02-08 16:15:10.381 [info] > git cat-file -s 8d7097a79c60e09edf8adabb0bcdaf84df2d2d66 [76ms]
2024-02-08 16:15:10.383 [info] > git cat-file -s beb2300a5c4cffd0d41ef4cfb403964690e1d09d [109ms]
2024-02-08 16:15:10.385 [info] > git cat-file -s cd8cfc7c956e20335a77a58b8823eeae2b660cd9 [142ms]
2024-02-08 16:15:10.386 [info] > git cat-file -s a834bc99c7593b476ac33aac1a6c2dafd9f0325d [176ms]
2024-02-08 16:15:10.387 [info] > git cat-file -s cdef775ca078471c9dec45fb519b413292ebc7cd [208ms]
2024-02-08 16:15:10.388 [info] > git cat-file -s aa908f3442c4826548c5cf6453107de4c8049631 [241ms]
2024-02-08 16:15:10.389 [info] > git ls-files --stage -- /var/www/localhost/htdocs/CloudNine/Assets/CloudNine.svg [278ms]
2024-02-08 16:15:10.706 [info] > git show --textconv :devServer.js [250ms]
2024-02-08 16:15:10.706 [info] > git show --textconv :Components/BaseComponent/App.jsx [216ms]
2024-02-08 16:15:10.706 [info] > git show --textconv :Components/HotBuild/HotBuild.js [178ms]
2024-02-08 16:15:10.706 [info] > git show --textconv :Components/VitePrint/VitePrint.jsx [140ms]
2024-02-08 16:15:10.706 [info] > git show --textconv :vite.config.js [104ms]
2024-02-08 16:15:10.706 [info] > git show --textconv :tsconfig.json [71ms]
2024-02-08 16:15:10.706 [info] > git show --textconv :package.json [37ms]
2024-02-08 16:15:10.717 [info] > git cat-file -s fb2768d59c1070079f14dbc256510e2eaa178e38 [295ms]
2024-02-08 16:15:10.719 [info] > git show --textconv :index.html [14ms]
2024-02-08 16:15:10.763 [info] > git show --textconv :Assets/CloudNine.svg [3ms]
2024-02-08 16:15:16.576 [info] > git show --textconv :SSRServer/SSRServer.jsx [51ms]
2024-02-08 16:15:16.599 [info] > git ls-files --stage -- /var/www/localhost/htdocs/CloudNine/SSRServer/SSRServer.jsx [25ms]
2024-02-08 16:15:16.688 [info] > git cat-file -s 714f85ff91ca0847608095e76fd749e849dcc6b7 [45ms]
2024-02-08 16:15:56.026 [info] > git check-ignore -v -z --stdin [38ms]
