[2024-02-07 08:42:45:363] CodeStream (Insiders) v15.1.1-4430 in VS Code (v1.82.0-insider) starting...
[2024-02-07 08:42:45:364] Proxy support is in override with url=http://10.1.1.154:2020, strictSSL=true
[2024-02-07 08:42:50:464] no NewRelic telemetry - The user aborted a request.
[2024-02-07 08:42:50:466] autoSignIn enabled
[2024-02-07 08:42:50:466] autoSignIn did not find teamId
[2024-02-07 08:42:50:470] no NewRelic telemetry
[2024-02-07 08:42:53:698] WebviewSidebar: FAILED posting webview/editors/didChangeVisible to the sidebar
[2024-02-07 08:42:53:885] WebviewSidebar: FAILED posting webview/editors/didChangeVisible to the sidebar; The Sidebar is invisible and can't receive messages
[2024-02-07 08:42:54:264] WebviewSidebar: FAILED posting webview/editors/didChangeVisible to the sidebar; The Sidebar is invisible and can't receive messages
[2024-02-07 08:42:54:273] WebviewSidebar: FAILED posting webview/editors/didChangeVisible to the sidebar; The Sidebar is invisible and can't receive messages
[2024-02-07 08:42:55:956] WebviewSidebar: FAILED posting webview/editor/didChangeActive to the sidebar; The Sidebar is invisible and can't receive messages
[2024-02-07 08:42:56:010] WebviewSidebar: FAILED posting webview/editors/didChangeVisible to the sidebar; The Sidebar is invisible and can't receive messages
[2024-02-07 08:42:56:020] WebviewSidebar: FAILED posting webview/editors/didChangeVisible to the sidebar; The Sidebar is invisible and can't receive messages
[2024-02-07 08:42:56:181] WebviewSidebar: FAILED posting webview/editors/didChangeVisible to the sidebar; The Sidebar is invisible and can't receive messages
[2024-02-07 08:42:56:192] WebviewSidebar: FAILED posting webview/editors/didChangeVisible to the sidebar; The Sidebar is invisible and can't receive messages
[2024-02-07 08:42:56:763] WebviewSidebar: FAILED posting webview/editor/didChangeActive to the sidebar; The Sidebar is invisible and can't receive messages
[2024-02-07 08:42:58:099] CodeStream (Insiders) v15.1.1-4430 started • 16319 ms
[2024-02-07 08:42:58:106] WebviewSidebar: FAILED posting codestream/refreshMaintenancePoll to the sidebar; The Sidebar is invisible and can't receive messages
[2024-02-07 08:42:58:148] [1] CodeStreamAgentConnection.onApiVersionCompatibilityChanged
[2024-02-07 08:42:58:148] [2] SidebarController.onApiVersionChanged
[2024-02-07 08:42:58:148] [2] SidebarController.onApiVersionChanged completed • 0 ms
[2024-02-07 08:42:58:148] [1] CodeStreamAgentConnection.onApiVersionCompatibilityChanged completed • 0 ms
[2024-02-07 08:42:58:332] WebviewSidebar: FAILED posting webview/editors/didChangeVisible to the sidebar; The Sidebar is invisible and can't receive messages
[2024-02-07 08:42:58:386] WebviewSidebar: FAILED posting webview/editors/didChangeVisible to the sidebar; The Sidebar is invisible and can't receive messages
[2024-02-07 08:42:58:956] WebviewSidebar: FAILED posting webview/editor/didChangeActive to the sidebar; The Sidebar is invisible and can't receive messages
[2024-02-07 08:43:00:252] WebviewSidebar: FAILED posting webview/editors/didChangeVisible to the sidebar; The Sidebar is invisible and can't receive messages
[2024-02-07 08:43:00:273] WebviewSidebar: FAILED posting webview/editors/didChangeVisible to the sidebar; The Sidebar is invisible and can't receive messages
[2024-02-07 08:43:00:773] WebviewSidebar: FAILED posting webview/editor/didChangeActive to the sidebar; The Sidebar is invisible and can't receive messages
[2024-02-07 08:43:03:692] WebviewSidebar: FAILED posting webview/editors/didChangeVisible to the sidebar; The Sidebar is invisible and can't receive messages
[2024-02-07 08:43:03:710] WebviewSidebar: FAILED posting webview/editors/didChangeVisible to the sidebar; The Sidebar is invisible and can't receive messages
[2024-02-07 08:43:04:211] WebviewSidebar: FAILED posting webview/editor/didChangeActive to the sidebar; The Sidebar is invisible and can't receive messages
[2024-02-07 08:43:26:951] WebviewSidebar: FAILED posting webview/editors/didChangeVisible to the sidebar; The Sidebar is invisible and can't receive messages
[2024-02-07 08:43:27:035] WebviewSidebar: FAILED posting webview/editors/didChangeVisible to the sidebar; The Sidebar is invisible and can't receive messages
[2024-02-07 08:43:27:550] WebviewSidebar: FAILED posting webview/editor/didChangeActive to the sidebar; The Sidebar is invisible and can't receive messages
[2024-02-07 08:43:29:328] WebviewSidebar: FAILED posting webview/editors/didChangeVisible to the sidebar; The Sidebar is invisible and can't receive messages
[2024-02-07 08:43:29:344] WebviewSidebar: FAILED posting webview/editors/didChangeVisible to the sidebar; The Sidebar is invisible and can't receive messages
[2024-02-07 08:43:29:845] WebviewSidebar: FAILED posting webview/editor/didChangeActive to the sidebar; The Sidebar is invisible and can't receive messages
[2024-02-07 08:43:31:636] WebviewSidebar: FAILED posting webview/editors/didChangeVisible to the sidebar; The Sidebar is invisible and can't receive messages
[2024-02-07 08:43:31:650] WebviewSidebar: FAILED posting webview/editors/didChangeVisible to the sidebar; The Sidebar is invisible and can't receive messages
[2024-02-07 08:43:32:151] WebviewSidebar: FAILED posting webview/editor/didChangeActive to the sidebar; The Sidebar is invisible and can't receive messages
[2024-02-07 08:44:37:710] WebviewSidebar: FAILED posting webview/editors/didChangeVisible to the sidebar; The Sidebar is invisible and can't receive messages
[2024-02-07 08:44:37:755] WebviewSidebar: FAILED posting webview/editors/didChangeVisible to the sidebar; The Sidebar is invisible and can't receive messages
[2024-02-07 08:44:38:360] WebviewSidebar: FAILED posting webview/editor/didChangeActive to the sidebar; The Sidebar is invisible and can't receive messages
[2024-02-07 08:44:51:442] WebviewSidebar: FAILED posting webview/editors/didChangeVisible to the sidebar; The Sidebar is invisible and can't receive messages
[2024-02-07 08:44:51:547] WebviewSidebar: FAILED posting webview/editors/didChangeVisible to the sidebar; The Sidebar is invisible and can't receive messages
[2024-02-07 08:44:52:682] WebviewSidebar: FAILED posting webview/editor/didChangeActive to the sidebar; The Sidebar is invisible and can't receive messages
[2024-02-07 08:46:59:606] WebviewSidebar: FAILED posting webview/editors/didChangeVisible to the sidebar; The Sidebar is invisible and can't receive messages
[2024-02-07 08:46:59:641] WebviewSidebar: FAILED posting webview/editors/didChangeVisible to the sidebar; The Sidebar is invisible and can't receive messages
[2024-02-07 08:47:00:150] WebviewSidebar: FAILED posting webview/editor/didChangeActive to the sidebar; The Sidebar is invisible and can't receive messages
[2024-02-07 08:47:30:523] WebviewSidebar: FAILED posting webview/editors/didChangeVisible to the sidebar; The Sidebar is invisible and can't receive messages
[2024-02-07 08:47:30:548] WebviewSidebar: FAILED posting webview/editors/didChangeVisible to the sidebar; The Sidebar is invisible and can't receive messages
[2024-02-07 08:47:31:158] WebviewSidebar: FAILED posting webview/editor/didChangeActive to the sidebar; The Sidebar is invisible and can't receive messages
[2024-02-07 08:48:20:689] WebviewSidebar: FAILED posting webview/editors/didChangeVisible to the sidebar; The Sidebar is invisible and can't receive messages
[2024-02-07 08:48:20:720] WebviewSidebar: FAILED posting webview/editors/didChangeVisible to the sidebar; The Sidebar is invisible and can't receive messages
[2024-02-07 08:48:21:224] WebviewSidebar: FAILED posting webview/editor/didChangeActive to the sidebar; The Sidebar is invisible and can't receive messages
[2024-02-07 08:48:54:035] WebviewSidebar: FAILED posting webview/editors/didChangeVisible to the sidebar; The Sidebar is invisible and can't receive messages
[2024-02-07 08:48:54:043] WebviewSidebar: FAILED posting webview/editors/didChangeVisible to the sidebar; The Sidebar is invisible and can't receive messages
[2024-02-07 08:48:54:544] WebviewSidebar: FAILED posting webview/editor/didChangeActive to the sidebar; The Sidebar is invisible and can't receive messages
[2024-02-07 08:49:58:659] WebviewSidebar: FAILED posting webview/editors/didChangeVisible to the sidebar; The Sidebar is invisible and can't receive messages
[2024-02-07 08:49:58:684] WebviewSidebar: FAILED posting webview/editors/didChangeVisible to the sidebar; The Sidebar is invisible and can't receive messages
[2024-02-07 08:49:59:210] WebviewSidebar: FAILED posting webview/editor/didChangeActive to the sidebar; The Sidebar is invisible and can't receive messages
[2024-02-07 08:50:34:667] WebviewSidebar: FAILED posting webview/editors/didChangeVisible to the sidebar; The Sidebar is invisible and can't receive messages
[2024-02-07 08:50:34:775] WebviewSidebar: FAILED posting webview/editors/didChangeVisible to the sidebar; The Sidebar is invisible and can't receive messages
[2024-02-07 08:50:35:435] WebviewSidebar: FAILED posting webview/editor/didChangeActive to the sidebar; The Sidebar is invisible and can't receive messages
[2024-02-07 08:50:43:117] WebviewSidebar: FAILED posting webview/editors/didChangeVisible to the sidebar; The Sidebar is invisible and can't receive messages
[2024-02-07 08:50:43:159] WebviewSidebar: FAILED posting webview/editors/didChangeVisible to the sidebar; The Sidebar is invisible and can't receive messages
[2024-02-07 08:50:43:678] WebviewSidebar: FAILED posting webview/editor/didChangeActive to the sidebar; The Sidebar is invisible and can't receive messages
[2024-02-07 08:50:49:022] WebviewSidebar: FAILED posting webview/editors/didChangeVisible to the sidebar; The Sidebar is invisible and can't receive messages
[2024-02-07 08:50:49:062] WebviewSidebar: FAILED posting webview/editors/didChangeVisible to the sidebar; The Sidebar is invisible and can't receive messages
[2024-02-07 08:50:49:565] WebviewSidebar: FAILED posting webview/editor/didChangeActive to the sidebar; The Sidebar is invisible and can't receive messages
[2024-02-07 08:50:49:587] WebviewSidebar: FAILED posting webview/editors/didChangeVisible to the sidebar; The Sidebar is invisible and can't receive messages
[2024-02-07 08:50:49:613] WebviewSidebar: FAILED posting webview/editors/didChangeVisible to the sidebar; The Sidebar is invisible and can't receive messages
[2024-02-07 08:50:50:153] WebviewSidebar: FAILED posting webview/editor/didChangeActive to the sidebar; The Sidebar is invisible and can't receive messages
[2024-02-07 08:51:29:983] WebviewSidebar: FAILED posting webview/editors/didChangeVisible to the sidebar; The Sidebar is invisible and can't receive messages
[2024-02-07 08:51:30:004] WebviewSidebar: FAILED posting webview/editors/didChangeVisible to the sidebar; The Sidebar is invisible and can't receive messages
[2024-02-07 08:51:30:512] WebviewSidebar: FAILED posting webview/editor/didChangeActive to the sidebar; The Sidebar is invisible and can't receive messages
[2024-02-07 08:51:46:560] WebviewSidebar: FAILED posting webview/editors/didChangeVisible to the sidebar; The Sidebar is invisible and can't receive messages
[2024-02-07 08:51:46:581] WebviewSidebar: FAILED posting webview/editors/didChangeVisible to the sidebar; The Sidebar is invisible and can't receive messages
[2024-02-07 08:51:47:082] WebviewSidebar: FAILED posting webview/editor/didChangeActive to the sidebar; The Sidebar is invisible and can't receive messages
[2024-02-07 08:51:54:415] WebviewSidebar: FAILED posting webview/editors/didChangeVisible to the sidebar; The Sidebar is invisible and can't receive messages
[2024-02-07 08:51:54:421] WebviewSidebar: FAILED posting webview/editors/didChangeVisible to the sidebar; The Sidebar is invisible and can't receive messages
[2024-02-07 08:51:54:462] WebviewSidebar: FAILED posting webview/editors/didChangeVisible to the sidebar; The Sidebar is invisible and can't receive messages
[2024-02-07 08:51:54:471] WebviewSidebar: FAILED posting webview/editors/didChangeVisible to the sidebar; The Sidebar is invisible and can't receive messages
[2024-02-07 08:51:54:971] WebviewSidebar: FAILED posting webview/editor/didChangeActive to the sidebar; The Sidebar is invisible and can't receive messages
[2024-02-07 08:52:05:160] WebviewSidebar: FAILED posting webview/editors/didChangeVisible to the sidebar; The Sidebar is invisible and can't receive messages
[2024-02-07 08:52:05:191] WebviewSidebar: FAILED posting webview/editors/didChangeVisible to the sidebar; The Sidebar is invisible and can't receive messages
[2024-02-07 08:52:05:698] WebviewSidebar: FAILED posting webview/editor/didChangeActive to the sidebar; The Sidebar is invisible and can't receive messages
[2024-02-07 08:52:08:347] WebviewSidebar: FAILED posting webview/editors/didChangeVisible to the sidebar; The Sidebar is invisible and can't receive messages
[2024-02-07 08:52:08:566] WebviewSidebar: FAILED posting webview/editors/didChangeVisible to the sidebar; The Sidebar is invisible and can't receive messages
[2024-02-07 08:52:09:118] WebviewSidebar: FAILED posting webview/editor/didChangeActive to the sidebar; The Sidebar is invisible and can't receive messages
[2024-02-07 08:53:04:645] WebviewSidebar: FAILED posting webview/editors/didChangeVisible to the sidebar; The Sidebar is invisible and can't receive messages
[2024-02-07 08:53:04:674] WebviewSidebar: FAILED posting webview/editors/didChangeVisible to the sidebar; The Sidebar is invisible and can't receive messages
[2024-02-07 08:53:05:288] WebviewSidebar: FAILED posting webview/editor/didChangeActive to the sidebar; The Sidebar is invisible and can't receive messages
[2024-02-07 08:53:48:460] WebviewSidebar: FAILED posting webview/editors/didChangeVisible to the sidebar; The Sidebar is invisible and can't receive messages
[2024-02-07 08:53:48:479] WebviewSidebar: FAILED posting webview/editors/didChangeVisible to the sidebar; The Sidebar is invisible and can't receive messages
[2024-02-07 08:53:48:979] WebviewSidebar: FAILED posting webview/editor/didChangeActive to the sidebar; The Sidebar is invisible and can't receive messages
[2024-02-07 08:54:32:557] WebviewSidebar: FAILED posting webview/editors/didChangeVisible to the sidebar; The Sidebar is invisible and can't receive messages
[2024-02-07 08:54:32:604] WebviewSidebar: FAILED posting webview/editors/didChangeVisible to the sidebar; The Sidebar is invisible and can't receive messages
[2024-02-07 08:54:33:137] WebviewSidebar: FAILED posting webview/editor/didChangeActive to the sidebar; The Sidebar is invisible and can't receive messages
[2024-02-07 08:54:41:613] WebviewSidebar: FAILED posting webview/editors/didChangeVisible to the sidebar; The Sidebar is invisible and can't receive messages
[2024-02-07 08:54:42:027] WebviewSidebar: FAILED posting webview/editors/didChangeVisible to the sidebar; The Sidebar is invisible and can't receive messages
[2024-02-07 08:54:42:529] WebviewSidebar: FAILED posting webview/editor/didChangeActive to the sidebar; The Sidebar is invisible and can't receive messages
[2024-02-07 08:55:07:010] WebviewSidebar: FAILED posting webview/editors/didChangeVisible to the sidebar; The Sidebar is invisible and can't receive messages
[2024-02-07 08:55:07:032] WebviewSidebar: FAILED posting webview/editors/didChangeVisible to the sidebar; The Sidebar is invisible and can't receive messages
[2024-02-07 08:55:07:625] WebviewSidebar: FAILED posting webview/editor/didChangeActive to the sidebar; The Sidebar is invisible and can't receive messages
[2024-02-07 08:55:08:593] WebviewSidebar: FAILED posting webview/editors/didChangeVisible to the sidebar; The Sidebar is invisible and can't receive messages
[2024-02-07 08:55:08:654] WebviewSidebar: FAILED posting webview/editors/didChangeVisible to the sidebar; The Sidebar is invisible and can't receive messages
[2024-02-07 08:55:09:210] WebviewSidebar: FAILED posting webview/editor/didChangeActive to the sidebar; The Sidebar is invisible and can't receive messages
[2024-02-07 08:55:13:977] WebviewSidebar: FAILED posting webview/editors/didChangeVisible to the sidebar; The Sidebar is invisible and can't receive messages
[2024-02-07 08:55:14:038] WebviewSidebar: FAILED posting webview/editors/didChangeVisible to the sidebar; The Sidebar is invisible and can't receive messages
[2024-02-07 08:55:14:539] WebviewSidebar: FAILED posting webview/editor/didChangeActive to the sidebar; The Sidebar is invisible and can't receive messages
[2024-02-07 08:55:33:019] WebviewSidebar: FAILED posting webview/editors/didChangeVisible to the sidebar; The Sidebar is invisible and can't receive messages
[2024-02-07 08:55:33:042] WebviewSidebar: FAILED posting webview/editors/didChangeVisible to the sidebar; The Sidebar is invisible and can't receive messages
[2024-02-07 08:55:33:576] WebviewSidebar: FAILED posting webview/editor/didChangeActive to the sidebar; The Sidebar is invisible and can't receive messages
[2024-02-07 08:56:05:107] WebviewSidebar: FAILED posting webview/editors/didChangeVisible to the sidebar; The Sidebar is invisible and can't receive messages
[2024-02-07 08:56:05:156] WebviewSidebar: FAILED posting webview/editors/didChangeVisible to the sidebar; The Sidebar is invisible and can't receive messages
[2024-02-07 08:56:05:660] WebviewSidebar: FAILED posting webview/editor/didChangeActive to the sidebar; The Sidebar is invisible and can't receive messages
[2024-02-07 09:03:29:652] WebviewSidebar: FAILED posting webview/editors/didChangeVisible to the sidebar; The Sidebar is invisible and can't receive messages
[2024-02-07 09:03:29:746] WebviewSidebar: FAILED posting webview/editors/didChangeVisible to the sidebar; The Sidebar is invisible and can't receive messages
[2024-02-07 09:03:30:792] WebviewSidebar: FAILED posting webview/editor/didChangeActive to the sidebar; The Sidebar is invisible and can't receive messages
[2024-02-07 09:03:50:359] WebviewSidebar: FAILED posting webview/editors/didChangeVisible to the sidebar; The Sidebar is invisible and can't receive messages
[2024-02-07 09:03:50:392] WebviewSidebar: FAILED posting webview/editors/didChangeVisible to the sidebar; The Sidebar is invisible and can't receive messages
[2024-02-07 09:03:50:893] WebviewSidebar: FAILED posting webview/editor/didChangeActive to the sidebar; The Sidebar is invisible and can't receive messages
[2024-02-07 09:04:18:798] WebviewSidebar: FAILED posting webview/editors/didChangeVisible to the sidebar; The Sidebar is invisible and can't receive messages
[2024-02-07 09:04:18:836] WebviewSidebar: FAILED posting webview/editors/didChangeVisible to the sidebar; The Sidebar is invisible and can't receive messages
[2024-02-07 09:04:19:395] WebviewSidebar: FAILED posting webview/editor/didChangeActive to the sidebar; The Sidebar is invisible and can't receive messages
[2024-02-07 09:05:13:620] WebviewSidebar: FAILED posting webview/editors/didChangeVisible to the sidebar; The Sidebar is invisible and can't receive messages
[2024-02-07 09:05:13:653] WebviewSidebar: FAILED posting webview/editors/didChangeVisible to the sidebar; The Sidebar is invisible and can't receive messages
[2024-02-07 09:05:14:154] WebviewSidebar: FAILED posting webview/editor/didChangeActive to the sidebar; The Sidebar is invisible and can't receive messages
[2024-02-07 09:05:40:471] WebviewSidebar: FAILED posting webview/editors/didChangeVisible to the sidebar; The Sidebar is invisible and can't receive messages
[2024-02-07 09:05:40:502] WebviewSidebar: FAILED posting webview/editors/didChangeVisible to the sidebar; The Sidebar is invisible and can't receive messages
[2024-02-07 09:05:41:180] WebviewSidebar: FAILED posting webview/editor/didChangeActive to the sidebar; The Sidebar is invisible and can't receive messages
[2024-02-07 09:05:49:074] WebviewSidebar: FAILED posting webview/editors/didChangeVisible to the sidebar; The Sidebar is invisible and can't receive messages
[2024-02-07 09:05:49:093] WebviewSidebar: FAILED posting webview/editors/didChangeVisible to the sidebar; The Sidebar is invisible and can't receive messages
[2024-02-07 09:05:49:595] WebviewSidebar: FAILED posting webview/editor/didChangeActive to the sidebar; The Sidebar is invisible and can't receive messages
[2024-02-07 09:06:10:320] WebviewSidebar: FAILED posting webview/editors/didChangeVisible to the sidebar; The Sidebar is invisible and can't receive messages
[2024-02-07 09:06:10:337] WebviewSidebar: FAILED posting webview/editors/didChangeVisible to the sidebar; The Sidebar is invisible and can't receive messages
[2024-02-07 09:06:10:837] WebviewSidebar: FAILED posting webview/editor/didChangeActive to the sidebar; The Sidebar is invisible and can't receive messages
[2024-02-07 09:06:12:173] WebviewSidebar: FAILED posting webview/editors/didChangeVisible to the sidebar; The Sidebar is invisible and can't receive messages
[2024-02-07 09:06:12:201] WebviewSidebar: FAILED posting webview/editors/didChangeVisible to the sidebar; The Sidebar is invisible and can't receive messages
[2024-02-07 09:06:12:778] WebviewSidebar: FAILED posting webview/editor/didChangeActive to the sidebar; The Sidebar is invisible and can't receive messages
[2024-02-07 09:06:57:329] WebviewSidebar: FAILED posting webview/editors/didChangeVisible to the sidebar; The Sidebar is invisible and can't receive messages
[2024-02-07 09:06:57:362] WebviewSidebar: FAILED posting webview/editors/didChangeVisible to the sidebar; The Sidebar is invisible and can't receive messages
[2024-02-07 09:06:57:862] WebviewSidebar: FAILED posting webview/editor/didChangeActive to the sidebar; The Sidebar is invisible and can't receive messages
[2024-02-07 09:07:54:972] WebviewSidebar: FAILED posting webview/editors/didChangeVisible to the sidebar; The Sidebar is invisible and can't receive messages
[2024-02-07 09:07:54:998] WebviewSidebar: FAILED posting webview/editors/didChangeVisible to the sidebar; The Sidebar is invisible and can't receive messages
[2024-02-07 09:07:55:695] WebviewSidebar: FAILED posting webview/editor/didChangeActive to the sidebar; The Sidebar is invisible and can't receive messages
[2024-02-07 09:07:58:290] WebviewSidebar: FAILED posting webview/editors/didChangeVisible to the sidebar; The Sidebar is invisible and can't receive messages
[2024-02-07 09:07:58:311] WebviewSidebar: FAILED posting webview/editors/didChangeVisible to the sidebar; The Sidebar is invisible and can't receive messages
[2024-02-07 09:07:58:813] WebviewSidebar: FAILED posting webview/editor/didChangeActive to the sidebar; The Sidebar is invisible and can't receive messages
[2024-02-07 09:07:58:918] WebviewSidebar: FAILED posting webview/editors/didChangeVisible to the sidebar; The Sidebar is invisible and can't receive messages
[2024-02-07 09:07:58:945] WebviewSidebar: FAILED posting webview/editors/didChangeVisible to the sidebar; The Sidebar is invisible and can't receive messages
[2024-02-07 09:07:59:447] WebviewSidebar: FAILED posting webview/editor/didChangeActive to the sidebar; The Sidebar is invisible and can't receive messages
[2024-02-07 09:08:24:914] WebviewSidebar: FAILED posting webview/editors/didChangeVisible to the sidebar; The Sidebar is invisible and can't receive messages
[2024-02-07 09:08:24:954] WebviewSidebar: FAILED posting webview/editors/didChangeVisible to the sidebar; The Sidebar is invisible and can't receive messages
[2024-02-07 09:08:25:456] WebviewSidebar: FAILED posting webview/editor/didChangeActive to the sidebar; The Sidebar is invisible and can't receive messages
[2024-02-07 09:08:52:741] WebviewSidebar: FAILED posting webview/editors/didChangeVisible to the sidebar; The Sidebar is invisible and can't receive messages
[2024-02-07 09:08:52:765] WebviewSidebar: FAILED posting webview/editors/didChangeVisible to the sidebar; The Sidebar is invisible and can't receive messages
[2024-02-07 09:08:53:343] WebviewSidebar: FAILED posting webview/editor/didChangeActive to the sidebar; The Sidebar is invisible and can't receive messages
[2024-02-07 09:09:22:926] WebviewSidebar: FAILED posting webview/editors/didChangeVisible to the sidebar; The Sidebar is invisible and can't receive messages
[2024-02-07 09:09:22:988] WebviewSidebar: FAILED posting webview/editors/didChangeVisible to the sidebar; The Sidebar is invisible and can't receive messages
[2024-02-07 09:09:23:715] WebviewSidebar: FAILED posting webview/editor/didChangeActive to the sidebar; The Sidebar is invisible and can't receive messages
[2024-02-07 09:09:46:119] WebviewSidebar: FAILED posting webview/editors/didChangeVisible to the sidebar; The Sidebar is invisible and can't receive messages
[2024-02-07 09:09:46:139] WebviewSidebar: FAILED posting webview/editors/didChangeVisible to the sidebar; The Sidebar is invisible and can't receive messages
[2024-02-07 09:09:46:640] WebviewSidebar: FAILED posting webview/editor/didChangeActive to the sidebar; The Sidebar is invisible and can't receive messages
[2024-02-07 09:12:00:513] WebviewSidebar: FAILED posting webview/editors/didChangeVisible to the sidebar; The Sidebar is invisible and can't receive messages
[2024-02-07 09:12:00:547] WebviewSidebar: FAILED posting webview/editors/didChangeVisible to the sidebar; The Sidebar is invisible and can't receive messages
[2024-02-07 09:12:01:095] WebviewSidebar: FAILED posting webview/editor/didChangeActive to the sidebar; The Sidebar is invisible and can't receive messages
[2024-02-07 09:12:19:908] WebviewSidebar: FAILED posting webview/editors/didChangeVisible to the sidebar; The Sidebar is invisible and can't receive messages
[2024-02-07 09:12:19:974] WebviewSidebar: FAILED posting webview/editors/didChangeVisible to the sidebar; The Sidebar is invisible and can't receive messages
[2024-02-07 09:12:20:579] WebviewSidebar: FAILED posting webview/editor/didChangeActive to the sidebar; The Sidebar is invisible and can't receive messages
[2024-02-07 09:12:49:308] WebviewSidebar: FAILED posting webview/editors/didChangeVisible to the sidebar; The Sidebar is invisible and can't receive messages
[2024-02-07 09:12:49:359] WebviewSidebar: FAILED posting webview/editors/didChangeVisible to the sidebar; The Sidebar is invisible and can't receive messages
[2024-02-07 09:12:49:864] WebviewSidebar: FAILED posting webview/editor/didChangeActive to the sidebar; The Sidebar is invisible and can't receive messages
[2024-02-07 09:12:51:277] WebviewSidebar: FAILED posting webview/editors/didChangeVisible to the sidebar; The Sidebar is invisible and can't receive messages
[2024-02-07 09:12:51:291] WebviewSidebar: FAILED posting webview/editors/didChangeVisible to the sidebar; The Sidebar is invisible and can't receive messages
[2024-02-07 09:12:51:791] WebviewSidebar: FAILED posting webview/editor/didChangeActive to the sidebar; The Sidebar is invisible and can't receive messages
[2024-02-07 09:12:52:859] WebviewSidebar: FAILED posting webview/editors/didChangeVisible to the sidebar; The Sidebar is invisible and can't receive messages
[2024-02-07 09:12:52:879] WebviewSidebar: FAILED posting webview/editors/didChangeVisible to the sidebar; The Sidebar is invisible and can't receive messages
[2024-02-07 09:12:53:379] WebviewSidebar: FAILED posting webview/editor/didChangeActive to the sidebar; The Sidebar is invisible and can't receive messages
[2024-02-07 09:12:55:677] WebviewSidebar: FAILED posting webview/editors/didChangeVisible to the sidebar; The Sidebar is invisible and can't receive messages
[2024-02-07 09:12:55:698] WebviewSidebar: FAILED posting webview/editors/didChangeVisible to the sidebar; The Sidebar is invisible and can't receive messages
[2024-02-07 09:12:56:224] WebviewSidebar: FAILED posting webview/editor/didChangeActive to the sidebar; The Sidebar is invisible and can't receive messages
[2024-02-07 09:13:09:140] WebviewSidebar: FAILED posting webview/editors/didChangeVisible to the sidebar; The Sidebar is invisible and can't receive messages
[2024-02-07 09:13:09:150] WebviewSidebar: FAILED posting webview/editors/didChangeVisible to the sidebar; The Sidebar is invisible and can't receive messages
[2024-02-07 09:13:09:789] WebviewSidebar: FAILED posting webview/editor/didChangeActive to the sidebar; The Sidebar is invisible and can't receive messages
[2024-02-07 09:25:33:026] WebviewSidebar: FAILED posting webview/editors/didChangeVisible to the sidebar; The Sidebar is invisible and can't receive messages
[2024-02-07 09:25:33:062] WebviewSidebar: FAILED posting webview/editors/didChangeVisible to the sidebar; The Sidebar is invisible and can't receive messages
[2024-02-07 09:25:33:837] WebviewSidebar: FAILED posting webview/editor/didChangeActive to the sidebar; The Sidebar is invisible and can't receive messages
[2024-02-07 09:36:30:703] WebviewSidebar: FAILED posting webview/editors/didChangeVisible to the sidebar; The Sidebar is invisible and can't receive messages
[2024-02-07 09:36:30:737] WebviewSidebar: FAILED posting webview/editors/didChangeVisible to the sidebar; The Sidebar is invisible and can't receive messages
[2024-02-07 09:36:31:268] WebviewSidebar: FAILED posting webview/editor/didChangeActive to the sidebar; The Sidebar is invisible and can't receive messages
[2024-02-07 09:36:32:226] WebviewSidebar: FAILED posting webview/editors/didChangeVisible to the sidebar; The Sidebar is invisible and can't receive messages
[2024-02-07 09:36:32:251] WebviewSidebar: FAILED posting webview/editors/didChangeVisible to the sidebar; The Sidebar is invisible and can't receive messages
[2024-02-07 09:36:32:752] WebviewSidebar: FAILED posting webview/editor/didChangeActive to the sidebar; The Sidebar is invisible and can't receive messages
[2024-02-07 09:36:37:116] WebviewSidebar: FAILED posting webview/editors/didChangeVisible to the sidebar; The Sidebar is invisible and can't receive messages
[2024-02-07 09:36:37:139] WebviewSidebar: FAILED posting webview/editors/didChangeVisible to the sidebar; The Sidebar is invisible and can't receive messages
[2024-02-07 09:36:37:640] WebviewSidebar: FAILED posting webview/editor/didChangeActive to the sidebar; The Sidebar is invisible and can't receive messages
[2024-02-07 09:36:38:363] WebviewSidebar: FAILED posting webview/editors/didChangeVisible to the sidebar; The Sidebar is invisible and can't receive messages
[2024-02-07 09:36:38:401] WebviewSidebar: FAILED posting webview/editors/didChangeVisible to the sidebar; The Sidebar is invisible and can't receive messages
[2024-02-07 09:36:38:921] WebviewSidebar: FAILED posting webview/editor/didChangeActive to the sidebar; The Sidebar is invisible and can't receive messages
[2024-02-07 09:36:39:117] WebviewSidebar: FAILED posting webview/editors/didChangeVisible to the sidebar; The Sidebar is invisible and can't receive messages
[2024-02-07 09:36:39:137] WebviewSidebar: FAILED posting webview/editors/didChangeVisible to the sidebar; The Sidebar is invisible and can't receive messages
[2024-02-07 09:36:39:638] WebviewSidebar: FAILED posting webview/editor/didChangeActive to the sidebar; The Sidebar is invisible and can't receive messages
[2024-02-07 09:45:03:094] WebviewSidebar: FAILED posting webview/editors/didChangeVisible to the sidebar; The Sidebar is invisible and can't receive messages
[2024-02-07 09:45:03:105] WebviewSidebar: FAILED posting webview/editors/didChangeVisible to the sidebar; The Sidebar is invisible and can't receive messages
[2024-02-07 09:45:03:681] WebviewSidebar: FAILED posting webview/editor/didChangeActive to the sidebar; The Sidebar is invisible and can't receive messages
[2024-02-07 09:47:40:344] WebviewSidebar: FAILED posting webview/editors/didChangeVisible to the sidebar; The Sidebar is invisible and can't receive messages
[2024-02-07 09:47:40:357] WebviewSidebar: FAILED posting webview/editors/didChangeVisible to the sidebar; The Sidebar is invisible and can't receive messages
[2024-02-07 09:47:40:869] WebviewSidebar: FAILED posting webview/editor/didChangeActive to the sidebar; The Sidebar is invisible and can't receive messages
[2024-02-07 09:48:24:272] WebviewSidebar: FAILED posting webview/editors/didChangeVisible to the sidebar; The Sidebar is invisible and can't receive messages
[2024-02-07 09:48:24:293] WebviewSidebar: FAILED posting webview/editors/didChangeVisible to the sidebar; The Sidebar is invisible and can't receive messages
[2024-02-07 09:48:24:796] WebviewSidebar: FAILED posting webview/editor/didChangeActive to the sidebar; The Sidebar is invisible and can't receive messages
[2024-02-07 09:48:26:059] WebviewSidebar: FAILED posting webview/editors/didChangeVisible to the sidebar; The Sidebar is invisible and can't receive messages
[2024-02-07 09:48:26:081] WebviewSidebar: FAILED posting webview/editors/didChangeVisible to the sidebar; The Sidebar is invisible and can't receive messages
[2024-02-07 09:48:26:582] WebviewSidebar: FAILED posting webview/editor/didChangeActive to the sidebar; The Sidebar is invisible and can't receive messages
[2024-02-07 09:48:35:360] WebviewSidebar: FAILED posting webview/editors/didChangeVisible to the sidebar; The Sidebar is invisible and can't receive messages
[2024-02-07 09:48:35:378] WebviewSidebar: FAILED posting webview/editors/didChangeVisible to the sidebar; The Sidebar is invisible and can't receive messages
[2024-02-07 09:48:35:898] WebviewSidebar: FAILED posting webview/editor/didChangeActive to the sidebar; The Sidebar is invisible and can't receive messages
[2024-02-07 09:48:36:025] WebviewSidebar: FAILED posting webview/editors/didChangeVisible to the sidebar; The Sidebar is invisible and can't receive messages
[2024-02-07 09:48:36:047] WebviewSidebar: FAILED posting webview/editors/didChangeVisible to the sidebar; The Sidebar is invisible and can't receive messages
[2024-02-07 09:48:36:548] WebviewSidebar: FAILED posting webview/editor/didChangeActive to the sidebar; The Sidebar is invisible and can't receive messages
[2024-02-07 09:48:37:127] WebviewSidebar: FAILED posting webview/editors/didChangeVisible to the sidebar; The Sidebar is invisible and can't receive messages
[2024-02-07 09:48:37:152] WebviewSidebar: FAILED posting webview/editors/didChangeVisible to the sidebar; The Sidebar is invisible and can't receive messages
[2024-02-07 09:48:37:653] WebviewSidebar: FAILED posting webview/editor/didChangeActive to the sidebar; The Sidebar is invisible and can't receive messages
[2024-02-07 09:48:37:984] WebviewSidebar: FAILED posting webview/editors/didChangeVisible to the sidebar; The Sidebar is invisible and can't receive messages
[2024-02-07 09:48:38:006] WebviewSidebar: FAILED posting webview/editors/didChangeVisible to the sidebar; The Sidebar is invisible and can't receive messages
[2024-02-07 09:48:38:507] WebviewSidebar: FAILED posting webview/editor/didChangeActive to the sidebar; The Sidebar is invisible and can't receive messages
[2024-02-07 09:49:03:485] WebviewSidebar: FAILED posting webview/editors/didChangeVisible to the sidebar; The Sidebar is invisible and can't receive messages
[2024-02-07 09:49:03:507] WebviewSidebar: FAILED posting webview/editors/didChangeVisible to the sidebar; The Sidebar is invisible and can't receive messages
[2024-02-07 09:49:04:011] WebviewSidebar: FAILED posting webview/editor/didChangeActive to the sidebar; The Sidebar is invisible and can't receive messages
[2024-02-07 09:49:12:375] WebviewSidebar: FAILED posting webview/editors/didChangeVisible to the sidebar; The Sidebar is invisible and can't receive messages
[2024-02-07 09:49:12:386] WebviewSidebar: FAILED posting webview/editors/didChangeVisible to the sidebar; The Sidebar is invisible and can't receive messages
[2024-02-07 09:49:12:927] WebviewSidebar: FAILED posting webview/editor/didChangeActive to the sidebar; The Sidebar is invisible and can't receive messages
[2024-02-07 09:49:14:412] WebviewSidebar: FAILED posting webview/editors/didChangeVisible to the sidebar; The Sidebar is invisible and can't receive messages
[2024-02-07 09:49:14:435] WebviewSidebar: FAILED posting webview/editors/didChangeVisible to the sidebar; The Sidebar is invisible and can't receive messages
[2024-02-07 09:49:14:935] WebviewSidebar: FAILED posting webview/editor/didChangeActive to the sidebar; The Sidebar is invisible and can't receive messages
[2024-02-07 09:49:57:046] WebviewSidebar: FAILED posting webview/editors/didChangeVisible to the sidebar; The Sidebar is invisible and can't receive messages
[2024-02-07 09:49:57:123] WebviewSidebar: FAILED posting webview/editors/didChangeVisible to the sidebar; The Sidebar is invisible and can't receive messages
[2024-02-07 09:49:57:750] WebviewSidebar: FAILED posting webview/editor/didChangeActive to the sidebar; The Sidebar is invisible and can't receive messages
[2024-02-07 09:51:43:887] WebviewSidebar: FAILED posting webview/editors/didChangeVisible to the sidebar; The Sidebar is invisible and can't receive messages
[2024-02-07 09:51:43:920] WebviewSidebar: FAILED posting webview/editors/didChangeVisible to the sidebar; The Sidebar is invisible and can't receive messages
[2024-02-07 09:51:44:519] WebviewSidebar: FAILED posting webview/editor/didChangeActive to the sidebar; The Sidebar is invisible and can't receive messages
[2024-02-07 09:52:34:811] WebviewSidebar: FAILED posting webview/editors/didChangeVisible to the sidebar; The Sidebar is invisible and can't receive messages
[2024-02-07 09:52:34:843] WebviewSidebar: FAILED posting webview/editors/didChangeVisible to the sidebar; The Sidebar is invisible and can't receive messages
[2024-02-07 09:52:35:691] WebviewSidebar: FAILED posting webview/editor/didChangeActive to the sidebar; The Sidebar is invisible and can't receive messages
[2024-02-07 09:53:08:460] WebviewSidebar: FAILED posting webview/editors/didChangeVisible to the sidebar; The Sidebar is invisible and can't receive messages
[2024-02-07 09:53:08:488] WebviewSidebar: FAILED posting webview/editors/didChangeVisible to the sidebar; The Sidebar is invisible and can't receive messages
[2024-02-07 09:53:09:044] WebviewSidebar: FAILED posting webview/editor/didChangeActive to the sidebar; The Sidebar is invisible and can't receive messages
[2024-02-07 09:53:52:487] WebviewSidebar: FAILED posting webview/editors/didChangeVisible to the sidebar; The Sidebar is invisible and can't receive messages
[2024-02-07 09:53:52:525] WebviewSidebar: FAILED posting webview/editors/didChangeVisible to the sidebar; The Sidebar is invisible and can't receive messages
[2024-02-07 09:53:53:153] WebviewSidebar: FAILED posting webview/editor/didChangeActive to the sidebar; The Sidebar is invisible and can't receive messages
[2024-02-07 09:54:03:660] WebviewSidebar: FAILED posting webview/editors/didChangeVisible to the sidebar; The Sidebar is invisible and can't receive messages
[2024-02-07 09:54:03:685] WebviewSidebar: FAILED posting webview/editors/didChangeVisible to the sidebar; The Sidebar is invisible and can't receive messages
[2024-02-07 09:54:04:186] WebviewSidebar: FAILED posting webview/editor/didChangeActive to the sidebar; The Sidebar is invisible and can't receive messages
[2024-02-07 09:55:11:106] WebviewSidebar: FAILED posting webview/editors/didChangeVisible to the sidebar; The Sidebar is invisible and can't receive messages
[2024-02-07 09:55:11:189] WebviewSidebar: FAILED posting webview/editors/didChangeVisible to the sidebar; The Sidebar is invisible and can't receive messages
[2024-02-07 09:55:13:020] WebviewSidebar: FAILED posting webview/editor/didChangeActive to the sidebar; The Sidebar is invisible and can't receive messages
[2024-02-07 09:55:20:166] WebviewSidebar: FAILED posting webview/editors/didChangeVisible to the sidebar; The Sidebar is invisible and can't receive messages
[2024-02-07 09:55:20:186] WebviewSidebar: FAILED posting webview/editors/didChangeVisible to the sidebar; The Sidebar is invisible and can't receive messages
[2024-02-07 09:55:20:687] WebviewSidebar: FAILED posting webview/editor/didChangeActive to the sidebar; The Sidebar is invisible and can't receive messages
[2024-02-07 09:58:00:815] WebviewSidebar: FAILED posting webview/editors/didChangeVisible to the sidebar; The Sidebar is invisible and can't receive messages
[2024-02-07 09:58:00:855] WebviewSidebar: FAILED posting webview/editors/didChangeVisible to the sidebar; The Sidebar is invisible and can't receive messages
[2024-02-07 09:58:01:369] WebviewSidebar: FAILED posting webview/editor/didChangeActive to the sidebar; The Sidebar is invisible and can't receive messages
[2024-02-07 09:58:36:333] WebviewSidebar: FAILED posting webview/editors/didChangeVisible to the sidebar; The Sidebar is invisible and can't receive messages
[2024-02-07 09:58:36:403] WebviewSidebar: FAILED posting webview/editors/didChangeVisible to the sidebar; The Sidebar is invisible and can't receive messages
[2024-02-07 09:58:36:906] WebviewSidebar: FAILED posting webview/editor/didChangeActive to the sidebar; The Sidebar is invisible and can't receive messages
[2024-02-07 10:00:33:860] WebviewSidebar: FAILED posting webview/editors/didChangeVisible to the sidebar; The Sidebar is invisible and can't receive messages
[2024-02-07 10:00:34:677] WebviewSidebar: FAILED posting webview/editor/didChangeActive to the sidebar; The Sidebar is invisible and can't receive messages
[2024-02-07 10:00:34:748] WebviewSidebar: FAILED posting webview/editors/didChangeVisible to the sidebar; The Sidebar is invisible and can't receive messages
[2024-02-07 10:00:49:752] WebviewSidebar: FAILED posting webview/editor/didChangeActive to the sidebar; The Sidebar is invisible and can't receive messages
