Initializing document watcher...
CloudNine/Components/VitePrint/HotBuild.js: {}
CloudNine/Components/VitePrint/VitePrintCSR.jsx: {}
CloudNine/Components/VitePrint/VitePrintSSR.jsx: {}
CloudNine/BasePlatForm/CSRServer/index.html: {}
CloudNine/package.json: {}
CloudNine/BasePlatForm/CSRServer/index.html: {}
CloudNine/Components/VitePrint/VitePrintCSR.jsx: {}
CloudNine/Components/VitePrint/VitePrintSSR.jsx: {}
CloudNine/Components/VitePrint/VitePrintSSR.jsx: Using EditorConfig core...
CloudNine/Components/VitePrint/VitePrintSSR.jsx: {}
CloudNine/Components/VitePrint/VitePrintSSR.jsx: Using EditorConfig core...
CloudNine/Components/VitePrint/VitePrintCSR.jsx: {}
CloudNine/Components/VitePrint/VitePrintCSR.jsx: {}
CloudNine/Components/VitePrint/VitePrintSSR.jsx: {}
CloudNine/Components/VitePrint/HotBuild.js: {}
CloudNine/Components/VitePrint/HotBuild.js: Using EditorConfig core...
CloudNine/Components/VitePrint/HotBuild.js: Using EditorConfig core...
CloudNine/Components/VitePrint/HotBuild.js: Using EditorConfig core...
CloudNine/Components/VitePrint/HotBuild.js: Using EditorConfig core...
CloudNine/Components/VitePrint/HotBuild.js: Using EditorConfig core...
CloudNine/Components/VitePrint/HotBuild.js: Using EditorConfig core...
CloudNine/Components/VitePrint/HotBuild.js: Using EditorConfig core...
CloudNine/Components/VitePrint/HotBuild.js: Using EditorConfig core...
CloudNine/Components/VitePrint/HotBuild.js: Using EditorConfig core...
CloudNine/Components/VitePrint/HotBuild.js: Using EditorConfig core...
CloudNine/Components/VitePrint/HotBuild.js: Using EditorConfig core...
CloudNine/Components/VitePrint/VitePrintSSR.jsx: {}
CloudNine/Components/VitePrint/VitePrintSSR.jsx: Using EditorConfig core...
CloudNine/Components/VitePrint/HotBuild.js: {}
CloudNine/Components/VitePrint/HotBuild.js: Using EditorConfig core...
CloudNine/Components/VitePrint/HotBuild.js: Using EditorConfig core...
CloudNine/Components/VitePrint/HotBuild.js: Using EditorConfig core...
CloudNine/Components/VitePrint/HotBuild.js: Using EditorConfig core...
CloudNine/Components/VitePrint/HotBuild.js: Using EditorConfig core...
CloudNine/Components/VitePrint/HotBuild.js: Using EditorConfig core...
CloudNine/Components/VitePrint/HotBuild.js: {}
CloudNine/Components/VitePrint/HotBuild.js: {}
CloudNine/Components/VitePrint/HotBuild.js: {}
CloudNine/Components/VitePrint/VitePrintSSR.jsx: {}
CloudNine/Components/VitePrint/VitePrintSSR.jsx: {}
CloudNine/Components/VitePrint/VitePrintSSR.jsx: Using EditorConfig core...
CloudNine/Components/VitePrint/VitePrintSSR.jsx: {}
CloudNine/Components/VitePrint/HotBuild.js: {}
CloudNine/Components/VitePrint/HotBuild.js: Using EditorConfig core...
CloudNine/Components/VitePrint/HotBuild.js: Using EditorConfig core...
CloudNine/Components/VitePrint/HotBuild.js: Using EditorConfig core...
CloudNine/Components/VitePrint/VitePrintSSR.jsx: {}
CloudNine/Components/VitePrint/VitePrintSSR.jsx: {}
CloudNine/Components/VitePrint/VitePrintSSR.jsx: Using EditorConfig core...
CloudNine/Components/VitePrint/VitePrintSSR.jsx: {}
CloudNine/Components/VitePrint/HotBuild.js: {}
CloudNine/Components/VitePrint/HotBuild.js: Using EditorConfig core...
CloudNine/Components/VitePrint/HotBuild.js: Using EditorConfig core...
CloudNine/Components/VitePrint/HotBuild.js: Using EditorConfig core...
CloudNine/Components/VitePrint/HotBuild.js: Using EditorConfig core...
CloudNine/Components/VitePrint/HotBuild.js: Using EditorConfig core...
CloudNine/Components/VitePrint/HotBuild.js: Using EditorConfig core...
CloudNine/Components/VitePrint/HotBuild.js: Using EditorConfig core...
CloudNine/Components/VitePrint/HotBuild.js: {}
CloudNine/Components/VitePrint/VitePrintSSR.jsx: {}
CloudNine/Components/VitePrint/VitePrintSSR.jsx: Using EditorConfig core...
No more open editors.
CloudNine/vite.config.js: {}
CloudNine/vite.config.js: Using EditorConfig core...
CloudNine/vite.config.js: Using EditorConfig core...
CloudNine/Components/VitePrint/HotBuild.js: {}
CloudNine/Components/VitePrint/VitePrintCSR.jsx: {}
CloudNine/Components/VitePrint/VitePrintSSR.jsx: {}
CloudNine/Components/VitePrint/VitePrintSSR.jsx: {}
CloudNine/Components/VitePrint/VitePrintSSR.jsx: {}
CloudNine/Components/VitePrint/VitePrintSSR.jsx: {}
CloudNine/package.json: {}
CloudNine/Components/VitePrint/HotBuild.js: {}
CloudNine/Components/VitePrint/HotBuild.js: Using EditorConfig core...
CloudNine/package.json: {}
CloudNine/vite.config.js: {}
CloudNine/vite.config.js: Using EditorConfig core...
CloudNine/vite.config.js: Using EditorConfig core...
CloudNine/Components/VitePrint/VitePrintCSR.jsx: {}
CloudNine/devServer.js: {}
CloudNine/devServer.js: {}
CloudNine/devServer.js: {}
CloudNine/Components/VitePrint/HotBuild.js: {}
CloudNine/Components/VitePrint/HotBuild.js: {}
CloudNine/Components/VitePrint/HotBuild.js: Using EditorConfig core...
CloudNine/Components/VitePrint/HotBuild.js: Using EditorConfig core...
CloudNine/Components/VitePrint/HotBuild.js: Using EditorConfig core...
CloudNine/Components/VitePrint/HotBuild.js: Using EditorConfig core...
CloudNine/Components/VitePrint/HotBuild.js: Using EditorConfig core...
CloudNine/Components/VitePrint/HotBuild.js: Using EditorConfig core...
CloudNine/Components/VitePrint/HotBuild.js: Using EditorConfig core...
CloudNine/Components/VitePrint/HotBuild.js: Using EditorConfig core...
CloudNine/vite.config.js: {}
CloudNine/vite.config.js: Using EditorConfig core...
CloudNine/vite.config.js: Using EditorConfig core...
CloudNine/vite.config.js: {}
CloudNine/Components/BaseComponent/App.jsx: {}
CloudNine/Components/BaseComponent/App.jsx: Using EditorConfig core...
CloudNine/Components/BaseComponent/App.jsx: Using EditorConfig core...
CloudNine/Components/VitePrint/VitePrintSSR.jsx: {}
CloudNine/Components/VitePrint/VitePrintSSR.jsx: Using EditorConfig core...
CloudNine/Components/VitePrint/VitePrintSSR.jsx: Using EditorConfig core...
CloudNine/Components/VitePrint/VitePrint.jsx: {}
CloudNine/Components/VitePrint/VitePrintCSR.jsx: {}
CloudNine/Components/VitePrint/VitePrint.jsx: {}
CloudNine/Components/VitePrint/VitePrint.jsx: {}
CloudNine/Components/BaseComponent/App.jsx: Using EditorConfig core...
CloudNine/Components/VitePrint/VitePrint.jsx: {}
CloudNine/Components/BaseComponent/App.jsx: {}
CloudNine/Components/BaseComponent/App.jsx: Using EditorConfig core...
CloudNine/Components/BaseComponent/App.jsx: Using EditorConfig core...
CloudNine/Components/VitePrint/VitePrint.jsx: {}
CloudNine/Components/VitePrint/VitePrint.jsx: {}
CloudNine/Components/VitePrint/VitePrint.jsx: {}
CloudNine/Components/VitePrint/VitePrint.jsx: Using EditorConfig core...
CloudNine/Components/VitePrint/VitePrint.jsx: {}
CloudNine/Components/VitePrint/VitePrint.jsx: Using EditorConfig core...
CloudNine/Components/VitePrint/VitePrint.jsx: {}
CloudNine/Components/VitePrint/HotBuild.js: {}
CloudNine/Components/VitePrint/HotBuild.js: Using EditorConfig core...
CloudNine/Components/VitePrint/VitePrint.jsx: {}
CloudNine/Components/VitePrint/VitePrint.jsx: {}
CloudNine/Components/VitePrint/VitePrint.jsx: Using EditorConfig core...
CloudNine/Components/VitePrint/VitePrint.jsx: Using EditorConfig core...
CloudNine/Components/VitePrint/VitePrint.jsx: Using EditorConfig core...
CloudNine/Components/VitePrint/VitePrint.jsx: Using EditorConfig core...
CloudNine/Components/VitePrint/VitePrint.jsx: {}
CloudNine/Components/VitePrint/HotBuild.js: {}
CloudNine/Components/VitePrint/HotBuild.js: Using EditorConfig core...
CloudNine/Components/VitePrint/HotBuild.js: Using EditorConfig core...
CloudNine/Components/VitePrint/HotBuild.js: Using EditorConfig core...
CloudNine/Components/VitePrint/HotBuild.js: Using EditorConfig core...
CloudNine/Components/VitePrint/HotBuild.js: Using EditorConfig core...
CloudNine/Components/VitePrint/HotBuild.js: Using EditorConfig core...
CloudNine/Components/VitePrint/HotBuild.js: Using EditorConfig core...
CloudNine/Components/VitePrint/HotBuild.js: Using EditorConfig core...
CloudNine/Components/VitePrint/VitePrint.jsx: {}
CloudNine/Components/VitePrint/VitePrint.jsx: Using EditorConfig core...
CloudNine/Components/VitePrint/VitePrint.jsx: {}
CloudNine/vite.config.js: {}
CloudNine/vite.config.js: Using EditorConfig core...
CloudNine/Components/VitePrint/VitePrint.jsx: {}
CloudNine/Components/VitePrint/VitePrint.jsx: Using EditorConfig core...
CloudNine/Components/VitePrint/VitePrint.jsx: {}
CloudNine/Components/VitePrint/VitePrint.jsx: {}
CloudNine/vite.config.js: {}
CloudNine/vite.config.js: Using EditorConfig core...
CloudNine/Components/VitePrint/HotBuild.js: {}
CloudNine/Components/VitePrint/HotBuild.js: Using EditorConfig core...
CloudNine/Components/VitePrint/HotBuild.js: Using EditorConfig core...
CloudNine/Components/VitePrint/HotBuild.js: Using EditorConfig core...
CloudNine/Components/VitePrint/HotBuild.js: Using EditorConfig core...
CloudNine/Components/VitePrint/VitePrint.jsx: {}
CloudNine/Components/VitePrint/VitePrint.jsx: {}
CloudNine/Components/VitePrint/VitePrint.jsx: Using EditorConfig core...
CloudNine/Components/VitePrint/VitePrint.jsx: {}
CloudNine/Components/VitePrint/VitePrint.jsx: {}
CloudNine/Components/BaseComponent/App.jsx: {}
CloudNine/Components/VitePrint/VitePrint.jsx: {}
CloudNine/Components/VitePrint/HotBuild.js: {}
CloudNine/Components/VitePrint/HotBuild.js: Using EditorConfig core...
CloudNine/Components/VitePrint/HotBuild.js: Using EditorConfig core...
CloudNine/Components/VitePrint/VitePrint.jsx: {}
CloudNine/Components/VitePrint/VitePrint.jsx: {}
CloudNine/Components/VitePrint/VitePrint.jsx: Using EditorConfig core...
CloudNine/Components/VitePrint/VitePrint.jsx: Using EditorConfig core...
CloudNine/Components/VitePrint/HotBuild.js: {}
CloudNine/Components/VitePrint/HotBuild.js: Using EditorConfig core...
CloudNine/Components/VitePrint/HotBuild.js: Using EditorConfig core...
CloudNine/Components/VitePrint/HotBuild.js: {}
CloudNine/Components/VitePrint/VitePrint.jsx: {}
CloudNine/Components/VitePrint/VitePrint.jsx: {}
CloudNine/Components/VitePrint/VitePrint.jsx: Using EditorConfig core...
CloudNine/Components/VitePrint/HotBuild.js: {}
CloudNine/Components/VitePrint/HotBuild.js: {}
CloudNine/Components/VitePrint/HotBuild.js: Using EditorConfig core...
CloudNine/vite.config.js: {}
CloudNine/vite.config.js: {}
CloudNine/vite.config.js: Using EditorConfig core...
CloudNine/vite.config.js: Using EditorConfig core...
CloudNine/Components/VitePrint/VitePrint.jsx: {}
CloudNine/Components/VitePrint/VitePrint.jsx: {}
CloudNine/Components/VitePrint/VitePrint.jsx: Using EditorConfig core...
CloudNine/Components/VitePrint/VitePrint.jsx: {}
CloudNine/Components/VitePrint/HotBuild.js: {}
CloudNine/Components/BaseComponent/App.jsx: {}
CloudNine/vite.config.js: {}
CloudNine/Components/VitePrint/HotBuild.js: {}
CloudNine/Components/VitePrint/HotBuild.js: {}
CloudNine/Components/VitePrint/VitePrint.jsx: {}
CloudNine/Components/VitePrint/VitePrint.jsx: {}
CloudNine/Components/VitePrint/VitePrint.jsx: Using EditorConfig core...
CloudNine/Components/VitePrint/VitePrint.jsx: {}
CloudNine/Components/VitePrint/VitePrint.jsx: Using EditorConfig core...
CloudNine/Components/VitePrint/HotBuild.js: {}
CloudNine/Components/VitePrint/HotBuild.js: {}
CloudNine/Components/BaseComponent/App.jsx: {}
CloudNine/Components/BaseComponent/App.jsx: {}
CloudNine/vite.config.js: {}
CloudNine/Components/VitePrint/VitePrint.jsx: {}
CloudNine/package.json: {}
CloudNine/Components/VitePrint/HotBuild.js: {}
CloudNine/Components/VitePrint/HotBuild.js: {}
CloudNine/Components/VitePrint/HotBuild.js: {}
CloudNine/Components/VitePrint/HotBuild.js: {}
CloudNine/Components/VitePrint/HotBuild.js: {}
CloudNine/vite.config.js: {}
CloudNine/vite.config.js: Using EditorConfig core...
CloudNine/vite.config.js: Using EditorConfig core...
CloudNine/vite.config.js: Using EditorConfig core...
CloudNine/vite.config.js: Using EditorConfig core...
CloudNine/vite.config.js: {}
CloudNine/vite.config.js: Using EditorConfig core...
CloudNine/vite.config.js: {}
CloudNine/vite.config.js: Using EditorConfig core...
CloudNine/vite.config.js: Using EditorConfig core...
CloudNine/vite.config.js: Using EditorConfig core...
CloudNine/vite.config.js: Using EditorConfig core...
CloudNine/vite.config.js: Using EditorConfig core...
CloudNine/vite.config.js: Using EditorConfig core...
CloudNine/vite.config.js: Using EditorConfig core...
CloudNine/vite.config.js: Using EditorConfig core...
CloudNine/vite.config.js: Using EditorConfig core...
CloudNine/vite.config.js: Using EditorConfig core...
CloudNine/vite.config.js: Using EditorConfig core...
CloudNine/vite.config.js: Using EditorConfig core...
CloudNine/vite.config.js: Using EditorConfig core...
CloudNine/vite.config.js: Using EditorConfig core...
CloudNine/vite.config.js: Using EditorConfig core...
CloudNine/vite.config.js: Using EditorConfig core...
CloudNine/Components/VitePrint/HotBuild.js: {}
CloudNine/Components/VitePrint/HotBuild.js: Using EditorConfig core...
CloudNine/Components/VitePrint/HotBuild.js: Using EditorConfig core...
CloudNine/Components/VitePrint/HotBuild.js: Using EditorConfig core...
CloudNine/Components/VitePrint/HotBuild.js: Using EditorConfig core...
CloudNine/Components/VitePrint/HotBuild.js: Using EditorConfig core...
CloudNine/vite.config.js: {}
CloudNine/package.json: {}
CloudNine/vite.config.js: {}
CloudNine/package.json: {}
CloudNine/Components/VitePrint/VitePrint.jsx: {}
CloudNine/Components/VitePrint/HotBuild.js: {}
CloudNine/Components/VitePrint/HotBuild.js: Using EditorConfig core...
CloudNine/Components/VitePrint/HotBuild.js: Using EditorConfig core...
CloudNine/Components/VitePrint/HotBuild.js: Using EditorConfig core...
CloudNine/package.json: {}
CloudNine/Components/VitePrint/VitePrint.jsx: {}
CloudNine/Components/VitePrint/HotBuild.js: {}
CloudNine/Components/VitePrint/HotBuild.js: Using EditorConfig core...
CloudNine/Components/VitePrint/HotBuild.js: Using EditorConfig core...
CloudNine/Components/VitePrint/VitePrint.jsx: {}
CloudNine/Components/VitePrint/VitePrint.jsx: {}
CloudNine/Components/VitePrint/VitePrint.jsx: {}
CloudNine/vite.config.js: {}
CloudNine/vite.config.js: Using EditorConfig core...
CloudNine/vite.config.js: Using EditorConfig core...
CloudNine/vite.config.js: Using EditorConfig core...
CloudNine/Components/VitePrint/VitePrint.jsx: {}
CloudNine/Components/VitePrint/VitePrint.jsx: {}
CloudNine/Components/VitePrint/VitePrint.jsx: Using EditorConfig core...
CloudNine/Components/VitePrint/HotBuild.js: {}
CloudNine/Components/VitePrint/HotBuild.js: Using EditorConfig core...
CloudNine/Components/VitePrint/HotBuild.js: Using EditorConfig core...
CloudNine/Components/VitePrint/HotBuild.js: Using EditorConfig core...
CloudNine/Components/VitePrint/VitePrint.jsx: {}
CloudNine/Components/VitePrint/VitePrint.jsx: {}
CloudNine/Components/VitePrint/VitePrint.jsx: Using EditorConfig core...
CloudNine/Components/VitePrint/HotBuild.js: {}
CloudNine/Components/VitePrint/HotBuild.js: Using EditorConfig core...
CloudNine/Components/VitePrint/HotBuild.js: Using EditorConfig core...
CloudNine/Components/VitePrint/HotBuild.js: Using EditorConfig core...
CloudNine/Components/VitePrint/HotBuild.js: Using EditorConfig core...
CloudNine/Components/VitePrint/HotBuild.js: Using EditorConfig core...
CloudNine/Components/VitePrint/HotBuild.js: Using EditorConfig core...
CloudNine/Components/VitePrint/HotBuild.js: Using EditorConfig core...
CloudNine/Components/VitePrint/HotBuild.js: Using EditorConfig core...
CloudNine/Components/VitePrint/HotBuild.js: Using EditorConfig core...
CloudNine/Components/VitePrint/HotBuild.js: Using EditorConfig core...
CloudNine/package.json: {}
CloudNine/Components/VitePrint/HotBuild.js: {}
CloudNine/Components/VitePrint/HotBuild.js: Using EditorConfig core...
CloudNine/Components/VitePrint/HotBuild.js: Using EditorConfig core...
CloudNine/Components/VitePrint/HotBuild.js: Using EditorConfig core...
CloudNine/Components/VitePrint/HotBuild.js: Using EditorConfig core...
CloudNine/Components/VitePrint/HotBuild.js: Using EditorConfig core...
CloudNine/Components/VitePrint/HotBuild.js: Using EditorConfig core...
CloudNine/Components/VitePrint/HotBuild.js: Using EditorConfig core...
CloudNine/Components/VitePrint/HotBuild.js: Using EditorConfig core...
CloudNine/Components/VitePrint/HotBuild.js: Using EditorConfig core...
CloudNine/Components/VitePrint/HotBuild.js: Using EditorConfig core...
CloudNine/Components/VitePrint/HotBuild.js: Using EditorConfig core...
CloudNine/Components/VitePrint/HotBuild.js: Using EditorConfig core...
CloudNine/Components/VitePrint/HotBuild.js: Using EditorConfig core...
CloudNine/Components/VitePrint/HotBuild.js: Using EditorConfig core...
CloudNine/Components/VitePrint/HotBuild.js: Using EditorConfig core...
CloudNine/Components/VitePrint/HotBuild.js: Using EditorConfig core...
CloudNine/Components/VitePrint/HotBuild.js: Using EditorConfig core...
CloudNine/Components/VitePrint/HotBuild.js: Using EditorConfig core...
CloudNine/Components/VitePrint/HotBuild.js: Using EditorConfig core...
CloudNine/Components/VitePrint/HotBuild.js: Using EditorConfig core...
CloudNine/Components/VitePrint/HotBuild.js: Using EditorConfig core...
CloudNine/Components/VitePrint/HotBuild.js: Using EditorConfig core...
CloudNine/Components/VitePrint/HotBuild.js: Using EditorConfig core...
CloudNine/Components/VitePrint/HotBuild.js: Using EditorConfig core...
CloudNine/Components/VitePrint/HotBuild.js: Using EditorConfig core...
CloudNine/Components/VitePrint/HotBuild.js: Using EditorConfig core...
CloudNine/Components/VitePrint/HotBuild.js: Using EditorConfig core...
CloudNine/Components/VitePrint/HotBuild.js: Using EditorConfig core...
CloudNine/Components/VitePrint/VitePrint.jsx: {}
CloudNine/Components/VitePrint/VitePrint.jsx: {}
CloudNine/Components/VitePrint/VitePrint.jsx: Using EditorConfig core...
CloudNine/Components/VitePrint/VitePrint.jsx: Using EditorConfig core...
CloudNine/Components/VitePrint/VitePrint.jsx: Using EditorConfig core...
CloudNine/Components/VitePrint/VitePrint.jsx: {}
CloudNine/Components/VitePrint/HotBuild.js: {}
CloudNine/Components/VitePrint/HotBuild.js: {}
CloudNine/node_modules/vite/dist/node/chunks/dep-9A4-l-43.js: {}
