2024-02-07 16:39:20.505 [info] Added views:workbench.panel.markers.view in workbench.panel.markers
2024-02-07 16:39:20.505 [info] Added views:workbench.panel.output in workbench.panel.output
2024-02-07 16:39:20.505 [info] Added views:terminal in terminal
2024-02-07 16:39:20.505 [info] Added views:workbench.scm in workbench.view.scm
2024-02-07 16:39:20.505 [info] Added views:workbench.view.search in workbench.view.search
2024-02-07 16:39:20.505 [info] Added views:outline in workbench.view.search
2024-02-07 16:39:20.505 [info] Added views:timeline in workbench.view.search
2024-02-07 16:39:20.505 [info] Added views:workbench.explorer.fileView in workbench.view.explorer
2024-02-07 16:39:20.877 [info] Added views:workbench.debug.variablesView,workbench.debug.watchExpressionsView,workbench.debug.callStackView,workbench.debug.breakPointsView in workbench.view.debug
2024-02-07 16:39:22.514 [info] Added views:bookmarksExplorer,bookmarksHelpAndFeedback in workbench.view.extension.bookmarks
2024-02-07 16:39:22.516 [info] Added views:projectsExplorerFavorites,projectManagerHelpAndFeedback in workbench.view.extension.project-manager
2024-02-07 16:39:22.517 [info] Added views:local-supergraph-designs,studio-graphs,studio-operations in workbench.view.extension.apollo-workbench
2024-02-07 16:39:22.517 [info] Added views:codesandbox-sign-in in workbench.view.extension.codesandbox
2024-02-07 16:39:22.518 [info] Added views:activitybar.codestream in workbench.view.extension.codestream-activitybar
2024-02-07 16:39:22.518 [info] Added views:github.cweijan.mysql in workbench.view.extension.github-cweijan-mysql
2024-02-07 16:39:22.518 [info] Added views:github.cweijan.nosql in workbench.view.extension.github-cweijan-nosql
2024-02-07 16:39:22.519 [info] Added views:workspaceEnvironments,pythonEnvironments in workbench.view.extension.package-explorer
2024-02-07 16:39:22.519 [info] Added views:gitlens.views.home,gitlens.views.drafts,gitlens.views.workspaces,gitlens.views.account in workbench.view.extension.vscode-edge-devtools-view
2024-02-07 16:39:22.521 [info] Added views:gitlens.views.commitDetails,gitlens.views.lineHistory,gitlens.views.fileHistory,gitlens.views.searchAndCompare in workbench.view.extension.gitlensInspect
2024-02-07 16:39:22.522 [info] Added views:gitlens.views.repositories,gitlens.views.commits,gitlens.views.branches,gitlens.views.remotes,gitlens.views.stashes,gitlens.views.tags,gitlens.views.contributors in workbench.view.scm
2024-02-07 16:39:22.522 [info] Added views:snippetExplorer,snippetScopeExplorer in workbench.view.extension.snippet-explorer
2024-02-07 16:39:22.522 [info] Added views:KalimahApps.tailwindcss-config-viewer in workbench.view.extension.tailwind-config-viewer
2024-02-07 16:39:22.523 [info] Added views:checkpointsTreeViewExplorer in workbench.view.search
2024-02-07 16:39:22.524 [info] Added views:vscode-edge-devtools-view.targets,vscode-edge-devtools-view.help-links in workbench.view.extension.vscode-edge-devtools-view
2024-02-07 16:39:22.526 [info] Added views:remoteTargets in workbench.view.remote
2024-02-07 16:39:22.526 [info] Added views:liveshare.session in workbench.view.extension.liveshare
2024-02-07 16:39:22.527 [info] Added views:explorerExclude.pane.items in workbench.view.search
2024-02-07 16:39:22.527 [info] Added views:thunder-client-sidebar in workbench.view.extension.thunder-client
2024-02-07 16:39:22.527 [info] Added views:terminal-manager in workbench.view.extension.terminal-manager
2024-02-07 16:39:22.528 [info] Added views:vscode-spotify-playlists,vscode-spotify-tracks in workbench.view.extension.vscode-spotify
2024-02-07 16:39:22.529 [info] Added views:gistpad.gists,gistpad.repos in workbench.view.extension.gistpad
2024-02-07 16:39:22.530 [info] Added views:jsonOutline in workbench.view.extension.json-views
2024-02-07 16:39:23.019 [info] Added views:workbench.panel.repl.view in workbench.panel.repl
2024-02-07 16:39:26.183 [info] Added views:~remote.forwardedPorts in ~remote.forwardedPortsContainer
2024-02-07 16:39:30.677 [info] Added views:treeLocalHistoryExplorer in workbench.view.search
2024-02-07 16:39:32.166 [info] Added views:workbench.scm.repositories in workbench.view.scm
2024-02-07 16:39:37.774 [info] Added views:projectsExplorerGit in workbench.view.extension.project-manager
2024-02-07 16:39:39.391 [info] Added views:workbench.panel.comments in workbench.panel.comments
2024-02-07 16:39:40.380 [info] Added views:gitlens.views.graph,gitlens.views.graphDetails in workbench.view.extension.gitlensPanel
2024-02-07 16:39:40.381 [info] Added views:gitlens.views.timeline in workbench.view.extension.gitlensInspect
2024-02-07 16:39:40.383 [info] Added views:gitlens.views.worktrees in workbench.view.scm
2024-02-07 16:39:41.652 [info] Added views:tabnine.loading in workbench.view.extension.tabnine
2024-02-07 16:39:43.967 [info] Removed views:tabnine.loading from workbench.view.extension.tabnine
2024-02-07 16:39:43.970 [info] Added views:tabnine.chat in workbench.view.extension.tabnine
2024-02-07 19:30:45.954 [info] Removed views:tabnine.chat from workbench.view.extension.tabnine
2024-02-07 19:30:45.955 [info] Added views:tabnine.chat.welcome in workbench.view.extension.tabnine
2024-02-07 19:30:51.828 [info] Removed views:tabnine.chat.welcome from workbench.view.extension.tabnine
2024-02-07 19:30:51.828 [info] Added views:tabnine.chat in workbench.view.extension.tabnine
2024-02-07 19:39:39.040 [info] Added views:workbench.views.extensions.installed,workbench.views.extensions.popular,extensions.recommendedList in workbench.view.extensions
2024-02-07 19:39:39.045 [info] Removed views:workbench.views.extensions.popular from workbench.view.extensions
2024-02-07 19:39:41.612 [info] Removed views:extensions.recommendedList,workbench.views.extensions.installed from workbench.view.extensions
2024-02-07 19:39:41.639 [info] Added views:workbench.views.extensions.marketplace in workbench.view.extensions
2024-02-07 19:40:14.332 [info] Removed views:workbench.scm.repositories from workbench.view.scm
2024-02-07 19:40:15.187 [info] Added views:workbench.panel.markers.view in workbench.panel.markers
2024-02-07 19:40:15.187 [info] Added views:workbench.panel.output in workbench.panel.output
2024-02-07 19:40:15.187 [info] Added views:terminal in terminal
2024-02-07 19:40:15.187 [info] Added views:workbench.scm in workbench.view.scm
2024-02-07 19:40:15.187 [info] Added views:workbench.view.search in workbench.view.search
2024-02-07 19:40:15.187 [info] Added views:outline in workbench.view.search
2024-02-07 19:40:15.187 [info] Added views:timeline in workbench.view.search
2024-02-07 19:40:15.187 [info] Added views:workbench.explorer.fileView in workbench.view.explorer
2024-02-07 19:40:15.416 [info] Added views:workbench.debug.variablesView,workbench.debug.watchExpressionsView,workbench.debug.callStackView,workbench.debug.breakPointsView in workbench.view.debug
2024-02-07 19:40:15.865 [info] Added views:bookmarksExplorer,bookmarksHelpAndFeedback in workbench.view.extension.bookmarks
2024-02-07 19:40:15.865 [info] Added views:projectsExplorerFavorites,projectManagerHelpAndFeedback in workbench.view.extension.project-manager
2024-02-07 19:40:15.866 [info] Added views:local-supergraph-designs,studio-graphs,studio-operations in workbench.view.extension.apollo-workbench
2024-02-07 19:40:15.866 [info] Added views:codesandbox-sign-in in workbench.view.extension.codesandbox
2024-02-07 19:40:15.867 [info] Added views:activitybar.codestream in workbench.view.extension.codestream-activitybar
2024-02-07 19:40:15.867 [info] Added views:github.cweijan.mysql in workbench.view.extension.github-cweijan-mysql
2024-02-07 19:40:15.867 [info] Added views:github.cweijan.nosql in workbench.view.extension.github-cweijan-nosql
2024-02-07 19:40:15.868 [info] Added views:workspaceEnvironments,pythonEnvironments in workbench.view.extension.package-explorer
2024-02-07 19:40:15.868 [info] Added views:gitlens.views.home,gitlens.views.drafts,gitlens.views.workspaces,gitlens.views.account in workbench.view.extension.vscode-edge-devtools-view
2024-02-07 19:40:15.873 [info] Added views:gitlens.views.commitDetails,gitlens.views.lineHistory,gitlens.views.fileHistory,gitlens.views.searchAndCompare in workbench.view.extension.gitlensInspect
2024-02-07 19:40:15.874 [info] Added views:gitlens.views.repositories,gitlens.views.commits,gitlens.views.branches,gitlens.views.remotes,gitlens.views.stashes,gitlens.views.tags,gitlens.views.contributors in workbench.view.scm
2024-02-07 19:40:15.874 [info] Added views:snippetExplorer,snippetScopeExplorer in workbench.view.extension.snippet-explorer
2024-02-07 19:40:15.875 [info] Added views:KalimahApps.tailwindcss-config-viewer in workbench.view.extension.tailwind-config-viewer
2024-02-07 19:40:15.875 [info] Added views:checkpointsTreeViewExplorer in workbench.view.search
2024-02-07 19:40:15.876 [info] Added views:vscode-edge-devtools-view.targets,vscode-edge-devtools-view.help-links in workbench.view.extension.vscode-edge-devtools-view
2024-02-07 19:40:15.877 [info] Added views:remoteTargets in workbench.view.remote
2024-02-07 19:40:15.877 [info] Added views:liveshare.session in workbench.view.extension.liveshare
2024-02-07 19:40:15.878 [info] Added views:thunder-client-sidebar in workbench.view.extension.thunder-client
2024-02-07 19:40:15.878 [info] Added views:terminal-manager in workbench.view.extension.terminal-manager
2024-02-07 19:40:15.878 [info] Added views:vscode-spotify-playlists,vscode-spotify-tracks in workbench.view.extension.vscode-spotify
2024-02-07 19:40:15.879 [info] Added views:gistpad.gists,gistpad.repos in workbench.view.extension.gistpad
2024-02-07 19:40:15.879 [info] Added views:jsonOutline in workbench.view.extension.json-views
2024-02-07 19:40:16.330 [info] Added views:workbench.panel.repl.view in workbench.panel.repl
2024-02-07 19:40:18.251 [info] Added views:~remote.forwardedPorts in ~remote.forwardedPortsContainer
2024-02-07 19:40:21.488 [info] Added views:workbench.views.extensions.installed,extensions.recommendedList in workbench.view.extensions
2024-02-07 19:40:22.123 [info] Added views:treeLocalHistoryExplorer in workbench.view.search
2024-02-07 19:40:24.028 [info] Added views:workbench.scm.repositories in workbench.view.scm
2024-02-07 19:40:29.301 [info] Added views:projectsExplorerGit in workbench.view.extension.project-manager
2024-02-07 19:40:31.016 [info] Added views:workbench.panel.comments in workbench.panel.comments
2024-02-07 19:40:31.895 [info] Added views:gitlens.views.graph,gitlens.views.graphDetails in workbench.view.extension.gitlensPanel
2024-02-07 19:40:31.897 [info] Added views:gitlens.views.timeline in workbench.view.extension.gitlensInspect
2024-02-07 19:40:31.900 [info] Added views:gitlens.views.worktrees in workbench.view.scm
2024-02-07 19:40:35.216 [info] Added views:tabnine.loading in workbench.view.extension.tabnine
2024-02-07 19:40:41.844 [info] Removed views:tabnine.loading from workbench.view.extension.tabnine
2024-02-07 19:40:41.846 [info] Added views:tabnine.chat in workbench.view.extension.tabnine
2024-02-07 19:42:06.221 [info] Removed views:extensions.recommendedList,workbench.views.extensions.installed from workbench.view.extensions
2024-02-07 19:42:06.254 [info] Added views:workbench.views.extensions.marketplace in workbench.view.extensions
2024-02-07 19:42:25.848 [info] Removed views:workbench.scm.repositories from workbench.view.scm
2024-02-07 19:42:26.604 [info] Added views:workbench.panel.markers.view in workbench.panel.markers
2024-02-07 19:42:26.604 [info] Added views:workbench.panel.output in workbench.panel.output
2024-02-07 19:42:26.604 [info] Added views:terminal in terminal
2024-02-07 19:42:26.604 [info] Added views:workbench.scm in workbench.view.scm
2024-02-07 19:42:26.604 [info] Added views:workbench.view.search in workbench.view.search
2024-02-07 19:42:26.604 [info] Added views:outline in workbench.view.search
2024-02-07 19:42:26.604 [info] Added views:timeline in workbench.view.search
2024-02-07 19:42:26.604 [info] Added views:workbench.explorer.fileView in workbench.view.explorer
2024-02-07 19:42:26.920 [info] Added views:workbench.debug.variablesView,workbench.debug.watchExpressionsView,workbench.debug.callStackView,workbench.debug.breakPointsView in workbench.view.debug
2024-02-07 19:42:27.276 [info] Added views:bookmarksExplorer,bookmarksHelpAndFeedback in workbench.view.extension.bookmarks
2024-02-07 19:42:27.277 [info] Added views:projectsExplorerFavorites,projectManagerHelpAndFeedback in workbench.view.extension.project-manager
2024-02-07 19:42:27.277 [info] Added views:local-supergraph-designs,studio-graphs,studio-operations in workbench.view.extension.apollo-workbench
2024-02-07 19:42:27.278 [info] Added views:codesandbox-sign-in in workbench.view.extension.codesandbox
2024-02-07 19:42:27.279 [info] Added views:activitybar.codestream in workbench.view.extension.codestream-activitybar
2024-02-07 19:42:27.279 [info] Added views:github.cweijan.mysql in workbench.view.extension.github-cweijan-mysql
2024-02-07 19:42:27.279 [info] Added views:github.cweijan.nosql in workbench.view.extension.github-cweijan-nosql
2024-02-07 19:42:27.279 [info] Added views:workspaceEnvironments,pythonEnvironments in workbench.view.extension.package-explorer
2024-02-07 19:42:27.280 [info] Added views:gitlens.views.home,gitlens.views.drafts,gitlens.views.workspaces,gitlens.views.account in workbench.view.extension.vscode-edge-devtools-view
2024-02-07 19:42:27.281 [info] Added views:gitlens.views.commitDetails,gitlens.views.lineHistory,gitlens.views.fileHistory,gitlens.views.searchAndCompare in workbench.view.extension.gitlensInspect
2024-02-07 19:42:27.282 [info] Added views:gitlens.views.repositories,gitlens.views.commits,gitlens.views.branches,gitlens.views.remotes,gitlens.views.stashes,gitlens.views.tags,gitlens.views.contributors in workbench.view.scm
2024-02-07 19:42:27.282 [info] Added views:snippetExplorer,snippetScopeExplorer in workbench.view.extension.snippet-explorer
2024-02-07 19:42:27.283 [info] Added views:KalimahApps.tailwindcss-config-viewer in workbench.view.extension.tailwind-config-viewer
2024-02-07 19:42:27.283 [info] Added views:checkpointsTreeViewExplorer in workbench.view.search
2024-02-07 19:42:27.284 [info] Added views:vscode-edge-devtools-view.targets,vscode-edge-devtools-view.help-links in workbench.view.extension.vscode-edge-devtools-view
2024-02-07 19:42:27.285 [info] Added views:remoteTargets in workbench.view.remote
2024-02-07 19:42:27.285 [info] Added views:liveshare.session in workbench.view.extension.liveshare
2024-02-07 19:42:27.285 [info] Added views:thunder-client-sidebar in workbench.view.extension.thunder-client
2024-02-07 19:42:27.285 [info] Added views:terminal-manager in workbench.view.extension.terminal-manager
2024-02-07 19:42:27.286 [info] Added views:vscode-spotify-playlists,vscode-spotify-tracks in workbench.view.extension.vscode-spotify
2024-02-07 19:42:27.287 [info] Added views:gistpad.gists,gistpad.repos in workbench.view.extension.gistpad
2024-02-07 19:42:27.287 [info] Added views:jsonOutline in workbench.view.extension.json-views
2024-02-07 19:42:27.746 [info] Added views:workbench.panel.repl.view in workbench.panel.repl
2024-02-07 19:42:33.037 [info] Added views:~remote.forwardedPorts in ~remote.forwardedPortsContainer
2024-02-07 19:42:33.233 [info] Added views:treeLocalHistoryExplorer in workbench.view.search
2024-02-07 19:42:35.273 [info] Added views:workbench.scm.repositories in workbench.view.scm
2024-02-07 19:42:41.969 [info] Added views:projectsExplorerGit in workbench.view.extension.project-manager
2024-02-07 19:42:42.915 [info] Added views:workbench.panel.comments in workbench.panel.comments
2024-02-07 19:42:44.474 [info] Added views:gitlens.views.graph,gitlens.views.graphDetails in workbench.view.extension.gitlensPanel
2024-02-07 19:42:44.477 [info] Added views:gitlens.views.timeline in workbench.view.extension.gitlensInspect
2024-02-07 19:42:44.481 [info] Added views:gitlens.views.worktrees in workbench.view.scm
2024-02-07 19:42:46.037 [info] Added views:tabnine.loading in workbench.view.extension.tabnine
2024-02-07 19:42:48.685 [info] Removed views:tabnine.loading from workbench.view.extension.tabnine
2024-02-07 19:42:48.686 [info] Added views:tabnine.chat in workbench.view.extension.tabnine
