2024-02-07 16:39:31.946 [info] Starting TS Server undefined
2024-02-07 16:39:31.946 [info] Using tsserver from: /home/god/.vscode-insiders/extensions/ms-vscode.vscode-typescript-next-5.4.20240206/node_modules/typescript/lib/tsserver.js undefined
2024-02-07 16:39:31.946 [info] <syntax> Forking...
2024-02-07 16:39:31.947 [info] <syntax> Starting...
2024-02-07 16:39:31.947 [info] <semantic> Forking...
2024-02-07 16:39:31.947 [info] <semantic> Starting...
2024-02-07 19:40:14.495 [error] TSServer exited. Code: null. Signal: SIGTERM
2024-02-07 19:40:14.495 [info] Starting TS Server undefined
2024-02-07 19:40:14.495 [info] Not starting server: disposed undefined
2024-02-07 19:40:22.917 [info] Starting TS Server undefined
2024-02-07 19:40:22.917 [info] Using tsserver from: /home/god/.vscode-insiders/extensions/ms-vscode.vscode-typescript-next-5.4.20240206/node_modules/typescript/lib/tsserver.js undefined
2024-02-07 19:40:22.917 [info] <syntax> Forking...
2024-02-07 19:40:22.917 [info] <syntax> Starting...
2024-02-07 19:40:22.917 [info] <semantic> Forking...
2024-02-07 19:40:22.917 [info] <semantic> Starting...
2024-02-07 19:42:25.941 [error] TSServer exited. Code: null. Signal: SIGTERM
2024-02-07 19:42:25.941 [info] Starting TS Server undefined
2024-02-07 19:42:25.941 [info] Not starting server: disposed undefined
2024-02-07 19:42:33.886 [info] Starting TS Server undefined
2024-02-07 19:42:33.886 [info] Using tsserver from: /home/god/.vscode-insiders/extensions/ms-vscode.vscode-typescript-next-5.4.20240206/node_modules/typescript/lib/tsserver.js undefined
2024-02-07 19:42:33.886 [info] <syntax> Forking...
2024-02-07 19:42:33.886 [info] <syntax> Starting...
2024-02-07 19:42:33.886 [info] <semantic> Forking...
2024-02-07 19:42:33.886 [info] <semantic> Starting...
