2024-02-08 16:22:09.878 [info] Reading sessions from keychain...
2024-02-08 16:22:09.878 [info] Getting sessions for all scopes...
2024-02-08 16:22:09.878 [info] Getting sessions for user:email...
2024-02-08 16:22:09.878 [info] Got stored sessions!
2024-02-08 16:22:09.878 [info] Got 3 verified sessions.
2024-02-08 16:22:09.878 [info] Got 3 sessions for ...
2024-02-08 16:22:09.878 [info] Got 1 sessions for user:email...
2024-02-08 16:22:09.878 [info] Getting sessions for all scopes...
2024-02-08 16:22:09.878 [info] Got 3 sessions for ...
2024-02-08 16:22:09.878 [info] Getting sessions for user:email...
2024-02-08 16:22:09.878 [info] Got 1 sessions for user:email...
2024-02-08 16:22:12.767 [info] Getting sessions for all scopes...
2024-02-08 16:22:12.767 [info] Got 3 sessions for ...
2024-02-08 16:22:12.769 [info] Getting sessions for all scopes...
2024-02-08 16:22:12.769 [info] Got 3 sessions for ...
2024-02-08 16:22:13.476 [info] Getting sessions for gist,repo...
2024-02-08 16:22:13.476 [info] Got 1 sessions for gist,repo...
2024-02-08 16:22:16.017 [info] Getting sessions for read:user,repo,user:email,workflow...
2024-02-08 16:22:16.017 [info] Got 1 sessions for read:user,repo,user:email,workflow...
2024-02-08 16:22:16.019 [info] Getting sessions for all scopes...
2024-02-08 16:22:16.019 [info] Got 3 sessions for ...
2024-02-08 16:22:17.857 [info] Getting sessions for read:user,repo,user:email,workflow...
2024-02-08 16:22:17.858 [info] Got 1 sessions for read:user,repo,user:email,workflow...
2024-02-08 16:22:17.858 [info] Getting sessions for read:user,repo,user:email,workflow...
2024-02-08 16:22:17.858 [info] Got 1 sessions for read:user,repo,user:email,workflow...
2024-02-08 16:22:18.239 [info] Getting sessions for read:user,repo,user:email,workflow...
2024-02-08 16:22:18.239 [info] Got 1 sessions for read:user,repo,user:email,workflow...
2024-02-08 16:22:23.314 [info] Getting sessions for read:user,repo,user:email,workflow...
2024-02-08 16:22:23.314 [info] Got 1 sessions for read:user,repo,user:email,workflow...
2024-02-08 16:22:23.626 [info] Getting sessions for read:user,repo,user:email...
2024-02-08 16:22:23.626 [info] Got 0 sessions for read:user,repo,user:email...
2024-02-08 16:22:23.893 [info] Getting sessions for read:user,repo,user:email,workflow...
2024-02-08 16:22:23.893 [info] Got 1 sessions for read:user,repo,user:email,workflow...
2024-02-08 16:22:24.642 [info] Getting sessions for read:user,repo,user:email,workflow...
2024-02-08 16:22:24.642 [info] Got 1 sessions for read:user,repo,user:email,workflow...
2024-02-08 16:22:25.645 [info] Getting sessions for read:user,repo,user:email,workflow...
2024-02-08 16:22:25.645 [info] Got 1 sessions for read:user,repo,user:email,workflow...
2024-02-08 16:22:27.052 [info] Getting sessions for read:user,repo,user:email,workflow...
2024-02-08 16:22:27.052 [info] Got 1 sessions for read:user,repo,user:email,workflow...
2024-02-08 16:22:27.599 [info] Getting sessions for read:user,repo,user:email,workflow...
2024-02-08 16:22:27.599 [info] Got 1 sessions for read:user,repo,user:email,workflow...
2024-02-08 16:22:28.047 [info] Getting sessions for read:user,repo,user:email,workflow...
2024-02-08 16:22:28.047 [info] Got 1 sessions for read:user,repo,user:email,workflow...
2024-02-08 16:22:34.332 [info] Getting sessions for read:user,repo,user:email,workflow...
2024-02-08 16:22:34.332 [info] Got 1 sessions for read:user,repo,user:email,workflow...
2024-02-08 16:22:36.981 [info] Getting sessions for read:user,repo,user:email,workflow...
2024-02-08 16:22:36.981 [info] Got 1 sessions for read:user,repo,user:email,workflow...
2024-02-08 16:23:56.044 [info] Reading sessions from keychain...
2024-02-08 16:23:56.044 [info] Getting sessions for all scopes...
2024-02-08 16:23:56.044 [info] Getting sessions for user:email...
2024-02-08 16:23:56.044 [info] Got stored sessions!
2024-02-08 16:23:56.044 [info] Got 3 verified sessions.
2024-02-08 16:23:56.044 [info] Got 3 sessions for ...
2024-02-08 16:23:56.044 [info] Got 1 sessions for user:email...
2024-02-08 16:23:56.044 [info] Getting sessions for all scopes...
2024-02-08 16:23:56.044 [info] Got 3 sessions for ...
2024-02-08 16:23:56.044 [info] Getting sessions for all scopes...
2024-02-08 16:23:56.044 [info] Got 3 sessions for ...
2024-02-08 16:23:56.085 [info] Getting sessions for user:email...
2024-02-08 16:23:56.086 [info] Got 1 sessions for user:email...
2024-02-08 16:23:57.430 [info] Getting sessions for read:user,repo,user:email,workflow...
2024-02-08 16:23:57.430 [info] Got 1 sessions for read:user,repo,user:email,workflow...
2024-02-08 16:23:58.498 [info] Getting sessions for read:user,repo,user:email,workflow...
2024-02-08 16:23:58.498 [info] Got 1 sessions for read:user,repo,user:email,workflow...
2024-02-08 16:24:00.498 [info] Getting sessions for read:user,repo,user:email,workflow...
2024-02-08 16:24:00.498 [info] Got 1 sessions for read:user,repo,user:email,workflow...
2024-02-08 16:24:03.086 [info] Getting sessions for all scopes...
2024-02-08 16:24:03.086 [info] Got 3 sessions for ...
2024-02-08 16:24:03.088 [info] Getting sessions for all scopes...
2024-02-08 16:24:03.088 [info] Got 3 sessions for ...
2024-02-08 16:24:03.458 [info] Getting sessions for gist,repo...
2024-02-08 16:24:03.458 [info] Got 1 sessions for gist,repo...
2024-02-08 16:24:04.863 [info] Getting sessions for read:user,repo,user:email,workflow...
2024-02-08 16:24:04.863 [info] Got 1 sessions for read:user,repo,user:email,workflow...
2024-02-08 16:24:04.927 [info] Getting sessions for all scopes...
2024-02-08 16:24:04.928 [info] Got 3 sessions for ...
2024-02-08 16:24:05.689 [info] Getting sessions for read:user,repo,user:email,workflow...
2024-02-08 16:24:05.689 [info] Got 1 sessions for read:user,repo,user:email,workflow...
2024-02-08 16:24:06.609 [info] Getting sessions for read:user,repo,user:email...
2024-02-08 16:24:06.609 [info] Got 0 sessions for read:user,repo,user:email...
2024-02-08 16:24:06.762 [info] Getting sessions for read:user,repo,user:email,workflow...
2024-02-08 16:24:06.762 [info] Got 1 sessions for read:user,repo,user:email,workflow...
2024-02-08 16:24:07.321 [info] Getting sessions for read:user,repo,user:email,workflow...
2024-02-08 16:24:07.321 [info] Got 1 sessions for read:user,repo,user:email,workflow...
2024-02-08 16:24:07.732 [info] Getting sessions for read:user,repo,user:email,workflow...
2024-02-08 16:24:07.732 [info] Got 1 sessions for read:user,repo,user:email,workflow...
2024-02-08 16:24:16.891 [info] Getting sessions for read:user,repo,user:email,workflow...
2024-02-08 16:24:16.891 [info] Got 1 sessions for read:user,repo,user:email,workflow...
2024-02-08 16:24:18.956 [info] Getting sessions for read:user,repo,user:email,workflow...
2024-02-08 16:24:18.956 [info] Got 1 sessions for read:user,repo,user:email,workflow...
