2024-02-08 16:21:48.243 [error] [/home/god/.vscode-insiders/extensions/ms-vscode-remote.remote-ssh-0.107.1]: Extension is not compatible with Code 1.82.0-insider. Extension requires: ^1.84.0-insider.
2024-02-08 16:21:48.245 [error] [/home/god/.vscode-insiders/extensions/github.vscode-pull-request-github-0.78.1]: Extension is not compatible with Code 1.82.0-insider. Extension requires: ^1.85.0.
2024-02-08 16:21:48.275 [error] [/home/god/.vscode-insiders/extensions/github.vscode-pull-request-github-0.78.1]: Extension is not compatible with Code 1.82.0-insider. Extension requires: ^1.85.0.
2024-02-08 16:21:48.276 [error] [/home/god/.vscode-insiders/extensions/ms-vscode-remote.remote-ssh-0.107.1]: Extension is not compatible with Code 1.82.0-insider. Extension requires: ^1.84.0-insider.
2024-02-08 16:21:48.416 [error] [/home/god/.vscode-insiders/extensions/ms-vscode-remote.remote-ssh-0.107.1]: Extension is not compatible with Code 1.82.0-insider. Extension requires: ^1.84.0-insider.
2024-02-08 16:21:48.417 [error] [/home/god/.vscode-insiders/extensions/github.vscode-pull-request-github-0.78.1]: Extension is not compatible with Code 1.82.0-insider. Extension requires: ^1.85.0.
2024-02-08 16:21:49.002 [error] [/home/god/.vscode-insiders/extensions/ms-vscode-remote.remote-ssh-0.107.1]: Extension is not compatible with Code 1.82.0-insider. Extension requires: ^1.84.0-insider.
2024-02-08 16:21:49.008 [error] [/home/god/.vscode-insiders/extensions/github.vscode-pull-request-github-0.78.1]: Extension is not compatible with Code 1.82.0-insider. Extension requires: ^1.85.0.
2024-02-08 16:21:49.084 [error] [/home/god/.vscode-insiders/extensions/github.vscode-pull-request-github-0.78.1]: Extension is not compatible with Code 1.82.0-insider. Extension requires: ^1.85.0.
2024-02-08 16:21:49.086 [error] [/home/god/.vscode-insiders/extensions/ms-vscode-remote.remote-ssh-0.107.1]: Extension is not compatible with Code 1.82.0-insider. Extension requires: ^1.84.0-insider.
2024-02-08 16:21:49.289 [info] Deleted uninstalled extension from disk chrisbibby.hide-node-modules /home/god/.vscode-insiders/extensions/chrisbibby.hide-node-modules-1.1.7
2024-02-08 16:21:49.293 [info] Deleted uninstalled extension from disk codestream.codestream /home/god/.vscode-insiders/extensions/codestream.codestream-15.1.1
2024-02-08 16:21:49.326 [error] [/home/god/.vscode-insiders/extensions/ms-vscode-remote.remote-ssh-0.107.1]: Extension is not compatible with Code 1.82.0-insider. Extension requires: ^1.84.0-insider.
2024-02-08 16:21:49.329 [error] [/home/god/.vscode-insiders/extensions/github.vscode-pull-request-github-0.78.1]: Extension is not compatible with Code 1.82.0-insider. Extension requires: ^1.85.0.
2024-02-08 16:21:49.441 [error] [/home/god/.vscode-insiders/extensions/ms-vscode-remote.remote-ssh-0.107.1]: Extension is not compatible with Code 1.82.0-insider. Extension requires: ^1.84.0-insider.
2024-02-08 16:21:49.444 [error] [/home/god/.vscode-insiders/extensions/github.vscode-pull-request-github-0.78.1]: Extension is not compatible with Code 1.82.0-insider. Extension requires: ^1.85.0.
2024-02-08 16:21:49.709 [error] [/home/god/.vscode-insiders/extensions/ms-vscode-remote.remote-ssh-0.107.1]: Extension is not compatible with Code 1.82.0-insider. Extension requires: ^1.84.0-insider.
2024-02-08 16:21:49.713 [error] [/home/god/.vscode-insiders/extensions/github.vscode-pull-request-github-0.78.1]: Extension is not compatible with Code 1.82.0-insider. Extension requires: ^1.85.0.
2024-02-08 16:21:50.133 [error] [/home/god/.vscode-insiders/extensions/ms-vscode-remote.remote-ssh-0.107.1]: Extension is not compatible with Code 1.82.0-insider. Extension requires: ^1.84.0-insider.
2024-02-08 16:21:50.134 [error] [/home/god/.vscode-insiders/extensions/github.vscode-pull-request-github-0.78.1]: Extension is not compatible with Code 1.82.0-insider. Extension requires: ^1.85.0.
2024-02-08 16:21:51.010 [error] [/home/god/.vscode-insiders/extensions/github.vscode-pull-request-github-0.78.1]: Extension is not compatible with Code 1.82.0-insider. Extension requires: ^1.85.0.
2024-02-08 16:21:51.010 [error] [/home/god/.vscode-insiders/extensions/ms-vscode-remote.remote-ssh-0.107.1]: Extension is not compatible with Code 1.82.0-insider. Extension requires: ^1.84.0-insider.
2024-02-08 16:21:51.605 [error] [/home/god/.vscode-insiders/extensions/ms-vscode-remote.remote-ssh-0.107.1]: Extension is not compatible with Code 1.82.0-insider. Extension requires: ^1.84.0-insider.
2024-02-08 16:21:51.606 [error] [/home/god/.vscode-insiders/extensions/github.vscode-pull-request-github-0.78.1]: Extension is not compatible with Code 1.82.0-insider. Extension requires: ^1.85.0.
2024-02-08 16:21:52.160 [error] [/home/god/.vscode-insiders/extensions/ms-vscode-remote.remote-ssh-0.107.1]: Extension is not compatible with Code 1.82.0-insider. Extension requires: ^1.84.0-insider.
2024-02-08 16:21:52.163 [error] [/home/god/.vscode-insiders/extensions/github.vscode-pull-request-github-0.78.1]: Extension is not compatible with Code 1.82.0-insider. Extension requires: ^1.85.0.
2024-02-08 16:21:52.437 [error] [/home/god/.vscode-insiders/extensions/ms-vscode-remote.remote-ssh-0.107.1]: Extension is not compatible with Code 1.82.0-insider. Extension requires: ^1.84.0-insider.
2024-02-08 16:21:52.438 [error] [/home/god/.vscode-insiders/extensions/github.vscode-pull-request-github-0.78.1]: Extension is not compatible with Code 1.82.0-insider. Extension requires: ^1.85.0.
2024-02-08 16:21:53.044 [error] [/home/god/.vscode-insiders/extensions/ms-vscode-remote.remote-ssh-0.107.1]: Extension is not compatible with Code 1.82.0-insider. Extension requires: ^1.84.0-insider.
2024-02-08 16:21:53.047 [error] [/home/god/.vscode-insiders/extensions/github.vscode-pull-request-github-0.78.1]: Extension is not compatible with Code 1.82.0-insider. Extension requires: ^1.85.0.
2024-02-08 16:21:53.693 [error] [/home/god/.vscode-insiders/extensions/ms-vscode-remote.remote-ssh-0.107.1]: Extension is not compatible with Code 1.82.0-insider. Extension requires: ^1.84.0-insider.
2024-02-08 16:21:53.694 [error] [/home/god/.vscode-insiders/extensions/github.vscode-pull-request-github-0.78.1]: Extension is not compatible with Code 1.82.0-insider. Extension requires: ^1.85.0.
2024-02-08 16:21:53.739 [error] [/home/god/.vscode-insiders/extensions/ms-vscode-remote.remote-ssh-0.107.1]: Extension is not compatible with Code 1.82.0-insider. Extension requires: ^1.84.0-insider.
2024-02-08 16:21:53.741 [error] [/home/god/.vscode-insiders/extensions/github.vscode-pull-request-github-0.78.1]: Extension is not compatible with Code 1.82.0-insider. Extension requires: ^1.85.0.
2024-02-08 16:21:54.502 [error] [/home/god/.vscode-insiders/extensions/ms-vscode-remote.remote-ssh-0.107.1]: Extension is not compatible with Code 1.82.0-insider. Extension requires: ^1.84.0-insider.
2024-02-08 16:21:54.506 [error] [/home/god/.vscode-insiders/extensions/github.vscode-pull-request-github-0.78.1]: Extension is not compatible with Code 1.82.0-insider. Extension requires: ^1.85.0.
2024-02-08 16:21:55.044 [error] [/home/god/.vscode-insiders/extensions/ms-vscode-remote.remote-ssh-0.107.1]: Extension is not compatible with Code 1.82.0-insider. Extension requires: ^1.84.0-insider.
2024-02-08 16:21:55.047 [error] [/home/god/.vscode-insiders/extensions/github.vscode-pull-request-github-0.78.1]: Extension is not compatible with Code 1.82.0-insider. Extension requires: ^1.85.0.
2024-02-08 16:21:55.451 [error] [/home/god/.vscode-insiders/extensions/ms-vscode-remote.remote-ssh-0.107.1]: Extension is not compatible with Code 1.82.0-insider. Extension requires: ^1.84.0-insider.
2024-02-08 16:21:55.452 [error] [/home/god/.vscode-insiders/extensions/github.vscode-pull-request-github-0.78.1]: Extension is not compatible with Code 1.82.0-insider. Extension requires: ^1.85.0.
2024-02-08 16:21:57.237 [error] [/home/god/.vscode-insiders/extensions/ms-vscode-remote.remote-ssh-0.107.1]: Extension is not compatible with Code 1.82.0-insider. Extension requires: ^1.84.0-insider.
2024-02-08 16:21:57.241 [error] [/home/god/.vscode-insiders/extensions/github.vscode-pull-request-github-0.78.1]: Extension is not compatible with Code 1.82.0-insider. Extension requires: ^1.85.0.
2024-02-08 16:21:57.348 [error] [/home/god/.vscode-insiders/extensions/ms-vscode-remote.remote-ssh-0.107.1]: Extension is not compatible with Code 1.82.0-insider. Extension requires: ^1.84.0-insider.
2024-02-08 16:21:57.360 [error] [/home/god/.vscode-insiders/extensions/github.vscode-pull-request-github-0.78.1]: Extension is not compatible with Code 1.82.0-insider. Extension requires: ^1.85.0.
2024-02-08 16:22:02.862 [error] [/home/god/.vscode-insiders/extensions/ms-vscode-remote.remote-ssh-0.107.1]: Extension is not compatible with Code 1.82.0-insider. Extension requires: ^1.84.0-insider.
2024-02-08 16:22:02.867 [error] [/home/god/.vscode-insiders/extensions/github.vscode-pull-request-github-0.78.1]: Extension is not compatible with Code 1.82.0-insider. Extension requires: ^1.85.0.
2024-02-08 16:22:10.701 [info] Getting Manifest... ms-vscode.vscode-typescript-next
2024-02-08 16:22:13.375 [info] Installing extension: ms-vscode.vscode-typescript-next
2024-02-08 16:22:13.724 [error] [/home/god/.vscode-insiders/extensions/ms-vscode-remote.remote-ssh-0.107.1]: Extension is not compatible with Code 1.82.0-insider. Extension requires: ^1.84.0-insider.
2024-02-08 16:22:13.724 [error] [/home/god/.vscode-insiders/extensions/github.vscode-pull-request-github-0.78.1]: Extension is not compatible with Code 1.82.0-insider. Extension requires: ^1.85.0.
2024-02-08 16:22:14.119 [error] [/home/god/.vscode-insiders/extensions/ms-vscode-remote.remote-ssh-0.107.1]: Extension is not compatible with Code 1.82.0-insider. Extension requires: ^1.84.0-insider.
2024-02-08 16:22:14.121 [error] [/home/god/.vscode-insiders/extensions/github.vscode-pull-request-github-0.78.1]: Extension is not compatible with Code 1.82.0-insider. Extension requires: ^1.85.0.
2024-02-08 16:22:14.520 [error] [/home/god/.vscode-insiders/extensions/ms-vscode-remote.remote-ssh-0.107.1]: Extension is not compatible with Code 1.82.0-insider. Extension requires: ^1.84.0-insider.
2024-02-08 16:22:14.522 [error] [/home/god/.vscode-insiders/extensions/github.vscode-pull-request-github-0.78.1]: Extension is not compatible with Code 1.82.0-insider. Extension requires: ^1.85.0.
2024-02-08 16:22:20.791 [error] [/home/god/.vscode-insiders/extensions/ms-vscode-remote.remote-ssh-0.107.1]: Extension is not compatible with Code 1.82.0-insider. Extension requires: ^1.84.0-insider.
2024-02-08 16:22:20.793 [error] [/home/god/.vscode-insiders/extensions/github.vscode-pull-request-github-0.78.1]: Extension is not compatible with Code 1.82.0-insider. Extension requires: ^1.85.0.
2024-02-08 16:22:21.780 [error] [/home/god/.vscode-insiders/extensions/ms-vscode-remote.remote-ssh-0.107.1]: Extension is not compatible with Code 1.82.0-insider. Extension requires: ^1.84.0-insider.
2024-02-08 16:22:21.783 [error] [/home/god/.vscode-insiders/extensions/github.vscode-pull-request-github-0.78.1]: Extension is not compatible with Code 1.82.0-insider. Extension requires: ^1.85.0.
2024-02-08 16:22:25.869 [error] [/home/god/.vscode-insiders/extensions/ms-vscode-remote.remote-ssh-0.107.1]: Extension is not compatible with Code 1.82.0-insider. Extension requires: ^1.84.0-insider.
2024-02-08 16:22:25.875 [error] [/home/god/.vscode-insiders/extensions/github.vscode-pull-request-github-0.78.1]: Extension is not compatible with Code 1.82.0-insider. Extension requires: ^1.85.0.
2024-02-08 16:22:27.906 [error] [/home/god/.vscode-insiders/extensions/ms-vscode-remote.remote-ssh-0.107.1]: Extension is not compatible with Code 1.82.0-insider. Extension requires: ^1.84.0-insider.
2024-02-08 16:22:27.908 [error] [/home/god/.vscode-insiders/extensions/github.vscode-pull-request-github-0.78.1]: Extension is not compatible with Code 1.82.0-insider. Extension requires: ^1.85.0.
2024-02-08 16:22:44.044 [error] [/home/god/.vscode-insiders/extensions/ms-vscode-remote.remote-ssh-0.107.1]: Extension is not compatible with Code 1.82.0-insider. Extension requires: ^1.84.0-insider.
2024-02-08 16:22:44.055 [error] [/home/god/.vscode-insiders/extensions/github.vscode-pull-request-github-0.78.1]: Extension is not compatible with Code 1.82.0-insider. Extension requires: ^1.85.0.
2024-02-08 16:23:13.786 [warning] Extension signature verification failed with error 'EACCES': ms-vscode.vscode-typescript-next
2024-02-08 16:23:14.219 [info] Extracted extension to file:///home/god/.vscode-insiders/extensions/ms-vscode.vscode-typescript-next-5.4.20240207: ms-vscode.vscode-typescript-next
2024-02-08 16:23:14.224 [info] Renamed to /home/god/.vscode-insiders/extensions/ms-vscode.vscode-typescript-next-5.4.20240207
2024-02-08 16:23:14.226 [info] Extracting extension completed. ms-vscode.vscode-typescript-next
2024-02-08 16:23:14.247 [info] Extension installed successfully: ms-vscode.vscode-typescript-next
2024-02-08 16:23:14.252 [info] Marked extension as uninstalled ms-vscode.vscode-typescript-next-5.4.20240206
2024-02-08 16:23:14.621 [error] [/home/god/.vscode-insiders/extensions/ms-vscode-remote.remote-ssh-0.107.1]: Extension is not compatible with Code 1.82.0-insider. Extension requires: ^1.84.0-insider.
2024-02-08 16:23:14.628 [error] [/home/god/.vscode-insiders/extensions/github.vscode-pull-request-github-0.78.1]: Extension is not compatible with Code 1.82.0-insider. Extension requires: ^1.85.0.
2024-02-08 16:23:39.390 [error] [/home/god/.vscode-insiders/extensions/ms-vscode-remote.remote-ssh-0.107.1]: Extension is not compatible with Code 1.82.0-insider. Extension requires: ^1.84.0-insider.
2024-02-08 16:23:39.393 [error] [/home/god/.vscode-insiders/extensions/github.vscode-pull-request-github-0.78.1]: Extension is not compatible with Code 1.82.0-insider. Extension requires: ^1.85.0.
2024-02-08 16:23:39.465 [error] [/home/god/.vscode-insiders/extensions/ms-vscode-remote.remote-ssh-0.107.1]: Extension is not compatible with Code 1.82.0-insider. Extension requires: ^1.84.0-insider.
2024-02-08 16:23:39.470 [error] [/home/god/.vscode-insiders/extensions/github.vscode-pull-request-github-0.78.1]: Extension is not compatible with Code 1.82.0-insider. Extension requires: ^1.85.0.
2024-02-08 16:23:39.494 [error] [/home/god/.vscode-insiders/extensions/ms-vscode-remote.remote-ssh-0.107.1]: Extension is not compatible with Code 1.82.0-insider. Extension requires: ^1.84.0-insider.
2024-02-08 16:23:39.496 [error] [/home/god/.vscode-insiders/extensions/github.vscode-pull-request-github-0.78.1]: Extension is not compatible with Code 1.82.0-insider. Extension requires: ^1.85.0.
2024-02-08 16:23:41.827 [error] [/home/god/.vscode-insiders/extensions/ms-vscode-remote.remote-ssh-0.107.1]: Extension is not compatible with Code 1.82.0-insider. Extension requires: ^1.84.0-insider.
2024-02-08 16:23:41.829 [error] [/home/god/.vscode-insiders/extensions/github.vscode-pull-request-github-0.78.1]: Extension is not compatible with Code 1.82.0-insider. Extension requires: ^1.85.0.
2024-02-08 16:23:44.711 [error] [/home/god/.vscode-insiders/extensions/ms-vscode-remote.remote-ssh-0.107.1]: Extension is not compatible with Code 1.82.0-insider. Extension requires: ^1.84.0-insider.
2024-02-08 16:23:44.712 [error] [/home/god/.vscode-insiders/extensions/github.vscode-pull-request-github-0.78.1]: Extension is not compatible with Code 1.82.0-insider. Extension requires: ^1.85.0.
2024-02-08 16:23:44.776 [error] [/home/god/.vscode-insiders/extensions/ms-vscode-remote.remote-ssh-0.107.1]: Extension is not compatible with Code 1.82.0-insider. Extension requires: ^1.84.0-insider.
2024-02-08 16:23:44.777 [error] [/home/god/.vscode-insiders/extensions/github.vscode-pull-request-github-0.78.1]: Extension is not compatible with Code 1.82.0-insider. Extension requires: ^1.85.0.
2024-02-08 16:23:44.805 [error] [/home/god/.vscode-insiders/extensions/ms-vscode-remote.remote-ssh-0.107.1]: Extension is not compatible with Code 1.82.0-insider. Extension requires: ^1.84.0-insider.
2024-02-08 16:23:44.806 [error] [/home/god/.vscode-insiders/extensions/github.vscode-pull-request-github-0.78.1]: Extension is not compatible with Code 1.82.0-insider. Extension requires: ^1.85.0.
2024-02-08 16:23:45.286 [error] [/home/god/.vscode-insiders/extensions/ms-vscode-remote.remote-ssh-0.107.1]: Extension is not compatible with Code 1.82.0-insider. Extension requires: ^1.84.0-insider.
2024-02-08 16:23:45.288 [error] [/home/god/.vscode-insiders/extensions/github.vscode-pull-request-github-0.78.1]: Extension is not compatible with Code 1.82.0-insider. Extension requires: ^1.85.0.
2024-02-08 16:23:45.570 [error] [/home/god/.vscode-insiders/extensions/ms-vscode-remote.remote-ssh-0.107.1]: Extension is not compatible with Code 1.82.0-insider. Extension requires: ^1.84.0-insider.
2024-02-08 16:23:45.573 [error] [/home/god/.vscode-insiders/extensions/github.vscode-pull-request-github-0.78.1]: Extension is not compatible with Code 1.82.0-insider. Extension requires: ^1.85.0.
2024-02-08 16:23:46.337 [error] [/home/god/.vscode-insiders/extensions/ms-vscode-remote.remote-ssh-0.107.1]: Extension is not compatible with Code 1.82.0-insider. Extension requires: ^1.84.0-insider.
2024-02-08 16:23:46.339 [error] [/home/god/.vscode-insiders/extensions/github.vscode-pull-request-github-0.78.1]: Extension is not compatible with Code 1.82.0-insider. Extension requires: ^1.85.0.
2024-02-08 16:23:47.250 [error] [/home/god/.vscode-insiders/extensions/ms-vscode-remote.remote-ssh-0.107.1]: Extension is not compatible with Code 1.82.0-insider. Extension requires: ^1.84.0-insider.
2024-02-08 16:23:47.250 [error] [/home/god/.vscode-insiders/extensions/github.vscode-pull-request-github-0.78.1]: Extension is not compatible with Code 1.82.0-insider. Extension requires: ^1.85.0.
2024-02-08 16:23:47.356 [error] [/home/god/.vscode-insiders/extensions/ms-vscode-remote.remote-ssh-0.107.1]: Extension is not compatible with Code 1.82.0-insider. Extension requires: ^1.84.0-insider.
2024-02-08 16:23:47.358 [error] [/home/god/.vscode-insiders/extensions/github.vscode-pull-request-github-0.78.1]: Extension is not compatible with Code 1.82.0-insider. Extension requires: ^1.85.0.
2024-02-08 16:23:48.090 [error] [/home/god/.vscode-insiders/extensions/ms-vscode-remote.remote-ssh-0.107.1]: Extension is not compatible with Code 1.82.0-insider. Extension requires: ^1.84.0-insider.
2024-02-08 16:23:48.092 [error] [/home/god/.vscode-insiders/extensions/github.vscode-pull-request-github-0.78.1]: Extension is not compatible with Code 1.82.0-insider. Extension requires: ^1.85.0.
2024-02-08 16:23:48.530 [error] [/home/god/.vscode-insiders/extensions/ms-vscode-remote.remote-ssh-0.107.1]: Extension is not compatible with Code 1.82.0-insider. Extension requires: ^1.84.0-insider.
2024-02-08 16:23:48.531 [error] [/home/god/.vscode-insiders/extensions/github.vscode-pull-request-github-0.78.1]: Extension is not compatible with Code 1.82.0-insider. Extension requires: ^1.85.0.
2024-02-08 16:23:49.174 [error] [/home/god/.vscode-insiders/extensions/ms-vscode-remote.remote-ssh-0.107.1]: Extension is not compatible with Code 1.82.0-insider. Extension requires: ^1.84.0-insider.
2024-02-08 16:23:49.182 [error] [/home/god/.vscode-insiders/extensions/github.vscode-pull-request-github-0.78.1]: Extension is not compatible with Code 1.82.0-insider. Extension requires: ^1.85.0.
2024-02-08 16:23:49.812 [error] [/home/god/.vscode-insiders/extensions/ms-vscode-remote.remote-ssh-0.107.1]: Extension is not compatible with Code 1.82.0-insider. Extension requires: ^1.84.0-insider.
2024-02-08 16:23:49.816 [error] [/home/god/.vscode-insiders/extensions/github.vscode-pull-request-github-0.78.1]: Extension is not compatible with Code 1.82.0-insider. Extension requires: ^1.85.0.
2024-02-08 16:23:49.857 [error] [/home/god/.vscode-insiders/extensions/ms-vscode-remote.remote-ssh-0.107.1]: Extension is not compatible with Code 1.82.0-insider. Extension requires: ^1.84.0-insider.
2024-02-08 16:23:49.858 [error] [/home/god/.vscode-insiders/extensions/github.vscode-pull-request-github-0.78.1]: Extension is not compatible with Code 1.82.0-insider. Extension requires: ^1.85.0.
2024-02-08 16:23:52.072 [error] [/home/god/.vscode-insiders/extensions/ms-vscode-remote.remote-ssh-0.107.1]: Extension is not compatible with Code 1.82.0-insider. Extension requires: ^1.84.0-insider.
2024-02-08 16:23:52.075 [error] [/home/god/.vscode-insiders/extensions/github.vscode-pull-request-github-0.78.1]: Extension is not compatible with Code 1.82.0-insider. Extension requires: ^1.85.0.
2024-02-08 16:23:52.144 [error] [/home/god/.vscode-insiders/extensions/ms-vscode-remote.remote-ssh-0.107.1]: Extension is not compatible with Code 1.82.0-insider. Extension requires: ^1.84.0-insider.
2024-02-08 16:23:52.145 [error] [/home/god/.vscode-insiders/extensions/github.vscode-pull-request-github-0.78.1]: Extension is not compatible with Code 1.82.0-insider. Extension requires: ^1.85.0.
2024-02-08 16:23:53.040 [error] [/home/god/.vscode-insiders/extensions/ms-vscode-remote.remote-ssh-0.107.1]: Extension is not compatible with Code 1.82.0-insider. Extension requires: ^1.84.0-insider.
2024-02-08 16:23:53.043 [error] [/home/god/.vscode-insiders/extensions/github.vscode-pull-request-github-0.78.1]: Extension is not compatible with Code 1.82.0-insider. Extension requires: ^1.85.0.
2024-02-08 16:23:53.825 [error] [/home/god/.vscode-insiders/extensions/ms-vscode-remote.remote-ssh-0.107.1]: Extension is not compatible with Code 1.82.0-insider. Extension requires: ^1.84.0-insider.
2024-02-08 16:23:53.829 [error] [/home/god/.vscode-insiders/extensions/github.vscode-pull-request-github-0.78.1]: Extension is not compatible with Code 1.82.0-insider. Extension requires: ^1.85.0.
2024-02-08 16:23:55.645 [error] [/home/god/.vscode-insiders/extensions/ms-vscode-remote.remote-ssh-0.107.1]: Extension is not compatible with Code 1.82.0-insider. Extension requires: ^1.84.0-insider.
2024-02-08 16:23:55.647 [error] [/home/god/.vscode-insiders/extensions/github.vscode-pull-request-github-0.78.1]: Extension is not compatible with Code 1.82.0-insider. Extension requires: ^1.85.0.
2024-02-08 16:23:58.510 [error] [/home/god/.vscode-insiders/extensions/ms-vscode-remote.remote-ssh-0.107.1]: Extension is not compatible with Code 1.82.0-insider. Extension requires: ^1.84.0-insider.
2024-02-08 16:23:58.511 [error] [/home/god/.vscode-insiders/extensions/github.vscode-pull-request-github-0.78.1]: Extension is not compatible with Code 1.82.0-insider. Extension requires: ^1.85.0.
2024-02-08 16:24:13.223 [error] [/home/god/.vscode-insiders/extensions/ms-vscode-remote.remote-ssh-0.107.1]: Extension is not compatible with Code 1.82.0-insider. Extension requires: ^1.84.0-insider.
2024-02-08 16:24:13.226 [error] [/home/god/.vscode-insiders/extensions/github.vscode-pull-request-github-0.78.1]: Extension is not compatible with Code 1.82.0-insider. Extension requires: ^1.85.0.
2024-02-08 16:24:25.696 [error] [/home/god/.vscode-insiders/extensions/ms-vscode-remote.remote-ssh-0.107.1]: Extension is not compatible with Code 1.82.0-insider. Extension requires: ^1.84.0-insider.
2024-02-08 16:24:25.700 [error] [/home/god/.vscode-insiders/extensions/github.vscode-pull-request-github-0.78.1]: Extension is not compatible with Code 1.82.0-insider. Extension requires: ^1.85.0.
