2024-02-05 17:19:41.944 [info] Added views:workbench.panel.markers.view in workbench.panel.markers
2024-02-05 17:19:41.944 [info] Added views:workbench.panel.output in workbench.panel.output
2024-02-05 17:19:41.944 [info] Added views:terminal in terminal
2024-02-05 17:19:41.944 [info] Added views:workbench.scm in workbench.view.scm
2024-02-05 17:19:41.944 [info] Added views:workbench.view.search in workbench.view.search
2024-02-05 17:19:41.944 [info] Added views:outline in workbench.view.search
2024-02-05 17:19:41.944 [info] Added views:timeline in workbench.view.search
2024-02-05 17:19:41.944 [info] Added views:workbench.explorer.fileView in workbench.view.explorer
2024-02-05 17:19:42.313 [info] Added views:workbench.debug.variablesView,workbench.debug.watchExpressionsView,workbench.debug.callStackView,workbench.debug.breakPointsView in workbench.view.debug
2024-02-05 17:19:44.203 [info] Added views:bookmarksExplorer,bookmarksHelpAndFeedback in workbench.view.extension.bookmarks
2024-02-05 17:19:44.204 [info] Added views:projectsExplorerFavorites,projectManagerHelpAndFeedback in workbench.view.extension.project-manager
2024-02-05 17:19:44.205 [info] Added views:local-supergraph-designs,studio-graphs,studio-operations in workbench.view.extension.apollo-workbench
2024-02-05 17:19:44.206 [info] Added views:codesandbox-sign-in in workbench.view.extension.codesandbox
2024-02-05 17:19:44.206 [info] Added views:activitybar.codestream in workbench.view.extension.codestream-activitybar
2024-02-05 17:19:44.206 [info] Added views:github.cweijan.mysql in workbench.view.extension.github-cweijan-mysql
2024-02-05 17:19:44.207 [info] Added views:github.cweijan.nosql in workbench.view.extension.github-cweijan-nosql
2024-02-05 17:19:44.208 [info] Added views:workspaceEnvironments,pythonEnvironments in workbench.view.extension.package-explorer
2024-02-05 17:19:44.209 [info] Added views:gitlens.views.home,gitlens.views.drafts,gitlens.views.workspaces,gitlens.views.account in workbench.view.extension.vscode-edge-devtools-view
2024-02-05 17:19:44.212 [info] Added views:gitlens.views.commitDetails,gitlens.views.lineHistory,gitlens.views.fileHistory,gitlens.views.searchAndCompare in workbench.view.extension.gitlensInspect
2024-02-05 17:19:44.216 [info] Added views:gitlens.views.repositories,gitlens.views.commits,gitlens.views.branches,gitlens.views.remotes,gitlens.views.stashes,gitlens.views.tags,gitlens.views.contributors in workbench.view.scm
2024-02-05 17:19:44.217 [info] Added views:snippetExplorer,snippetScopeExplorer in workbench.view.extension.snippet-explorer
2024-02-05 17:19:44.217 [info] Added views:KalimahApps.tailwindcss-config-viewer in workbench.view.extension.tailwind-config-viewer
2024-02-05 17:19:44.219 [info] Added views:checkpointsTreeViewExplorer in workbench.view.search
2024-02-05 17:19:44.219 [info] Added views:vscode-edge-devtools-view.targets,vscode-edge-devtools-view.help-links in workbench.view.extension.vscode-edge-devtools-view
2024-02-05 17:19:44.221 [info] Added views:remoteTargets in workbench.view.remote
2024-02-05 17:19:44.222 [info] Added views:liveshare.session in workbench.view.extension.liveshare
2024-02-05 17:19:44.223 [info] Added views:explorerExclude.pane.items in workbench.view.search
2024-02-05 17:19:44.224 [info] Added views:thunder-client-sidebar in workbench.view.extension.thunder-client
2024-02-05 17:19:44.224 [info] Added views:terminal-manager in workbench.view.extension.terminal-manager
2024-02-05 17:19:44.225 [info] Added views:vscode-spotify-playlists,vscode-spotify-tracks in workbench.view.extension.vscode-spotify
2024-02-05 17:19:44.227 [info] Added views:gistpad.gists,gistpad.repos in workbench.view.extension.gistpad
2024-02-05 17:19:44.228 [info] Added views:jsonOutline in workbench.view.extension.json-views
2024-02-05 17:19:44.837 [info] Added views:workbench.panel.repl.view in workbench.panel.repl
2024-02-05 17:19:47.533 [info] Added views:~remote.forwardedPorts in ~remote.forwardedPortsContainer
2024-02-05 17:19:52.831 [info] Added views:treeLocalHistoryExplorer in workbench.view.search
2024-02-05 17:19:54.180 [info] Added views:workbench.scm.repositories in workbench.view.scm
2024-02-05 17:19:59.481 [info] Added views:projectsExplorerGit in workbench.view.extension.project-manager
2024-02-05 17:20:00.652 [info] Added views:workbench.panel.comments in workbench.panel.comments
2024-02-05 17:20:01.977 [info] Added views:gitlens.views.graph,gitlens.views.graphDetails in workbench.view.extension.gitlensPanel
2024-02-05 17:20:01.978 [info] Added views:gitlens.views.timeline in workbench.view.extension.gitlensInspect
2024-02-05 17:20:01.980 [info] Added views:gitlens.views.worktrees in workbench.view.scm
2024-02-05 17:20:03.801 [info] Added views:tabnine.loading in workbench.view.extension.tabnine
2024-02-05 17:20:05.982 [info] Removed views:tabnine.loading from workbench.view.extension.tabnine
2024-02-05 17:20:05.983 [info] Added views:tabnine.chat in workbench.view.extension.tabnine
2024-02-05 20:04:14.464 [info] Removed views:tabnine.chat from workbench.view.extension.tabnine
2024-02-05 20:04:14.468 [info] Added views:tabnine.chat.welcome in workbench.view.extension.tabnine
2024-02-05 20:04:22.904 [info] Removed views:tabnine.chat.welcome from workbench.view.extension.tabnine
2024-02-05 20:04:22.904 [info] Added views:tabnine.chat in workbench.view.extension.tabnine
2024-02-05 21:15:16.101 [info] Removed views:tabnine.chat from workbench.view.extension.tabnine
2024-02-05 21:15:16.102 [info] Added views:tabnine.chat.welcome in workbench.view.extension.tabnine
2024-02-05 21:15:19.839 [info] Removed views:tabnine.chat.welcome from workbench.view.extension.tabnine
2024-02-05 21:15:19.840 [info] Added views:tabnine.chat in workbench.view.extension.tabnine
2024-02-05 21:37:15.665 [info] Removed views:tabnine.chat from workbench.view.extension.tabnine
2024-02-05 21:37:15.666 [info] Added views:tabnine.chat.welcome in workbench.view.extension.tabnine
2024-02-05 21:37:18.506 [info] Removed views:tabnine.chat.welcome from workbench.view.extension.tabnine
2024-02-05 21:37:18.507 [info] Added views:tabnine.chat in workbench.view.extension.tabnine
2024-02-06 00:04:41.270 [info] Removed views:tabnine.chat from workbench.view.extension.tabnine
2024-02-06 00:04:41.272 [info] Added views:tabnine.chat.welcome in workbench.view.extension.tabnine
2024-02-06 00:04:44.710 [info] Removed views:tabnine.chat.welcome from workbench.view.extension.tabnine
2024-02-06 00:04:44.711 [info] Added views:tabnine.chat in workbench.view.extension.tabnine
2024-02-06 08:14:27.603 [info] Removed views:tabnine.chat from workbench.view.extension.tabnine
2024-02-06 08:14:27.603 [info] Added views:tabnine.chat.welcome in workbench.view.extension.tabnine
2024-02-06 08:14:29.286 [info] Removed views:tabnine.chat.welcome from workbench.view.extension.tabnine
2024-02-06 08:14:29.287 [info] Added views:tabnine.chat in workbench.view.extension.tabnine
2024-02-06 14:36:23.952 [info] Removed views:tabnine.chat from workbench.view.extension.tabnine
2024-02-06 14:36:23.953 [info] Added views:tabnine.chat.welcome in workbench.view.extension.tabnine
2024-02-06 14:36:26.388 [info] Removed views:tabnine.chat.welcome from workbench.view.extension.tabnine
2024-02-06 14:36:26.390 [info] Added views:tabnine.chat in workbench.view.extension.tabnine
2024-02-06 14:58:42.773 [info] Removed views:workbench.scm.repositories from workbench.view.scm
