2024-02-06 14:59:06.831 [info] Reading sessions from keychain...
2024-02-06 14:59:06.831 [info] Getting sessions for all scopes...
2024-02-06 14:59:06.831 [info] Got stored sessions!
2024-02-06 14:59:06.831 [info] Got 2 verified sessions.
2024-02-06 14:59:06.831 [info] Got 2 sessions for ...
2024-02-06 14:59:06.831 [info] Getting sessions for user:email...
2024-02-06 14:59:06.831 [info] Got 1 sessions for user:email...
2024-02-06 14:59:06.831 [info] Getting sessions for all scopes...
2024-02-06 14:59:06.831 [info] Got 2 sessions for ...
2024-02-06 14:59:06.831 [info] Getting sessions for all scopes...
2024-02-06 14:59:06.831 [info] Got 2 sessions for ...
2024-02-06 14:59:06.831 [info] Getting sessions for user:email...
2024-02-06 14:59:06.831 [info] Got 1 sessions for user:email...
2024-02-06 14:59:08.175 [info] Getting sessions for read:user,repo,user:email,workflow...
2024-02-06 14:59:08.175 [info] Got 1 sessions for read:user,repo,user:email,workflow...
2024-02-06 14:59:19.121 [info] Getting sessions for all scopes...
2024-02-06 14:59:19.122 [info] Got 2 sessions for ...
2024-02-06 14:59:19.158 [info] Getting sessions for all scopes...
2024-02-06 14:59:19.158 [info] Got 2 sessions for ...
2024-02-06 14:59:19.750 [info] Getting sessions for read:user,repo,user:email,workflow...
2024-02-06 14:59:19.750 [info] Got 1 sessions for read:user,repo,user:email,workflow...
2024-02-06 14:59:19.751 [info] Getting sessions for gist,repo...
2024-02-06 14:59:19.751 [info] Got 0 sessions for gist,repo...
2024-02-06 14:59:21.056 [info] Getting sessions for read:user,repo,user:email,workflow...
2024-02-06 14:59:21.056 [info] Got 1 sessions for read:user,repo,user:email,workflow...
2024-02-06 14:59:22.597 [info] Getting sessions for read:user,repo,user:email,workflow...
2024-02-06 14:59:22.598 [info] Got 1 sessions for read:user,repo,user:email,workflow...
2024-02-06 14:59:22.698 [info] Getting sessions for all scopes...
2024-02-06 14:59:22.698 [info] Got 2 sessions for ...
2024-02-06 14:59:24.784 [info] Getting sessions for read:user,repo,user:email,workflow...
2024-02-06 14:59:24.784 [info] Got 1 sessions for read:user,repo,user:email,workflow...
2024-02-06 14:59:26.763 [info] Getting sessions for read:user,repo,user:email,workflow...
2024-02-06 14:59:26.763 [info] Got 1 sessions for read:user,repo,user:email,workflow...
2024-02-06 14:59:30.896 [info] Getting sessions for read:user,repo,user:email,workflow...
2024-02-06 14:59:30.896 [info] Got 1 sessions for read:user,repo,user:email,workflow...
2024-02-06 14:59:32.984 [info] Getting sessions for read:user,repo,user:email,workflow...
2024-02-06 14:59:32.984 [info] Got 1 sessions for read:user,repo,user:email,workflow...
2024-02-06 14:59:33.554 [info] Getting sessions for read:user,repo,user:email,workflow...
2024-02-06 14:59:33.554 [info] Got 1 sessions for read:user,repo,user:email,workflow...
2024-02-06 14:59:37.773 [info] Getting sessions for read:user,repo,user:email,workflow...
2024-02-06 14:59:37.773 [info] Got 1 sessions for read:user,repo,user:email,workflow...
2024-02-06 14:59:38.989 [info] Getting sessions for read:user,repo,user:email,workflow...
2024-02-06 14:59:38.989 [info] Got 1 sessions for read:user,repo,user:email,workflow...
2024-02-06 15:00:01.428 [info] Getting sessions for read:user,repo,user:email...
2024-02-06 15:00:01.428 [info] Got 0 sessions for read:user,repo,user:email...
