2024-02-06 14:58:52.315 [info] Added views:workbench.panel.markers.view in workbench.panel.markers
2024-02-06 14:58:52.315 [info] Added views:workbench.panel.output in workbench.panel.output
2024-02-06 14:58:52.315 [info] Added views:terminal in terminal
2024-02-06 14:58:52.315 [info] Added views:workbench.scm in workbench.view.scm
2024-02-06 14:58:52.315 [info] Added views:workbench.view.search in workbench.view.search
2024-02-06 14:58:52.315 [info] Added views:outline in workbench.view.search
2024-02-06 14:58:52.315 [info] Added views:timeline in workbench.view.search
2024-02-06 14:58:52.315 [info] Added views:workbench.explorer.fileView in workbench.view.explorer
2024-02-06 14:58:52.805 [info] Added views:workbench.debug.variablesView,workbench.debug.watchExpressionsView,workbench.debug.callStackView,workbench.debug.breakPointsView in workbench.view.debug
2024-02-06 14:58:54.477 [info] Added views:bookmarksExplorer,bookmarksHelpAndFeedback in workbench.view.extension.bookmarks
2024-02-06 14:58:54.478 [info] Added views:projectsExplorerFavorites,projectManagerHelpAndFeedback in workbench.view.extension.project-manager
2024-02-06 14:58:54.479 [info] Added views:local-supergraph-designs,studio-graphs,studio-operations in workbench.view.extension.apollo-workbench
2024-02-06 14:58:54.480 [info] Added views:codesandbox-sign-in in workbench.view.extension.codesandbox
2024-02-06 14:58:54.480 [info] Added views:activitybar.codestream in workbench.view.extension.codestream-activitybar
2024-02-06 14:58:54.481 [info] Added views:github.cweijan.mysql in workbench.view.extension.github-cweijan-mysql
2024-02-06 14:58:54.481 [info] Added views:github.cweijan.nosql in workbench.view.extension.github-cweijan-nosql
2024-02-06 14:58:54.482 [info] Added views:workspaceEnvironments,pythonEnvironments in workbench.view.extension.package-explorer
2024-02-06 14:58:54.483 [info] Added views:gitlens.views.home,gitlens.views.drafts,gitlens.views.workspaces,gitlens.views.account in workbench.view.extension.vscode-edge-devtools-view
2024-02-06 14:58:54.484 [info] Added views:gitlens.views.commitDetails,gitlens.views.lineHistory,gitlens.views.fileHistory,gitlens.views.searchAndCompare in workbench.view.extension.gitlensInspect
2024-02-06 14:58:54.485 [info] Added views:gitlens.views.repositories,gitlens.views.commits,gitlens.views.branches,gitlens.views.remotes,gitlens.views.stashes,gitlens.views.tags,gitlens.views.contributors in workbench.view.scm
2024-02-06 14:58:54.486 [info] Added views:snippetExplorer,snippetScopeExplorer in workbench.view.extension.snippet-explorer
2024-02-06 14:58:54.486 [info] Added views:KalimahApps.tailwindcss-config-viewer in workbench.view.extension.tailwind-config-viewer
2024-02-06 14:58:54.487 [info] Added views:checkpointsTreeViewExplorer in workbench.view.search
2024-02-06 14:58:54.488 [info] Added views:vscode-edge-devtools-view.targets,vscode-edge-devtools-view.help-links in workbench.view.extension.vscode-edge-devtools-view
2024-02-06 14:58:54.489 [info] Added views:remoteTargets in workbench.view.remote
2024-02-06 14:58:54.490 [info] Added views:liveshare.session in workbench.view.extension.liveshare
2024-02-06 14:58:54.490 [info] Added views:explorerExclude.pane.items in workbench.view.search
2024-02-06 14:58:54.490 [info] Added views:thunder-client-sidebar in workbench.view.extension.thunder-client
2024-02-06 14:58:54.491 [info] Added views:terminal-manager in workbench.view.extension.terminal-manager
2024-02-06 14:58:54.491 [info] Added views:vscode-spotify-playlists,vscode-spotify-tracks in workbench.view.extension.vscode-spotify
2024-02-06 14:58:54.492 [info] Added views:gistpad.gists,gistpad.repos in workbench.view.extension.gistpad
2024-02-06 14:58:54.492 [info] Added views:jsonOutline in workbench.view.extension.json-views
2024-02-06 14:58:55.447 [info] Added views:workbench.panel.repl.view in workbench.panel.repl
2024-02-06 14:58:59.086 [info] Added views:~remote.forwardedPorts in ~remote.forwardedPortsContainer
2024-02-06 14:59:04.751 [info] Added views:treeLocalHistoryExplorer in workbench.view.search
2024-02-06 14:59:06.767 [info] Added views:workbench.scm.repositories in workbench.view.scm
2024-02-06 14:59:14.962 [info] Added views:projectsExplorerGit in workbench.view.extension.project-manager
2024-02-06 14:59:16.427 [info] Added views:workbench.panel.comments in workbench.panel.comments
2024-02-06 14:59:18.135 [info] Added views:gitlens.views.graph,gitlens.views.graphDetails in workbench.view.extension.gitlensPanel
2024-02-06 14:59:18.136 [info] Added views:gitlens.views.timeline in workbench.view.extension.gitlensInspect
2024-02-06 14:59:18.142 [info] Added views:gitlens.views.worktrees in workbench.view.scm
2024-02-06 14:59:21.796 [info] Added views:tabnine.loading in workbench.view.extension.tabnine
2024-02-06 14:59:29.141 [info] Removed views:tabnine.loading from workbench.view.extension.tabnine
2024-02-06 14:59:29.145 [info] Added views:tabnine.chat in workbench.view.extension.tabnine
2024-02-06 16:50:25.657 [info] Removed views:tabnine.chat from workbench.view.extension.tabnine
2024-02-06 16:50:25.659 [info] Added views:tabnine.chat.welcome in workbench.view.extension.tabnine
2024-02-06 16:50:25.957 [info] Removed views:tabnine.chat.welcome from workbench.view.extension.tabnine
2024-02-06 16:50:25.958 [info] Added views:tabnine.chat in workbench.view.extension.tabnine
2024-02-06 17:52:17.368 [info] Added views:references-view.tree in workbench.view.extension.references-view
2024-02-07 02:10:56.717 [info] Added views:workbench.views.extensions.installed,workbench.views.extensions.popular,extensions.recommendedList in workbench.view.extensions
2024-02-07 02:10:56.721 [info] Removed views:workbench.views.extensions.popular from workbench.view.extensions
2024-02-07 02:10:59.450 [info] Removed views:extensions.recommendedList,workbench.views.extensions.installed from workbench.view.extensions
2024-02-07 02:10:59.474 [info] Added views:workbench.views.extensions.marketplace in workbench.view.extensions
2024-02-07 13:50:46.346 [info] Removed views:tabnine.chat from workbench.view.extension.tabnine
2024-02-07 13:50:46.355 [info] Added views:tabnine.chat.welcome in workbench.view.extension.tabnine
2024-02-07 13:50:50.302 [info] Removed views:tabnine.chat.welcome from workbench.view.extension.tabnine
2024-02-07 13:50:50.330 [info] Added views:tabnine.chat in workbench.view.extension.tabnine
2024-02-07 16:30:43.613 [info] Removed views:tabnine.chat from workbench.view.extension.tabnine
2024-02-07 16:30:43.621 [info] Added views:tabnine.chat.welcome in workbench.view.extension.tabnine
2024-02-07 16:30:45.154 [info] Removed views:tabnine.chat.welcome from workbench.view.extension.tabnine
2024-02-07 16:30:45.165 [info] Added views:tabnine.chat in workbench.view.extension.tabnine
2024-02-07 16:39:13.221 [info] Removed views:workbench.scm.repositories from workbench.view.scm
